Log file open, 07/18/24 11:25:06
LogWindows: Failed to load 'aqProf.dll' (GetLastError=126)
LogWindows: File 'aqProf.dll' does not exist
LogWindows: Failed to load 'VtuneApi.dll' (GetLastError=126)
LogWindows: File 'VtuneApi.dll' does not exist
LogWindows: Failed to load 'VtuneApi32e.dll' (GetLastError=126)
LogWindows: File 'VtuneApi32e.dll' does not exist
LogConsoleResponse: Display: Failed to find resolution value strings in scalability ini. Falling back to default.
LogConsoleResponse: Display: Failed to find resolution value strings in scalability ini. Falling back to default.
LogInit: Display: Running engine for game: SnakeGame
LogPlatformFile: Not using cached read wrapper
LogTaskGraph: Started task graph with 5 named threads and 14 total threads with 3 sets of task threads.
LogStats: Stats thread started at 0.363925
LogICUInternationalization: ICU TimeZone Detection - Raw Offset: +3:00, Platform Override: ''
LogInit: Display: Loading text-based GConfig....
LogPluginManager: Mounting plugin MeshPainting
LogPluginManager: Mounting plugin XGEController
LogPluginManager: Mounting plugin Paper2D
LogPluginManager: Mounting plugin AISupport
LogPluginManager: Mounting plugin EnvironmentQueryEditor
LogPluginManager: Mounting plugin LightPropagationVolume
LogPluginManager: Mounting plugin CameraShakePreviewer
LogPluginManager: Mounting plugin GameplayCameras
LogPluginManager: Mounting plugin LiveLink
LogPluginManager: Mounting plugin OodleData
LogPluginManager: Mounting plugin OodleNetwork
LogPluginManager: Mounting plugin CodeLiteSourceCodeAccess
LogPluginManager: Mounting plugin CLionSourceCodeAccess
LogPluginManager: Mounting plugin AnimationSharing
LogPluginManager: Mounting plugin GitSourceControl
LogPluginManager: Mounting plugin KDevelopSourceCodeAccess
LogPluginManager: Mounting plugin NullSourceCodeAccess
LogPluginManager: Mounting plugin PerforceSourceControl
LogPluginManager: Mounting plugin PixWinPlugin
LogPluginManager: Mounting plugin PlasticSourceControl
LogPluginManager: Mounting plugin PluginUtils
LogPluginManager: Mounting plugin PropertyAccessNode
LogPluginManager: Mounting plugin RiderSourceCodeAccess
LogPluginManager: Mounting plugin SubversionSourceControl
LogPluginManager: Mounting plugin TextureFormatOodle
LogPluginManager: Mounting plugin UObjectPlugin
LogPluginManager: Mounting plugin VisualStudioCodeSourceCodeAccess
LogPluginManager: Mounting plugin VisualStudioSourceCodeAccess
LogPluginManager: Mounting plugin XCodeSourceCodeAccess
LogPluginManager: Mounting plugin AssetManagerEditor
LogPluginManager: Mounting plugin CryptoKeys
LogPluginManager: Mounting plugin CurveEditorTools
LogPluginManager: Mounting plugin DataValidation
LogPluginManager: Mounting plugin FacialAnimation
LogPluginManager: Mounting plugin GameplayTagsEditor
LogPluginManager: Mounting plugin GeometryMode
LogPluginManager: Mounting plugin MacGraphicsSwitching
LogPluginManager: Mounting plugin MaterialAnalyzer
LogPluginManager: Mounting plugin MobileLauncherProfileWizard
LogPluginManager: Mounting plugin PluginBrowser
LogPluginManager: Mounting plugin SpeedTreeImporter
LogPluginManager: Mounting plugin DatasmithContent
LogPluginManager: Mounting plugin VariantManagerContent
LogPluginManager: Mounting plugin Niagara
LogPluginManager: Mounting plugin AlembicImporter
LogPluginManager: Mounting plugin AutomationUtils
LogPluginManager: Mounting plugin BackChannel
LogPluginManager: Mounting plugin ChaosCloth
LogPluginManager: Mounting plugin ChaosClothEditor
LogPluginManager: Mounting plugin ChaosEditor
LogPluginManager: Mounting plugin ChaosNiagara
LogPluginManager: Mounting plugin ChaosSolverPlugin
LogPluginManager: Mounting plugin CharacterAI
LogPluginManager: Mounting plugin GeometryCache
LogPluginManager: Mounting plugin GeometryCollectionPlugin
LogPluginManager: Mounting plugin GeometryProcessing
LogPluginManager: Mounting plugin MotoSynth
LogPluginManager: Mounting plugin OpenImageDenoise
LogPluginManager: Mounting plugin PlanarCut
LogPluginManager: Mounting plugin PlatformCrypto
LogPluginManager: Mounting plugin ProxyLODPlugin
LogPluginManager: Mounting plugin PythonScriptPlugin
LogPluginManager: Mounting plugin SkeletalReduction
LogPluginManager: Mounting plugin LuminPlatformFeatures
LogPluginManager: Mounting plugin MagicLeap
LogPluginManager: Mounting plugin MagicLeapLightEstimation
LogPluginManager: Mounting plugin MagicLeapMedia
LogPluginManager: Mounting plugin MagicLeapPassableWorld
LogPluginManager: Mounting plugin MLSDK
LogPluginManager: Mounting plugin AndroidMedia
LogPluginManager: Mounting plugin AvfMedia
LogPluginManager: Mounting plugin ImgMedia
LogPluginManager: Mounting plugin MediaCompositing
LogPluginManager: Mounting plugin MediaPlayerEditor
LogPluginManager: Mounting plugin WebMMedia
LogPluginManager: Mounting plugin WmfMedia
LogPluginManager: Mounting plugin TcpMessaging
LogPluginManager: Mounting plugin UdpMessaging
LogPluginManager: Mounting plugin ActorSequence
LogPluginManager: Mounting plugin LevelSequenceEditor
LogPluginManager: Mounting plugin MatineeToLevelSequence
LogPluginManager: Mounting plugin TemplateSequence
LogPluginManager: Mounting plugin LauncherChunkInstaller
LogPluginManager: Mounting plugin OnlineSubsystem
LogPluginManager: Mounting plugin OnlineSubsystemNull
LogPluginManager: Mounting plugin OnlineSubsystemUtils
LogPluginManager: Mounting plugin ActorLayerUtilities
LogPluginManager: Mounting plugin AndroidDeviceProfileSelector
LogPluginManager: Mounting plugin AndroidMoviePlayer
LogPluginManager: Mounting plugin AndroidPermission
LogPluginManager: Mounting plugin AppleImageUtils
LogPluginManager: Mounting plugin AppleMoviePlayer
LogPluginManager: Mounting plugin ArchVisCharacter
LogPluginManager: Mounting plugin AssetTags
LogPluginManager: Mounting plugin AudioCapture
LogPluginManager: Mounting plugin AudioSynesthesia
LogPluginManager: Mounting plugin CableComponent
LogPluginManager: Mounting plugin ChunkDownloader
LogPluginManager: Mounting plugin CustomMeshComponent
LogPluginManager: Mounting plugin EditableMesh
LogPluginManager: Mounting plugin ExampleDeviceProfileSelector
LogPluginManager: Mounting plugin GoogleCloudMessaging
LogPluginManager: Mounting plugin GooglePAD
LogPluginManager: Mounting plugin IOSDeviceProfileSelector
LogPluginManager: Mounting plugin LinuxDeviceProfileSelector
LogPluginManager: Mounting plugin LocationServicesBPLibrary
LogPluginManager: Mounting plugin MobilePatchingUtils
LogPluginManager: Mounting plugin OpenXR
LogPluginManager: Mounting plugin OpenXREyeTracker
LogPluginManager: Mounting plugin OpenXRHandTracking
LogPluginManager: Mounting plugin PhysXVehicles
LogPluginManager: Mounting plugin PostSplashScreen
LogPluginManager: Mounting plugin ProceduralMeshComponent
LogPluginManager: Mounting plugin PropertyAccessEditor
LogPluginManager: Mounting plugin RuntimePhysXCooking
LogPluginManager: Mounting plugin SignificanceManager
LogPluginManager: Mounting plugin SoundFields
LogPluginManager: Mounting plugin Synthesis
LogPluginManager: Mounting plugin WebMMoviePlayer
LogPluginManager: Mounting plugin WindowsMoviePlayer
LogPluginManager: Mounting plugin ScreenshotTools
LogPluginManager: Mounting plugin Takes
LogPluginManager: Mounting plugin ContentBrowserAssetDataSource
LogPluginManager: Mounting plugin ContentBrowserClassDataSource
LogPluginManager: Mounting plugin ContentBrowserFileDataSource
LogPluginManager: Mounting plugin OnlineSubsystemIOS
LogPluginManager: Mounting plugin OnlineSubsystemGooglePlay
LogPluginManager: Mounting plugin OculusVR
LogPluginManager: Mounting plugin SteamVR
PixWinPlugin: PIX capture plugin failed to initialize! Check that the process is launched from PIX.
LogInit: Using libcurl 7.55.1-DEV
LogInit:  - built for x86_64-pc-win32
LogInit:  - supports SSL with OpenSSL/1.1.1
LogInit:  - supports HTTP deflate (compression) using libz 1.2.8
LogInit:  - other features:
LogInit:      CURL_VERSION_SSL
LogInit:      CURL_VERSION_LIBZ
LogInit:      CURL_VERSION_IPV6
LogInit:      CURL_VERSION_ASYNCHDNS
LogInit:      CURL_VERSION_LARGEFILE
LogInit:      CURL_VERSION_IDN
LogInit:  CurlRequestOptions (configurable via config and command line):
LogInit:  - bVerifyPeer = true  - Libcurl will verify peer certificate
LogInit:  - bUseHttpProxy = false  - Libcurl will NOT use HTTP proxy
LogInit:  - bDontReuseConnections = false  - Libcurl will reuse connections
LogInit:  - MaxHostConnections = 16  - Libcurl will limit the number of connections to a host
LogInit:  - LocalHostAddr = Default
LogInit:  - BufferSize = 65536
LogOnline: OSS: Creating online subsystem instance for: NULL
LogInit: WinSock: version 1.1 (2.2), MaxSocks=32767, MaxUdp=65467
LogOnline: OSS: TryLoadSubsystemAndSetDefault: Loaded subsystem for module [NULL]
LogOculusPluginWrapper: OculusPlugin initialized successfully
LogHMD: Failed initializing OVRPlugin 1.59.0
LogInit: Build: ++UE4+Release-4.27-CL-18319896
LogInit: Engine Version: 4.27.2-18319896+++UE4+Release-4.27
LogInit: Compatible Engine Version: 4.27.0-17155196+++UE4+Release-4.27
LogInit: Net CL: 17155196
LogInit: OS: Windows 10 (Release 2009) (), CPU: Intel(R) Core(TM) i5-4690K CPU @ 3.50GHz, GPU: NVIDIA GeForce GTX 1660
LogInit: Compiled (64-bit): Nov 30 2021 07:12:08
LogInit: Compiled with Visual C++: 19.24.28315.00
LogInit: Build Configuration: Development
LogInit: Branch Name: ++UE4+Release-4.27
LogInit: Command Line:  -skipcompile
LogInit: Base Directory: D:/Unreal Engine 4.22.3/UE_4.27/Engine/Binaries/Win64/
LogInit: Allocator: TBB
LogInit: Installed Engine Build: 1
LogDevObjectVersion: Number of dev versions registered: 29
LogDevObjectVersion:   Dev-Blueprints (B0D832E4-1F89-4F0D-ACCF-7EB736FD4AA2): 10
LogDevObjectVersion:   Dev-Build (E1C64328-A22C-4D53-A36C-8E866417BD8C): 0
LogDevObjectVersion:   Dev-Core (375EC13C-06E4-48FB-B500-84F0262A717E): 4
LogDevObjectVersion:   Dev-Editor (E4B068ED-F494-42E9-A231-DA0B2E46BB41): 40
LogDevObjectVersion:   Dev-Framework (CFFC743F-43B0-4480-9391-14DF171D2073): 37
LogDevObjectVersion:   Dev-Mobile (B02B49B5-BB20-44E9-A304-32B752E40360): 3
LogDevObjectVersion:   Dev-Networking (A4E4105C-59A1-49B5-A7C5-40C4547EDFEE): 0
LogDevObjectVersion:   Dev-Online (39C831C9-5AE6-47DC-9A44-9C173E1C8E7C): 0
LogDevObjectVersion:   Dev-Physics (78F01B33-EBEA-4F98-B9B4-84EACCB95AA2): 14
LogDevObjectVersion:   Dev-Platform (6631380F-2D4D-43E0-8009-CF276956A95A): 0
LogDevObjectVersion:   Dev-Rendering (12F88B9F-8875-4AFC-A67C-D90C383ABD29): 45
LogDevObjectVersion:   Dev-Sequencer (7B5AE74C-D270-4C10-A958-57980B212A5A): 13
LogDevObjectVersion:   Dev-VR (D7296918-1DD6-4BDD-9DE2-64A83CC13884): 3
LogDevObjectVersion:   Dev-LoadTimes (C2A15278-BFE7-4AFE-6C17-90FF531DF755): 1
LogDevObjectVersion:   Private-Geometry (6EACA3D4-40EC-4CC1-B786-8BED09428FC5): 3
LogDevObjectVersion:   Dev-AnimPhys (29E575DD-E0A3-4627-9D10-D276232CDCEA): 17
LogDevObjectVersion:   Dev-Anim (AF43A65D-7FD3-4947-9873-3E8ED9C1BB05): 15
LogDevObjectVersion:   Dev-ReflectionCapture (6B266CEC-1EC7-4B8F-A30B-E4D90942FC07): 1
LogDevObjectVersion:   Dev-Automation (0DF73D61-A23F-47EA-B727-89E90C41499A): 1
LogDevObjectVersion:   FortniteMain (601D1886-AC64-4F84-AA16-D3DE0DEAC7D6): 47
LogDevObjectVersion:   FortniteRelease (E7086368-6B23-4C58-8439-1B7016265E91): 1
LogDevObjectVersion:   Dev-Enterprise (9DFFBCD6-494F-0158-E221-12823C92A888): 10
LogDevObjectVersion:   Dev-Niagara (F2AED0AC-9AFE-416F-8664-AA7FFA26D6FC): 1
LogDevObjectVersion:   Dev-Destruction (174F1F0B-B4C6-45A5-B13F-2EE8D0FB917D): 10
LogDevObjectVersion:   Dev-Physics-Ext (35F94A83-E258-406C-A318-09F59610247C): 41
LogDevObjectVersion:   Dev-PhysicsMaterial-Chaos (B68FC16E-8B1B-42E2-B453-215C058844FE): 1
LogDevObjectVersion:   Dev-CineCamera (B2E18506-4273-CFC2-A54E-F4BB758BBA07): 1
LogDevObjectVersion:   Dev-VirtualProduction (64F58936-FD1B-42BA-BA96-7289D5D0FA4E): 1
LogDevObjectVersion:   Dev-MediaFramework (6F0ED827-A609-4895-9C91-998D90180EA4): 2
LogInit: Presizing for max 25165824 objects, including 0 objects not considered by GC, pre-allocating 0 bytes for permanent pool.
LogConfig: Applying CVar settings from Section [/Script/Engine.StreamingSettings] File [D:/Test/SnakeGame/Saved/Config/Windows/Engine.ini]
LogConfig: Setting CVar [[s.MinBulkDataSizeForAsyncLoading:131072]]
LogConfig: Setting CVar [[s.AsyncLoadingThreadEnabled:0]]
LogConfig: Setting CVar [[s.EventDrivenLoaderEnabled:1]]
LogConfig: Setting CVar [[s.WarnIfTimeLimitExceeded:0]]
LogConfig: Setting CVar [[s.TimeLimitExceededMultiplier:1.5]]
LogConfig: Setting CVar [[s.TimeLimitExceededMinTime:0.005]]
LogConfig: Setting CVar [[s.UseBackgroundLevelStreaming:1]]
LogConfig: Setting CVar [[s.PriorityAsyncLoadingExtraTime:15.0]]
LogConfig: Setting CVar [[s.LevelStreamingActorsUpdateTimeLimit:5.0]]
LogConfig: Setting CVar [[s.PriorityLevelStreamingActorsUpdateExtraTime:5.0]]
LogConfig: Setting CVar [[s.LevelStreamingComponentsRegistrationGranularity:10]]
LogConfig: Setting CVar [[s.UnregisterComponentsTimeLimit:1.0]]
LogConfig: Setting CVar [[s.LevelStreamingComponentsUnregistrationGranularity:5]]
LogConfig: Setting CVar [[s.FlushStreamingOnExit:1]]
LogInit: Object subsystem initialized
LogConfig: Setting CVar [[con.DebugEarlyDefault:1]]
LogConfig: Setting CVar [[r.setres:1280x720]]
[2024.07.18-08.25.06:825][  0]LogConfig: Setting CVar [[r.VSync:0]]
[2024.07.18-08.25.06:825][  0]LogConfig: Setting CVar [[r.RHICmdBypass:0]]
[2024.07.18-08.25.06:825][  0]LogConfig: Applying CVar settings from Section [/Script/Engine.RendererSettings] File [D:/Test/SnakeGame/Saved/Config/Windows/Engine.ini]
[2024.07.18-08.25.06:825][  0]LogConfig: Setting CVar [[r.GPUCrashDebugging:0]]
[2024.07.18-08.25.06:825][  0]LogConfig: Setting CVar [[r.DefaultFeature.AntiAliasing:0]]
[2024.07.18-08.25.06:825][  0]LogConfig: Setting CVar [[r.DefaultFeature.MotionBlur:0]]
[2024.07.18-08.25.06:825][  0]LogConfig: Applying CVar settings from Section [/Script/Engine.RendererOverrideSettings] File [D:/Test/SnakeGame/Saved/Config/Windows/Engine.ini]
[2024.07.18-08.25.06:825][  0]LogConfig: Applying CVar settings from Section [/Script/Engine.StreamingSettings] File [D:/Test/SnakeGame/Saved/Config/Windows/Engine.ini]
[2024.07.18-08.25.06:825][  0]LogConfig: Setting CVar [[s.MinBulkDataSizeForAsyncLoading:131072]]
[2024.07.18-08.25.06:825][  0]LogConfig: Setting CVar [[s.AsyncLoadingThreadEnabled:0]]
[2024.07.18-08.25.06:825][  0]LogConfig: Setting CVar [[s.EventDrivenLoaderEnabled:1]]
[2024.07.18-08.25.06:825][  0]LogConfig: Setting CVar [[s.WarnIfTimeLimitExceeded:0]]
[2024.07.18-08.25.06:825][  0]LogConfig: Setting CVar [[s.TimeLimitExceededMultiplier:1.5]]
[2024.07.18-08.25.06:826][  0]LogConfig: Setting CVar [[s.TimeLimitExceededMinTime:0.005]]
[2024.07.18-08.25.06:826][  0]LogConfig: Setting CVar [[s.UseBackgroundLevelStreaming:1]]
[2024.07.18-08.25.06:826][  0]LogConfig: Setting CVar [[s.PriorityAsyncLoadingExtraTime:15.0]]
[2024.07.18-08.25.06:826][  0]LogConfig: Setting CVar [[s.LevelStreamingActorsUpdateTimeLimit:5.0]]
[2024.07.18-08.25.06:826][  0]LogConfig: Setting CVar [[s.PriorityLevelStreamingActorsUpdateExtraTime:5.0]]
[2024.07.18-08.25.06:826][  0]LogConfig: Setting CVar [[s.LevelStreamingComponentsRegistrationGranularity:10]]
[2024.07.18-08.25.06:826][  0]LogConfig: Setting CVar [[s.UnregisterComponentsTimeLimit:1.0]]
[2024.07.18-08.25.06:826][  0]LogConfig: Setting CVar [[s.LevelStreamingComponentsUnregistrationGranularity:5]]
[2024.07.18-08.25.06:826][  0]LogConfig: Setting CVar [[s.FlushStreamingOnExit:1]]
[2024.07.18-08.25.06:826][  0]LogConfig: Applying CVar settings from Section [/Script/Engine.GarbageCollectionSettings] File [D:/Test/SnakeGame/Saved/Config/Windows/Engine.ini]
[2024.07.18-08.25.06:826][  0]LogConfig: Setting CVar [[gc.MaxObjectsNotConsideredByGC:1]]
[2024.07.18-08.25.06:826][  0]LogConfig: Setting CVar [[gc.SizeOfPermanentObjectPool:0]]
[2024.07.18-08.25.06:826][  0]LogConfig: Setting CVar [[gc.FlushStreamingOnGC:0]]
[2024.07.18-08.25.06:826][  0]LogConfig: Setting CVar [[gc.NumRetriesBeforeForcingGC:10]]
[2024.07.18-08.25.06:826][  0]LogConfig: Setting CVar [[gc.AllowParallelGC:1]]
[2024.07.18-08.25.06:826][  0]LogConfig: Setting CVar [[gc.TimeBetweenPurgingPendingKillObjects:61.1]]
[2024.07.18-08.25.06:826][  0]LogConfig: Setting CVar [[gc.MaxObjectsInEditor:25165824]]
[2024.07.18-08.25.06:826][  0]LogConfig: Setting CVar [[gc.IncrementalBeginDestroyEnabled:1]]
[2024.07.18-08.25.06:826][  0]LogConfig: Setting CVar [[gc.CreateGCClusters:1]]
[2024.07.18-08.25.06:826][  0]LogConfig: Setting CVar [[gc.MinGCClusterSize:5]]
[2024.07.18-08.25.06:826][  0]LogConfig: Setting CVar [[gc.ActorClusteringEnabled:0]]
[2024.07.18-08.25.06:826][  0]LogConfig: Setting CVar [[gc.BlueprintClusteringEnabled:0]]
[2024.07.18-08.25.06:826][  0]LogConfig: Setting CVar [[gc.UseDisregardForGCOnDedicatedServers:0]]
[2024.07.18-08.25.06:827][  0]LogConfig: Setting CVar [[gc.MultithreadedDestructionEnabled:1]]
[2024.07.18-08.25.06:827][  0]LogConfig: Applying CVar settings from Section [/Script/Engine.NetworkSettings] File [D:/Test/SnakeGame/Saved/Config/Windows/Engine.ini]
[2024.07.18-08.25.06:827][  0]LogConfig: Applying CVar settings from Section [/Script/UnrealEd.CookerSettings] File [D:/Test/SnakeGame/Saved/Config/Windows/Engine.ini]
[2024.07.18-08.25.06:836][  0]LogConfig: Applying CVar settings from Section [ViewDistanceQuality@3] File [D:/Test/SnakeGame/Saved/Config/Windows/Scalability.ini]
[2024.07.18-08.25.06:836][  0]LogConfig: Setting CVar [[r.SkeletalMeshLODBias:0]]
[2024.07.18-08.25.06:836][  0]LogConfig: Setting CVar [[r.ViewDistanceScale:1.0]]
[2024.07.18-08.25.06:836][  0]LogConfig: Applying CVar settings from Section [AntiAliasingQuality@3] File [D:/Test/SnakeGame/Saved/Config/Windows/Scalability.ini]
[2024.07.18-08.25.06:836][  0]LogConfig: Setting CVar [[r.PostProcessAAQuality:4]]
[2024.07.18-08.25.06:836][  0]LogConfig: Applying CVar settings from Section [ShadowQuality@3] File [D:/Test/SnakeGame/Saved/Config/Windows/Scalability.ini]
[2024.07.18-08.25.06:836][  0]LogConfig: Setting CVar [[r.LightFunctionQuality:1]]
[2024.07.18-08.25.06:836][  0]LogConfig: Setting CVar [[r.ShadowQuality:5]]
[2024.07.18-08.25.06:836][  0]LogConfig: Setting CVar [[r.Shadow.CSM.MaxCascades:10]]
[2024.07.18-08.25.06:836][  0]LogConfig: Setting CVar [[r.Shadow.MaxResolution:2048]]
[2024.07.18-08.25.06:836][  0]LogConfig: Setting CVar [[r.Shadow.MaxCSMResolution:2048]]
[2024.07.18-08.25.06:836][  0]LogConfig: Setting CVar [[r.Shadow.RadiusThreshold:0.01]]
[2024.07.18-08.25.06:836][  0]LogConfig: Setting CVar [[r.Shadow.DistanceScale:1.0]]
[2024.07.18-08.25.06:836][  0]LogConfig: Setting CVar [[r.Shadow.CSM.TransitionScale:1.0]]
[2024.07.18-08.25.06:837][  0]LogConfig: Setting CVar [[r.Shadow.PreShadowResolutionFactor:1.0]]
[2024.07.18-08.25.06:837][  0]LogConfig: Setting CVar [[r.DistanceFieldShadowing:1]]
[2024.07.18-08.25.06:837][  0]LogConfig: Setting CVar [[r.DistanceFieldAO:1]]
[2024.07.18-08.25.06:837][  0]LogConfig: Setting CVar [[r.AOQuality:2]]
[2024.07.18-08.25.06:837][  0]LogConfig: Setting CVar [[r.VolumetricFog:1]]
[2024.07.18-08.25.06:837][  0]LogConfig: Setting CVar [[r.VolumetricFog.GridPixelSize:8]]
[2024.07.18-08.25.06:837][  0]LogConfig: Setting CVar [[r.VolumetricFog.GridSizeZ:128]]
[2024.07.18-08.25.06:837][  0]LogConfig: Setting CVar [[r.VolumetricFog.HistoryMissSupersampleCount:4]]
[2024.07.18-08.25.06:837][  0]LogConfig: Setting CVar [[r.LightMaxDrawDistanceScale:1]]
[2024.07.18-08.25.06:837][  0]LogConfig: Setting CVar [[r.CapsuleShadows:1]]
[2024.07.18-08.25.06:837][  0]LogConfig: Applying CVar settings from Section [PostProcessQuality@3] File [D:/Test/SnakeGame/Saved/Config/Windows/Scalability.ini]
[2024.07.18-08.25.06:837][  0]LogConfig: Setting CVar [[r.MotionBlurQuality:4]]
[2024.07.18-08.25.06:837][  0]LogConfig: Setting CVar [[r.AmbientOcclusionMipLevelFactor:0.4]]
[2024.07.18-08.25.06:837][  0]LogConfig: Setting CVar [[r.AmbientOcclusionMaxQuality:100]]
[2024.07.18-08.25.06:837][  0]LogConfig: Setting CVar [[r.AmbientOcclusionLevels:-1]]
[2024.07.18-08.25.06:838][  0]LogConfig: Setting CVar [[r.AmbientOcclusionRadiusScale:1.0]]
[2024.07.18-08.25.06:838][  0]LogConfig: Setting CVar [[r.DepthOfFieldQuality:2]]
[2024.07.18-08.25.06:838][  0]LogConfig: Setting CVar [[r.RenderTargetPoolMin:400]]
[2024.07.18-08.25.06:838][  0]LogConfig: Setting CVar [[r.LensFlareQuality:2]]
[2024.07.18-08.25.06:838][  0]LogConfig: Setting CVar [[r.SceneColorFringeQuality:1]]
[2024.07.18-08.25.06:838][  0]LogConfig: Setting CVar [[r.EyeAdaptationQuality:2]]
[2024.07.18-08.25.06:838][  0]LogConfig: Setting CVar [[r.BloomQuality:5]]
[2024.07.18-08.25.06:838][  0]LogConfig: Setting CVar [[r.FastBlurThreshold:100]]
[2024.07.18-08.25.06:838][  0]LogConfig: Setting CVar [[r.Upscale.Quality:3]]
[2024.07.18-08.25.06:838][  0]LogConfig: Setting CVar [[r.Tonemapper.GrainQuantization:1]]
[2024.07.18-08.25.06:838][  0]LogConfig: Setting CVar [[r.LightShaftQuality:1]]
[2024.07.18-08.25.06:838][  0]LogConfig: Setting CVar [[r.Filter.SizeScale:1]]
[2024.07.18-08.25.06:838][  0]LogConfig: Setting CVar [[r.Tonemapper.Quality:5]]
[2024.07.18-08.25.06:838][  0]LogConfig: Setting CVar [[r.DOF.Gather.AccumulatorQuality:1        ; higher gathering accumulator quality]]
[2024.07.18-08.25.06:838][  0]LogConfig: Setting CVar [[r.DOF.Gather.PostfilterMethod:1          ; Median3x3 postfilering method]]
[2024.07.18-08.25.06:838][  0]LogConfig: Setting CVar [[r.DOF.Gather.EnableBokehSettings:0       ; no bokeh simulation when gathering]]
[2024.07.18-08.25.06:839][  0]LogConfig: Setting CVar [[r.DOF.Gather.RingCount:4                 ; medium number of samples when gathering]]
[2024.07.18-08.25.06:839][  0]LogConfig: Setting CVar [[r.DOF.Scatter.ForegroundCompositing:1    ; additive foreground scattering]]
[2024.07.18-08.25.06:839][  0]LogConfig: Setting CVar [[r.DOF.Scatter.BackgroundCompositing:2    ; additive background scattering]]
[2024.07.18-08.25.06:839][  0]LogConfig: Setting CVar [[r.DOF.Scatter.EnableBokehSettings:1      ; bokeh simulation when scattering]]
[2024.07.18-08.25.06:839][  0]LogConfig: Setting CVar [[r.DOF.Scatter.MaxSpriteRatio:0.1         ; only a maximum of 10% of scattered bokeh]]
[2024.07.18-08.25.06:839][  0]LogConfig: Setting CVar [[r.DOF.Recombine.Quality:1                ; cheap slight out of focus]]
[2024.07.18-08.25.06:839][  0]LogConfig: Setting CVar [[r.DOF.Recombine.EnableBokehSettings:0    ; no bokeh simulation on slight out of focus]]
[2024.07.18-08.25.06:839][  0]LogConfig: Setting CVar [[r.DOF.TemporalAAQuality:1                ; more stable temporal accumulation]]
[2024.07.18-08.25.06:839][  0]LogConfig: Setting CVar [[r.DOF.Kernel.MaxForegroundRadius:0.025]]
[2024.07.18-08.25.06:839][  0]LogConfig: Setting CVar [[r.DOF.Kernel.MaxBackgroundRadius:0.025]]
[2024.07.18-08.25.06:839][  0]LogConfig: Applying CVar settings from Section [TextureQuality@3] File [D:/Test/SnakeGame/Saved/Config/Windows/Scalability.ini]
[2024.07.18-08.25.06:839][  0]LogConfig: Setting CVar [[r.Streaming.MipBias:0]]
[2024.07.18-08.25.06:839][  0]LogConfig: Setting CVar [[r.Streaming.AmortizeCPUToGPUCopy:0]]
[2024.07.18-08.25.06:839][  0]LogConfig: Setting CVar [[r.Streaming.MaxNumTexturesToStreamPerFrame:0]]
[2024.07.18-08.25.06:839][  0]LogConfig: Setting CVar [[r.Streaming.Boost:1]]
[2024.07.18-08.25.06:839][  0]LogConfig: Setting CVar [[r.MaxAnisotropy:8]]
[2024.07.18-08.25.06:840][  0]LogConfig: Setting CVar [[r.VT.MaxAnisotropy:8]]
[2024.07.18-08.25.06:840][  0]LogConfig: Setting CVar [[r.Streaming.LimitPoolSizeToVRAM:0]]
[2024.07.18-08.25.06:840][  0]LogConfig: Setting CVar [[r.Streaming.PoolSize:1000]]
[2024.07.18-08.25.06:840][  0]LogConfig: Setting CVar [[r.Streaming.MaxEffectiveScreenSize:0]]
[2024.07.18-08.25.06:840][  0]LogConfig: Applying CVar settings from Section [EffectsQuality@3] File [D:/Test/SnakeGame/Saved/Config/Windows/Scalability.ini]
[2024.07.18-08.25.06:840][  0]LogConfig: Setting CVar [[r.TranslucencyLightingVolumeDim:64]]
[2024.07.18-08.25.06:840][  0]LogConfig: Setting CVar [[r.RefractionQuality:2]]
[2024.07.18-08.25.06:840][  0]LogConfig: Setting CVar [[r.SSR.Quality:3]]
[2024.07.18-08.25.06:840][  0]LogConfig: Setting CVar [[r.SSR.HalfResSceneColor:0]]
[2024.07.18-08.25.06:840][  0]LogConfig: Setting CVar [[r.SceneColorFormat:4]]
[2024.07.18-08.25.06:840][  0]LogConfig: Setting CVar [[r.DetailMode:2]]
[2024.07.18-08.25.06:840][  0]LogConfig: Setting CVar [[r.TranslucencyVolumeBlur:1]]
[2024.07.18-08.25.06:840][  0]LogConfig: Setting CVar [[r.MaterialQualityLevel:1 ; High quality]]
[2024.07.18-08.25.06:840][  0]LogConfig: Setting CVar [[r.AnisotropicMaterials:1]]
[2024.07.18-08.25.06:840][  0]LogConfig: Setting CVar [[r.SSS.Scale:1]]
[2024.07.18-08.25.06:840][  0]LogConfig: Setting CVar [[r.SSS.SampleSet:2]]
[2024.07.18-08.25.06:840][  0]LogConfig: Setting CVar [[r.SSS.Quality:1]]
[2024.07.18-08.25.06:840][  0]LogConfig: Setting CVar [[r.SSS.HalfRes:0]]
[2024.07.18-08.25.06:840][  0]LogConfig: Setting CVar [[r.SSGI.Quality:3]]
[2024.07.18-08.25.06:840][  0]LogConfig: Setting CVar [[r.EmitterSpawnRateScale:1.0]]
[2024.07.18-08.25.06:841][  0]LogConfig: Setting CVar [[r.ParticleLightQuality:2]]
[2024.07.18-08.25.06:841][  0]LogConfig: Setting CVar [[r.SkyAtmosphere.AerialPerspectiveLUT.FastApplyOnOpaque:1 ; Always have FastSkyLUT 1 in this case to avoid wrong sky]]
[2024.07.18-08.25.06:841][  0]LogConfig: Setting CVar [[r.SkyAtmosphere.AerialPerspectiveLUT.SampleCountMaxPerSlice:4]]
[2024.07.18-08.25.06:841][  0]LogConfig: Setting CVar [[r.SkyAtmosphere.AerialPerspectiveLUT.DepthResolution:16.0]]
[2024.07.18-08.25.06:841][  0]LogConfig: Setting CVar [[r.SkyAtmosphere.FastSkyLUT:1]]
[2024.07.18-08.25.06:841][  0]LogConfig: Setting CVar [[r.SkyAtmosphere.FastSkyLUT.SampleCountMin:4.0]]
[2024.07.18-08.25.06:841][  0]LogConfig: Setting CVar [[r.SkyAtmosphere.FastSkyLUT.SampleCountMax:128.0]]
[2024.07.18-08.25.06:841][  0]LogConfig: Setting CVar [[r.SkyAtmosphere.SampleCountMin:4.0]]
[2024.07.18-08.25.06:841][  0]LogConfig: Setting CVar [[r.SkyAtmosphere.SampleCountMax:128.0]]
[2024.07.18-08.25.06:841][  0]LogConfig: Setting CVar [[r.SkyAtmosphere.TransmittanceLUT.UseSmallFormat:0]]
[2024.07.18-08.25.06:841][  0]LogConfig: Setting CVar [[r.SkyAtmosphere.TransmittanceLUT.SampleCount:10.0]]
[2024.07.18-08.25.06:841][  0]LogConfig: Setting CVar [[r.SkyAtmosphere.MultiScatteringLUT.SampleCount:15.0]]
[2024.07.18-08.25.06:841][  0]LogConfig: Setting CVar [[r.SkyLight.RealTimeReflectionCapture:1]]
[2024.07.18-08.25.06:841][  0]LogConfig: Applying CVar settings from Section [FoliageQuality@3] File [D:/Test/SnakeGame/Saved/Config/Windows/Scalability.ini]
[2024.07.18-08.25.06:841][  0]LogConfig: Setting CVar [[foliage.DensityScale:1.0]]
[2024.07.18-08.25.06:841][  0]LogConfig: Setting CVar [[grass.DensityScale:1.0]]
[2024.07.18-08.25.06:841][  0]LogConfig: Applying CVar settings from Section [ShadingQuality@3] File [D:/Test/SnakeGame/Saved/Config/Windows/Scalability.ini]
[2024.07.18-08.25.06:841][  0]LogConfig: Setting CVar [[r.HairStrands.SkyLighting.IntegrationType:2]]
[2024.07.18-08.25.06:841][  0]LogConfig: Setting CVar [[r.HairStrands.SkyAO.SampleCount:4]]
[2024.07.18-08.25.06:842][  0]LogConfig: Setting CVar [[r.HairStrands.Visibility.MSAA.SamplePerPixel:4]]
[2024.07.18-08.25.06:842][  0]LogInit: Selected Device Profile: [Windows]
[2024.07.18-08.25.06:842][  0]LogInit: Applying CVar settings loaded from the selected device profile: [Windows]
[2024.07.18-08.25.06:842][  0]LogHAL: Display: Platform has ~ 16 GB [17017065472 / 17179869184 / 16], which maps to Larger [LargestMinGB=32, LargerMinGB=12, DefaultMinGB=8, SmallerMinGB=6, SmallestMinGB=0)
[2024.07.18-08.25.06:842][  0]LogInit: Going up to parent DeviceProfile []
[2024.07.18-08.25.06:842][  0]LogConfig: Applying CVar settings from Section [ViewDistanceQuality@3] File [D:/Test/SnakeGame/Saved/Config/Windows/Scalability.ini]
[2024.07.18-08.25.06:842][  0]LogConfig: Setting CVar [[r.SkeletalMeshLODBias:0]]
[2024.07.18-08.25.06:842][  0]LogConfig: Setting CVar [[r.ViewDistanceScale:1.0]]
[2024.07.18-08.25.06:842][  0]LogConfig: Applying CVar settings from Section [AntiAliasingQuality@3] File [D:/Test/SnakeGame/Saved/Config/Windows/Scalability.ini]
[2024.07.18-08.25.06:842][  0]LogConfig: Setting CVar [[r.PostProcessAAQuality:4]]
[2024.07.18-08.25.06:842][  0]LogConfig: Applying CVar settings from Section [ShadowQuality@3] File [D:/Test/SnakeGame/Saved/Config/Windows/Scalability.ini]
[2024.07.18-08.25.06:842][  0]LogConfig: Setting CVar [[r.LightFunctionQuality:1]]
[2024.07.18-08.25.06:842][  0]LogConfig: Setting CVar [[r.ShadowQuality:5]]
[2024.07.18-08.25.06:842][  0]LogConfig: Setting CVar [[r.Shadow.CSM.MaxCascades:10]]
[2024.07.18-08.25.06:843][  0]LogConfig: Setting CVar [[r.Shadow.MaxResolution:2048]]
[2024.07.18-08.25.06:843][  0]LogConfig: Setting CVar [[r.Shadow.MaxCSMResolution:2048]]
[2024.07.18-08.25.06:843][  0]LogConfig: Setting CVar [[r.Shadow.RadiusThreshold:0.01]]
[2024.07.18-08.25.06:843][  0]LogConfig: Setting CVar [[r.Shadow.DistanceScale:1.0]]
[2024.07.18-08.25.06:843][  0]LogConfig: Setting CVar [[r.Shadow.CSM.TransitionScale:1.0]]
[2024.07.18-08.25.06:843][  0]LogConfig: Setting CVar [[r.Shadow.PreShadowResolutionFactor:1.0]]
[2024.07.18-08.25.06:843][  0]LogConfig: Setting CVar [[r.DistanceFieldShadowing:1]]
[2024.07.18-08.25.06:843][  0]LogConfig: Setting CVar [[r.DistanceFieldAO:1]]
[2024.07.18-08.25.06:843][  0]LogConfig: Setting CVar [[r.AOQuality:2]]
[2024.07.18-08.25.06:843][  0]LogConfig: Setting CVar [[r.VolumetricFog:1]]
[2024.07.18-08.25.06:843][  0]LogConfig: Setting CVar [[r.VolumetricFog.GridPixelSize:8]]
[2024.07.18-08.25.06:843][  0]LogConfig: Setting CVar [[r.VolumetricFog.GridSizeZ:128]]
[2024.07.18-08.25.06:843][  0]LogConfig: Setting CVar [[r.VolumetricFog.HistoryMissSupersampleCount:4]]
[2024.07.18-08.25.06:843][  0]LogConfig: Setting CVar [[r.LightMaxDrawDistanceScale:1]]
[2024.07.18-08.25.06:843][  0]LogConfig: Setting CVar [[r.CapsuleShadows:1]]
[2024.07.18-08.25.06:843][  0]LogConfig: Applying CVar settings from Section [PostProcessQuality@3] File [D:/Test/SnakeGame/Saved/Config/Windows/Scalability.ini]
[2024.07.18-08.25.06:843][  0]LogConfig: Setting CVar [[r.MotionBlurQuality:4]]
[2024.07.18-08.25.06:843][  0]LogConfig: Setting CVar [[r.AmbientOcclusionMipLevelFactor:0.4]]
[2024.07.18-08.25.06:843][  0]LogConfig: Setting CVar [[r.AmbientOcclusionMaxQuality:100]]
[2024.07.18-08.25.06:843][  0]LogConfig: Setting CVar [[r.AmbientOcclusionLevels:-1]]
[2024.07.18-08.25.06:843][  0]LogConfig: Setting CVar [[r.AmbientOcclusionRadiusScale:1.0]]
[2024.07.18-08.25.06:843][  0]LogConfig: Setting CVar [[r.DepthOfFieldQuality:2]]
[2024.07.18-08.25.06:844][  0]LogConfig: Setting CVar [[r.RenderTargetPoolMin:400]]
[2024.07.18-08.25.06:844][  0]LogConfig: Setting CVar [[r.LensFlareQuality:2]]
[2024.07.18-08.25.06:844][  0]LogConfig: Setting CVar [[r.SceneColorFringeQuality:1]]
[2024.07.18-08.25.06:844][  0]LogConfig: Setting CVar [[r.EyeAdaptationQuality:2]]
[2024.07.18-08.25.06:844][  0]LogConfig: Setting CVar [[r.BloomQuality:5]]
[2024.07.18-08.25.06:844][  0]LogConfig: Setting CVar [[r.FastBlurThreshold:100]]
[2024.07.18-08.25.06:844][  0]LogConfig: Setting CVar [[r.Upscale.Quality:3]]
[2024.07.18-08.25.06:844][  0]LogConfig: Setting CVar [[r.Tonemapper.GrainQuantization:1]]
[2024.07.18-08.25.06:844][  0]LogConfig: Setting CVar [[r.LightShaftQuality:1]]
[2024.07.18-08.25.06:844][  0]LogConfig: Setting CVar [[r.Filter.SizeScale:1]]
[2024.07.18-08.25.06:844][  0]LogConfig: Setting CVar [[r.Tonemapper.Quality:5]]
[2024.07.18-08.25.06:844][  0]LogConfig: Setting CVar [[r.DOF.Gather.AccumulatorQuality:1        ; higher gathering accumulator quality]]
[2024.07.18-08.25.06:844][  0]LogConfig: Setting CVar [[r.DOF.Gather.PostfilterMethod:1          ; Median3x3 postfilering method]]
[2024.07.18-08.25.06:844][  0]LogConfig: Setting CVar [[r.DOF.Gather.EnableBokehSettings:0       ; no bokeh simulation when gathering]]
[2024.07.18-08.25.06:844][  0]LogConfig: Setting CVar [[r.DOF.Gather.RingCount:4                 ; medium number of samples when gathering]]
[2024.07.18-08.25.06:844][  0]LogConfig: Setting CVar [[r.DOF.Scatter.ForegroundCompositing:1    ; additive foreground scattering]]
[2024.07.18-08.25.06:844][  0]LogConfig: Setting CVar [[r.DOF.Scatter.BackgroundCompositing:2    ; additive background scattering]]
[2024.07.18-08.25.06:844][  0]LogConfig: Setting CVar [[r.DOF.Scatter.EnableBokehSettings:1      ; bokeh simulation when scattering]]
[2024.07.18-08.25.06:844][  0]LogConfig: Setting CVar [[r.DOF.Scatter.MaxSpriteRatio:0.1         ; only a maximum of 10% of scattered bokeh]]
[2024.07.18-08.25.06:844][  0]LogConfig: Setting CVar [[r.DOF.Recombine.Quality:1                ; cheap slight out of focus]]
[2024.07.18-08.25.06:845][  0]LogConfig: Setting CVar [[r.DOF.Recombine.EnableBokehSettings:0    ; no bokeh simulation on slight out of focus]]
[2024.07.18-08.25.06:845][  0]LogConfig: Setting CVar [[r.DOF.TemporalAAQuality:1                ; more stable temporal accumulation]]
[2024.07.18-08.25.06:845][  0]LogConfig: Setting CVar [[r.DOF.Kernel.MaxForegroundRadius:0.025]]
[2024.07.18-08.25.06:845][  0]LogConfig: Setting CVar [[r.DOF.Kernel.MaxBackgroundRadius:0.025]]
[2024.07.18-08.25.06:845][  0]LogConfig: Applying CVar settings from Section [TextureQuality@3] File [D:/Test/SnakeGame/Saved/Config/Windows/Scalability.ini]
[2024.07.18-08.25.06:845][  0]LogConfig: Setting CVar [[r.Streaming.MipBias:0]]
[2024.07.18-08.25.06:845][  0]LogConfig: Setting CVar [[r.Streaming.AmortizeCPUToGPUCopy:0]]
[2024.07.18-08.25.06:845][  0]LogConfig: Setting CVar [[r.Streaming.MaxNumTexturesToStreamPerFrame:0]]
[2024.07.18-08.25.06:845][  0]LogConfig: Setting CVar [[r.Streaming.Boost:1]]
[2024.07.18-08.25.06:845][  0]LogConfig: Setting CVar [[r.MaxAnisotropy:8]]
[2024.07.18-08.25.06:845][  0]LogConfig: Setting CVar [[r.VT.MaxAnisotropy:8]]
[2024.07.18-08.25.06:845][  0]LogConfig: Setting CVar [[r.Streaming.LimitPoolSizeToVRAM:0]]
[2024.07.18-08.25.06:845][  0]LogConfig: Setting CVar [[r.Streaming.PoolSize:1000]]
[2024.07.18-08.25.06:845][  0]LogConfig: Setting CVar [[r.Streaming.MaxEffectiveScreenSize:0]]
[2024.07.18-08.25.06:845][  0]LogConfig: Applying CVar settings from Section [EffectsQuality@3] File [D:/Test/SnakeGame/Saved/Config/Windows/Scalability.ini]
[2024.07.18-08.25.06:845][  0]LogConfig: Setting CVar [[r.TranslucencyLightingVolumeDim:64]]
[2024.07.18-08.25.06:845][  0]LogConfig: Setting CVar [[r.RefractionQuality:2]]
[2024.07.18-08.25.06:845][  0]LogConfig: Setting CVar [[r.SSR.Quality:3]]
[2024.07.18-08.25.06:845][  0]LogConfig: Setting CVar [[r.SSR.HalfResSceneColor:0]]
[2024.07.18-08.25.06:846][  0]LogConfig: Setting CVar [[r.SceneColorFormat:4]]
[2024.07.18-08.25.06:846][  0]LogConfig: Setting CVar [[r.DetailMode:2]]
[2024.07.18-08.25.06:846][  0]LogConfig: Setting CVar [[r.TranslucencyVolumeBlur:1]]
[2024.07.18-08.25.06:846][  0]LogConfig: Setting CVar [[r.MaterialQualityLevel:1 ; High quality]]
[2024.07.18-08.25.06:846][  0]LogConfig: Setting CVar [[r.AnisotropicMaterials:1]]
[2024.07.18-08.25.06:846][  0]LogConfig: Setting CVar [[r.SSS.Scale:1]]
[2024.07.18-08.25.06:846][  0]LogConfig: Setting CVar [[r.SSS.SampleSet:2]]
[2024.07.18-08.25.06:846][  0]LogConfig: Setting CVar [[r.SSS.Quality:1]]
[2024.07.18-08.25.06:846][  0]LogConfig: Setting CVar [[r.SSS.HalfRes:0]]
[2024.07.18-08.25.06:846][  0]LogConfig: Setting CVar [[r.SSGI.Quality:3]]
[2024.07.18-08.25.06:846][  0]LogConfig: Setting CVar [[r.EmitterSpawnRateScale:1.0]]
[2024.07.18-08.25.06:846][  0]LogConfig: Setting CVar [[r.ParticleLightQuality:2]]
[2024.07.18-08.25.06:846][  0]LogConfig: Setting CVar [[r.SkyAtmosphere.AerialPerspectiveLUT.FastApplyOnOpaque:1 ; Always have FastSkyLUT 1 in this case to avoid wrong sky]]
[2024.07.18-08.25.06:846][  0]LogConfig: Setting CVar [[r.SkyAtmosphere.AerialPerspectiveLUT.SampleCountMaxPerSlice:4]]
[2024.07.18-08.25.06:846][  0]LogConfig: Setting CVar [[r.SkyAtmosphere.AerialPerspectiveLUT.DepthResolution:16.0]]
[2024.07.18-08.25.06:846][  0]LogConfig: Setting CVar [[r.SkyAtmosphere.FastSkyLUT:1]]
[2024.07.18-08.25.06:846][  0]LogConfig: Setting CVar [[r.SkyAtmosphere.FastSkyLUT.SampleCountMin:4.0]]
[2024.07.18-08.25.06:846][  0]LogConfig: Setting CVar [[r.SkyAtmosphere.FastSkyLUT.SampleCountMax:128.0]]
[2024.07.18-08.25.06:846][  0]LogConfig: Setting CVar [[r.SkyAtmosphere.SampleCountMin:4.0]]
[2024.07.18-08.25.06:846][  0]LogConfig: Setting CVar [[r.SkyAtmosphere.SampleCountMax:128.0]]
[2024.07.18-08.25.06:847][  0]LogConfig: Setting CVar [[r.SkyAtmosphere.TransmittanceLUT.UseSmallFormat:0]]
[2024.07.18-08.25.06:847][  0]LogConfig: Setting CVar [[r.SkyAtmosphere.TransmittanceLUT.SampleCount:10.0]]
[2024.07.18-08.25.06:847][  0]LogConfig: Setting CVar [[r.SkyAtmosphere.MultiScatteringLUT.SampleCount:15.0]]
[2024.07.18-08.25.06:847][  0]LogConfig: Setting CVar [[r.SkyLight.RealTimeReflectionCapture:1]]
[2024.07.18-08.25.06:847][  0]LogConfig: Applying CVar settings from Section [FoliageQuality@3] File [D:/Test/SnakeGame/Saved/Config/Windows/Scalability.ini]
[2024.07.18-08.25.06:847][  0]LogConfig: Setting CVar [[foliage.DensityScale:1.0]]
[2024.07.18-08.25.06:847][  0]LogConfig: Setting CVar [[grass.DensityScale:1.0]]
[2024.07.18-08.25.06:847][  0]LogConfig: Applying CVar settings from Section [ShadingQuality@3] File [D:/Test/SnakeGame/Saved/Config/Windows/Scalability.ini]
[2024.07.18-08.25.06:847][  0]LogConfig: Setting CVar [[r.HairStrands.SkyLighting.IntegrationType:2]]
[2024.07.18-08.25.06:847][  0]LogConfig: Setting CVar [[r.HairStrands.SkyAO.SampleCount:4]]
[2024.07.18-08.25.06:847][  0]LogConfig: Setting CVar [[r.HairStrands.Visibility.MSAA.SamplePerPixel:4]]
[2024.07.18-08.25.06:847][  0]LogConfig: Applying CVar settings from Section [Startup] File [../../../Engine/Config/ConsoleVariables.ini]
[2024.07.18-08.25.06:847][  0]LogConfig: Setting CVar [[net.UseAdaptiveNetUpdateFrequency:0]]
[2024.07.18-08.25.06:847][  0]LogConfig: Setting CVar [[p.chaos.AllowCreatePhysxBodies:1]]
[2024.07.18-08.25.06:847][  0]LogConfig: Setting CVar [[fx.SkipVectorVMBackendOptimizations:1]]
[2024.07.18-08.25.06:847][  0]LogConfig: Applying CVar settings from Section [ConsoleVariables] File [D:/Test/SnakeGame/Saved/Config/Windows/Engine.ini]
[2024.07.18-08.25.06:847][  0]LogConfig: Applying CVar settings from Section [ConsoleVariables] File [D:/Test/SnakeGame/Saved/Config/Windows/Editor.ini]
[2024.07.18-08.25.06:848][  0]LogInit: Computer: MYKORSAR-PC
[2024.07.18-08.25.06:848][  0]LogInit: User: mykor
[2024.07.18-08.25.06:848][  0]LogInit: CPU Page size=4096, Cores=4
[2024.07.18-08.25.06:848][  0]LogInit: High frequency timer resolution =10.000000 MHz
[2024.07.18-08.25.06:848][  0]LogMemory: Memory total: Physical=15.8GB (16GB approx)
[2024.07.18-08.25.06:848][  0]LogMemory: Platform Memory Stats for Windows
[2024.07.18-08.25.06:848][  0]LogMemory: Process Physical Memory: 136.77 MB used, 136.77 MB peak
[2024.07.18-08.25.06:848][  0]LogMemory: Process Virtual Memory: 114.07 MB used, 114.07 MB peak
[2024.07.18-08.25.06:848][  0]LogMemory: Physical Memory: 11098.81 MB used,  5129.93 MB free, 16228.74 MB total
[2024.07.18-08.25.06:848][  0]LogMemory: Virtual Memory: 134212440.00 MB used,  5291.45 MB free, 134217728.00 MB total
[2024.07.18-08.25.06:856][  0]LogWindows: WindowsPlatformFeatures enabled
[2024.07.18-08.25.06:934][  0]LogInit: Physics initialised using underlying interface: PhysX
[2024.07.18-08.25.06:935][  0]LogInit: Using OS detected language (ru-RU).
[2024.07.18-08.25.06:935][  0]LogInit: Using OS detected locale (ru-RU).
[2024.07.18-08.25.06:937][  0]LogTextLocalizationManager: No specific localization for 'ru-RU' exists, so the 'ru' localization will be used.
[2024.07.18-08.25.06:937][  0]LogTextLocalizationResource: LocRes '../../../Engine/Content/Localization/Editor/ru/Editor.locres' could not be opened for reading!
[2024.07.18-08.25.06:937][  0]LogTextLocalizationResource: LocRes '../../../Engine/Content/Localization/EditorTutorials/ru/EditorTutorials.locres' could not be opened for reading!
[2024.07.18-08.25.06:937][  0]LogTextLocalizationResource: LocRes '../../../Engine/Content/Localization/Keywords/ru/Keywords.locres' could not be opened for reading!
[2024.07.18-08.25.06:938][  0]LogTextLocalizationResource: LocRes '../../../Engine/Content/Localization/Category/ru/Category.locres' could not be opened for reading!
[2024.07.18-08.25.06:938][  0]LogTextLocalizationResource: LocRes '../../../Engine/Content/Localization/ToolTips/ru/ToolTips.locres' could not be opened for reading!
[2024.07.18-08.25.06:938][  0]LogTextLocalizationResource: LocRes '../../../Engine/Content/Localization/PropertyNames/ru/PropertyNames.locres' could not be opened for reading!
[2024.07.18-08.25.06:938][  0]LogTextLocalizationResource: LocRes '../../../Engine/Content/Localization/Engine/ru/Engine.locres' could not be opened for reading!
[2024.07.18-08.25.06:939][  0]LogInit: Setting process to per monitor DPI aware
[2024.07.18-08.25.06:956][  0]LogWindowsTextInputMethodSystem: Display: IME system deactivated.
[2024.07.18-08.25.06:973][  0]LogSlate: New Slate User Created.  User Index 0, Is Virtual User: 0
[2024.07.18-08.25.06:973][  0]LogSlate: Slate User Registered.  User Index 0, Is Virtual User: 0
[2024.07.18-08.25.07:089][  0]LogD3D11RHI: Loaded GFSDK_Aftermath_Lib.x64.dll
[2024.07.18-08.25.07:093][  0]LogHMD: Failed to initialize OpenVR with code 110
[2024.07.18-08.25.07:093][  0]LogD3D11RHI: D3D11 min allowed feature level: 11_0
[2024.07.18-08.25.07:093][  0]LogD3D11RHI: D3D11 max allowed feature level: 11_0
[2024.07.18-08.25.07:093][  0]LogD3D11RHI: D3D11 adapters:
[2024.07.18-08.25.07:260][  0]LogD3D11RHI:    0. 'NVIDIA GeForce GTX 1660' (Feature Level 11_0)
[2024.07.18-08.25.07:260][  0]LogD3D11RHI:       5966/0/8114 MB DedicatedVideo/DedicatedSystem/SharedSystem, Outputs:1, VendorId:0x10de
[2024.07.18-08.25.07:270][  0]LogD3D11RHI:    1. 'Intel(R) HD Graphics 4600' (Feature Level 11_0)
[2024.07.18-08.25.07:270][  0]LogD3D11RHI:       112/0/2048 MB DedicatedVideo/DedicatedSystem/SharedSystem, Outputs:0, VendorId:0x8086
[2024.07.18-08.25.07:274][  0]LogD3D11RHI:    2. 'Microsoft Basic Render Driver' (Feature Level 11_0)
[2024.07.18-08.25.07:274][  0]LogD3D11RHI:       0/0/8114 MB DedicatedVideo/DedicatedSystem/SharedSystem, Outputs:0, VendorId:0x1414
[2024.07.18-08.25.07:274][  0]LogD3D11RHI: Chosen D3D11 Adapter:
[2024.07.18-08.25.07:274][  0]LogD3D11RHI:     Description : NVIDIA GeForce GTX 1660
[2024.07.18-08.25.07:274][  0]LogD3D11RHI:     VendorId    : 10de
[2024.07.18-08.25.07:274][  0]LogD3D11RHI:     DeviceId    : 2184
[2024.07.18-08.25.07:274][  0]LogD3D11RHI:     SubSysId    : 218410de
[2024.07.18-08.25.07:274][  0]LogD3D11RHI:     Revision    : 00a1
[2024.07.18-08.25.07:274][  0]LogD3D11RHI:     DedicatedVideoMemory : 6255804416 bytes
[2024.07.18-08.25.07:274][  0]LogD3D11RHI:     DedicatedSystemMemory : 0 bytes
[2024.07.18-08.25.07:274][  0]LogD3D11RHI:     SharedSystemMemory : 8508532736 bytes
[2024.07.18-08.25.07:274][  0]LogD3D11RHI:     AdapterLuid : 0 50850
[2024.07.18-08.25.07:280][  0]LogD3D11RHI: Creating new Direct3DDevice
[2024.07.18-08.25.07:280][  0]LogD3D11RHI:     GPU DeviceId: 0x2184 (for the marketing name, search the web for "GPU Device Id")
[2024.07.18-08.25.07:280][  0]LogWindows: EnumDisplayDevices:
[2024.07.18-08.25.07:281][  0]LogWindows:    0. 'NVIDIA GeForce GTX 1660' (P:1 D:1)
[2024.07.18-08.25.07:281][  0]LogWindows:    1. 'NVIDIA GeForce GTX 1660' (P:0 D:0)
[2024.07.18-08.25.07:281][  0]LogWindows:    2. 'NVIDIA GeForce GTX 1660' (P:0 D:0)
[2024.07.18-08.25.07:281][  0]LogWindows:    3. 'NVIDIA GeForce GTX 1660' (P:0 D:0)
[2024.07.18-08.25.07:282][  0]LogWindows:    4. 'Intel(R) HD Graphics 4600' (P:0 D:0)
[2024.07.18-08.25.07:282][  0]LogWindows:    5. 'Intel(R) HD Graphics 4600' (P:0 D:0)
[2024.07.18-08.25.07:282][  0]LogWindows:    6. 'Intel(R) HD Graphics 4600' (P:0 D:0)
[2024.07.18-08.25.07:283][  0]LogWindows: DebugString: PrimaryIsNotTheChoosenAdapter PrimaryIsNotTheChoosenAdapter PrimaryIsNotTheChoosenAdapter FoundDriverCount:4 
[2024.07.18-08.25.07:283][  0]LogD3D11RHI:     Adapter Name: NVIDIA GeForce GTX 1660
[2024.07.18-08.25.07:283][  0]LogD3D11RHI:   Driver Version: 556.12 (internal:32.0.15.5612, unified:556.12)
[2024.07.18-08.25.07:283][  0]LogD3D11RHI:      Driver Date: 6-25-2024
[2024.07.18-08.25.07:283][  0]LogRHI: Texture pool is 4176 MB (70% of 5966 MB)
[2024.07.18-08.25.07:283][  0]LogD3D11RHI: Creating D3DDevice using adapter:
[2024.07.18-08.25.07:283][  0]LogD3D11RHI:     Description : NVIDIA GeForce GTX 1660
[2024.07.18-08.25.07:283][  0]LogD3D11RHI:     VendorId    : 10de
[2024.07.18-08.25.07:283][  0]LogD3D11RHI:     DeviceId    : 2184
[2024.07.18-08.25.07:283][  0]LogD3D11RHI:     SubSysId    : 218410de
[2024.07.18-08.25.07:283][  0]LogD3D11RHI:     Revision    : 00a1
[2024.07.18-08.25.07:283][  0]LogD3D11RHI:     DedicatedVideoMemory : 6255804416 bytes
[2024.07.18-08.25.07:283][  0]LogD3D11RHI:     DedicatedSystemMemory : 0 bytes
[2024.07.18-08.25.07:283][  0]LogD3D11RHI:     SharedSystemMemory : 8508532736 bytes
[2024.07.18-08.25.07:283][  0]LogD3D11RHI:     AdapterLuid : 0 50850
[2024.07.18-08.25.07:391][  0]LogD3D11RHI: RHI has support for 64 bit atomics
[2024.07.18-08.25.07:392][  0]LogD3D11RHI: Async texture creation enabled
[2024.07.18-08.25.07:392][  0]LogD3D11RHI: Array index from any shader is supported
[2024.07.18-08.25.07:415][  0]LogD3D11RHI: GPU Timing Frequency: 1000.000000 (Debug: 2 1)
[2024.07.18-08.25.07:462][  0]LogRHI: GeForceNow SDK initialized: 1
[2024.07.18-08.25.07:738][  0]LogTargetPlatformManager: Display: Loaded TargetPlatform 'AllDesktop'
[2024.07.18-08.25.07:760][  0]LogTargetPlatformManager: Display: Loaded TargetPlatform 'Android'
[2024.07.18-08.25.07:760][  0]LogTargetPlatformManager: Display: Loaded TargetPlatform 'Android_ASTC'
[2024.07.18-08.25.07:760][  0]LogTargetPlatformManager: Display: Loaded TargetPlatform 'Android_DXT'
[2024.07.18-08.25.07:760][  0]LogTargetPlatformManager: Display: Loaded TargetPlatform 'Android_ETC2'
[2024.07.18-08.25.07:760][  0]LogTargetPlatformManager: Display: Loaded TargetPlatform 'AndroidClient'
[2024.07.18-08.25.07:760][  0]LogTargetPlatformManager: Display: Loaded TargetPlatform 'Android_ASTCClient'
[2024.07.18-08.25.07:760][  0]LogTargetPlatformManager: Display: Loaded TargetPlatform 'Android_DXTClient'
[2024.07.18-08.25.07:760][  0]LogTargetPlatformManager: Display: Loaded TargetPlatform 'Android_ETC2Client'
[2024.07.18-08.25.07:760][  0]LogTargetPlatformManager: Display: Loaded TargetPlatform 'Android_Multi'
[2024.07.18-08.25.07:760][  0]LogTargetPlatformManager: Display: Loaded TargetPlatform 'Android_MultiClient'
[2024.07.18-08.25.07:781][  0]LogTargetPlatformManager: Display: Loaded TargetPlatform 'IOSClient'
[2024.07.18-08.25.07:781][  0]LogTargetPlatformManager: Display: Loaded TargetPlatform 'IOS'
[2024.07.18-08.25.07:791][  0]LogTargetPlatformManager: Display: Loaded TargetPlatform 'Linux'
[2024.07.18-08.25.07:796][  0]LogTargetPlatformManager: Display: Loaded TargetPlatform 'LinuxNoEditor'
[2024.07.18-08.25.07:802][  0]LogTargetPlatformManager: Display: Loaded TargetPlatform 'LinuxClient'
[2024.07.18-08.25.07:807][  0]LogTargetPlatformManager: Display: Loaded TargetPlatform 'LinuxServer'
[2024.07.18-08.25.07:816][  0]LogTargetPlatformManager: Display: Loaded TargetPlatform 'LinuxAArch64NoEditor'
[2024.07.18-08.25.07:821][  0]LogTargetPlatformManager: Display: Loaded TargetPlatform 'LinuxAArch64Client'
[2024.07.18-08.25.07:826][  0]LogTargetPlatformManager: Display: Loaded TargetPlatform 'LinuxAArch64Server'
[2024.07.18-08.25.07:850][  0]LogTargetPlatformManager: Display: Loaded TargetPlatform 'Lumin'
[2024.07.18-08.25.07:851][  0]LogTargetPlatformManager: Display: Loaded TargetPlatform 'LuminClient'
[2024.07.18-08.25.07:860][  0]LogTargetPlatformManager: Display: Loaded TargetPlatform 'MacNoEditor'
[2024.07.18-08.25.07:865][  0]LogTargetPlatformManager: Display: Loaded TargetPlatform 'Mac'
[2024.07.18-08.25.07:870][  0]LogTargetPlatformManager: Display: Loaded TargetPlatform 'MacClient'
[2024.07.18-08.25.07:876][  0]LogTargetPlatformManager: Display: Loaded TargetPlatform 'MacServer'
[2024.07.18-08.25.07:886][  0]LogTargetPlatformManager: Display: Loaded TargetPlatform 'TVOSClient'
[2024.07.18-08.25.07:887][  0]LogTargetPlatformManager: Display: Loaded TargetPlatform 'TVOS'
[2024.07.18-08.25.07:896][  0]LogTargetPlatformManager: Display: Loaded TargetPlatform 'WindowsNoEditor'
[2024.07.18-08.25.07:901][  0]LogTargetPlatformManager: Display: Loaded TargetPlatform 'Windows'
[2024.07.18-08.25.07:906][  0]LogTargetPlatformManager: Display: Loaded TargetPlatform 'WindowsClient'
[2024.07.18-08.25.07:911][  0]LogTargetPlatformManager: Display: Loaded TargetPlatform 'WindowsServer'
[2024.07.18-08.25.07:911][  0]LogTargetPlatformManager: Display: Building Assets For Windows
[2024.07.18-08.25.07:921][  0]LogAudioDebug: Display: Lib vorbis DLL was dynamically loaded.
[2024.07.18-08.25.07:957][  0]LogTextureFormatOodle: Display: Oodle Texture 2.9.0 init RDO Off
[2024.07.18-08.25.07:997][  0]LogRendererCore: Ray tracing is disabled. Reason: r.RayTracing=0.
[2024.07.18-08.25.07:998][  0]LogShaderCompilers: Guid format shader working directory is 16 characters bigger than the processId version (../../../../../Test/SnakeGame/Intermediate/Shaders/WorkingDirectory/10380/).
[2024.07.18-08.25.07:998][  0]LogShaderCompilers: Cleaned the shader compiler working directory 'C:/Users/mykor/AppData/Local/Temp/UnrealShaderWorkingDir/96ADB54440C08D1C742324B04CD5C448/'.
[2024.07.18-08.25.07:998][  0]LogXGEController: Cannot use XGE Controller as Incredibuild is not installed on this machine.
[2024.07.18-08.25.07:998][  0]LogShaderCompilers: Cannot use XGE Shader Compiler as Incredibuild is not installed on this machine.
[2024.07.18-08.25.07:998][  0]LogShaderCompilers: Display: Using Local Shader Compiler.
[2024.07.18-08.25.08:761][  0]LogDerivedDataCache: Display: Max Cache Size: 512 MB
[2024.07.18-08.25.08:821][  0]LogDerivedDataCache: Loaded boot cache 0.06s 94MB C:/Users/mykor/AppData/Local/UnrealEngine/4.27/DerivedDataCache/Boot.ddc.
[2024.07.18-08.25.08:821][  0]LogDerivedDataCache: Display: Loaded Boot cache: C:/Users/mykor/AppData/Local/UnrealEngine/4.27/DerivedDataCache/Boot.ddc
[2024.07.18-08.25.08:821][  0]LogDerivedDataCache: FDerivedDataBackendGraph:  Pak pak cache file ../../../../../Test/SnakeGame/DerivedDataCache/DDC.ddp not found, will not use a pak cache.
[2024.07.18-08.25.08:821][  0]LogDerivedDataCache: Unable to find inner node Pak for hierarchical cache Hierarchy.
[2024.07.18-08.25.08:822][  0]LogDerivedDataCache: FDerivedDataBackendGraph:  CompressedPak pak cache file ../../../../../Test/SnakeGame/DerivedDataCache/Compressed.ddp not found, will not use a pak cache.
[2024.07.18-08.25.08:822][  0]LogDerivedDataCache: Unable to find inner node CompressedPak for hierarchical cache Hierarchy.
[2024.07.18-08.25.08:843][  0]LogDerivedDataCache: Display: Pak cache opened for reading ../../../Engine/DerivedDataCache/Compressed.ddp.
[2024.07.18-08.25.08:844][  0]LogDerivedDataCache: FDerivedDataBackendGraph:  EnterprisePak pak cache file ../../../Enterprise/DerivedDataCache/Compressed.ddp not found, will not use a pak cache.
[2024.07.18-08.25.08:844][  0]LogDerivedDataCache: Unable to find inner node EnterprisePak for hierarchical cache Hierarchy.
[2024.07.18-08.25.08:850][  0]LogDerivedDataCache: Speed tests for C:/Users/mykor/AppData/Local/UnrealEngine/Common/DerivedDataCache took 0.01 seconds
[2024.07.18-08.25.08:850][  0]LogDerivedDataCache: Display: Performance to C:/Users/mykor/AppData/Local/UnrealEngine/Common/DerivedDataCache: Latency=0.04ms. RandomReadSpeed=818.31MBs, RandomWriteSpeed=177.14MBs. Assigned SpeedClass 'Local'
[2024.07.18-08.25.08:852][  0]LogDerivedDataCache: Using Local data cache path C:/Users/mykor/AppData/Local/UnrealEngine/Common/DerivedDataCache: Writable
[2024.07.18-08.25.08:852][  0]LogDerivedDataCache: Shared data cache path not found in *engine.ini, will not use an Shared cache.
[2024.07.18-08.25.08:852][  0]LogDerivedDataCache: Unable to find inner node Shared for hierarchical cache Hierarchy.
[2024.07.18-08.25.08:900][  0]LogSlate: Using FreeType 2.10.0
[2024.07.18-08.25.08:901][  0]LogSlate: SlateFontServices - WITH_FREETYPE: 1, WITH_HARFBUZZ: 1
[2024.07.18-08.25.08:926][  0]LogAssetRegistry: FAssetRegistry took 0.0033 seconds to start up
[2024.07.18-08.25.09:147][  0]LogInit: Selected Device Profile: [Windows]
[2024.07.18-08.25.09:147][  0]LogInit: Active device profile: [0000026F49CC5600][0000026F4952CF80 49] Windows
[2024.07.18-08.25.09:147][  0]LogInit: Profiles: [0000026F49CC5600][0000026F4952CF80 49] Windows, [0000026F49C2C200][0000026F43B25100 49] WindowsNoEditor, [0000026F49C4BF00][0000026F43B29280 49] WindowsServer, [0000026F49C2C100][0000026F3D6F5400 49] WindowsClient, [0000026F49C48300][0000026F3D6F9580 49] IOS, [0000026F49C2E700][0000026F43ADD700 49] iPadAir, [0000026F49C4A600][0000026F43AE1880 49] iPadAir2, [0000026F49BD8F00][0000026F43AE9B40 49] IPadPro, [0000026F49BD9000][0000026F43AE5B80 49] iPadAir3, [0000026F49C48200][0000026F43B0A180 49] iPadAir4, [0000026F49BD8400][0000026F43B0E300 49] iPadMini2, [0000026F49C4BD00][0000026F493C0480 49] iPadMini3, [0000026F49BD9600][0000026F43B1C5C0 49] iPadMini4, [0000026F49C48900][0000026F3D6F0700 49] iPadMini5, [0000026F49C2D300][0000026F46E08940 49] iPhone6, [0000026F49C2D400][0000026F43B20980 49] iPodTouch6, [0000026F49BDBE00][0000026F3D6D0C40 49] iPhone7, [0000026F49BDBD00][0000026F3D6CCC80 49] iPodTouch7, [0000026F49C2CE00][0000026F3D6D4E00 49] iPhone5S, [0000026F49BD8700][0000026F3D6D8F80 49] iPhone6Plus, [0000026F49C2DB00][0000026F3D6DD100 49] iPhone6S, [0000026F49BDB400][0000026F3D6E1280 49] iPhone6SPlus, [0000026F49C2E600][0000026F3D6E5400 49] iPhone7Plus, [0000026F49BDAA00][0000026F3D6E9580 49] iPhoneSE, [0000026F49C2DD00][0000026F3D6ED700 49] iPhone8, [0000026F49BDB100][0000026F493C5880 49] iPhone8Plus, [0000026F49C2F100][0000026F493C9A00 49] iPhoneX, [0000026F49BD9F00][0000026F493CDB80 49] iPhoneXS, [0000026F49C2E000][0000026F493D0180 49] iPhoneXSMax, [0000026F49BD8900][0000026F493D4300 49] iPhoneXR, [0000026F49C2EC00][0000026F493D8480 49] iPhone11, [0000026F49BDA100][0000026F493DC600 49] iPhone11Pro, [0000026F49C2E500][0000026F3D6C8740 49] iPhone11ProMax, [0000026F49BD8D00][0000026F493E0880 49] iPhoneSE2, [0000026F49C2EE00][0000026F493E49C0 49] iPhone12Mini, [0000026F49BDA500][0000026F493E8B00 49] iPhone12, [0000026F49C2D600][0000026F493F0C80 49] iPhone12Pro, [0000026F49BDBB00][0000026F493F4E00 49] iPhone12ProMax, [0000026F49C2CC00][0000026F493F8F80 49] iPadPro105, [0000026F49BD8600][0000026F493FD100 49] iPadPro129, [0000026F49C2F600][0000026F49401280 49] iPadPro97, [0000026F49BDAE00][0000026F49405400 49] iPadPro2_129, [0000026F49C2FA00][0000026F49409580 49] iPad5, [0000026F49BD8100][0000026F4940D700 49] iPad6, [0000026F49C2FF00][0000026F49411880 49] iPad7, [0000026F49BD9B00][0000026F49415A00 49] iPad8, [0000026F49C2E900][0000026F49419B80 49] iPadPro11, [0000026F49BDBA00][0000026F4941C180 49] iPadPro2_11, [0000026F49C2EA00][0000026F49420300 49] iPadPro3_129, [0000026F49BDB700][0000026F49424480 49] iPadPro4_129, [0000026F49C2CB00][0000026F49130600 49] AppleTV, [0000026F49BDB800][0000026F49134780 49] AppleTV4K, [0000026F49C2DC00][0000026F49138900 49] TVOS, [0000026F49BD8A00][0000026F493ECA40 49] Mac, [0000026F49C2CA00][0000026F4913CB80 49] MacClient, [0000026F49BDB200][0000026F49140CC0 49] MacNoEditor, [0000026F49C2C900][0000026F49148E40 49] MacServer, [0000026F49BD8800][0000026F4914CFC0 49] Linux, [0000026F49C2D700][0000026F49151140 49] LinuxAArch64, [0000026F49BD9A00][0000026F491552C0 49] LinuxNoEditor, [0000026F49C2C500][0000026F49159440 49] LinuxAArch64NoEditor, [0000026F49BD9300][0000026F4915D5C0 49] LinuxClient, [0000026F49C2C800][0000026F49161740 49] LinuxAArch64Client, [0000026F49BDA700][0000026F491658C0 49] LinuxServer, [0000026F49C2F400][0000026F49169A40 49] LinuxAArch64Server, [0000026F49BDA400][0000026F4916DBC0 49] Android, [0000026F49C2E100][0000026F491701C0 49] Android_Low, [0000026F49BDBF00][0000026F49174340 49] Android_Mid, [0000026F49C2FE00][0000026F491784C0 49] Android_High, [0000026F49CC5400][0000026F4917C640 49] Android_Default, [0000026F49C4A500][0000026F491807C0 49] Android_Adreno4xx, [0000026F49CC5800][0000026F49184940 49] Android_Adreno5xx_Low, [0000026F49C4A800][0000026F49188AC0 49] Android_Adreno5xx, [0000026F49CC6C00][0000026F49144C00 49] Android_Adreno6xx, [0000026F49C49700][0000026F4918CD40 49] Android_Adreno6xx_Vulkan, [0000026F49CC5B00][0000026F49190E80 49] Android_Mali_T6xx, [0000026F49C48F00][0000026F49194FC0 49] Android_Mali_T7xx, [0000026F49CC6200][0000026F4919D140 49] Android_Mali_T8xx, [0000026F49C4AC00][0000026F491A12C0 49] Android_Mali_G71, [0000026F49CC5100][0000026F491A5440 49] Android_Mali_G72, [0000026F49C4AF00][0000026F491A95C0 49] Android_Mali_G72_Vulkan, [0000026F49CC5E00][0000026F491AD740 49] Android_Mali_G76, [0000026F49C4B300][0000026F491B18C0 49] Android_Mali_G76_Vulkan, [0000026F49CC4400][0000026F491B5A40 49] Android_Mali_G77, [0000026F49C49D00][0000026F491B9BC0 49] Android_Mali_G77_Vulkan, [0000026F49CC4900][0000026F491BC1C0 49] Android_Mali_G78, [0000026F49C4AD00][0000026F491C0340 49] Android_Mali_G78_Vulkan, [0000026F49CC6800][0000026F491C44C0 49] Android_Mali_G710, [0000026F49C48B00][0000026F491C8640 49] Android_Mali_G710_Vulkan, [0000026F49CC4200][0000026F491CC7C0 49] Android_Vulkan_SM5, [0000026F49C48400][0000026F491D0940 49] Android_PowerVR_G6xxx, [0000026F49CC4700][0000026F491D4AC0 49] Android_PowerVR_GT7xxx, [0000026F49C4AB00][0000026F491D8C40 49] Android_PowerVR_GE8xxx, [0000026F49CC4600][0000026F49198D80 49] Android_PowerVR_GM9xxx, [0000026F49BDA900][0000026F491DCEC0 49] Android_PowerVR_GM9xxx_Vulkan, [0000026F49CC6600][0000026F491E1000 49] Android_TegraK1, [0000026F49BD8B00][0000026F491E5140 49] Android_Unknown_Vulkan, [0000026F49CC6A00][0000026F491ED2C0 49] Lumin, [0000026F49BDBC00][0000026F491F1440 49] Lumin_Desktop, [0000026F49CC6100][0000026F491F55C0 49] HoloLens, 
[2024.07.18-08.25.09:279][  0]LogMeshReduction: Using QuadricMeshReduction for automatic static mesh reduction
[2024.07.18-08.25.09:279][  0]LogMeshReduction: Using SimplygonMeshReduction for automatic skeletal mesh reduction
[2024.07.18-08.25.09:279][  0]LogMeshReduction: Using ProxyLODMeshReduction for automatic mesh merging
[2024.07.18-08.25.09:280][  0]LogMeshReduction: No distributed automatic mesh merging module available
[2024.07.18-08.25.09:280][  0]LogMeshMerging: No distributed automatic mesh merging module available
[2024.07.18-08.25.09:295][  0]LogNetVersion: SnakeGame 1.0.0, NetCL: 17155196, EngineNetVer: 17, GameNetVer: 0 (Checksum: 3033270002)
[2024.07.18-08.25.09:665][  0]LogTexture: Default maximum texture size for cubemaps generated from long-lat sources has been changed from 512 to unlimited. In order to preserve old behaiour for '/Engine/MapTemplates/Sky/DaylightAmbientCubemap.DaylightAmbientCubemap', its maximum texture size has been explicitly set to 512.
[2024.07.18-08.25.09:723][  0]LogHMD: PokeAHoleMaterial loaded successfully
[2024.07.18-08.25.09:728][  0]LogUObjectArray: 17178 objects as part of root set at end of initial load.
[2024.07.18-08.25.09:729][  0]LogUObjectAllocator: 4302048 out of 0 bytes used by permanent object pool.
[2024.07.18-08.25.09:729][  0]LogUObjectArray: CloseDisregardForGC: 0/0 objects in disregard for GC pool
[2024.07.18-08.25.10:011][  0]LogNiagaraDebuggerClient: Niagara Debugger Client Initialized | Session: C92CC8C949ECCCA1753C3D888A372BA9 | Instance: 3AFDB97842D9CDAF60C8DE8EC1699C08 (MYKORSAR-PC-10380).
[2024.07.18-08.25.10:048][  0]LogPython: Using Python 3.7.7
[2024.07.18-08.25.10:660][  0]LogTcpMessaging: Initializing TcpMessaging bridge
[2024.07.18-08.25.10:666][  0]LogUdpMessaging: Initializing bridge on interface 0.0.0.0:0 to multicast group 230.0.0.1:6666.
[2024.07.18-08.25.10:866][  0]SourceControl: Source control is disabled
[2024.07.18-08.25.10:866][  0]SourceControl: Source control is disabled
[2024.07.18-08.25.10:870][  0]SourceControl: Source control is disabled
[2024.07.18-08.25.10:874][  0]SourceControl: Source control is disabled
[2024.07.18-08.25.10:886][  0]SourceControl: Source control is disabled
[2024.07.18-08.25.10:893][  0]LogUProjectInfo: Found projects:
[2024.07.18-08.25.11:112][  0]LogOpenImageDenoise: OIDN starting up
[2024.07.18-08.25.11:163][  0]LogAndroidPermission: UAndroidPermissionCallbackProxy::GetInstance
[2024.07.18-08.25.11:191][  0]LogAudioCaptureCore: Display: No Audio Capture implementations found. Audio input will be silent.
[2024.07.18-08.25.11:191][  0]LogAudioCaptureCore: Display: No Audio Capture implementations found. Audio input will be silent.
[2024.07.18-08.25.11:318][  0]LogCollectionManager: Loaded 0 collections in 0.000646 seconds
[2024.07.18-08.25.11:345][  0]LogFileCache: Scanning file cache for directory 'D:/Test/SnakeGame/Saved/Collections/' took 0.00s
[2024.07.18-08.25.11:345][  0]LogFileCache: Scanning file cache for directory 'D:/Test/SnakeGame/Content/Developers/mykor/Collections/' took 0.00s
[2024.07.18-08.25.11:345][  0]LogFileCache: Scanning file cache for directory 'D:/Test/SnakeGame/Content/Collections/' took 0.00s
[2024.07.18-08.25.11:345][  0]LogOcInput: OculusInput pre-init called
[2024.07.18-08.25.11:579][  0]LogEngine: Initializing Engine...
[2024.07.18-08.25.11:582][  0]LogHMD: Failed to enumerate extensions. Please check that you have a valid OpenXR runtime installed.
[2024.07.18-08.25.11:583][  0]LogHMD: Failed to initialize OpenVR with code 110
[2024.07.18-08.25.11:583][  0]LogMagicLeap: Warning: VR disabled because ZI is not enabled.  To enable, in the editor, Edit -> Project Settings -> Plugins -> Magic Leap Plugin -> Enable Zero Iteration
[2024.07.18-08.25.11:584][  0]LogStats: UGameplayTagsManager::InitializeManager -  0.000 s
[2024.07.18-08.25.11:695][  0]LogInit: Initializing FReadOnlyCVARCache
[2024.07.18-08.25.11:704][  0]LogAIModule: Creating AISystem for world Untitled
[2024.07.18-08.25.11:716][  0]LogAudio: Display: Initializing Audio Device Manager...
[2024.07.18-08.25.11:720][  0]LogAudio: Display: Loading Default Audio Settings Objects...
[2024.07.18-08.25.11:721][  0]LogAudio: Display: No default SoundConcurrencyObject specified (or failed to load).
[2024.07.18-08.25.11:722][  0]LogAudio: Display: Audio Device Manager Initialized
[2024.07.18-08.25.11:722][  0]LogAudio: Display: Creating Audio Device:                 Id: 1, Scope: Shared, Realtime: True
[2024.07.18-08.25.11:722][  0]LogAudioMixer: Display: Audio Mixer Platform Settings:
[2024.07.18-08.25.11:722][  0]LogAudioMixer: Display: 	Sample Rate:						  48000
[2024.07.18-08.25.11:722][  0]LogAudioMixer: Display: 	Callback Buffer Frame Size Requested: 1024
[2024.07.18-08.25.11:722][  0]LogAudioMixer: Display: 	Callback Buffer Frame Size To Use:	  1024
[2024.07.18-08.25.11:722][  0]LogAudioMixer: Display: 	Number of buffers to queue:			  2
[2024.07.18-08.25.11:722][  0]LogAudioMixer: Display: 	Max Channels (voices):				  32
[2024.07.18-08.25.11:722][  0]LogAudioMixer: Display: 	Number of Async Source Workers:		  0
[2024.07.18-08.25.11:722][  0]LogAudio: Display: AudioDevice MaxSources: 32
[2024.07.18-08.25.11:723][  0]LogAudio: Display: Audio Spatialization Plugin: None (built-in).
[2024.07.18-08.25.11:723][  0]LogAudio: Display: Audio Reverb Plugin: None (built-in).
[2024.07.18-08.25.11:723][  0]LogAudio: Display: Audio Occlusion Plugin: None (built-in).
[2024.07.18-08.25.11:723][  0]LogAudioMixer: Display: Initializing audio mixer.
[2024.07.18-08.25.11:738][  0]LogAudioMixer: Display: 0: FrontLeft
[2024.07.18-08.25.11:738][  0]LogAudioMixer: Display: 1: FrontRight
[2024.07.18-08.25.11:772][  0]LogAudioMixer: Display: Using Audio Device Динамики (Realtek High Definition Audio)
[2024.07.18-08.25.11:775][  0]LogAudioMixer: Display: Initializing Sound Submixes...
[2024.07.18-08.25.11:777][  0]LogAudioMixer: Display: Creating Master Submix 'MasterSubmixDefault'
[2024.07.18-08.25.11:777][  0]LogAudioMixer: Display: Creating Master Submix 'MasterReverbSubmixDefault'
[2024.07.18-08.25.11:778][  0]LogAudioMixer: Display: Creating Master Submix 'MasterEQSubmixDefault'
[2024.07.18-08.25.11:778][  0]LogAudioMixer: FMixerPlatformXAudio2::StartAudioStream() called
[2024.07.18-08.25.11:778][  0]LogAudioMixer: Display: Output buffers initialized: Frames=1024, Channels=2, Samples=2048
[2024.07.18-08.25.11:780][  0]LogAudioMixer: Display: Starting AudioMixerPlatformInterface::RunInternal()
[2024.07.18-08.25.11:780][  0]LogAudioMixer: Display: FMixerPlatformXAudio2::SubmitBuffer() called for the first time
[2024.07.18-08.25.11:780][  0]LogInit: FAudioDevice initialized.
[2024.07.18-08.25.11:780][  0]LogAudio: Display: Audio Device (ID: 1) registered with world 'Untitled'.
[2024.07.18-08.25.11:780][  0]LogNetVersion: Set ProjectVersion to 1.0.0.0. Version Checksum will be recalculated on next use.
[2024.07.18-08.25.12:116][  0]LogDerivedDataCache: Saved boot cache 0.34s 94MB C:/Users/mykor/AppData/Local/UnrealEngine/4.27/DerivedDataCache/Boot.ddc.
[2024.07.18-08.25.12:117][  0]LogInit: Texture streaming: Enabled
[2024.07.18-08.25.12:159][  0]LogAnalytics: Display: [UEEditor.Rocket.Release] APIServer = https://datarouter.ol.epicgames.com/. AppVersion = 4.27.2-18319896+++UE4+Release-4.27
[2024.07.18-08.25.12:170][  0]LogEngineSessionManager: EngineSessionManager initialized
[2024.07.18-08.25.12:170][  0]LogEngineSessionManager: EngineSessionManager sent abnormal shutdown report. Type=Debugger, SessionId={94D1383F-440E-291F-C0CA-1D8D541C362D}
[2024.07.18-08.25.12:170][  0]LogEngineSessionManager: EngineSessionManager sent abnormal shutdown report. Type=Debugger, SessionId={FEAF5877-4A5D-359B-1B49-568F747EFEAA}
[2024.07.18-08.25.12:170][  0]LogEditorSessionSummary: Verbose: Initializing EditorSessionSummaryWriter for editor session tracking
[2024.07.18-08.25.12:174][  0]LogEditorSessionSummary: EditorSessionSummaryWriter initialized
[2024.07.18-08.25.12:194][  0]LogInit: Transaction tracking system initialized
[2024.07.18-08.25.12:221][  0]BlueprintLog: New page: Editor Load
[2024.07.18-08.25.12:284][  0]LocalizationService: Localization service is disabled
[2024.07.18-08.25.12:310][  0]TimingProfiler: Initialize
[2024.07.18-08.25.12:310][  0]TimingProfiler: OnSessionChanged
[2024.07.18-08.25.12:310][  0]LoadingProfiler: Initialize
[2024.07.18-08.25.12:310][  0]LoadingProfiler: OnSessionChanged
[2024.07.18-08.25.12:310][  0]NetworkingProfiler: Initialize
[2024.07.18-08.25.12:311][  0]NetworkingProfiler: OnSessionChanged
[2024.07.18-08.25.12:311][  0]MemoryProfiler: Initialize
[2024.07.18-08.25.12:311][  0]MemoryProfiler: OnSessionChanged
[2024.07.18-08.25.12:483][  0]LogCook: Display: CookSettings for Memory: MemoryMaxUsedVirtual 0MiB, MemoryMaxUsedPhysical 16384MiB, MemoryMinFreeVirtual 0MiB, MemoryMinFreePhysical 1024MiB
[2024.07.18-08.25.12:483][  0]LogFileCache: Scanning file cache for directory 'D:/Test/SnakeGame/Content/' took 0.00s
[2024.07.18-08.25.12:483][  0]LogCook: Display: Mobile HDR setting 1
[2024.07.18-08.25.12:865][  0]LogInit: Display: Engine is initialized. Leaving FEngineLoop::Init()
[2024.07.18-08.25.12:867][  0]SourceControl: Source control is disabled
[2024.07.18-08.25.12:867][  0]LogUnrealEdMisc: Loading editor; pre map load, took 7.228
[2024.07.18-08.25.12:868][  0]Cmd: MAP LOAD FILE="../../../../../Test/SnakeGame/Content/Maps/LevelMap_1.umap" TEMPLATE=0 SHOWPROGRESS=1 FEATURELEVEL=3
[2024.07.18-08.25.12:868][  0]LightingResults: New page: Lighting Build
[2024.07.18-08.25.12:869][  0]LogWorld: UWorld::CleanupWorld for Untitled, bSessionEnded=true, bCleanupResources=true
[2024.07.18-08.25.12:869][  0]LogSlate: InvalidateAllWidgets triggered.  All widgets were invalidated
[2024.07.18-08.25.12:869][  0]MapCheck: New page: Map Check
[2024.07.18-08.25.12:869][  0]LightingResults: New page: Lighting Build
[2024.07.18-08.25.12:876][  0]LogAudio: Display: Audio Device unregistered from world 'None'.
[2024.07.18-08.25.12:879][  0]LogUObjectHash: Compacting FUObjectHashTables data took   1.05ms
[2024.07.18-08.25.12:941][  0]LogAudio: Display: Audio Device (ID: 1) registered with world 'LevelMap_1'.
[2024.07.18-08.25.12:942][  0]LogAIModule: Creating AISystem for world LevelMap_1
[2024.07.18-08.25.12:948][  0]LogEditorServer: Finished looking for orphan Actors (0.000 secs)
[2024.07.18-08.25.12:960][  0]LogUObjectHash: Compacting FUObjectHashTables data took   1.85ms
[2024.07.18-08.25.12:960][  0]Cmd: MAP CHECKDEP NOCLEARLOG
[2024.07.18-08.25.12:961][  0]MapCheck: Map check complete: 0 Error(s), 0 Warning(s), took 0,122ms to complete.
[2024.07.18-08.25.12:961][  0]LogFileHelpers: Loading map 'LevelMap_1' took 0.093
[2024.07.18-08.25.12:963][  0]LogUnrealEdMisc: Total Editor Startup Time, took 7.323
[2024.07.18-08.25.13:102][  0]LogSlate: Updating window title bar state: overlay mode, drag disabled, window buttons hidden, title bar hidden
[2024.07.18-08.25.13:108][  0]LogSlate: Updating window title bar state: overlay mode, drag disabled, window buttons hidden, title bar hidden
[2024.07.18-08.25.13:115][  0]LogSlate: Updating window title bar state: overlay mode, drag disabled, window buttons hidden, title bar hidden
[2024.07.18-08.25.13:122][  0]LogSlate: Updating window title bar state: overlay mode, drag disabled, window buttons hidden, title bar hidden
[2024.07.18-08.25.13:136][  0]LogNativeClassHierarchy: Verbose: Native class hierarchy populated in 0.0096 seconds. Added 3830 classes and 930 folders.
[2024.07.18-08.25.13:138][  0]LogNativeClassHierarchy: Verbose: Native class hierarchy updated for 'WidgetCarousel' in 0.0003 seconds. Added 0 classes and 0 folders.
[2024.07.18-08.25.13:140][  0]LogPakFile: PakFile PrimaryIndexSize=187
[2024.07.18-08.25.13:140][  0]LogPakFile: PakFile PathHashIndexSize=101
[2024.07.18-08.25.13:140][  0]LogPakFile: PakFile FullDirectoryIndexSize=148
[2024.07.18-08.25.13:140][  0]LogShaderLibrary: Display: ShaderCodeLibraryPakFileMountedCallback: PakFile 'D:/Unreal Engine 4.22.3/UE_4.27/FeaturePacks/FP_FirstPerson.upack' (chunk index -1, root 'root:/') mounted
[2024.07.18-08.25.13:140][  0]LogShaderLibrary: Display: ShaderCodeLibraryPakFileMountedCallback: pending pak file info (ChunkID:-1 Root:root:/ File:D:/Unreal Engine 4.22.3/UE_4.27/FeaturePacks/FP_FirstPerson.upack)
[2024.07.18-08.25.13:140][  0]LogPakFile: OnPakFileMounted2Time == 0.000187
[2024.07.18-08.25.13:141][  0]LogPakFile: PakFile PrimaryIndexSize=189
[2024.07.18-08.25.13:141][  0]LogPakFile: PakFile PathHashIndexSize=101
[2024.07.18-08.25.13:141][  0]LogPakFile: PakFile FullDirectoryIndexSize=152
[2024.07.18-08.25.13:141][  0]LogShaderLibrary: Display: ShaderCodeLibraryPakFileMountedCallback: PakFile 'D:/Unreal Engine 4.22.3/UE_4.27/FeaturePacks/FP_FirstPersonBP.upack' (chunk index -1, root 'root:/') mounted
[2024.07.18-08.25.13:141][  0]LogShaderLibrary: Display: ShaderCodeLibraryPakFileMountedCallback: pending pak file info (ChunkID:-1 Root:root:/ File:D:/Unreal Engine 4.22.3/UE_4.27/FeaturePacks/FP_FirstPersonBP.upack)
[2024.07.18-08.25.13:141][  0]LogPakFile: OnPakFileMounted2Time == 0.000251
[2024.07.18-08.25.13:142][  0]LogPakFile: PakFile PrimaryIndexSize=191
[2024.07.18-08.25.13:142][  0]LogPakFile: PakFile PathHashIndexSize=101
[2024.07.18-08.25.13:142][  0]LogPakFile: PakFile FullDirectoryIndexSize=160
[2024.07.18-08.25.13:142][  0]LogShaderLibrary: Display: ShaderCodeLibraryPakFileMountedCallback: PakFile 'D:/Unreal Engine 4.22.3/UE_4.27/FeaturePacks/MobileStarterContent.upack' (chunk index -1, root 'root:/') mounted
[2024.07.18-08.25.13:142][  0]LogShaderLibrary: Display: ShaderCodeLibraryPakFileMountedCallback: pending pak file info (ChunkID:-1 Root:root:/ File:D:/Unreal Engine 4.22.3/UE_4.27/FeaturePacks/MobileStarterContent.upack)
[2024.07.18-08.25.13:142][  0]LogPakFile: OnPakFileMounted2Time == 0.000135
[2024.07.18-08.25.13:143][  0]LogPakFile: PakFile PrimaryIndexSize=185
[2024.07.18-08.25.13:143][  0]LogPakFile: PakFile PathHashIndexSize=101
[2024.07.18-08.25.13:143][  0]LogPakFile: PakFile FullDirectoryIndexSize=148
[2024.07.18-08.25.13:143][  0]LogShaderLibrary: Display: ShaderCodeLibraryPakFileMountedCallback: PakFile 'D:/Unreal Engine 4.22.3/UE_4.27/FeaturePacks/StarterContent.upack' (chunk index -1, root 'root:/') mounted
[2024.07.18-08.25.13:143][  0]LogShaderLibrary: Display: ShaderCodeLibraryPakFileMountedCallback: pending pak file info (ChunkID:-1 Root:root:/ File:D:/Unreal Engine 4.22.3/UE_4.27/FeaturePacks/StarterContent.upack)
[2024.07.18-08.25.13:143][  0]LogPakFile: OnPakFileMounted2Time == 0.000145
[2024.07.18-08.25.13:144][  0]LogPakFile: PakFile PrimaryIndexSize=190
[2024.07.18-08.25.13:144][  0]LogPakFile: PakFile PathHashIndexSize=101
[2024.07.18-08.25.13:144][  0]LogPakFile: PakFile FullDirectoryIndexSize=154
[2024.07.18-08.25.13:144][  0]LogShaderLibrary: Display: ShaderCodeLibraryPakFileMountedCallback: PakFile 'D:/Unreal Engine 4.22.3/UE_4.27/FeaturePacks/TP_2DSideScroller.upack' (chunk index -1, root 'root:/') mounted
[2024.07.18-08.25.13:144][  0]LogShaderLibrary: Display: ShaderCodeLibraryPakFileMountedCallback: pending pak file info (ChunkID:-1 Root:root:/ File:D:/Unreal Engine 4.22.3/UE_4.27/FeaturePacks/TP_2DSideScroller.upack)
[2024.07.18-08.25.13:144][  0]LogPakFile: OnPakFileMounted2Time == 0.000183
[2024.07.18-08.25.13:145][  0]LogPakFile: PakFile PrimaryIndexSize=192
[2024.07.18-08.25.13:145][  0]LogPakFile: PakFile PathHashIndexSize=101
[2024.07.18-08.25.13:145][  0]LogPakFile: PakFile FullDirectoryIndexSize=158
[2024.07.18-08.25.13:145][  0]LogShaderLibrary: Display: ShaderCodeLibraryPakFileMountedCallback: PakFile 'D:/Unreal Engine 4.22.3/UE_4.27/FeaturePacks/TP_2DSideScrollerBP.upack' (chunk index -1, root 'root:/') mounted
[2024.07.18-08.25.13:145][  0]LogShaderLibrary: Display: ShaderCodeLibraryPakFileMountedCallback: pending pak file info (ChunkID:-1 Root:root:/ File:D:/Unreal Engine 4.22.3/UE_4.27/FeaturePacks/TP_2DSideScrollerBP.upack)
[2024.07.18-08.25.13:145][  0]LogPakFile: OnPakFileMounted2Time == 0.000162
[2024.07.18-08.25.13:146][  0]LogPakFile: PakFile PrimaryIndexSize=182
[2024.07.18-08.25.13:146][  0]LogPakFile: PakFile PathHashIndexSize=101
[2024.07.18-08.25.13:146][  0]LogPakFile: PakFile FullDirectoryIndexSize=138
[2024.07.18-08.25.13:146][  0]LogShaderLibrary: Display: ShaderCodeLibraryPakFileMountedCallback: PakFile 'D:/Unreal Engine 4.22.3/UE_4.27/FeaturePacks/TP_Flying.upack' (chunk index -1, root 'root:/') mounted
[2024.07.18-08.25.13:146][  0]LogShaderLibrary: Display: ShaderCodeLibraryPakFileMountedCallback: pending pak file info (ChunkID:-1 Root:root:/ File:D:/Unreal Engine 4.22.3/UE_4.27/FeaturePacks/TP_Flying.upack)
[2024.07.18-08.25.13:146][  0]LogPakFile: OnPakFileMounted2Time == 0.000149
[2024.07.18-08.25.13:147][  0]LogPakFile: PakFile PrimaryIndexSize=184
[2024.07.18-08.25.13:147][  0]LogPakFile: PakFile PathHashIndexSize=101
[2024.07.18-08.25.13:147][  0]LogPakFile: PakFile FullDirectoryIndexSize=142
[2024.07.18-08.25.13:147][  0]LogShaderLibrary: Display: ShaderCodeLibraryPakFileMountedCallback: PakFile 'D:/Unreal Engine 4.22.3/UE_4.27/FeaturePacks/TP_FlyingBP.upack' (chunk index -1, root 'root:/') mounted
[2024.07.18-08.25.13:147][  0]LogShaderLibrary: Display: ShaderCodeLibraryPakFileMountedCallback: pending pak file info (ChunkID:-1 Root:root:/ File:D:/Unreal Engine 4.22.3/UE_4.27/FeaturePacks/TP_FlyingBP.upack)
[2024.07.18-08.25.13:147][  0]LogPakFile: OnPakFileMounted2Time == 0.000130
[2024.07.18-08.25.13:148][  0]LogPakFile: PakFile PrimaryIndexSize=188
[2024.07.18-08.25.13:148][  0]LogPakFile: PakFile PathHashIndexSize=101
[2024.07.18-08.25.13:148][  0]LogPakFile: PakFile FullDirectoryIndexSize=150
[2024.07.18-08.25.13:148][  0]LogShaderLibrary: Display: ShaderCodeLibraryPakFileMountedCallback: PakFile 'D:/Unreal Engine 4.22.3/UE_4.27/FeaturePacks/TP_HandheldARBP.upack' (chunk index -1, root 'root:/') mounted
[2024.07.18-08.25.13:148][  0]LogShaderLibrary: Display: ShaderCodeLibraryPakFileMountedCallback: pending pak file info (ChunkID:-1 Root:root:/ File:D:/Unreal Engine 4.22.3/UE_4.27/FeaturePacks/TP_HandheldARBP.upack)
[2024.07.18-08.25.13:148][  0]LogPakFile: OnPakFileMounted2Time == 0.000109
[2024.07.18-08.25.13:149][  0]LogPakFile: PakFile PrimaryIndexSize=182
[2024.07.18-08.25.13:149][  0]LogPakFile: PakFile PathHashIndexSize=101
[2024.07.18-08.25.13:149][  0]LogPakFile: PakFile FullDirectoryIndexSize=138
[2024.07.18-08.25.13:149][  0]LogShaderLibrary: Display: ShaderCodeLibraryPakFileMountedCallback: PakFile 'D:/Unreal Engine 4.22.3/UE_4.27/FeaturePacks/TP_Puzzle.upack' (chunk index -1, root 'root:/') mounted
[2024.07.18-08.25.13:149][  0]LogShaderLibrary: Display: ShaderCodeLibraryPakFileMountedCallback: pending pak file info (ChunkID:-1 Root:root:/ File:D:/Unreal Engine 4.22.3/UE_4.27/FeaturePacks/TP_Puzzle.upack)
[2024.07.18-08.25.13:149][  0]LogPakFile: OnPakFileMounted2Time == 0.000477
[2024.07.18-08.25.13:150][  0]LogPakFile: PakFile PrimaryIndexSize=184
[2024.07.18-08.25.13:150][  0]LogPakFile: PakFile PathHashIndexSize=101
[2024.07.18-08.25.13:150][  0]LogPakFile: PakFile FullDirectoryIndexSize=142
[2024.07.18-08.25.13:150][  0]LogShaderLibrary: Display: ShaderCodeLibraryPakFileMountedCallback: PakFile 'D:/Unreal Engine 4.22.3/UE_4.27/FeaturePacks/TP_PuzzleBP.upack' (chunk index -1, root 'root:/') mounted
[2024.07.18-08.25.13:150][  0]LogShaderLibrary: Display: ShaderCodeLibraryPakFileMountedCallback: pending pak file info (ChunkID:-1 Root:root:/ File:D:/Unreal Engine 4.22.3/UE_4.27/FeaturePacks/TP_PuzzleBP.upack)
[2024.07.18-08.25.13:150][  0]LogPakFile: OnPakFileMounted2Time == 0.000117
[2024.07.18-08.25.13:151][  0]LogPakFile: PakFile PrimaryIndexSize=183
[2024.07.18-08.25.13:151][  0]LogPakFile: PakFile PathHashIndexSize=101
[2024.07.18-08.25.13:151][  0]LogPakFile: PakFile FullDirectoryIndexSize=140
[2024.07.18-08.25.13:151][  0]LogShaderLibrary: Display: ShaderCodeLibraryPakFileMountedCallback: PakFile 'D:/Unreal Engine 4.22.3/UE_4.27/FeaturePacks/TP_Rolling.upack' (chunk index -1, root 'root:/') mounted
[2024.07.18-08.25.13:151][  0]LogShaderLibrary: Display: ShaderCodeLibraryPakFileMountedCallback: pending pak file info (ChunkID:-1 Root:root:/ File:D:/Unreal Engine 4.22.3/UE_4.27/FeaturePacks/TP_Rolling.upack)
[2024.07.18-08.25.13:151][  0]LogPakFile: OnPakFileMounted2Time == 0.000107
[2024.07.18-08.25.13:151][  0]LogPakFile: PakFile PrimaryIndexSize=185
[2024.07.18-08.25.13:151][  0]LogPakFile: PakFile PathHashIndexSize=101
[2024.07.18-08.25.13:152][  0]LogPakFile: PakFile FullDirectoryIndexSize=144
[2024.07.18-08.25.13:152][  0]LogShaderLibrary: Display: ShaderCodeLibraryPakFileMountedCallback: PakFile 'D:/Unreal Engine 4.22.3/UE_4.27/FeaturePacks/TP_RollingBP.upack' (chunk index -1, root 'root:/') mounted
[2024.07.18-08.25.13:152][  0]LogShaderLibrary: Display: ShaderCodeLibraryPakFileMountedCallback: pending pak file info (ChunkID:-1 Root:root:/ File:D:/Unreal Engine 4.22.3/UE_4.27/FeaturePacks/TP_RollingBP.upack)
[2024.07.18-08.25.13:152][  0]LogPakFile: OnPakFileMounted2Time == 0.000125
[2024.07.18-08.25.13:152][  0]LogPakFile: PakFile PrimaryIndexSize=188
[2024.07.18-08.25.13:152][  0]LogPakFile: PakFile PathHashIndexSize=101
[2024.07.18-08.25.13:152][  0]LogPakFile: PakFile FullDirectoryIndexSize=150
[2024.07.18-08.25.13:152][  0]LogShaderLibrary: Display: ShaderCodeLibraryPakFileMountedCallback: PakFile 'D:/Unreal Engine 4.22.3/UE_4.27/FeaturePacks/TP_SideScroller.upack' (chunk index -1, root 'root:/') mounted
[2024.07.18-08.25.13:152][  0]LogShaderLibrary: Display: ShaderCodeLibraryPakFileMountedCallback: pending pak file info (ChunkID:-1 Root:root:/ File:D:/Unreal Engine 4.22.3/UE_4.27/FeaturePacks/TP_SideScroller.upack)
[2024.07.18-08.25.13:153][  0]LogPakFile: OnPakFileMounted2Time == 0.000121
[2024.07.18-08.25.13:153][  0]LogPakFile: PakFile PrimaryIndexSize=190
[2024.07.18-08.25.13:153][  0]LogPakFile: PakFile PathHashIndexSize=101
[2024.07.18-08.25.13:153][  0]LogPakFile: PakFile FullDirectoryIndexSize=154
[2024.07.18-08.25.13:153][  0]LogShaderLibrary: Display: ShaderCodeLibraryPakFileMountedCallback: PakFile 'D:/Unreal Engine 4.22.3/UE_4.27/FeaturePacks/TP_SideScrollerBP.upack' (chunk index -1, root 'root:/') mounted
[2024.07.18-08.25.13:153][  0]LogShaderLibrary: Display: ShaderCodeLibraryPakFileMountedCallback: pending pak file info (ChunkID:-1 Root:root:/ File:D:/Unreal Engine 4.22.3/UE_4.27/FeaturePacks/TP_SideScrollerBP.upack)
[2024.07.18-08.25.13:153][  0]LogPakFile: OnPakFileMounted2Time == 0.000115
[2024.07.18-08.25.13:154][  0]LogPakFile: PakFile PrimaryIndexSize=187
[2024.07.18-08.25.13:154][  0]LogPakFile: PakFile PathHashIndexSize=101
[2024.07.18-08.25.13:154][  0]LogPakFile: PakFile FullDirectoryIndexSize=148
[2024.07.18-08.25.13:154][  0]LogShaderLibrary: Display: ShaderCodeLibraryPakFileMountedCallback: PakFile 'D:/Unreal Engine 4.22.3/UE_4.27/FeaturePacks/TP_ThirdPerson.upack' (chunk index -1, root 'root:/') mounted
[2024.07.18-08.25.13:154][  0]LogShaderLibrary: Display: ShaderCodeLibraryPakFileMountedCallback: pending pak file info (ChunkID:-1 Root:root:/ File:D:/Unreal Engine 4.22.3/UE_4.27/FeaturePacks/TP_ThirdPerson.upack)
[2024.07.18-08.25.13:154][  0]LogPakFile: OnPakFileMounted2Time == 0.000109
[2024.07.18-08.25.13:154][  0]LogPakFile: PakFile PrimaryIndexSize=189
[2024.07.18-08.25.13:155][  0]LogPakFile: PakFile PathHashIndexSize=101
[2024.07.18-08.25.13:155][  0]LogPakFile: PakFile FullDirectoryIndexSize=152
[2024.07.18-08.25.13:155][  0]LogShaderLibrary: Display: ShaderCodeLibraryPakFileMountedCallback: PakFile 'D:/Unreal Engine 4.22.3/UE_4.27/FeaturePacks/TP_ThirdPersonBP.upack' (chunk index -1, root 'root:/') mounted
[2024.07.18-08.25.13:155][  0]LogShaderLibrary: Display: ShaderCodeLibraryPakFileMountedCallback: pending pak file info (ChunkID:-1 Root:root:/ File:D:/Unreal Engine 4.22.3/UE_4.27/FeaturePacks/TP_ThirdPersonBP.upack)
[2024.07.18-08.25.13:155][  0]LogPakFile: OnPakFileMounted2Time == 0.000109
[2024.07.18-08.25.13:155][  0]LogPakFile: PakFile PrimaryIndexSize=183
[2024.07.18-08.25.13:155][  0]LogPakFile: PakFile PathHashIndexSize=101
[2024.07.18-08.25.13:155][  0]LogPakFile: PakFile FullDirectoryIndexSize=140
[2024.07.18-08.25.13:155][  0]LogShaderLibrary: Display: ShaderCodeLibraryPakFileMountedCallback: PakFile 'D:/Unreal Engine 4.22.3/UE_4.27/FeaturePacks/TP_TopDown.upack' (chunk index -1, root 'root:/') mounted
[2024.07.18-08.25.13:155][  0]LogShaderLibrary: Display: ShaderCodeLibraryPakFileMountedCallback: pending pak file info (ChunkID:-1 Root:root:/ File:D:/Unreal Engine 4.22.3/UE_4.27/FeaturePacks/TP_TopDown.upack)
[2024.07.18-08.25.13:156][  0]LogPakFile: OnPakFileMounted2Time == 0.000124
[2024.07.18-08.25.13:156][  0]LogPakFile: PakFile PrimaryIndexSize=185
[2024.07.18-08.25.13:156][  0]LogPakFile: PakFile PathHashIndexSize=101
[2024.07.18-08.25.13:156][  0]LogPakFile: PakFile FullDirectoryIndexSize=144
[2024.07.18-08.25.13:156][  0]LogShaderLibrary: Display: ShaderCodeLibraryPakFileMountedCallback: PakFile 'D:/Unreal Engine 4.22.3/UE_4.27/FeaturePacks/TP_TopDownBP.upack' (chunk index -1, root 'root:/') mounted
[2024.07.18-08.25.13:156][  0]LogShaderLibrary: Display: ShaderCodeLibraryPakFileMountedCallback: pending pak file info (ChunkID:-1 Root:root:/ File:D:/Unreal Engine 4.22.3/UE_4.27/FeaturePacks/TP_TopDownBP.upack)
[2024.07.18-08.25.13:156][  0]LogPakFile: OnPakFileMounted2Time == 0.000113
[2024.07.18-08.25.13:157][  0]LogPakFile: PakFile PrimaryIndexSize=185
[2024.07.18-08.25.13:157][  0]LogPakFile: PakFile PathHashIndexSize=101
[2024.07.18-08.25.13:157][  0]LogPakFile: PakFile FullDirectoryIndexSize=144
[2024.07.18-08.25.13:157][  0]LogShaderLibrary: Display: ShaderCodeLibraryPakFileMountedCallback: PakFile 'D:/Unreal Engine 4.22.3/UE_4.27/FeaturePacks/TP_TwinStick.upack' (chunk index -1, root 'root:/') mounted
[2024.07.18-08.25.13:157][  0]LogShaderLibrary: Display: ShaderCodeLibraryPakFileMountedCallback: pending pak file info (ChunkID:-1 Root:root:/ File:D:/Unreal Engine 4.22.3/UE_4.27/FeaturePacks/TP_TwinStick.upack)
[2024.07.18-08.25.13:157][  0]LogPakFile: OnPakFileMounted2Time == 0.000114
[2024.07.18-08.25.13:157][  0]LogPakFile: PakFile PrimaryIndexSize=187
[2024.07.18-08.25.13:157][  0]LogPakFile: PakFile PathHashIndexSize=101
[2024.07.18-08.25.13:158][  0]LogPakFile: PakFile FullDirectoryIndexSize=148
[2024.07.18-08.25.13:158][  0]LogShaderLibrary: Display: ShaderCodeLibraryPakFileMountedCallback: PakFile 'D:/Unreal Engine 4.22.3/UE_4.27/FeaturePacks/TP_TwinStickBP.upack' (chunk index -1, root 'root:/') mounted
[2024.07.18-08.25.13:158][  0]LogShaderLibrary: Display: ShaderCodeLibraryPakFileMountedCallback: pending pak file info (ChunkID:-1 Root:root:/ File:D:/Unreal Engine 4.22.3/UE_4.27/FeaturePacks/TP_TwinStickBP.upack)
[2024.07.18-08.25.13:158][  0]LogPakFile: OnPakFileMounted2Time == 0.000113
[2024.07.18-08.25.13:158][  0]LogPakFile: PakFile PrimaryIndexSize=183
[2024.07.18-08.25.13:158][  0]LogPakFile: PakFile PathHashIndexSize=101
[2024.07.18-08.25.13:158][  0]LogPakFile: PakFile FullDirectoryIndexSize=140
[2024.07.18-08.25.13:158][  0]LogShaderLibrary: Display: ShaderCodeLibraryPakFileMountedCallback: PakFile 'D:/Unreal Engine 4.22.3/UE_4.27/FeaturePacks/TP_Vehicle.upack' (chunk index -1, root 'root:/') mounted
[2024.07.18-08.25.13:158][  0]LogShaderLibrary: Display: ShaderCodeLibraryPakFileMountedCallback: pending pak file info (ChunkID:-1 Root:root:/ File:D:/Unreal Engine 4.22.3/UE_4.27/FeaturePacks/TP_Vehicle.upack)
[2024.07.18-08.25.13:158][  0]LogPakFile: OnPakFileMounted2Time == 0.000112
[2024.07.18-08.25.13:159][  0]LogPakFile: PakFile PrimaryIndexSize=186
[2024.07.18-08.25.13:159][  0]LogPakFile: PakFile PathHashIndexSize=101
[2024.07.18-08.25.13:159][  0]LogPakFile: PakFile FullDirectoryIndexSize=146
[2024.07.18-08.25.13:159][  0]LogShaderLibrary: Display: ShaderCodeLibraryPakFileMountedCallback: PakFile 'D:/Unreal Engine 4.22.3/UE_4.27/FeaturePacks/TP_VehicleAdv.upack' (chunk index -1, root 'root:/') mounted
[2024.07.18-08.25.13:159][  0]LogShaderLibrary: Display: ShaderCodeLibraryPakFileMountedCallback: pending pak file info (ChunkID:-1 Root:root:/ File:D:/Unreal Engine 4.22.3/UE_4.27/FeaturePacks/TP_VehicleAdv.upack)
[2024.07.18-08.25.13:159][  0]LogPakFile: OnPakFileMounted2Time == 0.000111
[2024.07.18-08.25.13:160][  0]LogPakFile: PakFile PrimaryIndexSize=188
[2024.07.18-08.25.13:160][  0]LogPakFile: PakFile PathHashIndexSize=101
[2024.07.18-08.25.13:160][  0]LogPakFile: PakFile FullDirectoryIndexSize=150
[2024.07.18-08.25.13:160][  0]LogShaderLibrary: Display: ShaderCodeLibraryPakFileMountedCallback: PakFile 'D:/Unreal Engine 4.22.3/UE_4.27/FeaturePacks/TP_VehicleAdvBP.upack' (chunk index -1, root 'root:/') mounted
[2024.07.18-08.25.13:160][  0]LogShaderLibrary: Display: ShaderCodeLibraryPakFileMountedCallback: pending pak file info (ChunkID:-1 Root:root:/ File:D:/Unreal Engine 4.22.3/UE_4.27/FeaturePacks/TP_VehicleAdvBP.upack)
[2024.07.18-08.25.13:160][  0]LogPakFile: OnPakFileMounted2Time == 0.000115
[2024.07.18-08.25.13:160][  0]LogPakFile: PakFile PrimaryIndexSize=185
[2024.07.18-08.25.13:161][  0]LogPakFile: PakFile PathHashIndexSize=101
[2024.07.18-08.25.13:161][  0]LogPakFile: PakFile FullDirectoryIndexSize=144
[2024.07.18-08.25.13:161][  0]LogShaderLibrary: Display: ShaderCodeLibraryPakFileMountedCallback: PakFile 'D:/Unreal Engine 4.22.3/UE_4.27/FeaturePacks/TP_VehicleBP.upack' (chunk index -1, root 'root:/') mounted
[2024.07.18-08.25.13:161][  0]LogShaderLibrary: Display: ShaderCodeLibraryPakFileMountedCallback: pending pak file info (ChunkID:-1 Root:root:/ File:D:/Unreal Engine 4.22.3/UE_4.27/FeaturePacks/TP_VehicleBP.upack)
[2024.07.18-08.25.13:161][  0]LogPakFile: OnPakFileMounted2Time == 0.000112
[2024.07.18-08.25.13:161][  0]LogPakFile: PakFile PrimaryIndexSize=192
[2024.07.18-08.25.13:161][  0]LogPakFile: PakFile PathHashIndexSize=101
[2024.07.18-08.25.13:161][  0]LogPakFile: PakFile FullDirectoryIndexSize=158
[2024.07.18-08.25.13:161][  0]LogShaderLibrary: Display: ShaderCodeLibraryPakFileMountedCallback: PakFile 'D:/Unreal Engine 4.22.3/UE_4.27/FeaturePacks/TP_VirtualRealityBP.upack' (chunk index -1, root 'root:/') mounted
[2024.07.18-08.25.13:161][  0]LogShaderLibrary: Display: ShaderCodeLibraryPakFileMountedCallback: pending pak file info (ChunkID:-1 Root:root:/ File:D:/Unreal Engine 4.22.3/UE_4.27/FeaturePacks/TP_VirtualRealityBP.upack)
[2024.07.18-08.25.13:161][  0]LogPakFile: OnPakFileMounted2Time == 0.000107
[2024.07.18-08.25.13:191][  0]LogNativeClassHierarchy: Verbose: Native class hierarchy updated for 'AddContentDialog' in 0.0003 seconds. Added 0 classes and 0 folders.
[2024.07.18-08.25.13:192][  0]LogNativeClassHierarchy: Verbose: Native class hierarchy updated for 'SceneOutliner' in 0.0003 seconds. Added 2 classes and 0 folders.
[2024.07.18-08.25.13:232][  0]LogSlate: Took 0.000184 seconds to synchronously load lazily loaded font '../../../Engine/Content/Slate/Fonts/Roboto-Regular.ttf' (155K)
[2024.07.18-08.25.13:234][  0]LogSlate: Took 0.000154 seconds to synchronously load lazily loaded font '../../../Engine/Content/Editor/Slate/Fonts/FontAwesome.ttf' (139K)
[2024.07.18-08.25.13:235][  0]LogSlate: Took 0.000125 seconds to synchronously load lazily loaded font '../../../Engine/Content/Slate/Fonts/Roboto-Bold.ttf' (160K)
[2024.07.18-08.25.13:326][  0]LogRenderer: Reallocating scene render targets to support 1208x572 Format 10 NumSamples 1 (Frame:1).
[2024.07.18-08.25.13:364][  0]LogSlate: Took 0.000178 seconds to synchronously load lazily loaded font '../../../Engine/Content/Slate/Fonts/Roboto-Light.ttf' (167K)
[2024.07.18-08.25.13:464][  0]LogNativeClassHierarchy: Verbose: Native class hierarchy updated for 'HierarchicalLODOutliner' in 0.0003 seconds. Added 0 classes and 0 folders.
[2024.07.18-08.25.13:464][  0]LogLoad: (Engine Initialization) Total time: 7.82 seconds
[2024.07.18-08.25.13:464][  0]LogLoad: (Engine Initialization) Total Blueprint compile time: 0.00 seconds
[2024.07.18-08.25.13:638][  0]LogAssetRegistry: Asset discovery search completed in 4.7137 seconds
[2024.07.18-08.25.13:643][  0]LogCollectionManager: Fixed up redirectors for 0 collections in 0.000003 seconds (updated 0 objects)
[2024.07.18-08.25.13:644][  0]LogContentStreaming: Texture pool size now 1000 MB
[2024.07.18-08.25.16:713][322]LogTemp: Repeating last play command: Selected Viewport
[2024.07.18-08.25.16:719][322]LogPlayLevel: PlayLevel: No blueprints needed recompiling
[2024.07.18-08.25.16:719][322]PIE: New page: PIE session: LevelMap_1 (18 июл. 2024 г., 14:25:16)
[2024.07.18-08.25.16:721][322]LogOnline: OSS: Creating online subsystem instance for: NULL
[2024.07.18-08.25.16:723][322]LogOnline: OSS: TryLoadSubsystemAndSetDefault: Loaded subsystem for module [NULL]
[2024.07.18-08.25.16:723][322]LogPlayLevel: Creating play world package: /Game/Maps/UEDPIE_0_LevelMap_1
[2024.07.18-08.25.16:725][322]LogPlayLevel: PIE: StaticDuplicateObject took: (0.002213s)
[2024.07.18-08.25.16:727][322]LogAIModule: Creating AISystem for world LevelMap_1
[2024.07.18-08.25.16:727][322]LogPlayLevel: PIE: World Init took: (0.001602s)
[2024.07.18-08.25.16:727][322]LogPlayLevel: PIE: Created PIE world by copying editor world from /Game/Maps/LevelMap_1.LevelMap_1 to /Game/Maps/UEDPIE_0_LevelMap_1.LevelMap_1 (0.004209s)
[2024.07.18-08.25.16:736][322]LogUObjectHash: Compacting FUObjectHashTables data took   0.75ms
[2024.07.18-08.25.16:736][322]LogAudio: Display: Creating Audio Device:                 Id: 2, Scope: Unique, Realtime: True
[2024.07.18-08.25.16:737][322]LogAudioMixer: Display: Audio Mixer Platform Settings:
[2024.07.18-08.25.16:737][322]LogAudioMixer: Display: 	Sample Rate:						  48000
[2024.07.18-08.25.16:737][322]LogAudioMixer: Display: 	Callback Buffer Frame Size Requested: 1024
[2024.07.18-08.25.16:737][322]LogAudioMixer: Display: 	Callback Buffer Frame Size To Use:	  1024
[2024.07.18-08.25.16:737][322]LogAudioMixer: Display: 	Number of buffers to queue:			  2
[2024.07.18-08.25.16:737][322]LogAudioMixer: Display: 	Max Channels (voices):				  32
[2024.07.18-08.25.16:737][322]LogAudioMixer: Display: 	Number of Async Source Workers:		  0
[2024.07.18-08.25.16:737][322]LogAudio: Display: AudioDevice MaxSources: 32
[2024.07.18-08.25.16:738][322]LogAudio: Display: Audio Spatialization Plugin: None (built-in).
[2024.07.18-08.25.16:738][322]LogAudio: Display: Audio Reverb Plugin: None (built-in).
[2024.07.18-08.25.16:738][322]LogAudio: Display: Audio Occlusion Plugin: None (built-in).
[2024.07.18-08.25.16:738][322]LogAudioMixer: Display: Initializing audio mixer.
[2024.07.18-08.25.16:742][322]LogAudioMixer: Display: 0: FrontLeft
[2024.07.18-08.25.16:742][322]LogAudioMixer: Display: 1: FrontRight
[2024.07.18-08.25.16:763][322]LogAudioMixer: Display: Using Audio Device Динамики (Realtek High Definition Audio)
[2024.07.18-08.25.16:763][322]LogAudioMixer: Display: Initializing Sound Submixes...
[2024.07.18-08.25.16:763][322]LogAudioMixer: Display: Creating Master Submix 'MasterSubmixDefault'
[2024.07.18-08.25.16:763][322]LogAudioMixer: Display: Creating Master Submix 'MasterReverbSubmixDefault'
[2024.07.18-08.25.16:764][322]LogAudioMixer: Display: Creating Master Submix 'MasterEQSubmixDefault'
[2024.07.18-08.25.16:764][322]LogAudioMixer: FMixerPlatformXAudio2::StartAudioStream() called
[2024.07.18-08.25.16:764][322]LogAudioMixer: Display: Output buffers initialized: Frames=1024, Channels=2, Samples=2048
[2024.07.18-08.25.16:765][322]LogAudioMixer: Display: Starting AudioMixerPlatformInterface::RunInternal()
[2024.07.18-08.25.16:765][322]LogAudioMixer: Display: FMixerPlatformXAudio2::SubmitBuffer() called for the first time
[2024.07.18-08.25.16:766][322]LogInit: FAudioDevice initialized.
[2024.07.18-08.25.16:766][322]LogAudio: Display: Audio Device (ID: 2) registered with world 'LevelMap_1'.
[2024.07.18-08.25.16:790][322]LogLoad: Game class is 'BP_GameMode_C'
[2024.07.18-08.25.16:792][322]LogWorld: Bringing World /Game/Maps/UEDPIE_0_LevelMap_1.LevelMap_1 up for play (max tick rate 0) at 2024.07.18-11.25.16
[2024.07.18-08.25.16:792][322]LogWorld: Bringing up level for play took: 0.000936
[2024.07.18-08.25.16:792][322]LogOnline: OSS: Creating online subsystem instance for: :Context_3
[2024.07.18-08.25.16:796][322]LogNativeClassHierarchy: Verbose: Native class hierarchy updated for 'MovieSceneCapture' in 0.0003 seconds. Added 20 classes and 0 folders.
[2024.07.18-08.25.16:797][322]LogViewport: Display: Viewport MouseCaptureMode Changed, CapturePermanently_IncludingInitialMouseDown -> CapturePermanently
[2024.07.18-08.25.16:797][322]LogActor: Warning: BP_SnakeElement_C /Game/Maps/UEDPIE_0_LevelMap_1.LevelMap_1:PersistentLevel.BP_SnakeElement_C_0 has natively added scene component(s), but none of them were set as the actor's RootComponent - picking one arbitrarily
[2024.07.18-08.25.16:797][322]LogActor: Warning: BP_SnakeElement_C /Game/Maps/UEDPIE_0_LevelMap_1.LevelMap_1:PersistentLevel.BP_SnakeElement_C_1 has natively added scene component(s), but none of them were set as the actor's RootComponent - picking one arbitrarily
[2024.07.18-08.25.16:798][322]LogActor: Warning: BP_SnakeElement_C /Game/Maps/UEDPIE_0_LevelMap_1.LevelMap_1:PersistentLevel.BP_SnakeElement_C_2 has natively added scene component(s), but none of them were set as the actor's RootComponent - picking one arbitrarily
[2024.07.18-08.25.16:798][322]PIE: Server logged in
[2024.07.18-08.25.16:800][322]PIE: Play in editor total start time 0,083 seconds.
[2024.07.18-08.25.16:826][323]LogActor: Warning: BP_SnakeElement_C /Engine/Transient.World_2:PersistentLevel.BP_SnakeElement_C_0 has natively added scene component(s), but none of them were set as the actor's RootComponent - picking one arbitrarily
[2024.07.18-08.25.18:518][525]LogActor: Warning: BP_SnakeElement_C /Game/Maps/UEDPIE_0_LevelMap_1.LevelMap_1:PersistentLevel.BP_SnakeElement_C_3 has natively added scene component(s), but none of them were set as the actor's RootComponent - picking one arbitrarily
[2024.07.18-08.25.19:118][597]LogActor: Warning: BP_SnakeElement_C /Game/Maps/UEDPIE_0_LevelMap_1.LevelMap_1:PersistentLevel.BP_SnakeElement_C_4 has natively added scene component(s), but none of them were set as the actor's RootComponent - picking one arbitrarily
[2024.07.18-08.25.25:120][317]LogActor: Warning: BP_SnakeElement_C /Game/Maps/UEDPIE_0_LevelMap_1.LevelMap_1:PersistentLevel.BP_SnakeElement_C_5 has natively added scene component(s), but none of them were set as the actor's RootComponent - picking one arbitrarily
[2024.07.18-08.25.28:120][677]LogActor: Warning: BP_SnakeElement_C /Game/Maps/UEDPIE_0_LevelMap_1.LevelMap_1:PersistentLevel.BP_SnakeElement_C_6 has natively added scene component(s), but none of them were set as the actor's RootComponent - picking one arbitrarily
[2024.07.18-08.25.31:784][112]LogSlate: Updating window title bar state: overlay mode, drag disabled, window buttons hidden, title bar hidden
[2024.07.18-08.25.31:784][112]LogWorld: BeginTearingDown for /Game/Maps/UEDPIE_0_LevelMap_1
[2024.07.18-08.25.31:785][112]LogWorld: UWorld::CleanupWorld for LevelMap_1, bSessionEnded=true, bCleanupResources=true
[2024.07.18-08.25.31:785][112]LogSlate: InvalidateAllWidgets triggered.  All widgets were invalidated
[2024.07.18-08.25.31:794][112]LogPlayLevel: Display: Shutting down PIE online subsystems
[2024.07.18-08.25.31:802][112]LogSlate: InvalidateAllWidgets triggered.  All widgets were invalidated
[2024.07.18-08.25.31:808][112]LogAudio: Display: Audio Device unregistered from world 'None'.
[2024.07.18-08.25.31:808][112]LogAudioMixer: FMixerPlatformXAudio2::StopAudioStream() called
[2024.07.18-08.25.31:810][112]LogAudioMixer: FMixerPlatformXAudio2::StopAudioStream() called
[2024.07.18-08.25.31:814][112]LogSlate: Updating window title bar state: overlay mode, drag disabled, window buttons hidden, title bar hidden
[2024.07.18-08.25.31:816][112]LogUObjectHash: Compacting FUObjectHashTables data took   0.94ms
[2024.07.18-08.25.31:871][114]LogPlayLevel: Display: Destroying online subsystem :Context_3
