Log file open, 07/18/24 11:23:13
LogWindows: Failed to load 'aqProf.dll' (GetLastError=126)
LogWindows: File 'aqProf.dll' does not exist
LogWindows: Failed to load 'VtuneApi.dll' (GetLastError=126)
LogWindows: File 'VtuneApi.dll' does not exist
LogWindows: Failed to load 'VtuneApi32e.dll' (GetLastError=126)
LogWindows: File 'VtuneApi32e.dll' does not exist
LogConsoleResponse: Display: Failed to find resolution value strings in scalability ini. Falling back to default.
LogConsoleResponse: Display: Failed to find resolution value strings in scalability ini. Falling back to default.
LogInit: Display: Running engine for game: SnakeGame
LogPlatformFile: Not using cached read wrapper
LogTaskGraph: Started task graph with 5 named threads and 14 total threads with 3 sets of task threads.
LogStats: Stats thread started at 0.508698
LogICUInternationalization: ICU TimeZone Detection - Raw Offset: +3:00, Platform Override: ''
LogInit: Display: Loading text-based GConfig....
LogPluginManager: Mounting plugin MeshPainting
LogPluginManager: Mounting plugin XGEController
LogPluginManager: Mounting plugin Paper2D
LogPluginManager: Mounting plugin LiveLink
LogPluginManager: Mounting plugin EnvironmentQueryEditor
LogPluginManager: Mounting plugin AISupport
LogPluginManager: Mounting plugin CameraShakePreviewer
LogPluginManager: Mounting plugin LightPropagationVolume
LogPluginManager: Mounting plugin GameplayCameras
LogPluginManager: Mounting plugin OodleData
LogPluginManager: Mounting plugin OodleNetwork
LogPluginManager: Mounting plugin AssetManagerEditor
LogPluginManager: Mounting plugin CurveEditorTools
LogPluginManager: Mounting plugin CryptoKeys
LogPluginManager: Mounting plugin DataValidation
LogPluginManager: Mounting plugin FacialAnimation
LogPluginManager: Mounting plugin GameplayTagsEditor
LogPluginManager: Mounting plugin GeometryMode
LogPluginManager: Mounting plugin MacGraphicsSwitching
LogPluginManager: Mounting plugin MaterialAnalyzer
LogPluginManager: Mounting plugin AnimationSharing
LogPluginManager: Mounting plugin MobileLauncherProfileWizard
LogPluginManager: Mounting plugin CLionSourceCodeAccess
LogPluginManager: Mounting plugin PluginBrowser
LogPluginManager: Mounting plugin SpeedTreeImporter
LogPluginManager: Mounting plugin CodeLiteSourceCodeAccess
LogPluginManager: Mounting plugin GitSourceControl
LogPluginManager: Mounting plugin KDevelopSourceCodeAccess
LogPluginManager: Mounting plugin NullSourceCodeAccess
LogPluginManager: Mounting plugin PerforceSourceControl
LogPluginManager: Mounting plugin PixWinPlugin
LogPluginManager: Mounting plugin PlasticSourceControl
LogPluginManager: Mounting plugin PluginUtils
LogPluginManager: Mounting plugin PropertyAccessNode
LogPluginManager: Mounting plugin RiderSourceCodeAccess
LogPluginManager: Mounting plugin SubversionSourceControl
LogPluginManager: Mounting plugin TextureFormatOodle
LogPluginManager: Mounting plugin UObjectPlugin
LogPluginManager: Mounting plugin VisualStudioCodeSourceCodeAccess
LogPluginManager: Mounting plugin VisualStudioSourceCodeAccess
LogPluginManager: Mounting plugin XCodeSourceCodeAccess
LogPluginManager: Mounting plugin DatasmithContent
LogPluginManager: Mounting plugin VariantManagerContent
LogPluginManager: Mounting plugin AlembicImporter
LogPluginManager: Mounting plugin AutomationUtils
LogPluginManager: Mounting plugin BackChannel
LogPluginManager: Mounting plugin ChaosCloth
LogPluginManager: Mounting plugin ChaosClothEditor
LogPluginManager: Mounting plugin ChaosEditor
LogPluginManager: Mounting plugin ChaosNiagara
LogPluginManager: Mounting plugin ChaosSolverPlugin
LogPluginManager: Mounting plugin CharacterAI
LogPluginManager: Mounting plugin Niagara
LogPluginManager: Mounting plugin GeometryCache
LogPluginManager: Mounting plugin GeometryCollectionPlugin
LogPluginManager: Mounting plugin GeometryProcessing
LogPluginManager: Mounting plugin MotoSynth
LogPluginManager: Mounting plugin OpenImageDenoise
LogPluginManager: Mounting plugin PlanarCut
LogPluginManager: Mounting plugin PlatformCrypto
LogPluginManager: Mounting plugin ProxyLODPlugin
LogPluginManager: Mounting plugin PythonScriptPlugin
LogPluginManager: Mounting plugin SkeletalReduction
LogPluginManager: Mounting plugin LuminPlatformFeatures
LogPluginManager: Mounting plugin MagicLeap
LogPluginManager: Mounting plugin MagicLeapLightEstimation
LogPluginManager: Mounting plugin MagicLeapMedia
LogPluginManager: Mounting plugin MagicLeapPassableWorld
LogPluginManager: Mounting plugin MLSDK
LogPluginManager: Mounting plugin AndroidMedia
LogPluginManager: Mounting plugin AvfMedia
LogPluginManager: Mounting plugin ImgMedia
LogPluginManager: Mounting plugin MediaCompositing
LogPluginManager: Mounting plugin MediaPlayerEditor
LogPluginManager: Mounting plugin WebMMedia
LogPluginManager: Mounting plugin WmfMedia
LogPluginManager: Mounting plugin TcpMessaging
LogPluginManager: Mounting plugin UdpMessaging
LogPluginManager: Mounting plugin ActorSequence
LogPluginManager: Mounting plugin LevelSequenceEditor
LogPluginManager: Mounting plugin MatineeToLevelSequence
LogPluginManager: Mounting plugin TemplateSequence
LogPluginManager: Mounting plugin OnlineSubsystem
LogPluginManager: Mounting plugin OnlineSubsystemNull
LogPluginManager: Mounting plugin OnlineSubsystemUtils
LogPluginManager: Mounting plugin LauncherChunkInstaller
LogPluginManager: Mounting plugin ActorLayerUtilities
LogPluginManager: Mounting plugin AndroidDeviceProfileSelector
LogPluginManager: Mounting plugin AndroidMoviePlayer
LogPluginManager: Mounting plugin AndroidPermission
LogPluginManager: Mounting plugin AppleImageUtils
LogPluginManager: Mounting plugin AppleMoviePlayer
LogPluginManager: Mounting plugin ArchVisCharacter
LogPluginManager: Mounting plugin AudioCapture
LogPluginManager: Mounting plugin AssetTags
LogPluginManager: Mounting plugin AudioSynesthesia
LogPluginManager: Mounting plugin CableComponent
LogPluginManager: Mounting plugin CustomMeshComponent
LogPluginManager: Mounting plugin ChunkDownloader
LogPluginManager: Mounting plugin EditableMesh
LogPluginManager: Mounting plugin ExampleDeviceProfileSelector
LogPluginManager: Mounting plugin GoogleCloudMessaging
LogPluginManager: Mounting plugin GooglePAD
LogPluginManager: Mounting plugin IOSDeviceProfileSelector
LogPluginManager: Mounting plugin LinuxDeviceProfileSelector
LogPluginManager: Mounting plugin LocationServicesBPLibrary
LogPluginManager: Mounting plugin MobilePatchingUtils
LogPluginManager: Mounting plugin OpenXR
LogPluginManager: Mounting plugin OpenXREyeTracker
LogPluginManager: Mounting plugin OpenXRHandTracking
LogPluginManager: Mounting plugin PhysXVehicles
LogPluginManager: Mounting plugin PostSplashScreen
LogPluginManager: Mounting plugin ProceduralMeshComponent
LogPluginManager: Mounting plugin PropertyAccessEditor
LogPluginManager: Mounting plugin RuntimePhysXCooking
LogPluginManager: Mounting plugin SignificanceManager
LogPluginManager: Mounting plugin SoundFields
LogPluginManager: Mounting plugin Synthesis
LogPluginManager: Mounting plugin WebMMoviePlayer
LogPluginManager: Mounting plugin WindowsMoviePlayer
LogPluginManager: Mounting plugin ScreenshotTools
LogPluginManager: Mounting plugin Takes
LogPluginManager: Mounting plugin ContentBrowserAssetDataSource
LogPluginManager: Mounting plugin ContentBrowserClassDataSource
LogPluginManager: Mounting plugin ContentBrowserFileDataSource
LogPluginManager: Mounting plugin OnlineSubsystemGooglePlay
LogPluginManager: Mounting plugin OnlineSubsystemIOS
LogPluginManager: Mounting plugin OculusVR
LogPluginManager: Mounting plugin SteamVR
PixWinPlugin: PIX capture plugin failed to initialize! Check that the process is launched from PIX.
LogInit: Using libcurl 7.55.1-DEV
LogInit:  - built for x86_64-pc-win32
LogInit:  - supports SSL with OpenSSL/1.1.1
LogInit:  - supports HTTP deflate (compression) using libz 1.2.8
LogInit:  - other features:
LogInit:      CURL_VERSION_SSL
LogInit:      CURL_VERSION_LIBZ
LogInit:      CURL_VERSION_IPV6
LogInit:      CURL_VERSION_ASYNCHDNS
LogInit:      CURL_VERSION_LARGEFILE
LogInit:      CURL_VERSION_IDN
LogInit:  CurlRequestOptions (configurable via config and command line):
LogInit:  - bVerifyPeer = true  - Libcurl will verify peer certificate
LogInit:  - bUseHttpProxy = false  - Libcurl will NOT use HTTP proxy
LogInit:  - bDontReuseConnections = false  - Libcurl will reuse connections
LogInit:  - MaxHostConnections = 16  - Libcurl will limit the number of connections to a host
LogInit:  - LocalHostAddr = Default
LogInit:  - BufferSize = 65536
LogOnline: OSS: Creating online subsystem instance for: NULL
LogInit: WinSock: version 1.1 (2.2), MaxSocks=32767, MaxUdp=65467
LogOnline: OSS: TryLoadSubsystemAndSetDefault: Loaded subsystem for module [NULL]
LogOculusPluginWrapper: OculusPlugin initialized successfully
LogHMD: Failed initializing OVRPlugin 1.59.0
LogInit: Build: ++UE4+Release-4.27-CL-18319896
LogInit: Engine Version: 4.27.2-18319896+++UE4+Release-4.27
LogInit: Compatible Engine Version: 4.27.0-17155196+++UE4+Release-4.27
LogInit: Net CL: 17155196
LogInit: OS: Windows 10 (Release 2009) (), CPU: Intel(R) Core(TM) i5-4690K CPU @ 3.50GHz, GPU: NVIDIA GeForce GTX 1660
LogInit: Compiled (64-bit): Nov 30 2021 07:12:08
LogInit: Compiled with Visual C++: 19.24.28315.00
LogInit: Build Configuration: Development
LogInit: Branch Name: ++UE4+Release-4.27
LogInit: Command Line:  -skipcompile
LogInit: Base Directory: D:/Unreal Engine 4.22.3/UE_4.27/Engine/Binaries/Win64/
LogInit: Allocator: TBB
LogInit: Installed Engine Build: 1
LogDevObjectVersion: Number of dev versions registered: 29
LogDevObjectVersion:   Dev-Blueprints (B0D832E4-1F89-4F0D-ACCF-7EB736FD4AA2): 10
LogDevObjectVersion:   Dev-Build (E1C64328-A22C-4D53-A36C-8E866417BD8C): 0
LogDevObjectVersion:   Dev-Core (375EC13C-06E4-48FB-B500-84F0262A717E): 4
LogDevObjectVersion:   Dev-Editor (E4B068ED-F494-42E9-A231-DA0B2E46BB41): 40
LogDevObjectVersion:   Dev-Framework (CFFC743F-43B0-4480-9391-14DF171D2073): 37
LogDevObjectVersion:   Dev-Mobile (B02B49B5-BB20-44E9-A304-32B752E40360): 3
LogDevObjectVersion:   Dev-Networking (A4E4105C-59A1-49B5-A7C5-40C4547EDFEE): 0
LogDevObjectVersion:   Dev-Online (39C831C9-5AE6-47DC-9A44-9C173E1C8E7C): 0
LogDevObjectVersion:   Dev-Physics (78F01B33-EBEA-4F98-B9B4-84EACCB95AA2): 14
LogDevObjectVersion:   Dev-Platform (6631380F-2D4D-43E0-8009-CF276956A95A): 0
LogDevObjectVersion:   Dev-Rendering (12F88B9F-8875-4AFC-A67C-D90C383ABD29): 45
LogDevObjectVersion:   Dev-Sequencer (7B5AE74C-D270-4C10-A958-57980B212A5A): 13
LogDevObjectVersion:   Dev-VR (D7296918-1DD6-4BDD-9DE2-64A83CC13884): 3
LogDevObjectVersion:   Dev-LoadTimes (C2A15278-BFE7-4AFE-6C17-90FF531DF755): 1
LogDevObjectVersion:   Private-Geometry (6EACA3D4-40EC-4CC1-B786-8BED09428FC5): 3
LogDevObjectVersion:   Dev-AnimPhys (29E575DD-E0A3-4627-9D10-D276232CDCEA): 17
LogDevObjectVersion:   Dev-Anim (AF43A65D-7FD3-4947-9873-3E8ED9C1BB05): 15
LogDevObjectVersion:   Dev-ReflectionCapture (6B266CEC-1EC7-4B8F-A30B-E4D90942FC07): 1
LogDevObjectVersion:   Dev-Automation (0DF73D61-A23F-47EA-B727-89E90C41499A): 1
LogDevObjectVersion:   FortniteMain (601D1886-AC64-4F84-AA16-D3DE0DEAC7D6): 47
LogDevObjectVersion:   FortniteRelease (E7086368-6B23-4C58-8439-1B7016265E91): 1
LogDevObjectVersion:   Dev-Enterprise (9DFFBCD6-494F-0158-E221-12823C92A888): 10
LogDevObjectVersion:   Dev-Niagara (F2AED0AC-9AFE-416F-8664-AA7FFA26D6FC): 1
LogDevObjectVersion:   Dev-Destruction (174F1F0B-B4C6-45A5-B13F-2EE8D0FB917D): 10
LogDevObjectVersion:   Dev-Physics-Ext (35F94A83-E258-406C-A318-09F59610247C): 41
LogDevObjectVersion:   Dev-PhysicsMaterial-Chaos (B68FC16E-8B1B-42E2-B453-215C058844FE): 1
LogDevObjectVersion:   Dev-CineCamera (B2E18506-4273-CFC2-A54E-F4BB758BBA07): 1
LogDevObjectVersion:   Dev-VirtualProduction (64F58936-FD1B-42BA-BA96-7289D5D0FA4E): 1
LogDevObjectVersion:   Dev-MediaFramework (6F0ED827-A609-4895-9C91-998D90180EA4): 2
LogInit: Presizing for max 25165824 objects, including 0 objects not considered by GC, pre-allocating 0 bytes for permanent pool.
LogConfig: Applying CVar settings from Section [/Script/Engine.StreamingSettings] File [D:/Test/SnakeGame/Saved/Config/Windows/Engine.ini]
LogConfig: Setting CVar [[s.MinBulkDataSizeForAsyncLoading:131072]]
LogConfig: Setting CVar [[s.AsyncLoadingThreadEnabled:0]]
LogConfig: Setting CVar [[s.EventDrivenLoaderEnabled:1]]
LogConfig: Setting CVar [[s.WarnIfTimeLimitExceeded:0]]
LogConfig: Setting CVar [[s.TimeLimitExceededMultiplier:1.5]]
LogConfig: Setting CVar [[s.TimeLimitExceededMinTime:0.005]]
LogConfig: Setting CVar [[s.UseBackgroundLevelStreaming:1]]
LogConfig: Setting CVar [[s.PriorityAsyncLoadingExtraTime:15.0]]
LogConfig: Setting CVar [[s.LevelStreamingActorsUpdateTimeLimit:5.0]]
LogConfig: Setting CVar [[s.PriorityLevelStreamingActorsUpdateExtraTime:5.0]]
LogConfig: Setting CVar [[s.LevelStreamingComponentsRegistrationGranularity:10]]
LogConfig: Setting CVar [[s.UnregisterComponentsTimeLimit:1.0]]
LogConfig: Setting CVar [[s.LevelStreamingComponentsUnregistrationGranularity:5]]
LogConfig: Setting CVar [[s.FlushStreamingOnExit:1]]
LogInit: Object subsystem initialized
LogConfig: Setting CVar [[con.DebugEarlyDefault:1]]
LogConfig: Setting CVar [[r.setres:1280x720]]
[2024.07.18-08.23.13:593][  0]LogConfig: Setting CVar [[r.VSync:0]]
[2024.07.18-08.23.13:593][  0]LogConfig: Setting CVar [[r.RHICmdBypass:0]]
[2024.07.18-08.23.13:593][  0]LogConfig: Applying CVar settings from Section [/Script/Engine.RendererSettings] File [D:/Test/SnakeGame/Saved/Config/Windows/Engine.ini]
[2024.07.18-08.23.13:593][  0]LogConfig: Setting CVar [[r.GPUCrashDebugging:0]]
[2024.07.18-08.23.13:593][  0]LogConfig: Setting CVar [[r.DefaultFeature.AntiAliasing:0]]
[2024.07.18-08.23.13:593][  0]LogConfig: Setting CVar [[r.DefaultFeature.MotionBlur:0]]
[2024.07.18-08.23.13:593][  0]LogConfig: Applying CVar settings from Section [/Script/Engine.RendererOverrideSettings] File [D:/Test/SnakeGame/Saved/Config/Windows/Engine.ini]
[2024.07.18-08.23.13:593][  0]LogConfig: Applying CVar settings from Section [/Script/Engine.StreamingSettings] File [D:/Test/SnakeGame/Saved/Config/Windows/Engine.ini]
[2024.07.18-08.23.13:593][  0]LogConfig: Setting CVar [[s.MinBulkDataSizeForAsyncLoading:131072]]
[2024.07.18-08.23.13:593][  0]LogConfig: Setting CVar [[s.AsyncLoadingThreadEnabled:0]]
[2024.07.18-08.23.13:593][  0]LogConfig: Setting CVar [[s.EventDrivenLoaderEnabled:1]]
[2024.07.18-08.23.13:593][  0]LogConfig: Setting CVar [[s.WarnIfTimeLimitExceeded:0]]
[2024.07.18-08.23.13:593][  0]LogConfig: Setting CVar [[s.TimeLimitExceededMultiplier:1.5]]
[2024.07.18-08.23.13:593][  0]LogConfig: Setting CVar [[s.TimeLimitExceededMinTime:0.005]]
[2024.07.18-08.23.13:593][  0]LogConfig: Setting CVar [[s.UseBackgroundLevelStreaming:1]]
[2024.07.18-08.23.13:593][  0]LogConfig: Setting CVar [[s.PriorityAsyncLoadingExtraTime:15.0]]
[2024.07.18-08.23.13:593][  0]LogConfig: Setting CVar [[s.LevelStreamingActorsUpdateTimeLimit:5.0]]
[2024.07.18-08.23.13:593][  0]LogConfig: Setting CVar [[s.PriorityLevelStreamingActorsUpdateExtraTime:5.0]]
[2024.07.18-08.23.13:593][  0]LogConfig: Setting CVar [[s.LevelStreamingComponentsRegistrationGranularity:10]]
[2024.07.18-08.23.13:593][  0]LogConfig: Setting CVar [[s.UnregisterComponentsTimeLimit:1.0]]
[2024.07.18-08.23.13:594][  0]LogConfig: Setting CVar [[s.LevelStreamingComponentsUnregistrationGranularity:5]]
[2024.07.18-08.23.13:594][  0]LogConfig: Setting CVar [[s.FlushStreamingOnExit:1]]
[2024.07.18-08.23.13:594][  0]LogConfig: Applying CVar settings from Section [/Script/Engine.GarbageCollectionSettings] File [D:/Test/SnakeGame/Saved/Config/Windows/Engine.ini]
[2024.07.18-08.23.13:594][  0]LogConfig: Setting CVar [[gc.MaxObjectsNotConsideredByGC:1]]
[2024.07.18-08.23.13:594][  0]LogConfig: Setting CVar [[gc.SizeOfPermanentObjectPool:0]]
[2024.07.18-08.23.13:594][  0]LogConfig: Setting CVar [[gc.FlushStreamingOnGC:0]]
[2024.07.18-08.23.13:594][  0]LogConfig: Setting CVar [[gc.NumRetriesBeforeForcingGC:10]]
[2024.07.18-08.23.13:594][  0]LogConfig: Setting CVar [[gc.AllowParallelGC:1]]
[2024.07.18-08.23.13:594][  0]LogConfig: Setting CVar [[gc.TimeBetweenPurgingPendingKillObjects:61.1]]
[2024.07.18-08.23.13:594][  0]LogConfig: Setting CVar [[gc.MaxObjectsInEditor:25165824]]
[2024.07.18-08.23.13:594][  0]LogConfig: Setting CVar [[gc.IncrementalBeginDestroyEnabled:1]]
[2024.07.18-08.23.13:594][  0]LogConfig: Setting CVar [[gc.CreateGCClusters:1]]
[2024.07.18-08.23.13:594][  0]LogConfig: Setting CVar [[gc.MinGCClusterSize:5]]
[2024.07.18-08.23.13:594][  0]LogConfig: Setting CVar [[gc.ActorClusteringEnabled:0]]
[2024.07.18-08.23.13:594][  0]LogConfig: Setting CVar [[gc.BlueprintClusteringEnabled:0]]
[2024.07.18-08.23.13:594][  0]LogConfig: Setting CVar [[gc.UseDisregardForGCOnDedicatedServers:0]]
[2024.07.18-08.23.13:594][  0]LogConfig: Setting CVar [[gc.MultithreadedDestructionEnabled:1]]
[2024.07.18-08.23.13:594][  0]LogConfig: Applying CVar settings from Section [/Script/Engine.NetworkSettings] File [D:/Test/SnakeGame/Saved/Config/Windows/Engine.ini]
[2024.07.18-08.23.13:594][  0]LogConfig: Applying CVar settings from Section [/Script/UnrealEd.CookerSettings] File [D:/Test/SnakeGame/Saved/Config/Windows/Engine.ini]
[2024.07.18-08.23.13:605][  0]LogConfig: Applying CVar settings from Section [ViewDistanceQuality@3] File [D:/Test/SnakeGame/Saved/Config/Windows/Scalability.ini]
[2024.07.18-08.23.13:605][  0]LogConfig: Setting CVar [[r.SkeletalMeshLODBias:0]]
[2024.07.18-08.23.13:605][  0]LogConfig: Setting CVar [[r.ViewDistanceScale:1.0]]
[2024.07.18-08.23.13:605][  0]LogConfig: Applying CVar settings from Section [AntiAliasingQuality@3] File [D:/Test/SnakeGame/Saved/Config/Windows/Scalability.ini]
[2024.07.18-08.23.13:605][  0]LogConfig: Setting CVar [[r.PostProcessAAQuality:4]]
[2024.07.18-08.23.13:605][  0]LogConfig: Applying CVar settings from Section [ShadowQuality@3] File [D:/Test/SnakeGame/Saved/Config/Windows/Scalability.ini]
[2024.07.18-08.23.13:605][  0]LogConfig: Setting CVar [[r.LightFunctionQuality:1]]
[2024.07.18-08.23.13:605][  0]LogConfig: Setting CVar [[r.ShadowQuality:5]]
[2024.07.18-08.23.13:605][  0]LogConfig: Setting CVar [[r.Shadow.CSM.MaxCascades:10]]
[2024.07.18-08.23.13:605][  0]LogConfig: Setting CVar [[r.Shadow.MaxResolution:2048]]
[2024.07.18-08.23.13:605][  0]LogConfig: Setting CVar [[r.Shadow.MaxCSMResolution:2048]]
[2024.07.18-08.23.13:605][  0]LogConfig: Setting CVar [[r.Shadow.RadiusThreshold:0.01]]
[2024.07.18-08.23.13:605][  0]LogConfig: Setting CVar [[r.Shadow.DistanceScale:1.0]]
[2024.07.18-08.23.13:605][  0]LogConfig: Setting CVar [[r.Shadow.CSM.TransitionScale:1.0]]
[2024.07.18-08.23.13:605][  0]LogConfig: Setting CVar [[r.Shadow.PreShadowResolutionFactor:1.0]]
[2024.07.18-08.23.13:605][  0]LogConfig: Setting CVar [[r.DistanceFieldShadowing:1]]
[2024.07.18-08.23.13:605][  0]LogConfig: Setting CVar [[r.DistanceFieldAO:1]]
[2024.07.18-08.23.13:605][  0]LogConfig: Setting CVar [[r.AOQuality:2]]
[2024.07.18-08.23.13:605][  0]LogConfig: Setting CVar [[r.VolumetricFog:1]]
[2024.07.18-08.23.13:606][  0]LogConfig: Setting CVar [[r.VolumetricFog.GridPixelSize:8]]
[2024.07.18-08.23.13:606][  0]LogConfig: Setting CVar [[r.VolumetricFog.GridSizeZ:128]]
[2024.07.18-08.23.13:606][  0]LogConfig: Setting CVar [[r.VolumetricFog.HistoryMissSupersampleCount:4]]
[2024.07.18-08.23.13:606][  0]LogConfig: Setting CVar [[r.LightMaxDrawDistanceScale:1]]
[2024.07.18-08.23.13:606][  0]LogConfig: Setting CVar [[r.CapsuleShadows:1]]
[2024.07.18-08.23.13:606][  0]LogConfig: Applying CVar settings from Section [PostProcessQuality@3] File [D:/Test/SnakeGame/Saved/Config/Windows/Scalability.ini]
[2024.07.18-08.23.13:606][  0]LogConfig: Setting CVar [[r.MotionBlurQuality:4]]
[2024.07.18-08.23.13:606][  0]LogConfig: Setting CVar [[r.AmbientOcclusionMipLevelFactor:0.4]]
[2024.07.18-08.23.13:606][  0]LogConfig: Setting CVar [[r.AmbientOcclusionMaxQuality:100]]
[2024.07.18-08.23.13:606][  0]LogConfig: Setting CVar [[r.AmbientOcclusionLevels:-1]]
[2024.07.18-08.23.13:606][  0]LogConfig: Setting CVar [[r.AmbientOcclusionRadiusScale:1.0]]
[2024.07.18-08.23.13:606][  0]LogConfig: Setting CVar [[r.DepthOfFieldQuality:2]]
[2024.07.18-08.23.13:606][  0]LogConfig: Setting CVar [[r.RenderTargetPoolMin:400]]
[2024.07.18-08.23.13:606][  0]LogConfig: Setting CVar [[r.LensFlareQuality:2]]
[2024.07.18-08.23.13:606][  0]LogConfig: Setting CVar [[r.SceneColorFringeQuality:1]]
[2024.07.18-08.23.13:606][  0]LogConfig: Setting CVar [[r.EyeAdaptationQuality:2]]
[2024.07.18-08.23.13:606][  0]LogConfig: Setting CVar [[r.BloomQuality:5]]
[2024.07.18-08.23.13:606][  0]LogConfig: Setting CVar [[r.FastBlurThreshold:100]]
[2024.07.18-08.23.13:606][  0]LogConfig: Setting CVar [[r.Upscale.Quality:3]]
[2024.07.18-08.23.13:606][  0]LogConfig: Setting CVar [[r.Tonemapper.GrainQuantization:1]]
[2024.07.18-08.23.13:606][  0]LogConfig: Setting CVar [[r.LightShaftQuality:1]]
[2024.07.18-08.23.13:606][  0]LogConfig: Setting CVar [[r.Filter.SizeScale:1]]
[2024.07.18-08.23.13:606][  0]LogConfig: Setting CVar [[r.Tonemapper.Quality:5]]
[2024.07.18-08.23.13:606][  0]LogConfig: Setting CVar [[r.DOF.Gather.AccumulatorQuality:1        ; higher gathering accumulator quality]]
[2024.07.18-08.23.13:607][  0]LogConfig: Setting CVar [[r.DOF.Gather.PostfilterMethod:1          ; Median3x3 postfilering method]]
[2024.07.18-08.23.13:607][  0]LogConfig: Setting CVar [[r.DOF.Gather.EnableBokehSettings:0       ; no bokeh simulation when gathering]]
[2024.07.18-08.23.13:607][  0]LogConfig: Setting CVar [[r.DOF.Gather.RingCount:4                 ; medium number of samples when gathering]]
[2024.07.18-08.23.13:607][  0]LogConfig: Setting CVar [[r.DOF.Scatter.ForegroundCompositing:1    ; additive foreground scattering]]
[2024.07.18-08.23.13:607][  0]LogConfig: Setting CVar [[r.DOF.Scatter.BackgroundCompositing:2    ; additive background scattering]]
[2024.07.18-08.23.13:607][  0]LogConfig: Setting CVar [[r.DOF.Scatter.EnableBokehSettings:1      ; bokeh simulation when scattering]]
[2024.07.18-08.23.13:607][  0]LogConfig: Setting CVar [[r.DOF.Scatter.MaxSpriteRatio:0.1         ; only a maximum of 10% of scattered bokeh]]
[2024.07.18-08.23.13:607][  0]LogConfig: Setting CVar [[r.DOF.Recombine.Quality:1                ; cheap slight out of focus]]
[2024.07.18-08.23.13:607][  0]LogConfig: Setting CVar [[r.DOF.Recombine.EnableBokehSettings:0    ; no bokeh simulation on slight out of focus]]
[2024.07.18-08.23.13:607][  0]LogConfig: Setting CVar [[r.DOF.TemporalAAQuality:1                ; more stable temporal accumulation]]
[2024.07.18-08.23.13:607][  0]LogConfig: Setting CVar [[r.DOF.Kernel.MaxForegroundRadius:0.025]]
[2024.07.18-08.23.13:607][  0]LogConfig: Setting CVar [[r.DOF.Kernel.MaxBackgroundRadius:0.025]]
[2024.07.18-08.23.13:607][  0]LogConfig: Applying CVar settings from Section [TextureQuality@3] File [D:/Test/SnakeGame/Saved/Config/Windows/Scalability.ini]
[2024.07.18-08.23.13:607][  0]LogConfig: Setting CVar [[r.Streaming.MipBias:0]]
[2024.07.18-08.23.13:607][  0]LogConfig: Setting CVar [[r.Streaming.AmortizeCPUToGPUCopy:0]]
[2024.07.18-08.23.13:607][  0]LogConfig: Setting CVar [[r.Streaming.MaxNumTexturesToStreamPerFrame:0]]
[2024.07.18-08.23.13:607][  0]LogConfig: Setting CVar [[r.Streaming.Boost:1]]
[2024.07.18-08.23.13:607][  0]LogConfig: Setting CVar [[r.MaxAnisotropy:8]]
[2024.07.18-08.23.13:607][  0]LogConfig: Setting CVar [[r.VT.MaxAnisotropy:8]]
[2024.07.18-08.23.13:607][  0]LogConfig: Setting CVar [[r.Streaming.LimitPoolSizeToVRAM:0]]
[2024.07.18-08.23.13:607][  0]LogConfig: Setting CVar [[r.Streaming.PoolSize:1000]]
[2024.07.18-08.23.13:607][  0]LogConfig: Setting CVar [[r.Streaming.MaxEffectiveScreenSize:0]]
[2024.07.18-08.23.13:607][  0]LogConfig: Applying CVar settings from Section [EffectsQuality@3] File [D:/Test/SnakeGame/Saved/Config/Windows/Scalability.ini]
[2024.07.18-08.23.13:607][  0]LogConfig: Setting CVar [[r.TranslucencyLightingVolumeDim:64]]
[2024.07.18-08.23.13:608][  0]LogConfig: Setting CVar [[r.RefractionQuality:2]]
[2024.07.18-08.23.13:608][  0]LogConfig: Setting CVar [[r.SSR.Quality:3]]
[2024.07.18-08.23.13:608][  0]LogConfig: Setting CVar [[r.SSR.HalfResSceneColor:0]]
[2024.07.18-08.23.13:608][  0]LogConfig: Setting CVar [[r.SceneColorFormat:4]]
[2024.07.18-08.23.13:608][  0]LogConfig: Setting CVar [[r.DetailMode:2]]
[2024.07.18-08.23.13:608][  0]LogConfig: Setting CVar [[r.TranslucencyVolumeBlur:1]]
[2024.07.18-08.23.13:608][  0]LogConfig: Setting CVar [[r.MaterialQualityLevel:1 ; High quality]]
[2024.07.18-08.23.13:608][  0]LogConfig: Setting CVar [[r.AnisotropicMaterials:1]]
[2024.07.18-08.23.13:608][  0]LogConfig: Setting CVar [[r.SSS.Scale:1]]
[2024.07.18-08.23.13:608][  0]LogConfig: Setting CVar [[r.SSS.SampleSet:2]]
[2024.07.18-08.23.13:608][  0]LogConfig: Setting CVar [[r.SSS.Quality:1]]
[2024.07.18-08.23.13:608][  0]LogConfig: Setting CVar [[r.SSS.HalfRes:0]]
[2024.07.18-08.23.13:608][  0]LogConfig: Setting CVar [[r.SSGI.Quality:3]]
[2024.07.18-08.23.13:608][  0]LogConfig: Setting CVar [[r.EmitterSpawnRateScale:1.0]]
[2024.07.18-08.23.13:608][  0]LogConfig: Setting CVar [[r.ParticleLightQuality:2]]
[2024.07.18-08.23.13:608][  0]LogConfig: Setting CVar [[r.SkyAtmosphere.AerialPerspectiveLUT.FastApplyOnOpaque:1 ; Always have FastSkyLUT 1 in this case to avoid wrong sky]]
[2024.07.18-08.23.13:608][  0]LogConfig: Setting CVar [[r.SkyAtmosphere.AerialPerspectiveLUT.SampleCountMaxPerSlice:4]]
[2024.07.18-08.23.13:608][  0]LogConfig: Setting CVar [[r.SkyAtmosphere.AerialPerspectiveLUT.DepthResolution:16.0]]
[2024.07.18-08.23.13:608][  0]LogConfig: Setting CVar [[r.SkyAtmosphere.FastSkyLUT:1]]
[2024.07.18-08.23.13:608][  0]LogConfig: Setting CVar [[r.SkyAtmosphere.FastSkyLUT.SampleCountMin:4.0]]
[2024.07.18-08.23.13:608][  0]LogConfig: Setting CVar [[r.SkyAtmosphere.FastSkyLUT.SampleCountMax:128.0]]
[2024.07.18-08.23.13:608][  0]LogConfig: Setting CVar [[r.SkyAtmosphere.SampleCountMin:4.0]]
[2024.07.18-08.23.13:609][  0]LogConfig: Setting CVar [[r.SkyAtmosphere.SampleCountMax:128.0]]
[2024.07.18-08.23.13:609][  0]LogConfig: Setting CVar [[r.SkyAtmosphere.TransmittanceLUT.UseSmallFormat:0]]
[2024.07.18-08.23.13:609][  0]LogConfig: Setting CVar [[r.SkyAtmosphere.TransmittanceLUT.SampleCount:10.0]]
[2024.07.18-08.23.13:609][  0]LogConfig: Setting CVar [[r.SkyAtmosphere.MultiScatteringLUT.SampleCount:15.0]]
[2024.07.18-08.23.13:609][  0]LogConfig: Setting CVar [[r.SkyLight.RealTimeReflectionCapture:1]]
[2024.07.18-08.23.13:609][  0]LogConfig: Applying CVar settings from Section [FoliageQuality@3] File [D:/Test/SnakeGame/Saved/Config/Windows/Scalability.ini]
[2024.07.18-08.23.13:609][  0]LogConfig: Setting CVar [[foliage.DensityScale:1.0]]
[2024.07.18-08.23.13:609][  0]LogConfig: Setting CVar [[grass.DensityScale:1.0]]
[2024.07.18-08.23.13:609][  0]LogConfig: Applying CVar settings from Section [ShadingQuality@3] File [D:/Test/SnakeGame/Saved/Config/Windows/Scalability.ini]
[2024.07.18-08.23.13:609][  0]LogConfig: Setting CVar [[r.HairStrands.SkyLighting.IntegrationType:2]]
[2024.07.18-08.23.13:609][  0]LogConfig: Setting CVar [[r.HairStrands.SkyAO.SampleCount:4]]
[2024.07.18-08.23.13:609][  0]LogConfig: Setting CVar [[r.HairStrands.Visibility.MSAA.SamplePerPixel:4]]
[2024.07.18-08.23.13:609][  0]LogInit: Selected Device Profile: [Windows]
[2024.07.18-08.23.13:609][  0]LogInit: Applying CVar settings loaded from the selected device profile: [Windows]
[2024.07.18-08.23.13:609][  0]LogHAL: Display: Platform has ~ 16 GB [17017065472 / 17179869184 / 16], which maps to Larger [LargestMinGB=32, LargerMinGB=12, DefaultMinGB=8, SmallerMinGB=6, SmallestMinGB=0)
[2024.07.18-08.23.13:609][  0]LogInit: Going up to parent DeviceProfile []
[2024.07.18-08.23.13:609][  0]LogConfig: Applying CVar settings from Section [ViewDistanceQuality@3] File [D:/Test/SnakeGame/Saved/Config/Windows/Scalability.ini]
[2024.07.18-08.23.13:609][  0]LogConfig: Setting CVar [[r.SkeletalMeshLODBias:0]]
[2024.07.18-08.23.13:609][  0]LogConfig: Setting CVar [[r.ViewDistanceScale:1.0]]
[2024.07.18-08.23.13:610][  0]LogConfig: Applying CVar settings from Section [AntiAliasingQuality@3] File [D:/Test/SnakeGame/Saved/Config/Windows/Scalability.ini]
[2024.07.18-08.23.13:610][  0]LogConfig: Setting CVar [[r.PostProcessAAQuality:4]]
[2024.07.18-08.23.13:610][  0]LogConfig: Applying CVar settings from Section [ShadowQuality@3] File [D:/Test/SnakeGame/Saved/Config/Windows/Scalability.ini]
[2024.07.18-08.23.13:610][  0]LogConfig: Setting CVar [[r.LightFunctionQuality:1]]
[2024.07.18-08.23.13:610][  0]LogConfig: Setting CVar [[r.ShadowQuality:5]]
[2024.07.18-08.23.13:610][  0]LogConfig: Setting CVar [[r.Shadow.CSM.MaxCascades:10]]
[2024.07.18-08.23.13:610][  0]LogConfig: Setting CVar [[r.Shadow.MaxResolution:2048]]
[2024.07.18-08.23.13:610][  0]LogConfig: Setting CVar [[r.Shadow.MaxCSMResolution:2048]]
[2024.07.18-08.23.13:610][  0]LogConfig: Setting CVar [[r.Shadow.RadiusThreshold:0.01]]
[2024.07.18-08.23.13:610][  0]LogConfig: Setting CVar [[r.Shadow.DistanceScale:1.0]]
[2024.07.18-08.23.13:610][  0]LogConfig: Setting CVar [[r.Shadow.CSM.TransitionScale:1.0]]
[2024.07.18-08.23.13:610][  0]LogConfig: Setting CVar [[r.Shadow.PreShadowResolutionFactor:1.0]]
[2024.07.18-08.23.13:610][  0]LogConfig: Setting CVar [[r.DistanceFieldShadowing:1]]
[2024.07.18-08.23.13:610][  0]LogConfig: Setting CVar [[r.DistanceFieldAO:1]]
[2024.07.18-08.23.13:610][  0]LogConfig: Setting CVar [[r.AOQuality:2]]
[2024.07.18-08.23.13:610][  0]LogConfig: Setting CVar [[r.VolumetricFog:1]]
[2024.07.18-08.23.13:610][  0]LogConfig: Setting CVar [[r.VolumetricFog.GridPixelSize:8]]
[2024.07.18-08.23.13:610][  0]LogConfig: Setting CVar [[r.VolumetricFog.GridSizeZ:128]]
[2024.07.18-08.23.13:610][  0]LogConfig: Setting CVar [[r.VolumetricFog.HistoryMissSupersampleCount:4]]
[2024.07.18-08.23.13:610][  0]LogConfig: Setting CVar [[r.LightMaxDrawDistanceScale:1]]
[2024.07.18-08.23.13:610][  0]LogConfig: Setting CVar [[r.CapsuleShadows:1]]
[2024.07.18-08.23.13:610][  0]LogConfig: Applying CVar settings from Section [PostProcessQuality@3] File [D:/Test/SnakeGame/Saved/Config/Windows/Scalability.ini]
[2024.07.18-08.23.13:610][  0]LogConfig: Setting CVar [[r.MotionBlurQuality:4]]
[2024.07.18-08.23.13:610][  0]LogConfig: Setting CVar [[r.AmbientOcclusionMipLevelFactor:0.4]]
[2024.07.18-08.23.13:611][  0]LogConfig: Setting CVar [[r.AmbientOcclusionMaxQuality:100]]
[2024.07.18-08.23.13:611][  0]LogConfig: Setting CVar [[r.AmbientOcclusionLevels:-1]]
[2024.07.18-08.23.13:611][  0]LogConfig: Setting CVar [[r.AmbientOcclusionRadiusScale:1.0]]
[2024.07.18-08.23.13:611][  0]LogConfig: Setting CVar [[r.DepthOfFieldQuality:2]]
[2024.07.18-08.23.13:611][  0]LogConfig: Setting CVar [[r.RenderTargetPoolMin:400]]
[2024.07.18-08.23.13:611][  0]LogConfig: Setting CVar [[r.LensFlareQuality:2]]
[2024.07.18-08.23.13:611][  0]LogConfig: Setting CVar [[r.SceneColorFringeQuality:1]]
[2024.07.18-08.23.13:611][  0]LogConfig: Setting CVar [[r.EyeAdaptationQuality:2]]
[2024.07.18-08.23.13:611][  0]LogConfig: Setting CVar [[r.BloomQuality:5]]
[2024.07.18-08.23.13:611][  0]LogConfig: Setting CVar [[r.FastBlurThreshold:100]]
[2024.07.18-08.23.13:611][  0]LogConfig: Setting CVar [[r.Upscale.Quality:3]]
[2024.07.18-08.23.13:611][  0]LogConfig: Setting CVar [[r.Tonemapper.GrainQuantization:1]]
[2024.07.18-08.23.13:611][  0]LogConfig: Setting CVar [[r.LightShaftQuality:1]]
[2024.07.18-08.23.13:611][  0]LogConfig: Setting CVar [[r.Filter.SizeScale:1]]
[2024.07.18-08.23.13:611][  0]LogConfig: Setting CVar [[r.Tonemapper.Quality:5]]
[2024.07.18-08.23.13:611][  0]LogConfig: Setting CVar [[r.DOF.Gather.AccumulatorQuality:1        ; higher gathering accumulator quality]]
[2024.07.18-08.23.13:611][  0]LogConfig: Setting CVar [[r.DOF.Gather.PostfilterMethod:1          ; Median3x3 postfilering method]]
[2024.07.18-08.23.13:611][  0]LogConfig: Setting CVar [[r.DOF.Gather.EnableBokehSettings:0       ; no bokeh simulation when gathering]]
[2024.07.18-08.23.13:611][  0]LogConfig: Setting CVar [[r.DOF.Gather.RingCount:4                 ; medium number of samples when gathering]]
[2024.07.18-08.23.13:611][  0]LogConfig: Setting CVar [[r.DOF.Scatter.ForegroundCompositing:1    ; additive foreground scattering]]
[2024.07.18-08.23.13:611][  0]LogConfig: Setting CVar [[r.DOF.Scatter.BackgroundCompositing:2    ; additive background scattering]]
[2024.07.18-08.23.13:611][  0]LogConfig: Setting CVar [[r.DOF.Scatter.EnableBokehSettings:1      ; bokeh simulation when scattering]]
[2024.07.18-08.23.13:611][  0]LogConfig: Setting CVar [[r.DOF.Scatter.MaxSpriteRatio:0.1         ; only a maximum of 10% of scattered bokeh]]
[2024.07.18-08.23.13:611][  0]LogConfig: Setting CVar [[r.DOF.Recombine.Quality:1                ; cheap slight out of focus]]
[2024.07.18-08.23.13:611][  0]LogConfig: Setting CVar [[r.DOF.Recombine.EnableBokehSettings:0    ; no bokeh simulation on slight out of focus]]
[2024.07.18-08.23.13:612][  0]LogConfig: Setting CVar [[r.DOF.TemporalAAQuality:1                ; more stable temporal accumulation]]
[2024.07.18-08.23.13:612][  0]LogConfig: Setting CVar [[r.DOF.Kernel.MaxForegroundRadius:0.025]]
[2024.07.18-08.23.13:612][  0]LogConfig: Setting CVar [[r.DOF.Kernel.MaxBackgroundRadius:0.025]]
[2024.07.18-08.23.13:612][  0]LogConfig: Applying CVar settings from Section [TextureQuality@3] File [D:/Test/SnakeGame/Saved/Config/Windows/Scalability.ini]
[2024.07.18-08.23.13:612][  0]LogConfig: Setting CVar [[r.Streaming.MipBias:0]]
[2024.07.18-08.23.13:612][  0]LogConfig: Setting CVar [[r.Streaming.AmortizeCPUToGPUCopy:0]]
[2024.07.18-08.23.13:612][  0]LogConfig: Setting CVar [[r.Streaming.MaxNumTexturesToStreamPerFrame:0]]
[2024.07.18-08.23.13:612][  0]LogConfig: Setting CVar [[r.Streaming.Boost:1]]
[2024.07.18-08.23.13:612][  0]LogConfig: Setting CVar [[r.MaxAnisotropy:8]]
[2024.07.18-08.23.13:612][  0]LogConfig: Setting CVar [[r.VT.MaxAnisotropy:8]]
[2024.07.18-08.23.13:612][  0]LogConfig: Setting CVar [[r.Streaming.LimitPoolSizeToVRAM:0]]
[2024.07.18-08.23.13:612][  0]LogConfig: Setting CVar [[r.Streaming.PoolSize:1000]]
[2024.07.18-08.23.13:612][  0]LogConfig: Setting CVar [[r.Streaming.MaxEffectiveScreenSize:0]]
[2024.07.18-08.23.13:612][  0]LogConfig: Applying CVar settings from Section [EffectsQuality@3] File [D:/Test/SnakeGame/Saved/Config/Windows/Scalability.ini]
[2024.07.18-08.23.13:612][  0]LogConfig: Setting CVar [[r.TranslucencyLightingVolumeDim:64]]
[2024.07.18-08.23.13:612][  0]LogConfig: Setting CVar [[r.RefractionQuality:2]]
[2024.07.18-08.23.13:612][  0]LogConfig: Setting CVar [[r.SSR.Quality:3]]
[2024.07.18-08.23.13:612][  0]LogConfig: Setting CVar [[r.SSR.HalfResSceneColor:0]]
[2024.07.18-08.23.13:613][  0]LogConfig: Setting CVar [[r.SceneColorFormat:4]]
[2024.07.18-08.23.13:613][  0]LogConfig: Setting CVar [[r.DetailMode:2]]
[2024.07.18-08.23.13:613][  0]LogConfig: Setting CVar [[r.TranslucencyVolumeBlur:1]]
[2024.07.18-08.23.13:613][  0]LogConfig: Setting CVar [[r.MaterialQualityLevel:1 ; High quality]]
[2024.07.18-08.23.13:613][  0]LogConfig: Setting CVar [[r.AnisotropicMaterials:1]]
[2024.07.18-08.23.13:613][  0]LogConfig: Setting CVar [[r.SSS.Scale:1]]
[2024.07.18-08.23.13:613][  0]LogConfig: Setting CVar [[r.SSS.SampleSet:2]]
[2024.07.18-08.23.13:613][  0]LogConfig: Setting CVar [[r.SSS.Quality:1]]
[2024.07.18-08.23.13:613][  0]LogConfig: Setting CVar [[r.SSS.HalfRes:0]]
[2024.07.18-08.23.13:613][  0]LogConfig: Setting CVar [[r.SSGI.Quality:3]]
[2024.07.18-08.23.13:613][  0]LogConfig: Setting CVar [[r.EmitterSpawnRateScale:1.0]]
[2024.07.18-08.23.13:613][  0]LogConfig: Setting CVar [[r.ParticleLightQuality:2]]
[2024.07.18-08.23.13:613][  0]LogConfig: Setting CVar [[r.SkyAtmosphere.AerialPerspectiveLUT.FastApplyOnOpaque:1 ; Always have FastSkyLUT 1 in this case to avoid wrong sky]]
[2024.07.18-08.23.13:613][  0]LogConfig: Setting CVar [[r.SkyAtmosphere.AerialPerspectiveLUT.SampleCountMaxPerSlice:4]]
[2024.07.18-08.23.13:613][  0]LogConfig: Setting CVar [[r.SkyAtmosphere.AerialPerspectiveLUT.DepthResolution:16.0]]
[2024.07.18-08.23.13:613][  0]LogConfig: Setting CVar [[r.SkyAtmosphere.FastSkyLUT:1]]
[2024.07.18-08.23.13:613][  0]LogConfig: Setting CVar [[r.SkyAtmosphere.FastSkyLUT.SampleCountMin:4.0]]
[2024.07.18-08.23.13:613][  0]LogConfig: Setting CVar [[r.SkyAtmosphere.FastSkyLUT.SampleCountMax:128.0]]
[2024.07.18-08.23.13:613][  0]LogConfig: Setting CVar [[r.SkyAtmosphere.SampleCountMin:4.0]]
[2024.07.18-08.23.13:613][  0]LogConfig: Setting CVar [[r.SkyAtmosphere.SampleCountMax:128.0]]
[2024.07.18-08.23.13:613][  0]LogConfig: Setting CVar [[r.SkyAtmosphere.TransmittanceLUT.UseSmallFormat:0]]
[2024.07.18-08.23.13:613][  0]LogConfig: Setting CVar [[r.SkyAtmosphere.TransmittanceLUT.SampleCount:10.0]]
[2024.07.18-08.23.13:613][  0]LogConfig: Setting CVar [[r.SkyAtmosphere.MultiScatteringLUT.SampleCount:15.0]]
[2024.07.18-08.23.13:614][  0]LogConfig: Setting CVar [[r.SkyLight.RealTimeReflectionCapture:1]]
[2024.07.18-08.23.13:614][  0]LogConfig: Applying CVar settings from Section [FoliageQuality@3] File [D:/Test/SnakeGame/Saved/Config/Windows/Scalability.ini]
[2024.07.18-08.23.13:614][  0]LogConfig: Setting CVar [[foliage.DensityScale:1.0]]
[2024.07.18-08.23.13:614][  0]LogConfig: Setting CVar [[grass.DensityScale:1.0]]
[2024.07.18-08.23.13:614][  0]LogConfig: Applying CVar settings from Section [ShadingQuality@3] File [D:/Test/SnakeGame/Saved/Config/Windows/Scalability.ini]
[2024.07.18-08.23.13:614][  0]LogConfig: Setting CVar [[r.HairStrands.SkyLighting.IntegrationType:2]]
[2024.07.18-08.23.13:614][  0]LogConfig: Setting CVar [[r.HairStrands.SkyAO.SampleCount:4]]
[2024.07.18-08.23.13:614][  0]LogConfig: Setting CVar [[r.HairStrands.Visibility.MSAA.SamplePerPixel:4]]
[2024.07.18-08.23.13:614][  0]LogConfig: Applying CVar settings from Section [Startup] File [../../../Engine/Config/ConsoleVariables.ini]
[2024.07.18-08.23.13:614][  0]LogConfig: Setting CVar [[net.UseAdaptiveNetUpdateFrequency:0]]
[2024.07.18-08.23.13:614][  0]LogConfig: Setting CVar [[p.chaos.AllowCreatePhysxBodies:1]]
[2024.07.18-08.23.13:614][  0]LogConfig: Setting CVar [[fx.SkipVectorVMBackendOptimizations:1]]
[2024.07.18-08.23.13:614][  0]LogConfig: Applying CVar settings from Section [ConsoleVariables] File [D:/Test/SnakeGame/Saved/Config/Windows/Engine.ini]
[2024.07.18-08.23.13:614][  0]LogConfig: Applying CVar settings from Section [ConsoleVariables] File [D:/Test/SnakeGame/Saved/Config/Windows/Editor.ini]
[2024.07.18-08.23.13:615][  0]LogInit: Computer: MYKORSAR-PC
[2024.07.18-08.23.13:615][  0]LogInit: User: mykor
[2024.07.18-08.23.13:615][  0]LogInit: CPU Page size=4096, Cores=4
[2024.07.18-08.23.13:615][  0]LogInit: High frequency timer resolution =10.000000 MHz
[2024.07.18-08.23.13:615][  0]LogMemory: Memory total: Physical=15.8GB (16GB approx)
[2024.07.18-08.23.13:615][  0]LogMemory: Platform Memory Stats for Windows
[2024.07.18-08.23.13:615][  0]LogMemory: Process Physical Memory: 138.04 MB used, 138.04 MB peak
[2024.07.18-08.23.13:615][  0]LogMemory: Process Virtual Memory: 114.07 MB used, 114.07 MB peak
[2024.07.18-08.23.13:615][  0]LogMemory: Physical Memory: 11045.95 MB used,  5182.79 MB free, 16228.74 MB total
[2024.07.18-08.23.13:615][  0]LogMemory: Virtual Memory: 134212432.00 MB used,  5296.96 MB free, 134217728.00 MB total
[2024.07.18-08.23.13:623][  0]LogWindows: WindowsPlatformFeatures enabled
[2024.07.18-08.23.13:725][  0]LogInit: Physics initialised using underlying interface: PhysX
[2024.07.18-08.23.13:726][  0]LogInit: Using OS detected language (ru-RU).
[2024.07.18-08.23.13:726][  0]LogInit: Using OS detected locale (ru-RU).
[2024.07.18-08.23.13:729][  0]LogTextLocalizationManager: No specific localization for 'ru-RU' exists, so the 'ru' localization will be used.
[2024.07.18-08.23.13:730][  0]LogTextLocalizationResource: LocRes '../../../Engine/Content/Localization/Editor/ru/Editor.locres' could not be opened for reading!
[2024.07.18-08.23.13:730][  0]LogTextLocalizationResource: LocRes '../../../Engine/Content/Localization/EditorTutorials/ru/EditorTutorials.locres' could not be opened for reading!
[2024.07.18-08.23.13:730][  0]LogTextLocalizationResource: LocRes '../../../Engine/Content/Localization/Keywords/ru/Keywords.locres' could not be opened for reading!
[2024.07.18-08.23.13:730][  0]LogTextLocalizationResource: LocRes '../../../Engine/Content/Localization/Category/ru/Category.locres' could not be opened for reading!
[2024.07.18-08.23.13:731][  0]LogTextLocalizationResource: LocRes '../../../Engine/Content/Localization/ToolTips/ru/ToolTips.locres' could not be opened for reading!
[2024.07.18-08.23.13:731][  0]LogTextLocalizationResource: LocRes '../../../Engine/Content/Localization/PropertyNames/ru/PropertyNames.locres' could not be opened for reading!
[2024.07.18-08.23.13:731][  0]LogTextLocalizationResource: LocRes '../../../Engine/Content/Localization/Engine/ru/Engine.locres' could not be opened for reading!
[2024.07.18-08.23.13:731][  0]LogInit: Setting process to per monitor DPI aware
[2024.07.18-08.23.13:747][  0]LogWindowsTextInputMethodSystem: Display: IME system deactivated.
[2024.07.18-08.23.13:762][  0]LogSlate: New Slate User Created.  User Index 0, Is Virtual User: 0
[2024.07.18-08.23.13:762][  0]LogSlate: Slate User Registered.  User Index 0, Is Virtual User: 0
[2024.07.18-08.23.13:879][  0]LogD3D11RHI: Loaded GFSDK_Aftermath_Lib.x64.dll
[2024.07.18-08.23.13:883][  0]LogHMD: Failed to initialize OpenVR with code 110
[2024.07.18-08.23.13:883][  0]LogD3D11RHI: D3D11 min allowed feature level: 11_0
[2024.07.18-08.23.13:883][  0]LogD3D11RHI: D3D11 max allowed feature level: 11_0
[2024.07.18-08.23.13:883][  0]LogD3D11RHI: D3D11 adapters:
[2024.07.18-08.23.14:046][  0]LogD3D11RHI:    0. 'NVIDIA GeForce GTX 1660' (Feature Level 11_0)
[2024.07.18-08.23.14:046][  0]LogD3D11RHI:       5966/0/8114 MB DedicatedVideo/DedicatedSystem/SharedSystem, Outputs:1, VendorId:0x10de
[2024.07.18-08.23.14:057][  0]LogD3D11RHI:    1. 'Intel(R) HD Graphics 4600' (Feature Level 11_0)
[2024.07.18-08.23.14:057][  0]LogD3D11RHI:       112/0/2048 MB DedicatedVideo/DedicatedSystem/SharedSystem, Outputs:0, VendorId:0x8086
[2024.07.18-08.23.14:061][  0]LogD3D11RHI:    2. 'Microsoft Basic Render Driver' (Feature Level 11_0)
[2024.07.18-08.23.14:061][  0]LogD3D11RHI:       0/0/8114 MB DedicatedVideo/DedicatedSystem/SharedSystem, Outputs:0, VendorId:0x1414
[2024.07.18-08.23.14:061][  0]LogD3D11RHI: Chosen D3D11 Adapter:
[2024.07.18-08.23.14:061][  0]LogD3D11RHI:     Description : NVIDIA GeForce GTX 1660
[2024.07.18-08.23.14:061][  0]LogD3D11RHI:     VendorId    : 10de
[2024.07.18-08.23.14:061][  0]LogD3D11RHI:     DeviceId    : 2184
[2024.07.18-08.23.14:061][  0]LogD3D11RHI:     SubSysId    : 218410de
[2024.07.18-08.23.14:061][  0]LogD3D11RHI:     Revision    : 00a1
[2024.07.18-08.23.14:061][  0]LogD3D11RHI:     DedicatedVideoMemory : 6255804416 bytes
[2024.07.18-08.23.14:061][  0]LogD3D11RHI:     DedicatedSystemMemory : 0 bytes
[2024.07.18-08.23.14:061][  0]LogD3D11RHI:     SharedSystemMemory : 8508532736 bytes
[2024.07.18-08.23.14:061][  0]LogD3D11RHI:     AdapterLuid : 0 50850
[2024.07.18-08.23.14:067][  0]LogD3D11RHI: Creating new Direct3DDevice
[2024.07.18-08.23.14:067][  0]LogD3D11RHI:     GPU DeviceId: 0x2184 (for the marketing name, search the web for "GPU Device Id")
[2024.07.18-08.23.14:067][  0]LogWindows: EnumDisplayDevices:
[2024.07.18-08.23.14:068][  0]LogWindows:    0. 'NVIDIA GeForce GTX 1660' (P:1 D:1)
[2024.07.18-08.23.14:068][  0]LogWindows:    1. 'NVIDIA GeForce GTX 1660' (P:0 D:0)
[2024.07.18-08.23.14:068][  0]LogWindows:    2. 'NVIDIA GeForce GTX 1660' (P:0 D:0)
[2024.07.18-08.23.14:068][  0]LogWindows:    3. 'NVIDIA GeForce GTX 1660' (P:0 D:0)
[2024.07.18-08.23.14:069][  0]LogWindows:    4. 'Intel(R) HD Graphics 4600' (P:0 D:0)
[2024.07.18-08.23.14:069][  0]LogWindows:    5. 'Intel(R) HD Graphics 4600' (P:0 D:0)
[2024.07.18-08.23.14:069][  0]LogWindows:    6. 'Intel(R) HD Graphics 4600' (P:0 D:0)
[2024.07.18-08.23.14:069][  0]LogWindows: DebugString: PrimaryIsNotTheChoosenAdapter PrimaryIsNotTheChoosenAdapter PrimaryIsNotTheChoosenAdapter FoundDriverCount:4 
[2024.07.18-08.23.14:069][  0]LogD3D11RHI:     Adapter Name: NVIDIA GeForce GTX 1660
[2024.07.18-08.23.14:070][  0]LogD3D11RHI:   Driver Version: 556.12 (internal:32.0.15.5612, unified:556.12)
[2024.07.18-08.23.14:070][  0]LogD3D11RHI:      Driver Date: 6-25-2024
[2024.07.18-08.23.14:070][  0]LogRHI: Texture pool is 4176 MB (70% of 5966 MB)
[2024.07.18-08.23.14:070][  0]LogD3D11RHI: Creating D3DDevice using adapter:
[2024.07.18-08.23.14:070][  0]LogD3D11RHI:     Description : NVIDIA GeForce GTX 1660
[2024.07.18-08.23.14:070][  0]LogD3D11RHI:     VendorId    : 10de
[2024.07.18-08.23.14:070][  0]LogD3D11RHI:     DeviceId    : 2184
[2024.07.18-08.23.14:070][  0]LogD3D11RHI:     SubSysId    : 218410de
[2024.07.18-08.23.14:070][  0]LogD3D11RHI:     Revision    : 00a1
[2024.07.18-08.23.14:070][  0]LogD3D11RHI:     DedicatedVideoMemory : 6255804416 bytes
[2024.07.18-08.23.14:070][  0]LogD3D11RHI:     DedicatedSystemMemory : 0 bytes
[2024.07.18-08.23.14:070][  0]LogD3D11RHI:     SharedSystemMemory : 8508532736 bytes
[2024.07.18-08.23.14:070][  0]LogD3D11RHI:     AdapterLuid : 0 50850
[2024.07.18-08.23.14:178][  0]LogD3D11RHI: RHI has support for 64 bit atomics
[2024.07.18-08.23.14:179][  0]LogD3D11RHI: Async texture creation enabled
[2024.07.18-08.23.14:179][  0]LogD3D11RHI: Array index from any shader is supported
[2024.07.18-08.23.14:203][  0]LogD3D11RHI: GPU Timing Frequency: 1000.000000 (Debug: 2 1)
[2024.07.18-08.23.14:252][  0]LogRHI: GeForceNow SDK initialized: 1
[2024.07.18-08.23.14:537][  0]LogTargetPlatformManager: Display: Loaded TargetPlatform 'AllDesktop'
[2024.07.18-08.23.14:559][  0]LogTargetPlatformManager: Display: Loaded TargetPlatform 'Android'
[2024.07.18-08.23.14:559][  0]LogTargetPlatformManager: Display: Loaded TargetPlatform 'Android_ASTC'
[2024.07.18-08.23.14:559][  0]LogTargetPlatformManager: Display: Loaded TargetPlatform 'Android_DXT'
[2024.07.18-08.23.14:559][  0]LogTargetPlatformManager: Display: Loaded TargetPlatform 'Android_ETC2'
[2024.07.18-08.23.14:559][  0]LogTargetPlatformManager: Display: Loaded TargetPlatform 'AndroidClient'
[2024.07.18-08.23.14:559][  0]LogTargetPlatformManager: Display: Loaded TargetPlatform 'Android_ASTCClient'
[2024.07.18-08.23.14:559][  0]LogTargetPlatformManager: Display: Loaded TargetPlatform 'Android_DXTClient'
[2024.07.18-08.23.14:559][  0]LogTargetPlatformManager: Display: Loaded TargetPlatform 'Android_ETC2Client'
[2024.07.18-08.23.14:559][  0]LogTargetPlatformManager: Display: Loaded TargetPlatform 'Android_Multi'
[2024.07.18-08.23.14:559][  0]LogTargetPlatformManager: Display: Loaded TargetPlatform 'Android_MultiClient'
[2024.07.18-08.23.14:580][  0]LogTargetPlatformManager: Display: Loaded TargetPlatform 'IOSClient'
[2024.07.18-08.23.14:580][  0]LogTargetPlatformManager: Display: Loaded TargetPlatform 'IOS'
[2024.07.18-08.23.14:590][  0]LogTargetPlatformManager: Display: Loaded TargetPlatform 'Linux'
[2024.07.18-08.23.14:595][  0]LogTargetPlatformManager: Display: Loaded TargetPlatform 'LinuxNoEditor'
[2024.07.18-08.23.14:600][  0]LogTargetPlatformManager: Display: Loaded TargetPlatform 'LinuxClient'
[2024.07.18-08.23.14:605][  0]LogTargetPlatformManager: Display: Loaded TargetPlatform 'LinuxServer'
[2024.07.18-08.23.14:615][  0]LogTargetPlatformManager: Display: Loaded TargetPlatform 'LinuxAArch64NoEditor'
[2024.07.18-08.23.14:620][  0]LogTargetPlatformManager: Display: Loaded TargetPlatform 'LinuxAArch64Client'
[2024.07.18-08.23.14:625][  0]LogTargetPlatformManager: Display: Loaded TargetPlatform 'LinuxAArch64Server'
[2024.07.18-08.23.14:648][  0]LogTargetPlatformManager: Display: Loaded TargetPlatform 'Lumin'
[2024.07.18-08.23.14:648][  0]LogTargetPlatformManager: Display: Loaded TargetPlatform 'LuminClient'
[2024.07.18-08.23.14:657][  0]LogTargetPlatformManager: Display: Loaded TargetPlatform 'MacNoEditor'
[2024.07.18-08.23.14:662][  0]LogTargetPlatformManager: Display: Loaded TargetPlatform 'Mac'
[2024.07.18-08.23.14:667][  0]LogTargetPlatformManager: Display: Loaded TargetPlatform 'MacClient'
[2024.07.18-08.23.14:672][  0]LogTargetPlatformManager: Display: Loaded TargetPlatform 'MacServer'
[2024.07.18-08.23.14:682][  0]LogTargetPlatformManager: Display: Loaded TargetPlatform 'TVOSClient'
[2024.07.18-08.23.14:682][  0]LogTargetPlatformManager: Display: Loaded TargetPlatform 'TVOS'
[2024.07.18-08.23.14:692][  0]LogTargetPlatformManager: Display: Loaded TargetPlatform 'WindowsNoEditor'
[2024.07.18-08.23.14:697][  0]LogTargetPlatformManager: Display: Loaded TargetPlatform 'Windows'
[2024.07.18-08.23.14:702][  0]LogTargetPlatformManager: Display: Loaded TargetPlatform 'WindowsClient'
[2024.07.18-08.23.14:707][  0]LogTargetPlatformManager: Display: Loaded TargetPlatform 'WindowsServer'
[2024.07.18-08.23.14:707][  0]LogTargetPlatformManager: Display: Building Assets For Windows
[2024.07.18-08.23.14:717][  0]LogAudioDebug: Display: Lib vorbis DLL was dynamically loaded.
[2024.07.18-08.23.14:752][  0]LogTextureFormatOodle: Display: Oodle Texture 2.9.0 init RDO Off
[2024.07.18-08.23.14:794][  0]LogRendererCore: Ray tracing is disabled. Reason: r.RayTracing=0.
[2024.07.18-08.23.14:794][  0]LogShaderCompilers: Guid format shader working directory is 16 characters bigger than the processId version (../../../../../Test/SnakeGame/Intermediate/Shaders/WorkingDirectory/10632/).
[2024.07.18-08.23.14:794][  0]LogShaderCompilers: Cleaned the shader compiler working directory 'C:/Users/mykor/AppData/Local/Temp/UnrealShaderWorkingDir/13FA9AF740F0B5506EBDCD81DC38B226/'.
[2024.07.18-08.23.14:795][  0]LogXGEController: Cannot use XGE Controller as Incredibuild is not installed on this machine.
[2024.07.18-08.23.14:795][  0]LogShaderCompilers: Cannot use XGE Shader Compiler as Incredibuild is not installed on this machine.
[2024.07.18-08.23.14:795][  0]LogShaderCompilers: Display: Using Local Shader Compiler.
[2024.07.18-08.23.15:569][  0]LogDerivedDataCache: Display: Max Cache Size: 512 MB
[2024.07.18-08.23.15:629][  0]LogDerivedDataCache: Loaded boot cache 0.06s 94MB C:/Users/mykor/AppData/Local/UnrealEngine/4.27/DerivedDataCache/Boot.ddc.
[2024.07.18-08.23.15:629][  0]LogDerivedDataCache: Display: Loaded Boot cache: C:/Users/mykor/AppData/Local/UnrealEngine/4.27/DerivedDataCache/Boot.ddc
[2024.07.18-08.23.15:629][  0]LogDerivedDataCache: FDerivedDataBackendGraph:  Pak pak cache file ../../../../../Test/SnakeGame/DerivedDataCache/DDC.ddp not found, will not use a pak cache.
[2024.07.18-08.23.15:630][  0]LogDerivedDataCache: Unable to find inner node Pak for hierarchical cache Hierarchy.
[2024.07.18-08.23.15:630][  0]LogDerivedDataCache: FDerivedDataBackendGraph:  CompressedPak pak cache file ../../../../../Test/SnakeGame/DerivedDataCache/Compressed.ddp not found, will not use a pak cache.
[2024.07.18-08.23.15:630][  0]LogDerivedDataCache: Unable to find inner node CompressedPak for hierarchical cache Hierarchy.
[2024.07.18-08.23.15:647][  0]LogDerivedDataCache: Display: Pak cache opened for reading ../../../Engine/DerivedDataCache/Compressed.ddp.
[2024.07.18-08.23.15:647][  0]LogDerivedDataCache: FDerivedDataBackendGraph:  EnterprisePak pak cache file ../../../Enterprise/DerivedDataCache/Compressed.ddp not found, will not use a pak cache.
[2024.07.18-08.23.15:647][  0]LogDerivedDataCache: Unable to find inner node EnterprisePak for hierarchical cache Hierarchy.
[2024.07.18-08.23.15:654][  0]LogDerivedDataCache: Speed tests for C:/Users/mykor/AppData/Local/UnrealEngine/Common/DerivedDataCache took 0.01 seconds
[2024.07.18-08.23.15:654][  0]LogDerivedDataCache: Display: Performance to C:/Users/mykor/AppData/Local/UnrealEngine/Common/DerivedDataCache: Latency=0.04ms. RandomReadSpeed=864.91MBs, RandomWriteSpeed=186.22MBs. Assigned SpeedClass 'Local'
[2024.07.18-08.23.15:656][  0]LogDerivedDataCache: Using Local data cache path C:/Users/mykor/AppData/Local/UnrealEngine/Common/DerivedDataCache: Writable
[2024.07.18-08.23.15:657][  0]LogDerivedDataCache: Shared data cache path not found in *engine.ini, will not use an Shared cache.
[2024.07.18-08.23.15:657][  0]LogDerivedDataCache: Unable to find inner node Shared for hierarchical cache Hierarchy.
[2024.07.18-08.23.15:704][  0]LogSlate: Using FreeType 2.10.0
[2024.07.18-08.23.15:705][  0]LogSlate: SlateFontServices - WITH_FREETYPE: 1, WITH_HARFBUZZ: 1
[2024.07.18-08.23.15:729][  0]LogAssetRegistry: FAssetRegistry took 0.0035 seconds to start up
[2024.07.18-08.23.15:958][  0]LogInit: Selected Device Profile: [Windows]
[2024.07.18-08.23.15:958][  0]LogInit: Active device profile: [00000196E4261600][00000196E255A8C0 49] Windows
[2024.07.18-08.23.15:958][  0]LogInit: Profiles: [00000196E4261600][00000196E255A8C0 49] Windows, [00000196E41E4200][00000196DBC70A40 49] WindowsNoEditor, [00000196E4203F00][00000196E2556BC0 49] WindowsServer, [00000196E41E4100][00000196DBC8ED40 49] WindowsClient, [00000196E4200300][00000196DBC74EC0 49] IOS, [00000196E41E6700][00000196E1287040 49] iPadAir, [00000196E4202600][00000196DBC791C0 49] iPadAir2, [00000196E41A0F00][00000196DBC1D480 49] IPadPro, [00000196E41A1000][00000196DBC194C0 49] iPadAir3, [00000196E4200200][00000196DBC21640 49] iPadAir4, [00000196E41A0400][00000196E12657C0 49] iPadMini2, [00000196E4203D00][00000196E1269940 49] iPadMini3, [00000196E41A1600][00000196E126DAC0 49] iPadMini4, [00000196E4200900][00000196DDD020C0 49] iPadMini5, [00000196E41E5300][00000196DDD0A380 49] iPhone6, [00000196E41E5400][00000196DDD063C0 49] iPodTouch6, [00000196E41A3E00][00000196DDD12680 49] iPhone7, [00000196E41A3D00][00000196DDD0E6C0 49] iPodTouch7, [00000196E41E4E00][00000196E255E800 49] iPhone5S, [00000196E41A0700][00000196DDD16940 49] iPhone6Plus, [00000196E41E5B00][00000196DDD1AA80 49] iPhone6S, [00000196E41A3400][00000196DDD1EBC0 49] iPhone6SPlus, [00000196E41E6600][00000196DDD26D40 49] iPhone7Plus, [00000196E41A2A00][00000196DDD2AEC0 49] iPhoneSE, [00000196E41E5D00][00000196DDD2F040 49] iPhone8, [00000196E41A3100][00000196DDD331C0 49] iPhone8Plus, [00000196E41E7100][00000196DDD37340 49] iPhoneX, [00000196E41A1F00][00000196DDD3B4C0 49] iPhoneXS, [00000196E41E6000][00000196E3853640 49] iPhoneXSMax, [00000196E41A0900][00000196E38577C0 49] iPhoneXR, [00000196E41E6C00][00000196E385B940 49] iPhone11, [00000196E41A2100][00000196E385FAC0 49] iPhone11Pro, [00000196E41E6500][00000196E38620C0 49] iPhone11ProMax, [00000196E41A0D00][00000196E3866240 49] iPhoneSE2, [00000196E41E6E00][00000196E386A3C0 49] iPhone12Mini, [00000196E41A2500][00000196E386E540 49] iPhone12, [00000196E41E5600][00000196E38726C0 49] iPhone12Pro, [00000196E41A3B00][00000196E3876840 49] iPhone12ProMax, [00000196E41E4C00][00000196DDD22980 49] iPadPro105, [00000196E41A0600][00000196E387AAC0 49] iPadPro129, [00000196E41E7600][00000196E387EC00 49] iPadPro97, [00000196E41A2E00][00000196E3882D40 49] iPadPro2_129, [00000196E41E7A00][00000196E388AEC0 49] iPad5, [00000196E41A0100][00000196E388F040 49] iPad6, [00000196E41E7F00][00000196E38931C0 49] iPad7, [00000196E41A1B00][00000196E3897340 49] iPad8, [00000196E41E6900][00000196E389B4C0 49] iPadPro11, [00000196E41A3A00][00000196E389F640 49] iPadPro2_11, [00000196E41E6A00][00000196E38A37C0 49] iPadPro3_129, [00000196E41A3700][00000196E38A7940 49] iPadPro4_129, [00000196E41E4B00][00000196E38ABAC0 49] AppleTV, [00000196E41A3800][00000196E38AE0C0 49] AppleTV4K, [00000196E41E5C00][00000196E38B2240 49] TVOS, [00000196E41A0A00][00000196E38B63C0 49] Mac, [00000196E41E4A00][00000196E38BA540 49] MacClient, [00000196E41A3200][00000196E38BE6C0 49] MacNoEditor, [00000196E41E4900][00000196E38C2840 49] MacServer, [00000196E41A0800][00000196E38C69C0 49] Linux, [00000196E41E5700][00000196E38CAB40 49] LinuxAArch64, [00000196E41A1A00][00000196E3886C80 49] LinuxNoEditor, [00000196E41E4500][00000196E38CEDC0 49] LinuxAArch64NoEditor, [00000196E41A1300][00000196E38D2F00 49] LinuxClient, [00000196E41E4800][00000196E38DB080 49] LinuxAArch64Client, [00000196E41A2700][00000196E38DF200 49] LinuxServer, [00000196E41E7400][00000196E38E3380 49] LinuxAArch64Server, [00000196E41A2400][00000196E38E7500 49] Android, [00000196E41E6100][00000196E38EB680 49] Android_Low, [00000196E41A3F00][00000196E38EF800 49] Android_Mid, [00000196E41E7E00][00000196E38F3980 49] Android_High, [00000196E4261400][00000196E38F7B00 49] Android_Default, [00000196E4202500][00000196E38FA100 49] Android_Adreno4xx, [00000196E4261800][00000196E3E42280 49] Android_Adreno5xx_Low, [00000196E4202800][00000196E3E46400 49] Android_Adreno5xx, [00000196E4262C00][00000196E3E4A580 49] Android_Adreno6xx, [00000196E4201700][00000196E3E4E700 49] Android_Adreno6xx_Vulkan, [00000196E4261B00][00000196E3E52880 49] Android_Mali_T6xx, [00000196E4200F00][00000196E3E56A00 49] Android_Mali_T7xx, [00000196E4262200][00000196E3E5AB80 49] Android_Mali_T8xx, [00000196E4202C00][00000196E3E5ED00 49] Android_Mali_G71, [00000196E4261100][00000196E38D6E40 49] Android_Mali_G72, [00000196E4202F00][00000196E3E62F80 49] Android_Mali_G72_Vulkan, [00000196E4261E00][00000196E3E670C0 49] Android_Mali_G76, [00000196E4203300][00000196E3E6F240 49] Android_Mali_G76_Vulkan, [00000196E4260400][00000196E3E733C0 49] Android_Mali_G77, [00000196E4201D00][00000196E3E77540 49] Android_Mali_G77_Vulkan, [00000196E4260900][00000196E3E7B6C0 49] Android_Mali_G78, [00000196E4202D00][00000196E3E7F840 49] Android_Mali_G78_Vulkan, [00000196E4262800][00000196E3E839C0 49] Android_Mali_G710, [00000196E4200B00][00000196E3E87B40 49] Android_Mali_G710_Vulkan, [00000196E4260200][00000196E3E8A140 49] Android_Vulkan_SM5, [00000196E4200400][00000196E3E8E2C0 49] Android_PowerVR_G6xxx, [00000196E4260700][00000196E3E92440 49] Android_PowerVR_GT7xxx, [00000196E4202B00][00000196E3E965C0 49] Android_PowerVR_GE8xxx, [00000196E4260600][00000196E3E9A740 49] Android_PowerVR_GM9xxx, [00000196E41A2900][00000196E3E9E8C0 49] Android_PowerVR_GM9xxx_Vulkan, [00000196E4262600][00000196E3EA2A40 49] Android_TegraK1, [00000196E41A0B00][00000196E3EA6BC0 49] Android_Unknown_Vulkan, [00000196E4262A00][00000196E3EAAD40 49] Lumin, [00000196E41A3C00][00000196E3EAEEC0 49] Lumin_Desktop, [00000196E4262100][00000196E3E6B000 49] HoloLens, 
[2024.07.18-08.23.16:092][  0]LogMeshReduction: Using QuadricMeshReduction for automatic static mesh reduction
[2024.07.18-08.23.16:092][  0]LogMeshReduction: Using SimplygonMeshReduction for automatic skeletal mesh reduction
[2024.07.18-08.23.16:092][  0]LogMeshReduction: Using ProxyLODMeshReduction for automatic mesh merging
[2024.07.18-08.23.16:092][  0]LogMeshReduction: No distributed automatic mesh merging module available
[2024.07.18-08.23.16:092][  0]LogMeshMerging: No distributed automatic mesh merging module available
[2024.07.18-08.23.16:107][  0]LogNetVersion: SnakeGame 1.0.0, NetCL: 17155196, EngineNetVer: 17, GameNetVer: 0 (Checksum: 3033270002)
[2024.07.18-08.23.16:479][  0]LogTexture: Default maximum texture size for cubemaps generated from long-lat sources has been changed from 512 to unlimited. In order to preserve old behaiour for '/Engine/MapTemplates/Sky/DaylightAmbientCubemap.DaylightAmbientCubemap', its maximum texture size has been explicitly set to 512.
[2024.07.18-08.23.16:537][  0]LogHMD: PokeAHoleMaterial loaded successfully
[2024.07.18-08.23.16:543][  0]LogUObjectArray: 17178 objects as part of root set at end of initial load.
[2024.07.18-08.23.16:543][  0]LogUObjectAllocator: 4302048 out of 0 bytes used by permanent object pool.
[2024.07.18-08.23.16:543][  0]LogUObjectArray: CloseDisregardForGC: 0/0 objects in disregard for GC pool
[2024.07.18-08.23.16:835][  0]LogNiagaraDebuggerClient: Niagara Debugger Client Initialized | Session: E04C12DE43E5E77CD3D91D8C7666C8F9 | Instance: 4946A2104A5FC49409DD988A372971D3 (MYKORSAR-PC-10632).
[2024.07.18-08.23.16:872][  0]LogPython: Using Python 3.7.7
[2024.07.18-08.23.17:486][  0]LogTcpMessaging: Initializing TcpMessaging bridge
[2024.07.18-08.23.17:491][  0]LogUdpMessaging: Initializing bridge on interface 0.0.0.0:0 to multicast group 230.0.0.1:6666.
[2024.07.18-08.23.17:773][  0]SourceControl: Source control is disabled
[2024.07.18-08.23.17:773][  0]SourceControl: Source control is disabled
[2024.07.18-08.23.17:777][  0]SourceControl: Source control is disabled
[2024.07.18-08.23.17:780][  0]SourceControl: Source control is disabled
[2024.07.18-08.23.17:789][  0]SourceControl: Source control is disabled
[2024.07.18-08.23.17:796][  0]LogUProjectInfo: Found projects:
[2024.07.18-08.23.17:966][  0]LogOpenImageDenoise: OIDN starting up
[2024.07.18-08.23.18:017][  0]LogAndroidPermission: UAndroidPermissionCallbackProxy::GetInstance
[2024.07.18-08.23.18:038][  0]LogAudioCaptureCore: Display: No Audio Capture implementations found. Audio input will be silent.
[2024.07.18-08.23.18:038][  0]LogAudioCaptureCore: Display: No Audio Capture implementations found. Audio input will be silent.
[2024.07.18-08.23.18:172][  0]LogCollectionManager: Loaded 0 collections in 0.000666 seconds
[2024.07.18-08.23.18:200][  0]LogFileCache: Scanning file cache for directory 'D:/Test/SnakeGame/Saved/Collections/' took 0.00s
[2024.07.18-08.23.18:200][  0]LogFileCache: Scanning file cache for directory 'D:/Test/SnakeGame/Content/Developers/mykor/Collections/' took 0.00s
[2024.07.18-08.23.18:200][  0]LogFileCache: Scanning file cache for directory 'D:/Test/SnakeGame/Content/Collections/' took 0.00s
[2024.07.18-08.23.18:200][  0]LogOcInput: OculusInput pre-init called
[2024.07.18-08.23.18:438][  0]LogEngine: Initializing Engine...
[2024.07.18-08.23.18:441][  0]LogHMD: Failed to enumerate extensions. Please check that you have a valid OpenXR runtime installed.
[2024.07.18-08.23.18:442][  0]LogHMD: Failed to initialize OpenVR with code 110
[2024.07.18-08.23.18:442][  0]LogMagicLeap: Warning: VR disabled because ZI is not enabled.  To enable, in the editor, Edit -> Project Settings -> Plugins -> Magic Leap Plugin -> Enable Zero Iteration
[2024.07.18-08.23.18:443][  0]LogStats: UGameplayTagsManager::InitializeManager -  0.000 s
[2024.07.18-08.23.18:558][  0]LogInit: Initializing FReadOnlyCVARCache
[2024.07.18-08.23.18:566][  0]LogAIModule: Creating AISystem for world Untitled
[2024.07.18-08.23.18:577][  0]LogAudio: Display: Initializing Audio Device Manager...
[2024.07.18-08.23.18:581][  0]LogAudio: Display: Loading Default Audio Settings Objects...
[2024.07.18-08.23.18:582][  0]LogAudio: Display: No default SoundConcurrencyObject specified (or failed to load).
[2024.07.18-08.23.18:583][  0]LogAudio: Display: Audio Device Manager Initialized
[2024.07.18-08.23.18:583][  0]LogAudio: Display: Creating Audio Device:                 Id: 1, Scope: Shared, Realtime: True
[2024.07.18-08.23.18:583][  0]LogAudioMixer: Display: Audio Mixer Platform Settings:
[2024.07.18-08.23.18:583][  0]LogAudioMixer: Display: 	Sample Rate:						  48000
[2024.07.18-08.23.18:583][  0]LogAudioMixer: Display: 	Callback Buffer Frame Size Requested: 1024
[2024.07.18-08.23.18:583][  0]LogAudioMixer: Display: 	Callback Buffer Frame Size To Use:	  1024
[2024.07.18-08.23.18:583][  0]LogAudioMixer: Display: 	Number of buffers to queue:			  2
[2024.07.18-08.23.18:583][  0]LogAudioMixer: Display: 	Max Channels (voices):				  32
[2024.07.18-08.23.18:583][  0]LogAudioMixer: Display: 	Number of Async Source Workers:		  0
[2024.07.18-08.23.18:583][  0]LogAudio: Display: AudioDevice MaxSources: 32
[2024.07.18-08.23.18:584][  0]LogAudio: Display: Audio Spatialization Plugin: None (built-in).
[2024.07.18-08.23.18:584][  0]LogAudio: Display: Audio Reverb Plugin: None (built-in).
[2024.07.18-08.23.18:584][  0]LogAudio: Display: Audio Occlusion Plugin: None (built-in).
[2024.07.18-08.23.18:584][  0]LogAudioMixer: Display: Initializing audio mixer.
[2024.07.18-08.23.18:598][  0]LogAudioMixer: Display: 0: FrontLeft
[2024.07.18-08.23.18:599][  0]LogAudioMixer: Display: 1: FrontRight
[2024.07.18-08.23.18:632][  0]LogAudioMixer: Display: Using Audio Device Динамики (Realtek High Definition Audio)
[2024.07.18-08.23.18:635][  0]LogAudioMixer: Display: Initializing Sound Submixes...
[2024.07.18-08.23.18:637][  0]LogAudioMixer: Display: Creating Master Submix 'MasterSubmixDefault'
[2024.07.18-08.23.18:637][  0]LogAudioMixer: Display: Creating Master Submix 'MasterReverbSubmixDefault'
[2024.07.18-08.23.18:638][  0]LogAudioMixer: Display: Creating Master Submix 'MasterEQSubmixDefault'
[2024.07.18-08.23.18:638][  0]LogAudioMixer: FMixerPlatformXAudio2::StartAudioStream() called
[2024.07.18-08.23.18:638][  0]LogAudioMixer: Display: Output buffers initialized: Frames=1024, Channels=2, Samples=2048
[2024.07.18-08.23.18:640][  0]LogAudioMixer: Display: Starting AudioMixerPlatformInterface::RunInternal()
[2024.07.18-08.23.18:640][  0]LogAudioMixer: Display: FMixerPlatformXAudio2::SubmitBuffer() called for the first time
[2024.07.18-08.23.18:640][  0]LogInit: FAudioDevice initialized.
[2024.07.18-08.23.18:641][  0]LogAudio: Display: Audio Device (ID: 1) registered with world 'Untitled'.
[2024.07.18-08.23.18:641][  0]LogNetVersion: Set ProjectVersion to 1.0.0.0. Version Checksum will be recalculated on next use.
[2024.07.18-08.23.18:716][  0]LogDerivedDataCache: Saved boot cache 0.08s 94MB C:/Users/mykor/AppData/Local/UnrealEngine/4.27/DerivedDataCache/Boot.ddc.
[2024.07.18-08.23.18:717][  0]LogInit: Texture streaming: Enabled
[2024.07.18-08.23.18:731][  0]LogAnalytics: Display: [UEEditor.Rocket.Release] APIServer = https://datarouter.ol.epicgames.com/. AppVersion = 4.27.2-18319896+++UE4+Release-4.27
[2024.07.18-08.23.18:735][  0]LogEngineSessionManager: EngineSessionManager initialized
[2024.07.18-08.23.18:736][  0]LogEditorSessionSummary: Verbose: Initializing EditorSessionSummaryWriter for editor session tracking
[2024.07.18-08.23.18:738][  0]LogEditorSessionSummary: EditorSessionSummaryWriter initialized
[2024.07.18-08.23.18:756][  0]LogInit: Transaction tracking system initialized
[2024.07.18-08.23.18:780][  0]BlueprintLog: New page: Editor Load
[2024.07.18-08.23.18:846][  0]LocalizationService: Localization service is disabled
[2024.07.18-08.23.18:871][  0]TimingProfiler: Initialize
[2024.07.18-08.23.18:871][  0]TimingProfiler: OnSessionChanged
[2024.07.18-08.23.18:871][  0]LoadingProfiler: Initialize
[2024.07.18-08.23.18:871][  0]LoadingProfiler: OnSessionChanged
[2024.07.18-08.23.18:872][  0]NetworkingProfiler: Initialize
[2024.07.18-08.23.18:872][  0]NetworkingProfiler: OnSessionChanged
[2024.07.18-08.23.18:872][  0]MemoryProfiler: Initialize
[2024.07.18-08.23.18:872][  0]MemoryProfiler: OnSessionChanged
[2024.07.18-08.23.19:019][  0]LogCook: Display: CookSettings for Memory: MemoryMaxUsedVirtual 0MiB, MemoryMaxUsedPhysical 16384MiB, MemoryMinFreeVirtual 0MiB, MemoryMinFreePhysical 1024MiB
[2024.07.18-08.23.19:019][  0]LogFileCache: Scanning file cache for directory 'D:/Test/SnakeGame/Content/' took 0.00s
[2024.07.18-08.23.19:019][  0]LogCook: Display: Mobile HDR setting 1
[2024.07.18-08.23.19:413][  0]LogInit: Display: Engine is initialized. Leaving FEngineLoop::Init()
[2024.07.18-08.23.19:416][  0]SourceControl: Source control is disabled
[2024.07.18-08.23.19:416][  0]LogUnrealEdMisc: Loading editor; pre map load, took 7.121
[2024.07.18-08.23.19:416][  0]Cmd: MAP LOAD FILE="../../../../../Test/SnakeGame/Content/Maps/LevelMap_1.umap" TEMPLATE=0 SHOWPROGRESS=1 FEATURELEVEL=3
[2024.07.18-08.23.19:417][  0]LightingResults: New page: Lighting Build
[2024.07.18-08.23.19:418][  0]LogWorld: UWorld::CleanupWorld for Untitled, bSessionEnded=true, bCleanupResources=true
[2024.07.18-08.23.19:418][  0]LogSlate: InvalidateAllWidgets triggered.  All widgets were invalidated
[2024.07.18-08.23.19:418][  0]MapCheck: New page: Map Check
[2024.07.18-08.23.19:418][  0]LightingResults: New page: Lighting Build
[2024.07.18-08.23.19:424][  0]LogAudio: Display: Audio Device unregistered from world 'None'.
[2024.07.18-08.23.19:428][  0]LogUObjectHash: Compacting FUObjectHashTables data took   0.88ms
[2024.07.18-08.23.19:490][  0]LogAudio: Display: Audio Device (ID: 1) registered with world 'LevelMap_1'.
[2024.07.18-08.23.19:491][  0]LogAIModule: Creating AISystem for world LevelMap_1
[2024.07.18-08.23.19:499][  0]LogEditorServer: Finished looking for orphan Actors (0.000 secs)
[2024.07.18-08.23.19:510][  0]LogUObjectHash: Compacting FUObjectHashTables data took   1.44ms
[2024.07.18-08.23.19:510][  0]Cmd: MAP CHECKDEP NOCLEARLOG
[2024.07.18-08.23.19:510][  0]MapCheck: Map check complete: 0 Error(s), 0 Warning(s), took 0,128ms to complete.
[2024.07.18-08.23.19:511][  0]LogFileHelpers: Loading map 'LevelMap_1' took 0.094
[2024.07.18-08.23.19:513][  0]LogUnrealEdMisc: Total Editor Startup Time, took 7.218
[2024.07.18-08.23.19:643][  0]LogSlate: Updating window title bar state: overlay mode, drag disabled, window buttons hidden, title bar hidden
[2024.07.18-08.23.19:650][  0]LogSlate: Updating window title bar state: overlay mode, drag disabled, window buttons hidden, title bar hidden
[2024.07.18-08.23.19:657][  0]LogSlate: Updating window title bar state: overlay mode, drag disabled, window buttons hidden, title bar hidden
[2024.07.18-08.23.19:664][  0]LogSlate: Updating window title bar state: overlay mode, drag disabled, window buttons hidden, title bar hidden
[2024.07.18-08.23.19:677][  0]LogNativeClassHierarchy: Verbose: Native class hierarchy populated in 0.0092 seconds. Added 3830 classes and 930 folders.
[2024.07.18-08.23.19:679][  0]LogNativeClassHierarchy: Verbose: Native class hierarchy updated for 'WidgetCarousel' in 0.0003 seconds. Added 0 classes and 0 folders.
[2024.07.18-08.23.19:681][  0]LogPakFile: PakFile PrimaryIndexSize=187
[2024.07.18-08.23.19:681][  0]LogPakFile: PakFile PathHashIndexSize=101
[2024.07.18-08.23.19:682][  0]LogPakFile: PakFile FullDirectoryIndexSize=148
[2024.07.18-08.23.19:682][  0]LogShaderLibrary: Display: ShaderCodeLibraryPakFileMountedCallback: PakFile 'D:/Unreal Engine 4.22.3/UE_4.27/FeaturePacks/FP_FirstPerson.upack' (chunk index -1, root 'root:/') mounted
[2024.07.18-08.23.19:682][  0]LogShaderLibrary: Display: ShaderCodeLibraryPakFileMountedCallback: pending pak file info (ChunkID:-1 Root:root:/ File:D:/Unreal Engine 4.22.3/UE_4.27/FeaturePacks/FP_FirstPerson.upack)
[2024.07.18-08.23.19:682][  0]LogPakFile: OnPakFileMounted2Time == 0.000218
[2024.07.18-08.23.19:683][  0]LogPakFile: PakFile PrimaryIndexSize=189
[2024.07.18-08.23.19:683][  0]LogPakFile: PakFile PathHashIndexSize=101
[2024.07.18-08.23.19:683][  0]LogPakFile: PakFile FullDirectoryIndexSize=152
[2024.07.18-08.23.19:683][  0]LogShaderLibrary: Display: ShaderCodeLibraryPakFileMountedCallback: PakFile 'D:/Unreal Engine 4.22.3/UE_4.27/FeaturePacks/FP_FirstPersonBP.upack' (chunk index -1, root 'root:/') mounted
[2024.07.18-08.23.19:683][  0]LogShaderLibrary: Display: ShaderCodeLibraryPakFileMountedCallback: pending pak file info (ChunkID:-1 Root:root:/ File:D:/Unreal Engine 4.22.3/UE_4.27/FeaturePacks/FP_FirstPersonBP.upack)
[2024.07.18-08.23.19:683][  0]LogPakFile: OnPakFileMounted2Time == 0.000121
[2024.07.18-08.23.19:684][  0]LogPakFile: PakFile PrimaryIndexSize=191
[2024.07.18-08.23.19:684][  0]LogPakFile: PakFile PathHashIndexSize=101
[2024.07.18-08.23.19:684][  0]LogPakFile: PakFile FullDirectoryIndexSize=160
[2024.07.18-08.23.19:684][  0]LogShaderLibrary: Display: ShaderCodeLibraryPakFileMountedCallback: PakFile 'D:/Unreal Engine 4.22.3/UE_4.27/FeaturePacks/MobileStarterContent.upack' (chunk index -1, root 'root:/') mounted
[2024.07.18-08.23.19:684][  0]LogShaderLibrary: Display: ShaderCodeLibraryPakFileMountedCallback: pending pak file info (ChunkID:-1 Root:root:/ File:D:/Unreal Engine 4.22.3/UE_4.27/FeaturePacks/MobileStarterContent.upack)
[2024.07.18-08.23.19:684][  0]LogPakFile: OnPakFileMounted2Time == 0.000115
[2024.07.18-08.23.19:684][  0]LogPakFile: PakFile PrimaryIndexSize=185
[2024.07.18-08.23.19:685][  0]LogPakFile: PakFile PathHashIndexSize=101
[2024.07.18-08.23.19:685][  0]LogPakFile: PakFile FullDirectoryIndexSize=148
[2024.07.18-08.23.19:685][  0]LogShaderLibrary: Display: ShaderCodeLibraryPakFileMountedCallback: PakFile 'D:/Unreal Engine 4.22.3/UE_4.27/FeaturePacks/StarterContent.upack' (chunk index -1, root 'root:/') mounted
[2024.07.18-08.23.19:685][  0]LogShaderLibrary: Display: ShaderCodeLibraryPakFileMountedCallback: pending pak file info (ChunkID:-1 Root:root:/ File:D:/Unreal Engine 4.22.3/UE_4.27/FeaturePacks/StarterContent.upack)
[2024.07.18-08.23.19:685][  0]LogPakFile: OnPakFileMounted2Time == 0.000199
[2024.07.18-08.23.19:685][  0]LogPakFile: PakFile PrimaryIndexSize=190
[2024.07.18-08.23.19:686][  0]LogPakFile: PakFile PathHashIndexSize=101
[2024.07.18-08.23.19:686][  0]LogPakFile: PakFile FullDirectoryIndexSize=154
[2024.07.18-08.23.19:686][  0]LogShaderLibrary: Display: ShaderCodeLibraryPakFileMountedCallback: PakFile 'D:/Unreal Engine 4.22.3/UE_4.27/FeaturePacks/TP_2DSideScroller.upack' (chunk index -1, root 'root:/') mounted
[2024.07.18-08.23.19:686][  0]LogShaderLibrary: Display: ShaderCodeLibraryPakFileMountedCallback: pending pak file info (ChunkID:-1 Root:root:/ File:D:/Unreal Engine 4.22.3/UE_4.27/FeaturePacks/TP_2DSideScroller.upack)
[2024.07.18-08.23.19:686][  0]LogPakFile: OnPakFileMounted2Time == 0.000192
[2024.07.18-08.23.19:687][  0]LogPakFile: PakFile PrimaryIndexSize=192
[2024.07.18-08.23.19:687][  0]LogPakFile: PakFile PathHashIndexSize=101
[2024.07.18-08.23.19:687][  0]LogPakFile: PakFile FullDirectoryIndexSize=158
[2024.07.18-08.23.19:687][  0]LogShaderLibrary: Display: ShaderCodeLibraryPakFileMountedCallback: PakFile 'D:/Unreal Engine 4.22.3/UE_4.27/FeaturePacks/TP_2DSideScrollerBP.upack' (chunk index -1, root 'root:/') mounted
[2024.07.18-08.23.19:687][  0]LogShaderLibrary: Display: ShaderCodeLibraryPakFileMountedCallback: pending pak file info (ChunkID:-1 Root:root:/ File:D:/Unreal Engine 4.22.3/UE_4.27/FeaturePacks/TP_2DSideScrollerBP.upack)
[2024.07.18-08.23.19:687][  0]LogPakFile: OnPakFileMounted2Time == 0.000182
[2024.07.18-08.23.19:688][  0]LogPakFile: PakFile PrimaryIndexSize=182
[2024.07.18-08.23.19:688][  0]LogPakFile: PakFile PathHashIndexSize=101
[2024.07.18-08.23.19:688][  0]LogPakFile: PakFile FullDirectoryIndexSize=138
[2024.07.18-08.23.19:688][  0]LogShaderLibrary: Display: ShaderCodeLibraryPakFileMountedCallback: PakFile 'D:/Unreal Engine 4.22.3/UE_4.27/FeaturePacks/TP_Flying.upack' (chunk index -1, root 'root:/') mounted
[2024.07.18-08.23.19:688][  0]LogShaderLibrary: Display: ShaderCodeLibraryPakFileMountedCallback: pending pak file info (ChunkID:-1 Root:root:/ File:D:/Unreal Engine 4.22.3/UE_4.27/FeaturePacks/TP_Flying.upack)
[2024.07.18-08.23.19:688][  0]LogPakFile: OnPakFileMounted2Time == 0.000171
[2024.07.18-08.23.19:689][  0]LogPakFile: PakFile PrimaryIndexSize=184
[2024.07.18-08.23.19:689][  0]LogPakFile: PakFile PathHashIndexSize=101
[2024.07.18-08.23.19:689][  0]LogPakFile: PakFile FullDirectoryIndexSize=142
[2024.07.18-08.23.19:689][  0]LogShaderLibrary: Display: ShaderCodeLibraryPakFileMountedCallback: PakFile 'D:/Unreal Engine 4.22.3/UE_4.27/FeaturePacks/TP_FlyingBP.upack' (chunk index -1, root 'root:/') mounted
[2024.07.18-08.23.19:689][  0]LogShaderLibrary: Display: ShaderCodeLibraryPakFileMountedCallback: pending pak file info (ChunkID:-1 Root:root:/ File:D:/Unreal Engine 4.22.3/UE_4.27/FeaturePacks/TP_FlyingBP.upack)
[2024.07.18-08.23.19:689][  0]LogPakFile: OnPakFileMounted2Time == 0.000193
[2024.07.18-08.23.19:690][  0]LogPakFile: PakFile PrimaryIndexSize=188
[2024.07.18-08.23.19:690][  0]LogPakFile: PakFile PathHashIndexSize=101
[2024.07.18-08.23.19:690][  0]LogPakFile: PakFile FullDirectoryIndexSize=150
[2024.07.18-08.23.19:690][  0]LogShaderLibrary: Display: ShaderCodeLibraryPakFileMountedCallback: PakFile 'D:/Unreal Engine 4.22.3/UE_4.27/FeaturePacks/TP_HandheldARBP.upack' (chunk index -1, root 'root:/') mounted
[2024.07.18-08.23.19:690][  0]LogShaderLibrary: Display: ShaderCodeLibraryPakFileMountedCallback: pending pak file info (ChunkID:-1 Root:root:/ File:D:/Unreal Engine 4.22.3/UE_4.27/FeaturePacks/TP_HandheldARBP.upack)
[2024.07.18-08.23.19:690][  0]LogPakFile: OnPakFileMounted2Time == 0.000185
[2024.07.18-08.23.19:691][  0]LogPakFile: PakFile PrimaryIndexSize=182
[2024.07.18-08.23.19:691][  0]LogPakFile: PakFile PathHashIndexSize=101
[2024.07.18-08.23.19:691][  0]LogPakFile: PakFile FullDirectoryIndexSize=138
[2024.07.18-08.23.19:691][  0]LogShaderLibrary: Display: ShaderCodeLibraryPakFileMountedCallback: PakFile 'D:/Unreal Engine 4.22.3/UE_4.27/FeaturePacks/TP_Puzzle.upack' (chunk index -1, root 'root:/') mounted
[2024.07.18-08.23.19:691][  0]LogShaderLibrary: Display: ShaderCodeLibraryPakFileMountedCallback: pending pak file info (ChunkID:-1 Root:root:/ File:D:/Unreal Engine 4.22.3/UE_4.27/FeaturePacks/TP_Puzzle.upack)
[2024.07.18-08.23.19:691][  0]LogPakFile: OnPakFileMounted2Time == 0.000115
[2024.07.18-08.23.19:692][  0]LogPakFile: PakFile PrimaryIndexSize=184
[2024.07.18-08.23.19:692][  0]LogPakFile: PakFile PathHashIndexSize=101
[2024.07.18-08.23.19:692][  0]LogPakFile: PakFile FullDirectoryIndexSize=142
[2024.07.18-08.23.19:692][  0]LogShaderLibrary: Display: ShaderCodeLibraryPakFileMountedCallback: PakFile 'D:/Unreal Engine 4.22.3/UE_4.27/FeaturePacks/TP_PuzzleBP.upack' (chunk index -1, root 'root:/') mounted
[2024.07.18-08.23.19:692][  0]LogShaderLibrary: Display: ShaderCodeLibraryPakFileMountedCallback: pending pak file info (ChunkID:-1 Root:root:/ File:D:/Unreal Engine 4.22.3/UE_4.27/FeaturePacks/TP_PuzzleBP.upack)
[2024.07.18-08.23.19:692][  0]LogPakFile: OnPakFileMounted2Time == 0.000106
[2024.07.18-08.23.19:693][  0]LogPakFile: PakFile PrimaryIndexSize=183
[2024.07.18-08.23.19:693][  0]LogPakFile: PakFile PathHashIndexSize=101
[2024.07.18-08.23.19:693][  0]LogPakFile: PakFile FullDirectoryIndexSize=140
[2024.07.18-08.23.19:693][  0]LogShaderLibrary: Display: ShaderCodeLibraryPakFileMountedCallback: PakFile 'D:/Unreal Engine 4.22.3/UE_4.27/FeaturePacks/TP_Rolling.upack' (chunk index -1, root 'root:/') mounted
[2024.07.18-08.23.19:693][  0]LogShaderLibrary: Display: ShaderCodeLibraryPakFileMountedCallback: pending pak file info (ChunkID:-1 Root:root:/ File:D:/Unreal Engine 4.22.3/UE_4.27/FeaturePacks/TP_Rolling.upack)
[2024.07.18-08.23.19:693][  0]LogPakFile: OnPakFileMounted2Time == 0.000096
[2024.07.18-08.23.19:693][  0]LogPakFile: PakFile PrimaryIndexSize=185
[2024.07.18-08.23.19:693][  0]LogPakFile: PakFile PathHashIndexSize=101
[2024.07.18-08.23.19:693][  0]LogPakFile: PakFile FullDirectoryIndexSize=144
[2024.07.18-08.23.19:693][  0]LogShaderLibrary: Display: ShaderCodeLibraryPakFileMountedCallback: PakFile 'D:/Unreal Engine 4.22.3/UE_4.27/FeaturePacks/TP_RollingBP.upack' (chunk index -1, root 'root:/') mounted
[2024.07.18-08.23.19:694][  0]LogShaderLibrary: Display: ShaderCodeLibraryPakFileMountedCallback: pending pak file info (ChunkID:-1 Root:root:/ File:D:/Unreal Engine 4.22.3/UE_4.27/FeaturePacks/TP_RollingBP.upack)
[2024.07.18-08.23.19:694][  0]LogPakFile: OnPakFileMounted2Time == 0.000113
[2024.07.18-08.23.19:694][  0]LogPakFile: PakFile PrimaryIndexSize=188
[2024.07.18-08.23.19:694][  0]LogPakFile: PakFile PathHashIndexSize=101
[2024.07.18-08.23.19:694][  0]LogPakFile: PakFile FullDirectoryIndexSize=150
[2024.07.18-08.23.19:694][  0]LogShaderLibrary: Display: ShaderCodeLibraryPakFileMountedCallback: PakFile 'D:/Unreal Engine 4.22.3/UE_4.27/FeaturePacks/TP_SideScroller.upack' (chunk index -1, root 'root:/') mounted
[2024.07.18-08.23.19:694][  0]LogShaderLibrary: Display: ShaderCodeLibraryPakFileMountedCallback: pending pak file info (ChunkID:-1 Root:root:/ File:D:/Unreal Engine 4.22.3/UE_4.27/FeaturePacks/TP_SideScroller.upack)
[2024.07.18-08.23.19:694][  0]LogPakFile: OnPakFileMounted2Time == 0.000117
[2024.07.18-08.23.19:695][  0]LogPakFile: PakFile PrimaryIndexSize=190
[2024.07.18-08.23.19:695][  0]LogPakFile: PakFile PathHashIndexSize=101
[2024.07.18-08.23.19:695][  0]LogPakFile: PakFile FullDirectoryIndexSize=154
[2024.07.18-08.23.19:695][  0]LogShaderLibrary: Display: ShaderCodeLibraryPakFileMountedCallback: PakFile 'D:/Unreal Engine 4.22.3/UE_4.27/FeaturePacks/TP_SideScrollerBP.upack' (chunk index -1, root 'root:/') mounted
[2024.07.18-08.23.19:695][  0]LogShaderLibrary: Display: ShaderCodeLibraryPakFileMountedCallback: pending pak file info (ChunkID:-1 Root:root:/ File:D:/Unreal Engine 4.22.3/UE_4.27/FeaturePacks/TP_SideScrollerBP.upack)
[2024.07.18-08.23.19:695][  0]LogPakFile: OnPakFileMounted2Time == 0.000114
[2024.07.18-08.23.19:696][  0]LogPakFile: PakFile PrimaryIndexSize=187
[2024.07.18-08.23.19:696][  0]LogPakFile: PakFile PathHashIndexSize=101
[2024.07.18-08.23.19:696][  0]LogPakFile: PakFile FullDirectoryIndexSize=148
[2024.07.18-08.23.19:696][  0]LogShaderLibrary: Display: ShaderCodeLibraryPakFileMountedCallback: PakFile 'D:/Unreal Engine 4.22.3/UE_4.27/FeaturePacks/TP_ThirdPerson.upack' (chunk index -1, root 'root:/') mounted
[2024.07.18-08.23.19:696][  0]LogShaderLibrary: Display: ShaderCodeLibraryPakFileMountedCallback: pending pak file info (ChunkID:-1 Root:root:/ File:D:/Unreal Engine 4.22.3/UE_4.27/FeaturePacks/TP_ThirdPerson.upack)
[2024.07.18-08.23.19:696][  0]LogPakFile: OnPakFileMounted2Time == 0.000110
[2024.07.18-08.23.19:696][  0]LogPakFile: PakFile PrimaryIndexSize=189
[2024.07.18-08.23.19:696][  0]LogPakFile: PakFile PathHashIndexSize=101
[2024.07.18-08.23.19:696][  0]LogPakFile: PakFile FullDirectoryIndexSize=152
[2024.07.18-08.23.19:696][  0]LogShaderLibrary: Display: ShaderCodeLibraryPakFileMountedCallback: PakFile 'D:/Unreal Engine 4.22.3/UE_4.27/FeaturePacks/TP_ThirdPersonBP.upack' (chunk index -1, root 'root:/') mounted
[2024.07.18-08.23.19:696][  0]LogShaderLibrary: Display: ShaderCodeLibraryPakFileMountedCallback: pending pak file info (ChunkID:-1 Root:root:/ File:D:/Unreal Engine 4.22.3/UE_4.27/FeaturePacks/TP_ThirdPersonBP.upack)
[2024.07.18-08.23.19:697][  0]LogPakFile: OnPakFileMounted2Time == 0.000118
[2024.07.18-08.23.19:697][  0]LogPakFile: PakFile PrimaryIndexSize=183
[2024.07.18-08.23.19:697][  0]LogPakFile: PakFile PathHashIndexSize=101
[2024.07.18-08.23.19:697][  0]LogPakFile: PakFile FullDirectoryIndexSize=140
[2024.07.18-08.23.19:697][  0]LogShaderLibrary: Display: ShaderCodeLibraryPakFileMountedCallback: PakFile 'D:/Unreal Engine 4.22.3/UE_4.27/FeaturePacks/TP_TopDown.upack' (chunk index -1, root 'root:/') mounted
[2024.07.18-08.23.19:697][  0]LogShaderLibrary: Display: ShaderCodeLibraryPakFileMountedCallback: pending pak file info (ChunkID:-1 Root:root:/ File:D:/Unreal Engine 4.22.3/UE_4.27/FeaturePacks/TP_TopDown.upack)
[2024.07.18-08.23.19:697][  0]LogPakFile: OnPakFileMounted2Time == 0.000116
[2024.07.18-08.23.19:698][  0]LogPakFile: PakFile PrimaryIndexSize=185
[2024.07.18-08.23.19:698][  0]LogPakFile: PakFile PathHashIndexSize=101
[2024.07.18-08.23.19:698][  0]LogPakFile: PakFile FullDirectoryIndexSize=144
[2024.07.18-08.23.19:698][  0]LogShaderLibrary: Display: ShaderCodeLibraryPakFileMountedCallback: PakFile 'D:/Unreal Engine 4.22.3/UE_4.27/FeaturePacks/TP_TopDownBP.upack' (chunk index -1, root 'root:/') mounted
[2024.07.18-08.23.19:698][  0]LogShaderLibrary: Display: ShaderCodeLibraryPakFileMountedCallback: pending pak file info (ChunkID:-1 Root:root:/ File:D:/Unreal Engine 4.22.3/UE_4.27/FeaturePacks/TP_TopDownBP.upack)
[2024.07.18-08.23.19:698][  0]LogPakFile: OnPakFileMounted2Time == 0.000111
[2024.07.18-08.23.19:698][  0]LogPakFile: PakFile PrimaryIndexSize=185
[2024.07.18-08.23.19:699][  0]LogPakFile: PakFile PathHashIndexSize=101
[2024.07.18-08.23.19:699][  0]LogPakFile: PakFile FullDirectoryIndexSize=144
[2024.07.18-08.23.19:699][  0]LogShaderLibrary: Display: ShaderCodeLibraryPakFileMountedCallback: PakFile 'D:/Unreal Engine 4.22.3/UE_4.27/FeaturePacks/TP_TwinStick.upack' (chunk index -1, root 'root:/') mounted
[2024.07.18-08.23.19:699][  0]LogShaderLibrary: Display: ShaderCodeLibraryPakFileMountedCallback: pending pak file info (ChunkID:-1 Root:root:/ File:D:/Unreal Engine 4.22.3/UE_4.27/FeaturePacks/TP_TwinStick.upack)
[2024.07.18-08.23.19:699][  0]LogPakFile: OnPakFileMounted2Time == 0.000136
[2024.07.18-08.23.19:699][  0]LogPakFile: PakFile PrimaryIndexSize=187
[2024.07.18-08.23.19:699][  0]LogPakFile: PakFile PathHashIndexSize=101
[2024.07.18-08.23.19:699][  0]LogPakFile: PakFile FullDirectoryIndexSize=148
[2024.07.18-08.23.19:699][  0]LogShaderLibrary: Display: ShaderCodeLibraryPakFileMountedCallback: PakFile 'D:/Unreal Engine 4.22.3/UE_4.27/FeaturePacks/TP_TwinStickBP.upack' (chunk index -1, root 'root:/') mounted
[2024.07.18-08.23.19:699][  0]LogShaderLibrary: Display: ShaderCodeLibraryPakFileMountedCallback: pending pak file info (ChunkID:-1 Root:root:/ File:D:/Unreal Engine 4.22.3/UE_4.27/FeaturePacks/TP_TwinStickBP.upack)
[2024.07.18-08.23.19:700][  0]LogPakFile: OnPakFileMounted2Time == 0.000115
[2024.07.18-08.23.19:700][  0]LogPakFile: PakFile PrimaryIndexSize=183
[2024.07.18-08.23.19:700][  0]LogPakFile: PakFile PathHashIndexSize=101
[2024.07.18-08.23.19:700][  0]LogPakFile: PakFile FullDirectoryIndexSize=140
[2024.07.18-08.23.19:700][  0]LogShaderLibrary: Display: ShaderCodeLibraryPakFileMountedCallback: PakFile 'D:/Unreal Engine 4.22.3/UE_4.27/FeaturePacks/TP_Vehicle.upack' (chunk index -1, root 'root:/') mounted
[2024.07.18-08.23.19:700][  0]LogShaderLibrary: Display: ShaderCodeLibraryPakFileMountedCallback: pending pak file info (ChunkID:-1 Root:root:/ File:D:/Unreal Engine 4.22.3/UE_4.27/FeaturePacks/TP_Vehicle.upack)
[2024.07.18-08.23.19:700][  0]LogPakFile: OnPakFileMounted2Time == 0.000126
[2024.07.18-08.23.19:701][  0]LogPakFile: PakFile PrimaryIndexSize=186
[2024.07.18-08.23.19:701][  0]LogPakFile: PakFile PathHashIndexSize=101
[2024.07.18-08.23.19:701][  0]LogPakFile: PakFile FullDirectoryIndexSize=146
[2024.07.18-08.23.19:701][  0]LogShaderLibrary: Display: ShaderCodeLibraryPakFileMountedCallback: PakFile 'D:/Unreal Engine 4.22.3/UE_4.27/FeaturePacks/TP_VehicleAdv.upack' (chunk index -1, root 'root:/') mounted
[2024.07.18-08.23.19:701][  0]LogShaderLibrary: Display: ShaderCodeLibraryPakFileMountedCallback: pending pak file info (ChunkID:-1 Root:root:/ File:D:/Unreal Engine 4.22.3/UE_4.27/FeaturePacks/TP_VehicleAdv.upack)
[2024.07.18-08.23.19:701][  0]LogPakFile: OnPakFileMounted2Time == 0.000107
[2024.07.18-08.23.19:702][  0]LogPakFile: PakFile PrimaryIndexSize=188
[2024.07.18-08.23.19:702][  0]LogPakFile: PakFile PathHashIndexSize=101
[2024.07.18-08.23.19:702][  0]LogPakFile: PakFile FullDirectoryIndexSize=150
[2024.07.18-08.23.19:702][  0]LogShaderLibrary: Display: ShaderCodeLibraryPakFileMountedCallback: PakFile 'D:/Unreal Engine 4.22.3/UE_4.27/FeaturePacks/TP_VehicleAdvBP.upack' (chunk index -1, root 'root:/') mounted
[2024.07.18-08.23.19:702][  0]LogShaderLibrary: Display: ShaderCodeLibraryPakFileMountedCallback: pending pak file info (ChunkID:-1 Root:root:/ File:D:/Unreal Engine 4.22.3/UE_4.27/FeaturePacks/TP_VehicleAdvBP.upack)
[2024.07.18-08.23.19:702][  0]LogPakFile: OnPakFileMounted2Time == 0.000117
[2024.07.18-08.23.19:703][  0]LogPakFile: PakFile PrimaryIndexSize=185
[2024.07.18-08.23.19:703][  0]LogPakFile: PakFile PathHashIndexSize=101
[2024.07.18-08.23.19:703][  0]LogPakFile: PakFile FullDirectoryIndexSize=144
[2024.07.18-08.23.19:703][  0]LogShaderLibrary: Display: ShaderCodeLibraryPakFileMountedCallback: PakFile 'D:/Unreal Engine 4.22.3/UE_4.27/FeaturePacks/TP_VehicleBP.upack' (chunk index -1, root 'root:/') mounted
[2024.07.18-08.23.19:703][  0]LogShaderLibrary: Display: ShaderCodeLibraryPakFileMountedCallback: pending pak file info (ChunkID:-1 Root:root:/ File:D:/Unreal Engine 4.22.3/UE_4.27/FeaturePacks/TP_VehicleBP.upack)
[2024.07.18-08.23.19:703][  0]LogPakFile: OnPakFileMounted2Time == 0.000114
[2024.07.18-08.23.19:703][  0]LogPakFile: PakFile PrimaryIndexSize=192
[2024.07.18-08.23.19:703][  0]LogPakFile: PakFile PathHashIndexSize=101
[2024.07.18-08.23.19:703][  0]LogPakFile: PakFile FullDirectoryIndexSize=158
[2024.07.18-08.23.19:704][  0]LogShaderLibrary: Display: ShaderCodeLibraryPakFileMountedCallback: PakFile 'D:/Unreal Engine 4.22.3/UE_4.27/FeaturePacks/TP_VirtualRealityBP.upack' (chunk index -1, root 'root:/') mounted
[2024.07.18-08.23.19:704][  0]LogShaderLibrary: Display: ShaderCodeLibraryPakFileMountedCallback: pending pak file info (ChunkID:-1 Root:root:/ File:D:/Unreal Engine 4.22.3/UE_4.27/FeaturePacks/TP_VirtualRealityBP.upack)
[2024.07.18-08.23.19:704][  0]LogPakFile: OnPakFileMounted2Time == 0.000107
[2024.07.18-08.23.19:733][  0]LogNativeClassHierarchy: Verbose: Native class hierarchy updated for 'AddContentDialog' in 0.0003 seconds. Added 0 classes and 0 folders.
[2024.07.18-08.23.19:734][  0]LogNativeClassHierarchy: Verbose: Native class hierarchy updated for 'SceneOutliner' in 0.0003 seconds. Added 2 classes and 0 folders.
[2024.07.18-08.23.19:781][  0]LogSlate: Took 0.000313 seconds to synchronously load lazily loaded font '../../../Engine/Content/Slate/Fonts/Roboto-Regular.ttf' (155K)
[2024.07.18-08.23.19:782][  0]LogSlate: Took 0.000124 seconds to synchronously load lazily loaded font '../../../Engine/Content/Editor/Slate/Fonts/FontAwesome.ttf' (139K)
[2024.07.18-08.23.19:784][  0]LogSlate: Took 0.000174 seconds to synchronously load lazily loaded font '../../../Engine/Content/Slate/Fonts/Roboto-Bold.ttf' (160K)
[2024.07.18-08.23.19:875][  0]LogRenderer: Reallocating scene render targets to support 1208x572 Format 10 NumSamples 1 (Frame:1).
[2024.07.18-08.23.19:914][  0]LogSlate: Took 0.000186 seconds to synchronously load lazily loaded font '../../../Engine/Content/Slate/Fonts/Roboto-Light.ttf' (167K)
[2024.07.18-08.23.20:007][  0]LogNativeClassHierarchy: Verbose: Native class hierarchy updated for 'HierarchicalLODOutliner' in 0.0003 seconds. Added 0 classes and 0 folders.
[2024.07.18-08.23.20:007][  0]LogLoad: (Engine Initialization) Total time: 7.71 seconds
[2024.07.18-08.23.20:007][  0]LogLoad: (Engine Initialization) Total Blueprint compile time: 0.00 seconds
[2024.07.18-08.23.20:208][  0]LogAssetRegistry: Asset discovery search completed in 4.4809 seconds
[2024.07.18-08.23.20:215][  0]LogCollectionManager: Fixed up redirectors for 0 collections in 0.000003 seconds (updated 0 objects)
[2024.07.18-08.23.20:215][  0]LogContentStreaming: Texture pool size now 1000 MB
[2024.07.18-08.23.23:567][349]LogTemp: Repeating last play command: Selected Viewport
[2024.07.18-08.23.23:573][349]LogPlayLevel: PlayLevel: No blueprints needed recompiling
[2024.07.18-08.23.23:573][349]PIE: New page: PIE session: LevelMap_1 (18 июл. 2024 г., 14:23:23)
[2024.07.18-08.23.23:575][349]LogOnline: OSS: Creating online subsystem instance for: NULL
[2024.07.18-08.23.23:576][349]LogOnline: OSS: TryLoadSubsystemAndSetDefault: Loaded subsystem for module [NULL]
[2024.07.18-08.23.23:577][349]LogPlayLevel: Creating play world package: /Game/Maps/UEDPIE_0_LevelMap_1
[2024.07.18-08.23.23:579][349]LogPlayLevel: PIE: StaticDuplicateObject took: (0.002220s)
[2024.07.18-08.23.23:581][349]LogAIModule: Creating AISystem for world LevelMap_1
[2024.07.18-08.23.23:581][349]LogPlayLevel: PIE: World Init took: (0.001990s)
[2024.07.18-08.23.23:581][349]LogPlayLevel: PIE: Created PIE world by copying editor world from /Game/Maps/LevelMap_1.LevelMap_1 to /Game/Maps/UEDPIE_0_LevelMap_1.LevelMap_1 (0.004510s)
[2024.07.18-08.23.23:588][349]LogUObjectHash: Compacting FUObjectHashTables data took   0.73ms
[2024.07.18-08.23.23:589][349]LogAudio: Display: Creating Audio Device:                 Id: 2, Scope: Unique, Realtime: True
[2024.07.18-08.23.23:589][349]LogAudioMixer: Display: Audio Mixer Platform Settings:
[2024.07.18-08.23.23:589][349]LogAudioMixer: Display: 	Sample Rate:						  48000
[2024.07.18-08.23.23:589][349]LogAudioMixer: Display: 	Callback Buffer Frame Size Requested: 1024
[2024.07.18-08.23.23:589][349]LogAudioMixer: Display: 	Callback Buffer Frame Size To Use:	  1024
[2024.07.18-08.23.23:590][349]LogAudioMixer: Display: 	Number of buffers to queue:			  2
[2024.07.18-08.23.23:590][349]LogAudioMixer: Display: 	Max Channels (voices):				  32
[2024.07.18-08.23.23:590][349]LogAudioMixer: Display: 	Number of Async Source Workers:		  0
[2024.07.18-08.23.23:590][349]LogAudio: Display: AudioDevice MaxSources: 32
[2024.07.18-08.23.23:590][349]LogAudio: Display: Audio Spatialization Plugin: None (built-in).
[2024.07.18-08.23.23:590][349]LogAudio: Display: Audio Reverb Plugin: None (built-in).
[2024.07.18-08.23.23:590][349]LogAudio: Display: Audio Occlusion Plugin: None (built-in).
[2024.07.18-08.23.23:591][349]LogAudioMixer: Display: Initializing audio mixer.
[2024.07.18-08.23.23:594][349]LogAudioMixer: Display: 0: FrontLeft
[2024.07.18-08.23.23:594][349]LogAudioMixer: Display: 1: FrontRight
[2024.07.18-08.23.23:615][349]LogAudioMixer: Display: Using Audio Device Динамики (Realtek High Definition Audio)
[2024.07.18-08.23.23:615][349]LogAudioMixer: Display: Initializing Sound Submixes...
[2024.07.18-08.23.23:615][349]LogAudioMixer: Display: Creating Master Submix 'MasterSubmixDefault'
[2024.07.18-08.23.23:615][349]LogAudioMixer: Display: Creating Master Submix 'MasterReverbSubmixDefault'
[2024.07.18-08.23.23:616][349]LogAudioMixer: Display: Creating Master Submix 'MasterEQSubmixDefault'
[2024.07.18-08.23.23:616][349]LogAudioMixer: FMixerPlatformXAudio2::StartAudioStream() called
[2024.07.18-08.23.23:616][349]LogAudioMixer: Display: Output buffers initialized: Frames=1024, Channels=2, Samples=2048
[2024.07.18-08.23.23:618][349]LogAudioMixer: Display: Starting AudioMixerPlatformInterface::RunInternal()
[2024.07.18-08.23.23:618][349]LogAudioMixer: Display: FMixerPlatformXAudio2::SubmitBuffer() called for the first time
[2024.07.18-08.23.23:618][349]LogInit: FAudioDevice initialized.
[2024.07.18-08.23.23:618][349]LogAudio: Display: Audio Device (ID: 2) registered with world 'LevelMap_1'.
[2024.07.18-08.23.23:646][349]LogLoad: Game class is 'BP_GameMode_C'
[2024.07.18-08.23.23:648][349]LogWorld: Bringing World /Game/Maps/UEDPIE_0_LevelMap_1.LevelMap_1 up for play (max tick rate 0) at 2024.07.18-11.23.23
[2024.07.18-08.23.23:648][349]LogWorld: Bringing up level for play took: 0.000803
[2024.07.18-08.23.23:648][349]LogOnline: OSS: Creating online subsystem instance for: :Context_3
[2024.07.18-08.23.23:651][349]LogNativeClassHierarchy: Verbose: Native class hierarchy updated for 'MovieSceneCapture' in 0.0003 seconds. Added 20 classes and 0 folders.
[2024.07.18-08.23.23:652][349]LogViewport: Display: Viewport MouseCaptureMode Changed, CapturePermanently_IncludingInitialMouseDown -> CapturePermanently
[2024.07.18-08.23.23:652][349]LogActor: Warning: BP_SnakeElement_C /Game/Maps/UEDPIE_0_LevelMap_1.LevelMap_1:PersistentLevel.BP_SnakeElement_C_0 has natively added scene component(s), but none of them were set as the actor's RootComponent - picking one arbitrarily
[2024.07.18-08.23.23:653][349]LogActor: Warning: BP_SnakeElement_C /Game/Maps/UEDPIE_0_LevelMap_1.LevelMap_1:PersistentLevel.BP_SnakeElement_C_1 has natively added scene component(s), but none of them were set as the actor's RootComponent - picking one arbitrarily
[2024.07.18-08.23.23:653][349]LogActor: Warning: BP_SnakeElement_C /Game/Maps/UEDPIE_0_LevelMap_1.LevelMap_1:PersistentLevel.BP_SnakeElement_C_2 has natively added scene component(s), but none of them were set as the actor's RootComponent - picking one arbitrarily
[2024.07.18-08.23.23:653][349]PIE: Server logged in
[2024.07.18-08.23.23:655][349]PIE: Play in editor total start time 0,084 seconds.
[2024.07.18-08.23.23:681][350]LogActor: Warning: BP_SnakeElement_C /Engine/Transient.World_2:PersistentLevel.BP_SnakeElement_C_0 has natively added scene component(s), but none of them were set as the actor's RootComponent - picking one arbitrarily
