Log file open, 07/17/24 18:20:35
LogWindows: Failed to load 'aqProf.dll' (GetLastError=126)
LogWindows: File 'aqProf.dll' does not exist
LogWindows: Failed to load 'VtuneApi.dll' (GetLastError=126)
LogWindows: File 'VtuneApi.dll' does not exist
LogWindows: Failed to load 'VtuneApi32e.dll' (GetLastError=126)
LogWindows: File 'VtuneApi32e.dll' does not exist
LogConsoleResponse: Display: Failed to find resolution value strings in scalability ini. Falling back to default.
LogConsoleResponse: Display: Failed to find resolution value strings in scalability ini. Falling back to default.
LogInit: Display: Running engine for game: SnakeGame
LogPlatformFile: Not using cached read wrapper
LogTaskGraph: Started task graph with 5 named threads and 14 total threads with 3 sets of task threads.
LogStats: Stats thread started at 0.284294
LogICUInternationalization: ICU TimeZone Detection - Raw Offset: +3:00, Platform Override: ''
LogInit: Display: Loading text-based GConfig....
LogPluginManager: Mounting plugin MeshPainting
LogPluginManager: Mounting plugin XGEController
LogPluginManager: Mounting plugin AISupport
LogPluginManager: Mounting plugin Paper2D
LogPluginManager: Mounting plugin EnvironmentQueryEditor
LogPluginManager: Mounting plugin LiveLink
LogPluginManager: Mounting plugin LightPropagationVolume
LogPluginManager: Mounting plugin CameraShakePreviewer
LogPluginManager: Mounting plugin GameplayCameras
LogPluginManager: Mounting plugin OodleData
LogPluginManager: Mounting plugin OodleNetwork
LogPluginManager: Mounting plugin AnimationSharing
LogPluginManager: Mounting plugin CLionSourceCodeAccess
LogPluginManager: Mounting plugin CodeLiteSourceCodeAccess
LogPluginManager: Mounting plugin GitSourceControl
LogPluginManager: Mounting plugin KDevelopSourceCodeAccess
LogPluginManager: Mounting plugin NullSourceCodeAccess
LogPluginManager: Mounting plugin PerforceSourceControl
LogPluginManager: Mounting plugin PixWinPlugin
LogPluginManager: Mounting plugin PlasticSourceControl
LogPluginManager: Mounting plugin PluginUtils
LogPluginManager: Mounting plugin PropertyAccessNode
LogPluginManager: Mounting plugin RiderSourceCodeAccess
LogPluginManager: Mounting plugin SubversionSourceControl
LogPluginManager: Mounting plugin TextureFormatOodle
LogPluginManager: Mounting plugin UObjectPlugin
LogPluginManager: Mounting plugin VisualStudioCodeSourceCodeAccess
LogPluginManager: Mounting plugin VisualStudioSourceCodeAccess
LogPluginManager: Mounting plugin AssetManagerEditor
LogPluginManager: Mounting plugin XCodeSourceCodeAccess
LogPluginManager: Mounting plugin CryptoKeys
LogPluginManager: Mounting plugin CurveEditorTools
LogPluginManager: Mounting plugin DataValidation
LogPluginManager: Mounting plugin FacialAnimation
LogPluginManager: Mounting plugin GameplayTagsEditor
LogPluginManager: Mounting plugin GeometryMode
LogPluginManager: Mounting plugin MacGraphicsSwitching
LogPluginManager: Mounting plugin MaterialAnalyzer
LogPluginManager: Mounting plugin MobileLauncherProfileWizard
LogPluginManager: Mounting plugin PluginBrowser
LogPluginManager: Mounting plugin SpeedTreeImporter
LogPluginManager: Mounting plugin DatasmithContent
LogPluginManager: Mounting plugin AlembicImporter
LogPluginManager: Mounting plugin VariantManagerContent
LogPluginManager: Mounting plugin AutomationUtils
LogPluginManager: Mounting plugin BackChannel
LogPluginManager: Mounting plugin ChaosCloth
LogPluginManager: Mounting plugin ChaosClothEditor
LogPluginManager: Mounting plugin ChaosEditor
LogPluginManager: Mounting plugin ChaosNiagara
LogPluginManager: Mounting plugin CharacterAI
LogPluginManager: Mounting plugin ChaosSolverPlugin
LogPluginManager: Mounting plugin GeometryCache
LogPluginManager: Mounting plugin GeometryCollectionPlugin
LogPluginManager: Mounting plugin GeometryProcessing
LogPluginManager: Mounting plugin MotoSynth
LogPluginManager: Mounting plugin OpenImageDenoise
LogPluginManager: Mounting plugin PlanarCut
LogPluginManager: Mounting plugin PlatformCrypto
LogPluginManager: Mounting plugin ProxyLODPlugin
LogPluginManager: Mounting plugin PythonScriptPlugin
LogPluginManager: Mounting plugin SkeletalReduction
LogPluginManager: Mounting plugin Niagara
LogPluginManager: Mounting plugin LuminPlatformFeatures
LogPluginManager: Mounting plugin MagicLeap
LogPluginManager: Mounting plugin MagicLeapLightEstimation
LogPluginManager: Mounting plugin MagicLeapMedia
LogPluginManager: Mounting plugin MagicLeapPassableWorld
LogPluginManager: Mounting plugin MLSDK
LogPluginManager: Mounting plugin AndroidMedia
LogPluginManager: Mounting plugin AvfMedia
LogPluginManager: Mounting plugin ImgMedia
LogPluginManager: Mounting plugin MediaCompositing
LogPluginManager: Mounting plugin MediaPlayerEditor
LogPluginManager: Mounting plugin WebMMedia
LogPluginManager: Mounting plugin WmfMedia
LogPluginManager: Mounting plugin TcpMessaging
LogPluginManager: Mounting plugin ActorSequence
LogPluginManager: Mounting plugin UdpMessaging
LogPluginManager: Mounting plugin LevelSequenceEditor
LogPluginManager: Mounting plugin MatineeToLevelSequence
LogPluginManager: Mounting plugin TemplateSequence
LogPluginManager: Mounting plugin OnlineSubsystem
LogPluginManager: Mounting plugin OnlineSubsystemNull
LogPluginManager: Mounting plugin OnlineSubsystemUtils
LogPluginManager: Mounting plugin LauncherChunkInstaller
LogPluginManager: Mounting plugin ActorLayerUtilities
LogPluginManager: Mounting plugin AndroidDeviceProfileSelector
LogPluginManager: Mounting plugin AndroidMoviePlayer
LogPluginManager: Mounting plugin AndroidPermission
LogPluginManager: Mounting plugin AppleImageUtils
LogPluginManager: Mounting plugin AppleMoviePlayer
LogPluginManager: Mounting plugin ArchVisCharacter
LogPluginManager: Mounting plugin AssetTags
LogPluginManager: Mounting plugin AudioCapture
LogPluginManager: Mounting plugin AudioSynesthesia
LogPluginManager: Mounting plugin CableComponent
LogPluginManager: Mounting plugin ChunkDownloader
LogPluginManager: Mounting plugin CustomMeshComponent
LogPluginManager: Mounting plugin EditableMesh
LogPluginManager: Mounting plugin ExampleDeviceProfileSelector
LogPluginManager: Mounting plugin GoogleCloudMessaging
LogPluginManager: Mounting plugin GooglePAD
LogPluginManager: Mounting plugin IOSDeviceProfileSelector
LogPluginManager: Mounting plugin LinuxDeviceProfileSelector
LogPluginManager: Mounting plugin LocationServicesBPLibrary
LogPluginManager: Mounting plugin MobilePatchingUtils
LogPluginManager: Mounting plugin OpenXR
LogPluginManager: Mounting plugin OpenXREyeTracker
LogPluginManager: Mounting plugin OpenXRHandTracking
LogPluginManager: Mounting plugin PhysXVehicles
LogPluginManager: Mounting plugin PostSplashScreen
LogPluginManager: Mounting plugin ProceduralMeshComponent
LogPluginManager: Mounting plugin PropertyAccessEditor
LogPluginManager: Mounting plugin RuntimePhysXCooking
LogPluginManager: Mounting plugin SignificanceManager
LogPluginManager: Mounting plugin SoundFields
LogPluginManager: Mounting plugin Synthesis
LogPluginManager: Mounting plugin WebMMoviePlayer
LogPluginManager: Mounting plugin WindowsMoviePlayer
LogPluginManager: Mounting plugin ScreenshotTools
LogPluginManager: Mounting plugin Takes
LogPluginManager: Mounting plugin ContentBrowserAssetDataSource
LogPluginManager: Mounting plugin ContentBrowserClassDataSource
LogPluginManager: Mounting plugin ContentBrowserFileDataSource
LogPluginManager: Mounting plugin OnlineSubsystemGooglePlay
LogPluginManager: Mounting plugin OnlineSubsystemIOS
LogPluginManager: Mounting plugin OculusVR
LogPluginManager: Mounting plugin SteamVR
PixWinPlugin: PIX capture plugin failed to initialize! Check that the process is launched from PIX.
LogInit: Using libcurl 7.55.1-DEV
LogInit:  - built for x86_64-pc-win32
LogInit:  - supports SSL with OpenSSL/1.1.1
LogInit:  - supports HTTP deflate (compression) using libz 1.2.8
LogInit:  - other features:
LogInit:      CURL_VERSION_SSL
LogInit:      CURL_VERSION_LIBZ
LogInit:      CURL_VERSION_IPV6
LogInit:      CURL_VERSION_ASYNCHDNS
LogInit:      CURL_VERSION_LARGEFILE
LogInit:      CURL_VERSION_IDN
LogInit:  CurlRequestOptions (configurable via config and command line):
LogInit:  - bVerifyPeer = true  - Libcurl will verify peer certificate
LogInit:  - bUseHttpProxy = false  - Libcurl will NOT use HTTP proxy
LogInit:  - bDontReuseConnections = false  - Libcurl will reuse connections
LogInit:  - MaxHostConnections = 16  - Libcurl will limit the number of connections to a host
LogInit:  - LocalHostAddr = Default
LogInit:  - BufferSize = 65536
LogOnline: OSS: Creating online subsystem instance for: NULL
LogInit: WinSock: version 1.1 (2.2), MaxSocks=32767, MaxUdp=65467
LogOnline: OSS: TryLoadSubsystemAndSetDefault: Loaded subsystem for module [NULL]
LogOculusPluginWrapper: OculusPlugin initialized successfully
LogHMD: Failed initializing OVRPlugin 1.59.0
LogInit: Build: ++UE4+Release-4.27-CL-18319896
LogInit: Engine Version: 4.27.2-18319896+++UE4+Release-4.27
LogInit: Compatible Engine Version: 4.27.0-17155196+++UE4+Release-4.27
LogInit: Net CL: 17155196
LogInit: OS: Windows 10 (Release 2009) (), CPU: Intel(R) Core(TM) i5-4690K CPU @ 3.50GHz, GPU: NVIDIA GeForce GTX 1660
LogInit: Compiled (64-bit): Nov 30 2021 07:12:08
LogInit: Compiled with Visual C++: 19.24.28315.00
LogInit: Build Configuration: Development
LogInit: Branch Name: ++UE4+Release-4.27
LogInit: Command Line:  /Game/Maps/LevelMap_1 -game -PIEVIACONSOLE -Multiprocess GameUserSettingsINI=D:/Test/SnakeGame/Saved/Config/Windows/PIEGameUserSettings0.ini -MultiprocessSaveConfig -forcepassthrough -messaging -SessionName="Play in Standalone Game" -windowed -ResX=1280 -ResY=720
LogInit: Base Directory: D:/Unreal Engine 4.22.3/UE_4.27/Engine/Binaries/Win64/
LogInit: Allocator: TBB
LogInit: Installed Engine Build: 1
LogDevObjectVersion: Number of dev versions registered: 29
LogDevObjectVersion:   Dev-Blueprints (B0D832E4-1F89-4F0D-ACCF-7EB736FD4AA2): 10
LogDevObjectVersion:   Dev-Build (E1C64328-A22C-4D53-A36C-8E866417BD8C): 0
LogDevObjectVersion:   Dev-Core (375EC13C-06E4-48FB-B500-84F0262A717E): 4
LogDevObjectVersion:   Dev-Editor (E4B068ED-F494-42E9-A231-DA0B2E46BB41): 40
LogDevObjectVersion:   Dev-Framework (CFFC743F-43B0-4480-9391-14DF171D2073): 37
LogDevObjectVersion:   Dev-Mobile (B02B49B5-BB20-44E9-A304-32B752E40360): 3
LogDevObjectVersion:   Dev-Networking (A4E4105C-59A1-49B5-A7C5-40C4547EDFEE): 0
LogDevObjectVersion:   Dev-Online (39C831C9-5AE6-47DC-9A44-9C173E1C8E7C): 0
LogDevObjectVersion:   Dev-Physics (78F01B33-EBEA-4F98-B9B4-84EACCB95AA2): 14
LogDevObjectVersion:   Dev-Platform (6631380F-2D4D-43E0-8009-CF276956A95A): 0
LogDevObjectVersion:   Dev-Rendering (12F88B9F-8875-4AFC-A67C-D90C383ABD29): 45
LogDevObjectVersion:   Dev-Sequencer (7B5AE74C-D270-4C10-A958-57980B212A5A): 13
LogDevObjectVersion:   Dev-VR (D7296918-1DD6-4BDD-9DE2-64A83CC13884): 3
LogDevObjectVersion:   Dev-LoadTimes (C2A15278-BFE7-4AFE-6C17-90FF531DF755): 1
LogDevObjectVersion:   Private-Geometry (6EACA3D4-40EC-4CC1-B786-8BED09428FC5): 3
LogDevObjectVersion:   Dev-AnimPhys (29E575DD-E0A3-4627-9D10-D276232CDCEA): 17
LogDevObjectVersion:   Dev-Anim (AF43A65D-7FD3-4947-9873-3E8ED9C1BB05): 15
LogDevObjectVersion:   Dev-ReflectionCapture (6B266CEC-1EC7-4B8F-A30B-E4D90942FC07): 1
LogDevObjectVersion:   Dev-Automation (0DF73D61-A23F-47EA-B727-89E90C41499A): 1
LogDevObjectVersion:   FortniteMain (601D1886-AC64-4F84-AA16-D3DE0DEAC7D6): 47
LogDevObjectVersion:   FortniteRelease (E7086368-6B23-4C58-8439-1B7016265E91): 1
LogDevObjectVersion:   Dev-Enterprise (9DFFBCD6-494F-0158-E221-12823C92A888): 10
LogDevObjectVersion:   Dev-Niagara (F2AED0AC-9AFE-416F-8664-AA7FFA26D6FC): 1
LogDevObjectVersion:   Dev-Destruction (174F1F0B-B4C6-45A5-B13F-2EE8D0FB917D): 10
LogDevObjectVersion:   Dev-Physics-Ext (35F94A83-E258-406C-A318-09F59610247C): 41
LogDevObjectVersion:   Dev-PhysicsMaterial-Chaos (B68FC16E-8B1B-42E2-B453-215C058844FE): 1
LogDevObjectVersion:   Dev-CineCamera (B2E18506-4273-CFC2-A54E-F4BB758BBA07): 1
LogDevObjectVersion:   Dev-VirtualProduction (64F58936-FD1B-42BA-BA96-7289D5D0FA4E): 1
LogDevObjectVersion:   Dev-MediaFramework (6F0ED827-A609-4895-9C91-998D90180EA4): 2
LogInit: Presizing for max 25165824 objects, including 0 objects not considered by GC, pre-allocating 0 bytes for permanent pool.
LogConfig: Applying CVar settings from Section [/Script/Engine.StreamingSettings] File [D:/Test/SnakeGame/Saved/Config/Windows/Engine.ini]
LogConfig: Setting CVar [[s.MinBulkDataSizeForAsyncLoading:131072]]
LogConfig: Setting CVar [[s.AsyncLoadingThreadEnabled:0]]
LogConfig: Setting CVar [[s.EventDrivenLoaderEnabled:1]]
LogConfig: Setting CVar [[s.WarnIfTimeLimitExceeded:0]]
LogConfig: Setting CVar [[s.TimeLimitExceededMultiplier:1.5]]
LogConfig: Setting CVar [[s.TimeLimitExceededMinTime:0.005]]
LogConfig: Setting CVar [[s.UseBackgroundLevelStreaming:1]]
LogConfig: Setting CVar [[s.PriorityAsyncLoadingExtraTime:15.0]]
LogConfig: Setting CVar [[s.LevelStreamingActorsUpdateTimeLimit:5.0]]
LogConfig: Setting CVar [[s.PriorityLevelStreamingActorsUpdateExtraTime:5.0]]
LogConfig: Setting CVar [[s.LevelStreamingComponentsRegistrationGranularity:10]]
LogConfig: Setting CVar [[s.UnregisterComponentsTimeLimit:1.0]]
LogConfig: Setting CVar [[s.LevelStreamingComponentsUnregistrationGranularity:5]]
LogConfig: Setting CVar [[s.FlushStreamingOnExit:1]]
LogInit: Object subsystem initialized
LogConfig: Setting CVar [[con.DebugEarlyDefault:1]]
LogConfig: Setting CVar [[r.setres:1280x720]]
[2024.07.17-15.20.35:414][  0]LogConfig: Setting CVar [[con.DebugEarlyDefault:1]]
[2024.07.17-15.20.35:414][  0]LogConfig: Setting CVar [[r.setres:1280x720]]
[2024.07.17-15.20.35:414][  0]LogConfig: Applying CVar settings from Section [/Script/Engine.RendererSettings] File [D:/Test/SnakeGame/Saved/Config/Windows/Engine.ini]
[2024.07.17-15.20.35:414][  0]LogConfig: Setting CVar [[r.GPUCrashDebugging:0]]
[2024.07.17-15.20.35:414][  0]LogConfig: Setting CVar [[r.DefaultFeature.AntiAliasing:0]]
[2024.07.17-15.20.35:414][  0]LogConfig: Setting CVar [[r.DefaultFeature.MotionBlur:0]]
[2024.07.17-15.20.35:414][  0]LogConfig: Applying CVar settings from Section [/Script/Engine.RendererOverrideSettings] File [D:/Test/SnakeGame/Saved/Config/Windows/Engine.ini]
[2024.07.17-15.20.35:414][  0]LogConfig: Applying CVar settings from Section [/Script/Engine.StreamingSettings] File [D:/Test/SnakeGame/Saved/Config/Windows/Engine.ini]
[2024.07.17-15.20.35:414][  0]LogConfig: Setting CVar [[s.MinBulkDataSizeForAsyncLoading:131072]]
[2024.07.17-15.20.35:414][  0]LogConfig: Setting CVar [[s.AsyncLoadingThreadEnabled:0]]
[2024.07.17-15.20.35:414][  0]LogConfig: Setting CVar [[s.EventDrivenLoaderEnabled:1]]
[2024.07.17-15.20.35:414][  0]LogConfig: Setting CVar [[s.WarnIfTimeLimitExceeded:0]]
[2024.07.17-15.20.35:414][  0]LogConfig: Setting CVar [[s.TimeLimitExceededMultiplier:1.5]]
[2024.07.17-15.20.35:414][  0]LogConfig: Setting CVar [[s.TimeLimitExceededMinTime:0.005]]
[2024.07.17-15.20.35:414][  0]LogConfig: Setting CVar [[s.UseBackgroundLevelStreaming:1]]
[2024.07.17-15.20.35:414][  0]LogConfig: Setting CVar [[s.PriorityAsyncLoadingExtraTime:15.0]]
[2024.07.17-15.20.35:414][  0]LogConfig: Setting CVar [[s.LevelStreamingActorsUpdateTimeLimit:5.0]]
[2024.07.17-15.20.35:414][  0]LogConfig: Setting CVar [[s.PriorityLevelStreamingActorsUpdateExtraTime:5.0]]
[2024.07.17-15.20.35:414][  0]LogConfig: Setting CVar [[s.LevelStreamingComponentsRegistrationGranularity:10]]
[2024.07.17-15.20.35:414][  0]LogConfig: Setting CVar [[s.UnregisterComponentsTimeLimit:1.0]]
[2024.07.17-15.20.35:414][  0]LogConfig: Setting CVar [[s.LevelStreamingComponentsUnregistrationGranularity:5]]
[2024.07.17-15.20.35:414][  0]LogConfig: Setting CVar [[s.FlushStreamingOnExit:1]]
[2024.07.17-15.20.35:414][  0]LogConfig: Applying CVar settings from Section [/Script/Engine.GarbageCollectionSettings] File [D:/Test/SnakeGame/Saved/Config/Windows/Engine.ini]
[2024.07.17-15.20.35:414][  0]LogConfig: Setting CVar [[gc.MaxObjectsNotConsideredByGC:1]]
[2024.07.17-15.20.35:414][  0]LogConfig: Setting CVar [[gc.SizeOfPermanentObjectPool:0]]
[2024.07.17-15.20.35:414][  0]LogConfig: Setting CVar [[gc.FlushStreamingOnGC:0]]
[2024.07.17-15.20.35:414][  0]LogConfig: Setting CVar [[gc.NumRetriesBeforeForcingGC:10]]
[2024.07.17-15.20.35:414][  0]LogConfig: Setting CVar [[gc.AllowParallelGC:1]]
[2024.07.17-15.20.35:414][  0]LogConfig: Setting CVar [[gc.TimeBetweenPurgingPendingKillObjects:61.1]]
[2024.07.17-15.20.35:414][  0]LogConfig: Setting CVar [[gc.MaxObjectsInEditor:25165824]]
[2024.07.17-15.20.35:414][  0]LogConfig: Setting CVar [[gc.IncrementalBeginDestroyEnabled:1]]
[2024.07.17-15.20.35:414][  0]LogConfig: Setting CVar [[gc.CreateGCClusters:1]]
[2024.07.17-15.20.35:414][  0]LogConfig: Setting CVar [[gc.MinGCClusterSize:5]]
[2024.07.17-15.20.35:414][  0]LogConfig: Setting CVar [[gc.ActorClusteringEnabled:0]]
[2024.07.17-15.20.35:414][  0]LogConfig: Setting CVar [[gc.BlueprintClusteringEnabled:0]]
[2024.07.17-15.20.35:414][  0]LogConfig: Setting CVar [[gc.UseDisregardForGCOnDedicatedServers:0]]
[2024.07.17-15.20.35:414][  0]LogConfig: Setting CVar [[gc.MultithreadedDestructionEnabled:1]]
[2024.07.17-15.20.35:414][  0]LogConfig: Applying CVar settings from Section [/Script/Engine.NetworkSettings] File [D:/Test/SnakeGame/Saved/Config/Windows/Engine.ini]
[2024.07.17-15.20.35:414][  0]LogConfig: Applying CVar settings from Section [/Script/UnrealEd.CookerSettings] File [D:/Test/SnakeGame/Saved/Config/Windows/Engine.ini]
[2024.07.17-15.20.35:423][  0]LogConfig: Applying CVar settings from Section [ViewDistanceQuality@3] File [D:/Test/SnakeGame/Saved/Config/Windows/Scalability.ini]
[2024.07.17-15.20.35:424][  0]LogConfig: Setting CVar [[r.SkeletalMeshLODBias:0]]
[2024.07.17-15.20.35:424][  0]LogConfig: Setting CVar [[r.ViewDistanceScale:1.0]]
[2024.07.17-15.20.35:424][  0]LogConfig: Applying CVar settings from Section [AntiAliasingQuality@3] File [D:/Test/SnakeGame/Saved/Config/Windows/Scalability.ini]
[2024.07.17-15.20.35:424][  0]LogConfig: Setting CVar [[r.PostProcessAAQuality:4]]
[2024.07.17-15.20.35:424][  0]LogConfig: Applying CVar settings from Section [ShadowQuality@3] File [D:/Test/SnakeGame/Saved/Config/Windows/Scalability.ini]
[2024.07.17-15.20.35:424][  0]LogConfig: Setting CVar [[r.LightFunctionQuality:1]]
[2024.07.17-15.20.35:424][  0]LogConfig: Setting CVar [[r.ShadowQuality:5]]
[2024.07.17-15.20.35:424][  0]LogConfig: Setting CVar [[r.Shadow.CSM.MaxCascades:10]]
[2024.07.17-15.20.35:424][  0]LogConfig: Setting CVar [[r.Shadow.MaxResolution:2048]]
[2024.07.17-15.20.35:424][  0]LogConfig: Setting CVar [[r.Shadow.MaxCSMResolution:2048]]
[2024.07.17-15.20.35:424][  0]LogConfig: Setting CVar [[r.Shadow.RadiusThreshold:0.01]]
[2024.07.17-15.20.35:424][  0]LogConfig: Setting CVar [[r.Shadow.DistanceScale:1.0]]
[2024.07.17-15.20.35:424][  0]LogConfig: Setting CVar [[r.Shadow.CSM.TransitionScale:1.0]]
[2024.07.17-15.20.35:424][  0]LogConfig: Setting CVar [[r.Shadow.PreShadowResolutionFactor:1.0]]
[2024.07.17-15.20.35:424][  0]LogConfig: Setting CVar [[r.DistanceFieldShadowing:1]]
[2024.07.17-15.20.35:424][  0]LogConfig: Setting CVar [[r.DistanceFieldAO:1]]
[2024.07.17-15.20.35:424][  0]LogConfig: Setting CVar [[r.AOQuality:2]]
[2024.07.17-15.20.35:424][  0]LogConfig: Setting CVar [[r.VolumetricFog:1]]
[2024.07.17-15.20.35:424][  0]LogConfig: Setting CVar [[r.VolumetricFog.GridPixelSize:8]]
[2024.07.17-15.20.35:424][  0]LogConfig: Setting CVar [[r.VolumetricFog.GridSizeZ:128]]
[2024.07.17-15.20.35:424][  0]LogConfig: Setting CVar [[r.VolumetricFog.HistoryMissSupersampleCount:4]]
[2024.07.17-15.20.35:424][  0]LogConfig: Setting CVar [[r.LightMaxDrawDistanceScale:1]]
[2024.07.17-15.20.35:424][  0]LogConfig: Setting CVar [[r.CapsuleShadows:1]]
[2024.07.17-15.20.35:424][  0]LogConfig: Applying CVar settings from Section [PostProcessQuality@3] File [D:/Test/SnakeGame/Saved/Config/Windows/Scalability.ini]
[2024.07.17-15.20.35:424][  0]LogConfig: Setting CVar [[r.MotionBlurQuality:4]]
[2024.07.17-15.20.35:424][  0]LogConfig: Setting CVar [[r.AmbientOcclusionMipLevelFactor:0.4]]
[2024.07.17-15.20.35:424][  0]LogConfig: Setting CVar [[r.AmbientOcclusionMaxQuality:100]]
[2024.07.17-15.20.35:424][  0]LogConfig: Setting CVar [[r.AmbientOcclusionLevels:-1]]
[2024.07.17-15.20.35:424][  0]LogConfig: Setting CVar [[r.AmbientOcclusionRadiusScale:1.0]]
[2024.07.17-15.20.35:424][  0]LogConfig: Setting CVar [[r.DepthOfFieldQuality:2]]
[2024.07.17-15.20.35:424][  0]LogConfig: Setting CVar [[r.RenderTargetPoolMin:400]]
[2024.07.17-15.20.35:424][  0]LogConfig: Setting CVar [[r.LensFlareQuality:2]]
[2024.07.17-15.20.35:424][  0]LogConfig: Setting CVar [[r.SceneColorFringeQuality:1]]
[2024.07.17-15.20.35:424][  0]LogConfig: Setting CVar [[r.EyeAdaptationQuality:2]]
[2024.07.17-15.20.35:424][  0]LogConfig: Setting CVar [[r.BloomQuality:5]]
[2024.07.17-15.20.35:424][  0]LogConfig: Setting CVar [[r.FastBlurThreshold:100]]
[2024.07.17-15.20.35:424][  0]LogConfig: Setting CVar [[r.Upscale.Quality:3]]
[2024.07.17-15.20.35:424][  0]LogConfig: Setting CVar [[r.Tonemapper.GrainQuantization:1]]
[2024.07.17-15.20.35:424][  0]LogConfig: Setting CVar [[r.LightShaftQuality:1]]
[2024.07.17-15.20.35:424][  0]LogConfig: Setting CVar [[r.Filter.SizeScale:1]]
[2024.07.17-15.20.35:424][  0]LogConfig: Setting CVar [[r.Tonemapper.Quality:5]]
[2024.07.17-15.20.35:424][  0]LogConfig: Setting CVar [[r.DOF.Gather.AccumulatorQuality:1        ; higher gathering accumulator quality]]
[2024.07.17-15.20.35:424][  0]LogConfig: Setting CVar [[r.DOF.Gather.PostfilterMethod:1          ; Median3x3 postfilering method]]
[2024.07.17-15.20.35:424][  0]LogConfig: Setting CVar [[r.DOF.Gather.EnableBokehSettings:0       ; no bokeh simulation when gathering]]
[2024.07.17-15.20.35:424][  0]LogConfig: Setting CVar [[r.DOF.Gather.RingCount:4                 ; medium number of samples when gathering]]
[2024.07.17-15.20.35:424][  0]LogConfig: Setting CVar [[r.DOF.Scatter.ForegroundCompositing:1    ; additive foreground scattering]]
[2024.07.17-15.20.35:424][  0]LogConfig: Setting CVar [[r.DOF.Scatter.BackgroundCompositing:2    ; additive background scattering]]
[2024.07.17-15.20.35:424][  0]LogConfig: Setting CVar [[r.DOF.Scatter.EnableBokehSettings:1      ; bokeh simulation when scattering]]
[2024.07.17-15.20.35:424][  0]LogConfig: Setting CVar [[r.DOF.Scatter.MaxSpriteRatio:0.1         ; only a maximum of 10% of scattered bokeh]]
[2024.07.17-15.20.35:424][  0]LogConfig: Setting CVar [[r.DOF.Recombine.Quality:1                ; cheap slight out of focus]]
[2024.07.17-15.20.35:424][  0]LogConfig: Setting CVar [[r.DOF.Recombine.EnableBokehSettings:0    ; no bokeh simulation on slight out of focus]]
[2024.07.17-15.20.35:424][  0]LogConfig: Setting CVar [[r.DOF.TemporalAAQuality:1                ; more stable temporal accumulation]]
[2024.07.17-15.20.35:424][  0]LogConfig: Setting CVar [[r.DOF.Kernel.MaxForegroundRadius:0.025]]
[2024.07.17-15.20.35:424][  0]LogConfig: Setting CVar [[r.DOF.Kernel.MaxBackgroundRadius:0.025]]
[2024.07.17-15.20.35:424][  0]LogConfig: Applying CVar settings from Section [TextureQuality@3] File [D:/Test/SnakeGame/Saved/Config/Windows/Scalability.ini]
[2024.07.17-15.20.35:424][  0]LogConfig: Setting CVar [[r.Streaming.MipBias:0]]
[2024.07.17-15.20.35:424][  0]LogConfig: Setting CVar [[r.Streaming.AmortizeCPUToGPUCopy:0]]
[2024.07.17-15.20.35:424][  0]LogConfig: Setting CVar [[r.Streaming.MaxNumTexturesToStreamPerFrame:0]]
[2024.07.17-15.20.35:424][  0]LogConfig: Setting CVar [[r.Streaming.Boost:1]]
[2024.07.17-15.20.35:424][  0]LogConfig: Setting CVar [[r.MaxAnisotropy:8]]
[2024.07.17-15.20.35:424][  0]LogConfig: Setting CVar [[r.VT.MaxAnisotropy:8]]
[2024.07.17-15.20.35:424][  0]LogConfig: Setting CVar [[r.Streaming.LimitPoolSizeToVRAM:0]]
[2024.07.17-15.20.35:424][  0]LogConfig: Setting CVar [[r.Streaming.PoolSize:1000]]
[2024.07.17-15.20.35:424][  0]LogConfig: Setting CVar [[r.Streaming.MaxEffectiveScreenSize:0]]
[2024.07.17-15.20.35:424][  0]LogConfig: Applying CVar settings from Section [EffectsQuality@3] File [D:/Test/SnakeGame/Saved/Config/Windows/Scalability.ini]
[2024.07.17-15.20.35:424][  0]LogConfig: Setting CVar [[r.TranslucencyLightingVolumeDim:64]]
[2024.07.17-15.20.35:424][  0]LogConfig: Setting CVar [[r.RefractionQuality:2]]
[2024.07.17-15.20.35:424][  0]LogConfig: Setting CVar [[r.SSR.Quality:3]]
[2024.07.17-15.20.35:424][  0]LogConfig: Setting CVar [[r.SSR.HalfResSceneColor:0]]
[2024.07.17-15.20.35:424][  0]LogConfig: Setting CVar [[r.SceneColorFormat:4]]
[2024.07.17-15.20.35:424][  0]LogConfig: Setting CVar [[r.DetailMode:2]]
[2024.07.17-15.20.35:424][  0]LogConfig: Setting CVar [[r.TranslucencyVolumeBlur:1]]
[2024.07.17-15.20.35:424][  0]LogConfig: Setting CVar [[r.MaterialQualityLevel:1 ; High quality]]
[2024.07.17-15.20.35:424][  0]LogConfig: Setting CVar [[r.AnisotropicMaterials:1]]
[2024.07.17-15.20.35:424][  0]LogConfig: Setting CVar [[r.SSS.Scale:1]]
[2024.07.17-15.20.35:424][  0]LogConfig: Setting CVar [[r.SSS.SampleSet:2]]
[2024.07.17-15.20.35:424][  0]LogConfig: Setting CVar [[r.SSS.Quality:1]]
[2024.07.17-15.20.35:424][  0]LogConfig: Setting CVar [[r.SSS.HalfRes:0]]
[2024.07.17-15.20.35:424][  0]LogConfig: Setting CVar [[r.SSGI.Quality:3]]
[2024.07.17-15.20.35:424][  0]LogConfig: Setting CVar [[r.EmitterSpawnRateScale:1.0]]
[2024.07.17-15.20.35:424][  0]LogConfig: Setting CVar [[r.ParticleLightQuality:2]]
[2024.07.17-15.20.35:424][  0]LogConfig: Setting CVar [[r.SkyAtmosphere.AerialPerspectiveLUT.FastApplyOnOpaque:1 ; Always have FastSkyLUT 1 in this case to avoid wrong sky]]
[2024.07.17-15.20.35:425][  0]LogConfig: Setting CVar [[r.SkyAtmosphere.AerialPerspectiveLUT.SampleCountMaxPerSlice:4]]
[2024.07.17-15.20.35:425][  0]LogConfig: Setting CVar [[r.SkyAtmosphere.AerialPerspectiveLUT.DepthResolution:16.0]]
[2024.07.17-15.20.35:425][  0]LogConfig: Setting CVar [[r.SkyAtmosphere.FastSkyLUT:1]]
[2024.07.17-15.20.35:425][  0]LogConfig: Setting CVar [[r.SkyAtmosphere.FastSkyLUT.SampleCountMin:4.0]]
[2024.07.17-15.20.35:425][  0]LogConfig: Setting CVar [[r.SkyAtmosphere.FastSkyLUT.SampleCountMax:128.0]]
[2024.07.17-15.20.35:425][  0]LogConfig: Setting CVar [[r.SkyAtmosphere.SampleCountMin:4.0]]
[2024.07.17-15.20.35:425][  0]LogConfig: Setting CVar [[r.SkyAtmosphere.SampleCountMax:128.0]]
[2024.07.17-15.20.35:425][  0]LogConfig: Setting CVar [[r.SkyAtmosphere.TransmittanceLUT.UseSmallFormat:0]]
[2024.07.17-15.20.35:425][  0]LogConfig: Setting CVar [[r.SkyAtmosphere.TransmittanceLUT.SampleCount:10.0]]
[2024.07.17-15.20.35:425][  0]LogConfig: Setting CVar [[r.SkyAtmosphere.MultiScatteringLUT.SampleCount:15.0]]
[2024.07.17-15.20.35:425][  0]LogConfig: Setting CVar [[r.SkyLight.RealTimeReflectionCapture:1]]
[2024.07.17-15.20.35:425][  0]LogConfig: Applying CVar settings from Section [FoliageQuality@3] File [D:/Test/SnakeGame/Saved/Config/Windows/Scalability.ini]
[2024.07.17-15.20.35:425][  0]LogConfig: Setting CVar [[foliage.DensityScale:1.0]]
[2024.07.17-15.20.35:425][  0]LogConfig: Setting CVar [[grass.DensityScale:1.0]]
[2024.07.17-15.20.35:425][  0]LogConfig: Applying CVar settings from Section [ShadingQuality@3] File [D:/Test/SnakeGame/Saved/Config/Windows/Scalability.ini]
[2024.07.17-15.20.35:425][  0]LogConfig: Setting CVar [[r.HairStrands.SkyLighting.IntegrationType:2]]
[2024.07.17-15.20.35:425][  0]LogConfig: Setting CVar [[r.HairStrands.SkyAO.SampleCount:4]]
[2024.07.17-15.20.35:425][  0]LogConfig: Setting CVar [[r.HairStrands.Visibility.MSAA.SamplePerPixel:4]]
[2024.07.17-15.20.35:425][  0]LogInit: Selected Device Profile: [Windows]
[2024.07.17-15.20.35:425][  0]LogInit: Applying CVar settings loaded from the selected device profile: [Windows]
[2024.07.17-15.20.35:425][  0]LogHAL: Display: Platform has ~ 16 GB [17017065472 / 17179869184 / 16], which maps to Larger [LargestMinGB=32, LargerMinGB=12, DefaultMinGB=8, SmallerMinGB=6, SmallestMinGB=0)
[2024.07.17-15.20.35:425][  0]LogInit: Going up to parent DeviceProfile []
[2024.07.17-15.20.35:425][  0]LogConfig: Applying CVar settings from Section [ViewDistanceQuality@3] File [D:/Test/SnakeGame/Saved/Config/Windows/Scalability.ini]
[2024.07.17-15.20.35:425][  0]LogConfig: Setting CVar [[r.SkeletalMeshLODBias:0]]
[2024.07.17-15.20.35:425][  0]LogConfig: Setting CVar [[r.ViewDistanceScale:1.0]]
[2024.07.17-15.20.35:425][  0]LogConfig: Applying CVar settings from Section [AntiAliasingQuality@3] File [D:/Test/SnakeGame/Saved/Config/Windows/Scalability.ini]
[2024.07.17-15.20.35:425][  0]LogConfig: Setting CVar [[r.PostProcessAAQuality:4]]
[2024.07.17-15.20.35:425][  0]LogConfig: Applying CVar settings from Section [ShadowQuality@3] File [D:/Test/SnakeGame/Saved/Config/Windows/Scalability.ini]
[2024.07.17-15.20.35:425][  0]LogConfig: Setting CVar [[r.LightFunctionQuality:1]]
[2024.07.17-15.20.35:425][  0]LogConfig: Setting CVar [[r.ShadowQuality:5]]
[2024.07.17-15.20.35:425][  0]LogConfig: Setting CVar [[r.Shadow.CSM.MaxCascades:10]]
[2024.07.17-15.20.35:425][  0]LogConfig: Setting CVar [[r.Shadow.MaxResolution:2048]]
[2024.07.17-15.20.35:425][  0]LogConfig: Setting CVar [[r.Shadow.MaxCSMResolution:2048]]
[2024.07.17-15.20.35:425][  0]LogConfig: Setting CVar [[r.Shadow.RadiusThreshold:0.01]]
[2024.07.17-15.20.35:425][  0]LogConfig: Setting CVar [[r.Shadow.DistanceScale:1.0]]
[2024.07.17-15.20.35:425][  0]LogConfig: Setting CVar [[r.Shadow.CSM.TransitionScale:1.0]]
[2024.07.17-15.20.35:425][  0]LogConfig: Setting CVar [[r.Shadow.PreShadowResolutionFactor:1.0]]
[2024.07.17-15.20.35:425][  0]LogConfig: Setting CVar [[r.DistanceFieldShadowing:1]]
[2024.07.17-15.20.35:425][  0]LogConfig: Setting CVar [[r.DistanceFieldAO:1]]
[2024.07.17-15.20.35:425][  0]LogConfig: Setting CVar [[r.AOQuality:2]]
[2024.07.17-15.20.35:425][  0]LogConfig: Setting CVar [[r.VolumetricFog:1]]
[2024.07.17-15.20.35:425][  0]LogConfig: Setting CVar [[r.VolumetricFog.GridPixelSize:8]]
[2024.07.17-15.20.35:425][  0]LogConfig: Setting CVar [[r.VolumetricFog.GridSizeZ:128]]
[2024.07.17-15.20.35:425][  0]LogConfig: Setting CVar [[r.VolumetricFog.HistoryMissSupersampleCount:4]]
[2024.07.17-15.20.35:425][  0]LogConfig: Setting CVar [[r.LightMaxDrawDistanceScale:1]]
[2024.07.17-15.20.35:425][  0]LogConfig: Setting CVar [[r.CapsuleShadows:1]]
[2024.07.17-15.20.35:425][  0]LogConfig: Applying CVar settings from Section [PostProcessQuality@3] File [D:/Test/SnakeGame/Saved/Config/Windows/Scalability.ini]
[2024.07.17-15.20.35:425][  0]LogConfig: Setting CVar [[r.MotionBlurQuality:4]]
[2024.07.17-15.20.35:425][  0]LogConfig: Setting CVar [[r.AmbientOcclusionMipLevelFactor:0.4]]
[2024.07.17-15.20.35:425][  0]LogConfig: Setting CVar [[r.AmbientOcclusionMaxQuality:100]]
[2024.07.17-15.20.35:425][  0]LogConfig: Setting CVar [[r.AmbientOcclusionLevels:-1]]
[2024.07.17-15.20.35:425][  0]LogConfig: Setting CVar [[r.AmbientOcclusionRadiusScale:1.0]]
[2024.07.17-15.20.35:425][  0]LogConfig: Setting CVar [[r.DepthOfFieldQuality:2]]
[2024.07.17-15.20.35:425][  0]LogConfig: Setting CVar [[r.RenderTargetPoolMin:400]]
[2024.07.17-15.20.35:425][  0]LogConfig: Setting CVar [[r.LensFlareQuality:2]]
[2024.07.17-15.20.35:425][  0]LogConfig: Setting CVar [[r.SceneColorFringeQuality:1]]
[2024.07.17-15.20.35:425][  0]LogConfig: Setting CVar [[r.EyeAdaptationQuality:2]]
[2024.07.17-15.20.35:425][  0]LogConfig: Setting CVar [[r.BloomQuality:5]]
[2024.07.17-15.20.35:425][  0]LogConfig: Setting CVar [[r.FastBlurThreshold:100]]
[2024.07.17-15.20.35:425][  0]LogConfig: Setting CVar [[r.Upscale.Quality:3]]
[2024.07.17-15.20.35:425][  0]LogConfig: Setting CVar [[r.Tonemapper.GrainQuantization:1]]
[2024.07.17-15.20.35:425][  0]LogConfig: Setting CVar [[r.LightShaftQuality:1]]
[2024.07.17-15.20.35:425][  0]LogConfig: Setting CVar [[r.Filter.SizeScale:1]]
[2024.07.17-15.20.35:425][  0]LogConfig: Setting CVar [[r.Tonemapper.Quality:5]]
[2024.07.17-15.20.35:425][  0]LogConfig: Setting CVar [[r.DOF.Gather.AccumulatorQuality:1        ; higher gathering accumulator quality]]
[2024.07.17-15.20.35:425][  0]LogConfig: Setting CVar [[r.DOF.Gather.PostfilterMethod:1          ; Median3x3 postfilering method]]
[2024.07.17-15.20.35:425][  0]LogConfig: Setting CVar [[r.DOF.Gather.EnableBokehSettings:0       ; no bokeh simulation when gathering]]
[2024.07.17-15.20.35:425][  0]LogConfig: Setting CVar [[r.DOF.Gather.RingCount:4                 ; medium number of samples when gathering]]
[2024.07.17-15.20.35:425][  0]LogConfig: Setting CVar [[r.DOF.Scatter.ForegroundCompositing:1    ; additive foreground scattering]]
[2024.07.17-15.20.35:425][  0]LogConfig: Setting CVar [[r.DOF.Scatter.BackgroundCompositing:2    ; additive background scattering]]
[2024.07.17-15.20.35:425][  0]LogConfig: Setting CVar [[r.DOF.Scatter.EnableBokehSettings:1      ; bokeh simulation when scattering]]
[2024.07.17-15.20.35:425][  0]LogConfig: Setting CVar [[r.DOF.Scatter.MaxSpriteRatio:0.1         ; only a maximum of 10% of scattered bokeh]]
[2024.07.17-15.20.35:425][  0]LogConfig: Setting CVar [[r.DOF.Recombine.Quality:1                ; cheap slight out of focus]]
[2024.07.17-15.20.35:426][  0]LogConfig: Setting CVar [[r.DOF.Recombine.EnableBokehSettings:0    ; no bokeh simulation on slight out of focus]]
[2024.07.17-15.20.35:426][  0]LogConfig: Setting CVar [[r.DOF.TemporalAAQuality:1                ; more stable temporal accumulation]]
[2024.07.17-15.20.35:426][  0]LogConfig: Setting CVar [[r.DOF.Kernel.MaxForegroundRadius:0.025]]
[2024.07.17-15.20.35:426][  0]LogConfig: Setting CVar [[r.DOF.Kernel.MaxBackgroundRadius:0.025]]
[2024.07.17-15.20.35:426][  0]LogConfig: Applying CVar settings from Section [TextureQuality@3] File [D:/Test/SnakeGame/Saved/Config/Windows/Scalability.ini]
[2024.07.17-15.20.35:426][  0]LogConfig: Setting CVar [[r.Streaming.MipBias:0]]
[2024.07.17-15.20.35:426][  0]LogConfig: Setting CVar [[r.Streaming.AmortizeCPUToGPUCopy:0]]
[2024.07.17-15.20.35:426][  0]LogConfig: Setting CVar [[r.Streaming.MaxNumTexturesToStreamPerFrame:0]]
[2024.07.17-15.20.35:426][  0]LogConfig: Setting CVar [[r.Streaming.Boost:1]]
[2024.07.17-15.20.35:426][  0]LogConfig: Setting CVar [[r.MaxAnisotropy:8]]
[2024.07.17-15.20.35:426][  0]LogConfig: Setting CVar [[r.VT.MaxAnisotropy:8]]
[2024.07.17-15.20.35:426][  0]LogConfig: Setting CVar [[r.Streaming.LimitPoolSizeToVRAM:0]]
[2024.07.17-15.20.35:426][  0]LogConfig: Setting CVar [[r.Streaming.PoolSize:1000]]
[2024.07.17-15.20.35:426][  0]LogConfig: Setting CVar [[r.Streaming.MaxEffectiveScreenSize:0]]
[2024.07.17-15.20.35:426][  0]LogConfig: Applying CVar settings from Section [EffectsQuality@3] File [D:/Test/SnakeGame/Saved/Config/Windows/Scalability.ini]
[2024.07.17-15.20.35:426][  0]LogConfig: Setting CVar [[r.TranslucencyLightingVolumeDim:64]]
[2024.07.17-15.20.35:426][  0]LogConfig: Setting CVar [[r.RefractionQuality:2]]
[2024.07.17-15.20.35:426][  0]LogConfig: Setting CVar [[r.SSR.Quality:3]]
[2024.07.17-15.20.35:426][  0]LogConfig: Setting CVar [[r.SSR.HalfResSceneColor:0]]
[2024.07.17-15.20.35:426][  0]LogConfig: Setting CVar [[r.SceneColorFormat:4]]
[2024.07.17-15.20.35:426][  0]LogConfig: Setting CVar [[r.DetailMode:2]]
[2024.07.17-15.20.35:426][  0]LogConfig: Setting CVar [[r.TranslucencyVolumeBlur:1]]
[2024.07.17-15.20.35:426][  0]LogConfig: Setting CVar [[r.MaterialQualityLevel:1 ; High quality]]
[2024.07.17-15.20.35:426][  0]LogConfig: Setting CVar [[r.AnisotropicMaterials:1]]
[2024.07.17-15.20.35:426][  0]LogConfig: Setting CVar [[r.SSS.Scale:1]]
[2024.07.17-15.20.35:426][  0]LogConfig: Setting CVar [[r.SSS.SampleSet:2]]
[2024.07.17-15.20.35:426][  0]LogConfig: Setting CVar [[r.SSS.Quality:1]]
[2024.07.17-15.20.35:426][  0]LogConfig: Setting CVar [[r.SSS.HalfRes:0]]
[2024.07.17-15.20.35:426][  0]LogConfig: Setting CVar [[r.SSGI.Quality:3]]
[2024.07.17-15.20.35:426][  0]LogConfig: Setting CVar [[r.EmitterSpawnRateScale:1.0]]
[2024.07.17-15.20.35:426][  0]LogConfig: Setting CVar [[r.ParticleLightQuality:2]]
[2024.07.17-15.20.35:426][  0]LogConfig: Setting CVar [[r.SkyAtmosphere.AerialPerspectiveLUT.FastApplyOnOpaque:1 ; Always have FastSkyLUT 1 in this case to avoid wrong sky]]
[2024.07.17-15.20.35:426][  0]LogConfig: Setting CVar [[r.SkyAtmosphere.AerialPerspectiveLUT.SampleCountMaxPerSlice:4]]
[2024.07.17-15.20.35:426][  0]LogConfig: Setting CVar [[r.SkyAtmosphere.AerialPerspectiveLUT.DepthResolution:16.0]]
[2024.07.17-15.20.35:426][  0]LogConfig: Setting CVar [[r.SkyAtmosphere.FastSkyLUT:1]]
[2024.07.17-15.20.35:426][  0]LogConfig: Setting CVar [[r.SkyAtmosphere.FastSkyLUT.SampleCountMin:4.0]]
[2024.07.17-15.20.35:426][  0]LogConfig: Setting CVar [[r.SkyAtmosphere.FastSkyLUT.SampleCountMax:128.0]]
[2024.07.17-15.20.35:426][  0]LogConfig: Setting CVar [[r.SkyAtmosphere.SampleCountMin:4.0]]
[2024.07.17-15.20.35:426][  0]LogConfig: Setting CVar [[r.SkyAtmosphere.SampleCountMax:128.0]]
[2024.07.17-15.20.35:426][  0]LogConfig: Setting CVar [[r.SkyAtmosphere.TransmittanceLUT.UseSmallFormat:0]]
[2024.07.17-15.20.35:426][  0]LogConfig: Setting CVar [[r.SkyAtmosphere.TransmittanceLUT.SampleCount:10.0]]
[2024.07.17-15.20.35:426][  0]LogConfig: Setting CVar [[r.SkyAtmosphere.MultiScatteringLUT.SampleCount:15.0]]
[2024.07.17-15.20.35:426][  0]LogConfig: Setting CVar [[r.SkyLight.RealTimeReflectionCapture:1]]
[2024.07.17-15.20.35:426][  0]LogConfig: Applying CVar settings from Section [FoliageQuality@3] File [D:/Test/SnakeGame/Saved/Config/Windows/Scalability.ini]
[2024.07.17-15.20.35:426][  0]LogConfig: Setting CVar [[foliage.DensityScale:1.0]]
[2024.07.17-15.20.35:426][  0]LogConfig: Setting CVar [[grass.DensityScale:1.0]]
[2024.07.17-15.20.35:426][  0]LogConfig: Applying CVar settings from Section [ShadingQuality@3] File [D:/Test/SnakeGame/Saved/Config/Windows/Scalability.ini]
[2024.07.17-15.20.35:426][  0]LogConfig: Setting CVar [[r.HairStrands.SkyLighting.IntegrationType:2]]
[2024.07.17-15.20.35:426][  0]LogConfig: Setting CVar [[r.HairStrands.SkyAO.SampleCount:4]]
[2024.07.17-15.20.35:426][  0]LogConfig: Setting CVar [[r.HairStrands.Visibility.MSAA.SamplePerPixel:4]]
[2024.07.17-15.20.35:426][  0]LogConfig: Applying CVar settings from Section [Startup] File [../../../Engine/Config/ConsoleVariables.ini]
[2024.07.17-15.20.35:426][  0]LogConfig: Setting CVar [[net.UseAdaptiveNetUpdateFrequency:0]]
[2024.07.17-15.20.35:426][  0]LogConfig: Setting CVar [[p.chaos.AllowCreatePhysxBodies:1]]
[2024.07.17-15.20.35:426][  0]LogConfig: Setting CVar [[fx.SkipVectorVMBackendOptimizations:1]]
[2024.07.17-15.20.35:426][  0]LogConfig: Applying CVar settings from Section [ConsoleVariables] File [D:/Test/SnakeGame/Saved/Config/Windows/Engine.ini]
[2024.07.17-15.20.35:426][  0]LogConfig: Applying CVar settings from Section [ConsoleVariables] File [D:/Test/SnakeGame/Saved/Config/Windows/Editor.ini]
[2024.07.17-15.20.35:427][  0]LogInit: Computer: MYKORSAR-PC
[2024.07.17-15.20.35:427][  0]LogInit: User: mykor
[2024.07.17-15.20.35:427][  0]LogInit: CPU Page size=4096, Cores=4
[2024.07.17-15.20.35:427][  0]LogInit: High frequency timer resolution =10.000000 MHz
[2024.07.17-15.20.35:427][  0]LogMemory: Memory total: Physical=15.8GB (16GB approx)
[2024.07.17-15.20.35:427][  0]LogMemory: Platform Memory Stats for Windows
[2024.07.17-15.20.35:427][  0]LogMemory: Process Physical Memory: 136.20 MB used, 136.21 MB peak
[2024.07.17-15.20.35:427][  0]LogMemory: Process Virtual Memory: 114.07 MB used, 114.07 MB peak
[2024.07.17-15.20.35:427][  0]LogMemory: Physical Memory: 11366.07 MB used,  4862.66 MB free, 16228.74 MB total
[2024.07.17-15.20.35:427][  0]LogMemory: Virtual Memory: 134211216.00 MB used,  6511.28 MB free, 134217728.00 MB total
[2024.07.17-15.20.35:432][  0]LogWindows: WindowsPlatformFeatures enabled
[2024.07.17-15.20.35:476][  0]LogInit: Physics initialised using underlying interface: PhysX
[2024.07.17-15.20.35:477][  0]LogInit: Using OS detected language (ru-RU).
[2024.07.17-15.20.35:477][  0]LogInit: Using OS detected locale (ru-RU).
[2024.07.17-15.20.35:478][  0]LogTextLocalizationManager: No specific localization for 'ru-RU' exists, so the 'ru' localization will be used.
[2024.07.17-15.20.35:480][  0]LogTextLocalizationResource: LocRes '../../../Engine/Content/Localization/Editor/ru/Editor.locres' could not be opened for reading!
[2024.07.17-15.20.35:480][  0]LogTextLocalizationResource: LocRes '../../../Engine/Content/Localization/EditorTutorials/ru/EditorTutorials.locres' could not be opened for reading!
[2024.07.17-15.20.35:480][  0]LogTextLocalizationResource: LocRes '../../../Engine/Content/Localization/Keywords/ru/Keywords.locres' could not be opened for reading!
[2024.07.17-15.20.35:480][  0]LogTextLocalizationResource: LocRes '../../../Engine/Content/Localization/Category/ru/Category.locres' could not be opened for reading!
[2024.07.17-15.20.35:480][  0]LogTextLocalizationResource: LocRes '../../../Engine/Content/Localization/ToolTips/ru/ToolTips.locres' could not be opened for reading!
[2024.07.17-15.20.35:480][  0]LogTextLocalizationResource: LocRes '../../../Engine/Content/Localization/PropertyNames/ru/PropertyNames.locres' could not be opened for reading!
[2024.07.17-15.20.35:480][  0]LogTextLocalizationResource: LocRes '../../../Engine/Content/Localization/Engine/ru/Engine.locres' could not be opened for reading!
[2024.07.17-15.20.35:490][  0]LogWindowsTextInputMethodSystem: Display: IME system deactivated.
[2024.07.17-15.20.35:512][  0]LogSlate: New Slate User Created.  User Index 0, Is Virtual User: 0
[2024.07.17-15.20.35:512][  0]LogSlate: Slate User Registered.  User Index 0, Is Virtual User: 0
[2024.07.17-15.20.35:526][  0]LogD3D11RHI: Loaded GFSDK_Aftermath_Lib.x64.dll
[2024.07.17-15.20.35:529][  0]LogHMD: Failed to initialize OpenVR with code 110
[2024.07.17-15.20.35:529][  0]LogD3D11RHI: D3D11 min allowed feature level: 11_0
[2024.07.17-15.20.35:529][  0]LogD3D11RHI: D3D11 max allowed feature level: 11_0
[2024.07.17-15.20.35:529][  0]LogD3D11RHI: D3D11 adapters:
[2024.07.17-15.20.35:680][  0]LogD3D11RHI:    0. 'NVIDIA GeForce GTX 1660' (Feature Level 11_0)
[2024.07.17-15.20.35:680][  0]LogD3D11RHI:       5966/0/8114 MB DedicatedVideo/DedicatedSystem/SharedSystem, Outputs:1, VendorId:0x10de
[2024.07.17-15.20.35:686][  0]LogD3D11RHI:    1. 'Intel(R) HD Graphics 4600' (Feature Level 11_0)
[2024.07.17-15.20.35:686][  0]LogD3D11RHI:       112/0/2048 MB DedicatedVideo/DedicatedSystem/SharedSystem, Outputs:0, VendorId:0x8086
[2024.07.17-15.20.35:688][  0]LogD3D11RHI:    2. 'Microsoft Basic Render Driver' (Feature Level 11_0)
[2024.07.17-15.20.35:688][  0]LogD3D11RHI:       0/0/8114 MB DedicatedVideo/DedicatedSystem/SharedSystem, Outputs:0, VendorId:0x1414
[2024.07.17-15.20.35:688][  0]LogD3D11RHI: Chosen D3D11 Adapter:
[2024.07.17-15.20.35:688][  0]LogD3D11RHI:     Description : NVIDIA GeForce GTX 1660
[2024.07.17-15.20.35:688][  0]LogD3D11RHI:     VendorId    : 10de
[2024.07.17-15.20.35:688][  0]LogD3D11RHI:     DeviceId    : 2184
[2024.07.17-15.20.35:688][  0]LogD3D11RHI:     SubSysId    : 218410de
[2024.07.17-15.20.35:688][  0]LogD3D11RHI:     Revision    : 00a1
[2024.07.17-15.20.35:688][  0]LogD3D11RHI:     DedicatedVideoMemory : 6255804416 bytes
[2024.07.17-15.20.35:688][  0]LogD3D11RHI:     DedicatedSystemMemory : 0 bytes
[2024.07.17-15.20.35:688][  0]LogD3D11RHI:     SharedSystemMemory : 8508532736 bytes
[2024.07.17-15.20.35:688][  0]LogD3D11RHI:     AdapterLuid : 0 50443
[2024.07.17-15.20.35:695][  0]LogD3D11RHI: Creating new Direct3DDevice
[2024.07.17-15.20.35:695][  0]LogD3D11RHI:     GPU DeviceId: 0x2184 (for the marketing name, search the web for "GPU Device Id")
[2024.07.17-15.20.35:695][  0]LogWindows: EnumDisplayDevices:
[2024.07.17-15.20.35:695][  0]LogWindows:    0. 'NVIDIA GeForce GTX 1660' (P:1 D:1)
[2024.07.17-15.20.35:695][  0]LogWindows:    1. 'NVIDIA GeForce GTX 1660' (P:0 D:0)
[2024.07.17-15.20.35:695][  0]LogWindows:    2. 'NVIDIA GeForce GTX 1660' (P:0 D:0)
[2024.07.17-15.20.35:696][  0]LogWindows:    3. 'NVIDIA GeForce GTX 1660' (P:0 D:0)
[2024.07.17-15.20.35:696][  0]LogWindows:    4. 'Intel(R) HD Graphics 4600' (P:0 D:0)
[2024.07.17-15.20.35:696][  0]LogWindows:    5. 'Intel(R) HD Graphics 4600' (P:0 D:0)
[2024.07.17-15.20.35:696][  0]LogWindows:    6. 'Intel(R) HD Graphics 4600' (P:0 D:0)
[2024.07.17-15.20.35:697][  0]LogWindows: DebugString: PrimaryIsNotTheChoosenAdapter PrimaryIsNotTheChoosenAdapter PrimaryIsNotTheChoosenAdapter FoundDriverCount:4 
[2024.07.17-15.20.35:697][  0]LogD3D11RHI:     Adapter Name: NVIDIA GeForce GTX 1660
[2024.07.17-15.20.35:697][  0]LogD3D11RHI:   Driver Version: 556.12 (internal:32.0.15.5612, unified:556.12)
[2024.07.17-15.20.35:697][  0]LogD3D11RHI:      Driver Date: 6-25-2024
[2024.07.17-15.20.35:697][  0]LogRHI: Texture pool is 4176 MB (70% of 5966 MB)
[2024.07.17-15.20.35:697][  0]LogD3D11RHI: Creating D3DDevice using adapter:
[2024.07.17-15.20.35:697][  0]LogD3D11RHI:     Description : NVIDIA GeForce GTX 1660
[2024.07.17-15.20.35:697][  0]LogD3D11RHI:     VendorId    : 10de
[2024.07.17-15.20.35:697][  0]LogD3D11RHI:     DeviceId    : 2184
[2024.07.17-15.20.35:697][  0]LogD3D11RHI:     SubSysId    : 218410de
[2024.07.17-15.20.35:697][  0]LogD3D11RHI:     Revision    : 00a1
[2024.07.17-15.20.35:697][  0]LogD3D11RHI:     DedicatedVideoMemory : 6255804416 bytes
[2024.07.17-15.20.35:697][  0]LogD3D11RHI:     DedicatedSystemMemory : 0 bytes
[2024.07.17-15.20.35:697][  0]LogD3D11RHI:     SharedSystemMemory : 8508532736 bytes
[2024.07.17-15.20.35:697][  0]LogD3D11RHI:     AdapterLuid : 0 50443
[2024.07.17-15.20.35:796][  0]LogD3D11RHI: RHI has support for 64 bit atomics
[2024.07.17-15.20.35:797][  0]LogD3D11RHI: Async texture creation enabled
[2024.07.17-15.20.35:797][  0]LogD3D11RHI: Array index from any shader is supported
[2024.07.17-15.20.35:826][  0]LogD3D11RHI: GPU Timing Frequency: 1000.000000 (Debug: 2 1)
[2024.07.17-15.20.35:870][  0]LogRHI: GeForceNow SDK initialized: 1
[2024.07.17-15.20.36:154][  0]LogTargetPlatformManager: Display: Loaded TargetPlatform 'WindowsNoEditor'
[2024.07.17-15.20.36:158][  0]LogTargetPlatformManager: Display: Loaded TargetPlatform 'Windows'
[2024.07.17-15.20.36:163][  0]LogTargetPlatformManager: Display: Loaded TargetPlatform 'WindowsClient'
[2024.07.17-15.20.36:167][  0]LogTargetPlatformManager: Display: Loaded TargetPlatform 'WindowsServer'
[2024.07.17-15.20.36:167][  0]LogTargetPlatformManager: Display: Building Assets For Windows
[2024.07.17-15.20.36:173][  0]LogAudioDebug: Display: Lib vorbis DLL was dynamically loaded.
[2024.07.17-15.20.36:199][  0]LogTextureFormatOodle: Display: Oodle Texture 2.9.0 init RDO Off
[2024.07.17-15.20.36:228][  0]LogRendererCore: Ray tracing is disabled. Reason: r.RayTracing=0.
[2024.07.17-15.20.36:228][  0]LogShaderCompilers: Guid format shader working directory is 17 characters bigger than the processId version (../../../../../Test/SnakeGame/Intermediate/Shaders/WorkingDirectory/8040/).
[2024.07.17-15.20.36:228][  0]LogShaderCompilers: Cleaned the shader compiler working directory 'C:/Users/mykor/AppData/Local/Temp/UnrealShaderWorkingDir/6D967D0F4C9F809709EDA29169A92C5E/'.
[2024.07.17-15.20.36:228][  0]LogXGEController: Cannot use XGE Controller as Incredibuild is not installed on this machine.
[2024.07.17-15.20.36:229][  0]LogShaderCompilers: Cannot use XGE Shader Compiler as Incredibuild is not installed on this machine.
[2024.07.17-15.20.36:229][  0]LogShaderCompilers: Display: Using Local Shader Compiler.
[2024.07.17-15.20.37:020][  0]LogDerivedDataCache: Display: Max Cache Size: 512 MB
[2024.07.17-15.20.37:086][  0]LogDerivedDataCache: Loaded boot cache 0.07s 94MB C:/Users/mykor/AppData/Local/UnrealEngine/4.27/DerivedDataCache/Boot.ddc.
[2024.07.17-15.20.37:087][  0]LogDerivedDataCache: Display: Loaded Boot cache: C:/Users/mykor/AppData/Local/UnrealEngine/4.27/DerivedDataCache/Boot.ddc
[2024.07.17-15.20.37:087][  0]LogDerivedDataCache: FDerivedDataBackendGraph:  Pak pak cache file ../../../../../Test/SnakeGame/DerivedDataCache/DDC.ddp not found, will not use a pak cache.
[2024.07.17-15.20.37:087][  0]LogDerivedDataCache: Unable to find inner node Pak for hierarchical cache Hierarchy.
[2024.07.17-15.20.37:087][  0]LogDerivedDataCache: FDerivedDataBackendGraph:  CompressedPak pak cache file ../../../../../Test/SnakeGame/DerivedDataCache/Compressed.ddp not found, will not use a pak cache.
[2024.07.17-15.20.37:087][  0]LogDerivedDataCache: Unable to find inner node CompressedPak for hierarchical cache Hierarchy.
[2024.07.17-15.20.37:104][  0]LogDerivedDataCache: Display: Pak cache opened for reading ../../../Engine/DerivedDataCache/Compressed.ddp.
[2024.07.17-15.20.37:104][  0]LogDerivedDataCache: FDerivedDataBackendGraph:  EnterprisePak pak cache file ../../../Enterprise/DerivedDataCache/Compressed.ddp not found, will not use a pak cache.
[2024.07.17-15.20.37:104][  0]LogDerivedDataCache: Unable to find inner node EnterprisePak for hierarchical cache Hierarchy.
[2024.07.17-15.20.37:110][  0]LogDerivedDataCache: Speed tests for C:/Users/mykor/AppData/Local/UnrealEngine/Common/DerivedDataCache took 0.01 seconds
[2024.07.17-15.20.37:110][  0]LogDerivedDataCache: Display: Performance to C:/Users/mykor/AppData/Local/UnrealEngine/Common/DerivedDataCache: Latency=0.03ms. RandomReadSpeed=765.93MBs, RandomWriteSpeed=184.92MBs. Assigned SpeedClass 'Local'
[2024.07.17-15.20.37:111][  0]LogDerivedDataCache: Using Local data cache path C:/Users/mykor/AppData/Local/UnrealEngine/Common/DerivedDataCache: Writable
[2024.07.17-15.20.37:112][  0]LogDerivedDataCache: Shared data cache path not found in *engine.ini, will not use an Shared cache.
[2024.07.17-15.20.37:112][  0]LogDerivedDataCache: Unable to find inner node Shared for hierarchical cache Hierarchy.
[2024.07.17-15.20.37:155][  0]LogSlate: Using FreeType 2.10.0
[2024.07.17-15.20.37:156][  0]LogSlate: SlateFontServices - WITH_FREETYPE: 1, WITH_HARFBUZZ: 1
[2024.07.17-15.20.37:237][  0]LogInit: Using OS detected language (ru-RU).
[2024.07.17-15.20.37:237][  0]LogInit: Using OS detected locale (ru-RU).
[2024.07.17-15.20.37:237][  0]LogTextLocalizationManager: No localization for 'ru-RU' exists, so 'en' will be used for the language.
[2024.07.17-15.20.37:237][  0]LogTextLocalizationManager: No localization for 'ru-RU' exists, so 'en' will be used for the locale.
[2024.07.17-15.20.37:238][  0]LogSlate: FontCache flush requested. Reason: Culture for localization was changed
[2024.07.17-15.20.37:238][  0]LogSlate: FontCache flush requested. Reason: Culture for localization was changed
[2024.07.17-15.20.37:240][  0]LogAssetRegistry: FAssetRegistry took 0.0018 seconds to start up
[2024.07.17-15.20.37:407][  0]LogTextLocalizationManager: Compacting localization data took   0.01ms
[2024.07.17-15.20.37:407][  0]LogPackageLocalizationCache: Processed 27 localized package path(s) for 1 prioritized culture(s) in 0.001195 seconds
[2024.07.17-15.20.37:468][  0]LogInit: Selected Device Profile: [Windows]
[2024.07.17-15.20.37:468][  0]LogInit: Active device profile: [0000015D85ACA800][0000015DFC1D8980 49] Windows
[2024.07.17-15.20.37:468][  0]LogInit: Profiles: [0000015D85ACA800][0000015DFC1D8980 49] Windows, [0000015D85A81A00][0000015DFC1E0B00 49] WindowsNoEditor, [0000015D85AC9900][0000015DFC1E4C80 49] WindowsServer, [0000015D85A80D00][0000015DFC1E8E00 49] WindowsClient, [0000015D85ACAA00][0000015DFC1ECF80 49] IOS, [0000015D85A81E00][0000015DFC1F1100 49] iPadAir, [0000015D85AC9C00][0000015DFC1F5280 49] iPadAir2, [0000015D85A2B500][0000015DFCAC94C0 49] IPadPro, [0000015D85A2B600][0000015DFC1DD500 49] iPadAir3, [0000015D85AC8F00][0000015DFCACD640 49] iPadAir4, [0000015D85A29E00][0000015DFCAD57C0 49] iPadMini2, [0000015D85ACB400][0000015DFCAD9940 49] iPadMini3, [0000015D85A2A000][0000015DFCADDAC0 49] iPadMini4, [0000015D85ACA100][0000015DFCAE00C0 49] iPadMini5, [0000015D85A62E00][0000015DFCAE8380 49] iPhone6, [0000015D85A62F00][0000015DFCAE43C0 49] iPodTouch6, [0000015D85A28D00][0000015DFCAF0680 49] iPhone7, [0000015D85A28B00][0000015DFCAEC6C0 49] iPodTouch7, [0000015D85A61D00][0000015DFCAF4840 49] iPhone5S, [0000015D85A2B800][0000015DFCAF89C0 49] iPhone6Plus, [0000015D85A62100][0000015DFCAFCB40 49] iPhone6S, [0000015D85A29A00][0000015DFCB00CC0 49] iPhone6SPlus, [0000015D85A62000][0000015DFCB04E40 49] iPhone7Plus, [0000015D85A2A100][0000015DFCB08FC0 49] iPhoneSE, [0000015D85A61900][0000015DFCB0D140 49] iPhone8, [0000015D85A2BA00][0000015DFCB112C0 49] iPhone8Plus, [0000015D85A61C00][0000015DFCB15440 49] iPhoneX, [0000015D85A2A500][0000015DFCAD1580 49] iPhoneXS, [0000015D85A63100][0000015DFCB196C0 49] iPhoneXSMax, [0000015D85A2A200][0000015DFCB1D800 49] iPhoneXR, [0000015D85A63800][0000015D80389940 49] iPhone11, [0000015D85A29B00][0000015D80391AC0 49] iPhone11Pro, [0000015D85A61000][0000015D803940C0 49] iPhone11ProMax, [0000015D85A2AD00][0000015D80398240 49] iPhoneSE2, [0000015D85A63E00][0000015D8039C3C0 49] iPhone12Mini, [0000015D85A2B700][0000015D803A0540 49] iPhone12, [0000015D85A62400][0000015D803A46C0 49] iPhone12Pro, [0000015D85A2AF00][0000015D803A8840 49] iPhone12ProMax, [0000015D85A63300][0000015D803AC9C0 49] iPadPro105, [0000015D85A2A900][0000015D803B0B40 49] iPadPro129, [0000015D85A60400][0000015D803B4CC0 49] iPadPro97, [0000015D85A2B100][0000015D803B8E40 49] iPadPro2_129, [0000015D85A60200][0000015D803BCFC0 49] iPad5, [0000015D85A28700][0000015D803C1140 49] iPad6, [0000015D85A61200][0000015D803C52C0 49] iPad7, [0000015D85A2AA00][0000015D803C9440 49] iPad8, [0000015D85A60500][0000015D803CD5C0 49] iPadPro11, [0000015D85A29900][0000015D8038D700 49] iPadPro2_11, [0000015D85A60700][0000015D803D1840 49] iPadPro3_129, [0000015D85B08800][0000015D803D5980 49] iPadPro4_129, [0000015D85A83300][0000015D803D9AC0 49] AppleTV, [0000015D85B08100][0000015D803E00C0 49] AppleTV4K, [0000015D85A82B00][0000015D803E4240 49] TVOS, [0000015D85B08F00][0000015D803E83C0 49] Mac, [0000015D85A80B00][0000015D803EC540 49] MacClient, [0000015D85B08E00][0000015D803F06C0 49] MacNoEditor, [0000015D85A82500][0000015D803F4840 49] MacServer, [0000015D85B08B00][0000015D803F89C0 49] Linux, [0000015D85A83000][0000015D803FCB40 49] LinuxAArch64, [0000015D85B09300][0000015D86030CC0 49] LinuxNoEditor, [0000015D85A81D00][0000015D86034E40 49] LinuxAArch64NoEditor, [0000015D85A2AB00][0000015D86038FC0 49] LinuxClient, [0000015D85A81700][0000015D8603D140 49] LinuxAArch64Client, [0000015D85A28500][0000015D860412C0 49] LinuxServer, [0000015D85A80E00][0000015D86045440 49] LinuxAArch64Server, [0000015D85A28A00][0000015D860495C0 49] Android, [0000015D85A82700][0000015D8604D740 49] Android_Low, [0000015D85A2BB00][0000015D860518C0 49] Android_Mid, [0000015D85A82200][0000015D803DDA00 49] Android_High, [0000015D85A2B000][0000015D86055B40 49] Android_Default, [0000015D85A82800][0000015D86058100 49] Android_Adreno4xx, [0000015D85A2B200][0000015D86060280 49] Android_Adreno5xx_Low, [0000015D85A80700][0000015D86064400 49] Android_Adreno5xx, [0000015D85A29800][0000015D86068580 49] Android_Adreno6xx, [0000015D85A83F00][0000015D8606C700 49] Android_Adreno6xx_Vulkan, [0000015D85A29100][0000015D86070880 49] Android_Mali_T6xx, [0000015D85A82300][0000015D86074A00 49] Android_Mali_T7xx, [0000015D85A29F00][0000015D86078B80 49] Android_Mali_T8xx, [0000015D85A83900][0000015D8607CD00 49] Android_Mali_G71, [0000015D85A2BD00][0000015D86080E80 49] Android_Mali_G72, [0000015D85A80C00][0000015D86085000 49] Android_Mali_G72_Vulkan, [0000015D85A28400][0000015D86089180 49] Android_Mali_G76, [0000015D85A80300][0000015D8608D300 49] Android_Mali_G76_Vulkan, [0000015D85A29200][0000015D86091480 49] Android_Mali_G77, [0000015D85A81200][0000015D86095600 49] Android_Mali_G77_Vulkan, [0000015D85A28C00][0000015D86099780 49] Android_Mali_G78, [0000015D85A82000][0000015D8609D900 49] Android_Mali_G78_Vulkan, [0000015D85A2A700][0000015D860A1A80 49] Android_Mali_G710, [0000015D85A83A00][0000015D8605DBC0 49] Android_Mali_G710_Vulkan, [0000015D85A29400][0000015D860A4180 49] Android_Vulkan_SM5, [0000015D85A80800][0000015D860A82C0 49] Android_PowerVR_G6xxx, [0000015D85A28600][0000015D860B0440 49] Android_PowerVR_GT7xxx, [0000015D85A83200][0000015D860B45C0 49] Android_PowerVR_GE8xxx, [0000015D85A2A300][0000015D860B8740 49] Android_PowerVR_GM9xxx, [0000015D85A63A00][0000015D860BC8C0 49] Android_PowerVR_GM9xxx_Vulkan, [0000015D85AC9000][0000015D860C0A40 49] Android_TegraK1, [0000015D85A62C00][0000015D860C4BC0 49] Android_Unknown_Vulkan, [0000015D85AC8C00][0000015D860C8D40 49] Lumin, [0000015D85A63900][0000015D860CCEC0 49] Lumin_Desktop, [0000015D85ACB800][0000015D860D1040 49] HoloLens, 
[2024.07.17-15.20.37:506][  0]LogMeshReduction: Using QuadricMeshReduction for automatic static mesh reduction
[2024.07.17-15.20.37:506][  0]LogMeshReduction: Using SimplygonMeshReduction for automatic skeletal mesh reduction
[2024.07.17-15.20.37:506][  0]LogMeshReduction: Using ProxyLODMeshReduction for automatic mesh merging
[2024.07.17-15.20.37:506][  0]LogMeshReduction: No distributed automatic mesh merging module available
[2024.07.17-15.20.37:506][  0]LogMeshMerging: No distributed automatic mesh merging module available
[2024.07.17-15.20.37:617][  0]LogNetVersion: SnakeGame 1.0.0, NetCL: 17155196, EngineNetVer: 17, GameNetVer: 0 (Checksum: 3033270002)
[2024.07.17-15.20.37:843][  0]LogTexture: Default maximum texture size for cubemaps generated from long-lat sources has been changed from 512 to unlimited. In order to preserve old behaiour for '/Engine/MapTemplates/Sky/DaylightAmbientCubemap.DaylightAmbientCubemap', its maximum texture size has been explicitly set to 512.
[2024.07.17-15.20.37:902][  0]LogHMD: PokeAHoleMaterial loaded successfully
[2024.07.17-15.20.37:994][  0]LogMoviePlayer: Initializing movie player
[2024.07.17-15.20.38:093][  0]LogPython: Using Python 3.7.7
[2024.07.17-15.20.38:558][  0]LogNiagaraDebuggerClient: Niagara Debugger Client Initialized | Session: 19C4D5E6428F7B07A8A953BD99826E25 | Instance: 63E016824CB8C34346113C87FBA93F37 (MYKORSAR-PC-8040).
[2024.07.17-15.20.38:576][  0]LogCollectionManager: Loaded 0 collections in 0.000703 seconds
[2024.07.17-15.20.38:578][  0]LogFileCache: Scanning file cache for directory 'D:/Test/SnakeGame/Saved/Collections/' took 0.00s
[2024.07.17-15.20.38:578][  0]LogFileCache: Scanning file cache for directory 'D:/Test/SnakeGame/Content/Developers/mykor/Collections/' took 0.00s
[2024.07.17-15.20.38:578][  0]LogFileCache: Scanning file cache for directory 'D:/Test/SnakeGame/Content/Collections/' took 0.00s
[2024.07.17-15.20.38:578][  0]LogCollectionManager: Fixed up redirectors for 0 collections in 0.000002 seconds (updated 0 objects)
[2024.07.17-15.20.38:693][  0]LogTcpMessaging: Initializing TcpMessaging bridge
[2024.07.17-15.20.38:700][  0]LogUdpMessaging: Initializing bridge on interface 0.0.0.0:0 to multicast group 230.0.0.1:6666.
[2024.07.17-15.20.38:779][  0]SourceControl: Source control is disabled
[2024.07.17-15.20.38:779][  0]SourceControl: Source control is disabled
[2024.07.17-15.20.38:782][  0]SourceControl: Source control is disabled
[2024.07.17-15.20.38:787][  0]LogUProjectInfo: Found projects:
[2024.07.17-15.20.38:862][  0]LogOpenImageDenoise: OIDN starting up
[2024.07.17-15.20.38:892][  0]LogAndroidPermission: UAndroidPermissionCallbackProxy::GetInstance
[2024.07.17-15.20.38:911][  0]LogAudioCaptureCore: Display: No Audio Capture implementations found. Audio input will be silent.
[2024.07.17-15.20.38:912][  0]LogAudioCaptureCore: Display: No Audio Capture implementations found. Audio input will be silent.
[2024.07.17-15.20.38:976][  0]LogOcInput: OculusInput pre-init called
[2024.07.17-15.20.38:984][  0]LogUObjectArray: 22155 objects as part of root set at end of initial load.
[2024.07.17-15.20.38:984][  0]LogUObjectAllocator: 5995344 out of 0 bytes used by permanent object pool.
[2024.07.17-15.20.38:984][  0]LogUObjectArray: CloseDisregardForGC: 0/0 objects in disregard for GC pool
[2024.07.17-15.20.39:027][  0]LogEngine: Initializing Engine...
[2024.07.17-15.20.39:029][  0]LogHMD: Failed to enumerate extensions. Please check that you have a valid OpenXR runtime installed.
[2024.07.17-15.20.39:030][  0]LogHMD: Failed to initialize OpenVR with code 110
[2024.07.17-15.20.39:030][  0]LogMagicLeap: Warning: VR disabled because ZI is not enabled.  To enable, in the editor, Edit -> Project Settings -> Plugins -> Magic Leap Plugin -> Enable Zero Iteration
[2024.07.17-15.20.39:031][  0]LogStats: UGameplayTagsManager::InitializeManager -  0.000 s
[2024.07.17-15.20.39:131][  0]LogInit: Initializing FReadOnlyCVARCache
[2024.07.17-15.20.39:131][  0]LogAudio: Display: Initializing Audio Device Manager...
[2024.07.17-15.20.39:135][  0]LogAudio: Display: Loading Default Audio Settings Objects...
[2024.07.17-15.20.39:135][  0]LogAudio: Display: No default SoundConcurrencyObject specified (or failed to load).
[2024.07.17-15.20.39:136][  0]LogAudio: Display: Audio Device Manager Initialized
[2024.07.17-15.20.39:136][  0]LogAudio: Display: Creating Audio Device:                 Id: 1, Scope: Shared, Realtime: True
[2024.07.17-15.20.39:136][  0]LogAudioMixer: Display: Audio Mixer Platform Settings:
[2024.07.17-15.20.39:136][  0]LogAudioMixer: Display: 	Sample Rate:						  48000
[2024.07.17-15.20.39:136][  0]LogAudioMixer: Display: 	Callback Buffer Frame Size Requested: 1024
[2024.07.17-15.20.39:136][  0]LogAudioMixer: Display: 	Callback Buffer Frame Size To Use:	  1024
[2024.07.17-15.20.39:136][  0]LogAudioMixer: Display: 	Number of buffers to queue:			  2
[2024.07.17-15.20.39:136][  0]LogAudioMixer: Display: 	Max Channels (voices):				  32
[2024.07.17-15.20.39:136][  0]LogAudioMixer: Display: 	Number of Async Source Workers:		  0
[2024.07.17-15.20.39:136][  0]LogAudio: Display: AudioDevice MaxSources: 32
[2024.07.17-15.20.39:136][  0]LogAudio: Display: Audio Spatialization Plugin: None (built-in).
[2024.07.17-15.20.39:136][  0]LogAudio: Display: Audio Reverb Plugin: None (built-in).
[2024.07.17-15.20.39:136][  0]LogAudio: Display: Audio Occlusion Plugin: None (built-in).
[2024.07.17-15.20.39:136][  0]LogAudioMixer: Display: Initializing audio mixer.
[2024.07.17-15.20.39:150][  0]LogAudioMixer: Display: 0: FrontLeft
[2024.07.17-15.20.39:150][  0]LogAudioMixer: Display: 1: FrontRight
[2024.07.17-15.20.39:179][  0]LogAudioMixer: Display: Using Audio Device Динамики (Realtek High Definition Audio)
[2024.07.17-15.20.39:185][  0]LogAudioMixer: Display: Initializing Sound Submixes...
[2024.07.17-15.20.39:187][  0]LogAudioMixer: Display: Creating Master Submix 'MasterSubmixDefault'
[2024.07.17-15.20.39:187][  0]LogAudioMixer: Display: Creating Master Submix 'MasterReverbSubmixDefault'
[2024.07.17-15.20.39:188][  0]LogAudioMixer: Display: Creating Master Submix 'MasterEQSubmixDefault'
[2024.07.17-15.20.39:188][  0]LogAudioMixer: FMixerPlatformXAudio2::StartAudioStream() called
[2024.07.17-15.20.39:188][  0]LogAudioMixer: Display: Output buffers initialized: Frames=1024, Channels=2, Samples=2048
[2024.07.17-15.20.39:189][  0]LogAudioMixer: Display: Starting AudioMixerPlatformInterface::RunInternal()
[2024.07.17-15.20.39:189][  0]LogAudioMixer: Display: FMixerPlatformXAudio2::SubmitBuffer() called for the first time
[2024.07.17-15.20.39:189][  0]LogInit: FAudioDevice initialized.
[2024.07.17-15.20.39:190][  0]LogNetVersion: Set ProjectVersion to 1.0.0.0. Version Checksum will be recalculated on next use.
[2024.07.17-15.20.39:194][  0]LogInit: Texture streaming: Enabled
[2024.07.17-15.20.39:252][  0]LogAudio: Display: Audio Device (ID: 1) registered with world 'Untitled'.
[2024.07.17-15.20.39:252][  0]LogSlate: Updating window title bar state: overlay mode, drag disabled, window buttons hidden, title bar hidden
[2024.07.17-15.20.39:253][  0]LogInit: Display: Game Engine Initialized.
[2024.07.17-15.20.39:253][  0]LogNiagaraEditor: GEditor isn't valid! Particle reset commands will not work for Niagara components!
[2024.07.17-15.20.39:361][  0]LogInit: Display: Starting Game.
[2024.07.17-15.20.39:361][  0]LogNet: Browse: /Game/Maps/LevelMap_1?Name=Player
[2024.07.17-15.20.39:361][  0]LogLoad: LoadMap: /Game/Maps/LevelMap_1?Name=Player
[2024.07.17-15.20.39:361][  0]LogWorld: BeginTearingDown for /Temp/Untitled_0
[2024.07.17-15.20.39:363][  0]LogWorld: UWorld::CleanupWorld for Untitled, bSessionEnded=true, bCleanupResources=true
[2024.07.17-15.20.39:363][  0]LogSlate: InvalidateAllWidgets triggered.  All widgets were invalidated
[2024.07.17-15.20.39:368][  0]LogAudio: Display: Audio Device unregistered from world 'None'.
[2024.07.17-15.20.39:370][  0]LogUObjectHash: Compacting FUObjectHashTables data took   0.82ms
[2024.07.17-15.20.39:433][  0]LogAudio: Display: Audio Device (ID: 1) registered with world 'LevelMap_1'.
[2024.07.17-15.20.39:440][  0]LogAIModule: Creating AISystem for world LevelMap_1
[2024.07.17-15.20.39:454][  0]LogLoad: Game class is 'BP_GameMode_C'
[2024.07.17-15.20.39:458][  0]LogWorld: Bringing World /Game/Maps/LevelMap_1.LevelMap_1 up for play (max tick rate 0) at 2024.07.17-18.20.39
[2024.07.17-15.20.39:458][  0]LogWorld: Bringing up level for play took: 0.003931
[2024.07.17-15.20.39:460][  0]LogViewport: Display: Viewport MouseCaptureMode Changed, CapturePermanently_IncludingInitialMouseDown -> CapturePermanently
[2024.07.17-15.20.49:608][  0]LogWindows: Error: === Critical error: ===
[2024.07.17-15.20.49:608][  0]LogWindows: Error: 
[2024.07.17-15.20.49:608][  0]LogWindows: Error: Fatal error!
[2024.07.17-15.20.49:608][  0]LogWindows: Error: 
[2024.07.17-15.20.49:608][  0]LogWindows: Error: Unhandled Exception: EXCEPTION_ACCESS_VIOLATION reading address 0x0000000000000150
[2024.07.17-15.20.49:608][  0]LogWindows: Error: 
[2024.07.17-15.20.49:608][  0]LogWindows: Error: [Callstack] 0x00007ff9379966f5 UE4Editor-SnakeGame.dll!ASnakeGameGameModeBase::FoodGenerator() [D:\Test\SnakeGame\Source\SnakeGame\SnakeGameGameModeBase.cpp:59]
[2024.07.17-15.20.49:608][  0]LogWindows: Error: [Callstack] 0x00007ff937996600 UE4Editor-SnakeGame.dll!ASnakeGameGameModeBase::BeginPlay() [D:\Test\SnakeGame\Source\SnakeGame\SnakeGameGameModeBase.cpp:30]
[2024.07.17-15.20.49:608][  0]LogWindows: Error: [Callstack] 0x00007ff94d810c1f UE4Editor-Engine.dll!UnknownFunction []
[2024.07.17-15.20.49:608][  0]LogWindows: Error: [Callstack] 0x00007ff94ec1ba95 UE4Editor-Engine.dll!UnknownFunction []
[2024.07.17-15.20.49:608][  0]LogWindows: Error: [Callstack] 0x00007ff94df5ca31 UE4Editor-Engine.dll!UnknownFunction []
[2024.07.17-15.20.49:608][  0]LogWindows: Error: [Callstack] 0x00007ff94ebbfb3e UE4Editor-Engine.dll!UnknownFunction []
[2024.07.17-15.20.49:608][  0]LogWindows: Error: [Callstack] 0x00007ff94eaee611 UE4Editor-Engine.dll!UnknownFunction []
[2024.07.17-15.20.49:608][  0]LogWindows: Error: [Callstack] 0x00007ff94ea989a3 UE4Editor-Engine.dll!UnknownFunction []
[2024.07.17-15.20.49:608][  0]LogWindows: Error: [Callstack] 0x00007ff94df7dbfe UE4Editor-Engine.dll!UnknownFunction []
[2024.07.17-15.20.49:608][  0]LogWindows: Error: [Callstack] 0x00007ff7bf583290 UE4Editor.exe!UnknownFunction []
[2024.07.17-15.20.49:608][  0]LogWindows: Error: [Callstack] 0x00007ff7bf5a0e42 UE4Editor.exe!UnknownFunction []
[2024.07.17-15.20.49:608][  0]LogWindows: Error: [Callstack] 0x00007ff7bf5a10ba UE4Editor.exe!UnknownFunction []
[2024.07.17-15.20.49:608][  0]LogWindows: Error: [Callstack] 0x00007ff7bf5a40dd UE4Editor.exe!UnknownFunction []
[2024.07.17-15.20.49:608][  0]LogWindows: Error: [Callstack] 0x00007ff7bf5b5984 UE4Editor.exe!UnknownFunction []
[2024.07.17-15.20.49:608][  0]LogWindows: Error: [Callstack] 0x00007ff7bf5b853a UE4Editor.exe!UnknownFunction []
[2024.07.17-15.20.49:608][  0]LogWindows: Error: [Callstack] 0x00007ffa33c57374 KERNEL32.DLL!UnknownFunction []
[2024.07.17-15.20.49:608][  0]LogWindows: Error: [Callstack] 0x00007ffa33f3cc91 ntdll.dll!UnknownFunction []
[2024.07.17-15.20.49:608][  0]LogWindows: Error: 
[2024.07.17-15.20.49:668][  0]LogExit: Executing StaticShutdownAfterError
[2024.07.17-15.20.49:769][  0]LogWindows: FPlatformMisc::RequestExit(1)
[2024.07.17-15.20.49:769][  0]LogWindows: FPlatformMisc::RequestExitWithStatus(1, 3)
[2024.07.17-15.20.49:769][  0]LogCore: Engine exit requested (reason: Win RequestExit)
[2024.07.17-15.20.49:818][  0]Log file closed, 07/17/24 18:20:49
