Log file open, 07/18/24 13:16:03
LogWindows: Failed to load 'aqProf.dll' (GetLastError=126)
LogWindows: File 'aqProf.dll' does not exist
LogWindows: Failed to load 'VtuneApi.dll' (GetLastError=126)
LogWindows: File 'VtuneApi.dll' does not exist
LogWindows: Failed to load 'VtuneApi32e.dll' (GetLastError=126)
LogWindows: File 'VtuneApi32e.dll' does not exist
LogConsoleResponse: Display: Failed to find resolution value strings in scalability ini. Falling back to default.
LogConsoleResponse: Display: Failed to find resolution value strings in scalability ini. Falling back to default.
LogInit: Display: Running engine for game: SnakeGame
LogPlatformFile: Not using cached read wrapper
LogTaskGraph: Started task graph with 5 named threads and 14 total threads with 3 sets of task threads.
LogStats: Stats thread started at 0.574275
LogICUInternationalization: ICU TimeZone Detection - Raw Offset: +3:00, Platform Override: ''
LogInit: Display: Loading text-based GConfig....
LogPluginManager: Mounting plugin MeshPainting
LogPluginManager: Mounting plugin XGEController
LogPluginManager: Mounting plugin Paper2D
LogPluginManager: Mounting plugin LiveLink
LogPluginManager: Mounting plugin EnvironmentQueryEditor
LogPluginManager: Mounting plugin AISupport
LogPluginManager: Mounting plugin LightPropagationVolume
LogPluginManager: Mounting plugin CameraShakePreviewer
LogPluginManager: Mounting plugin GameplayCameras
LogPluginManager: Mounting plugin OodleData
LogPluginManager: Mounting plugin OodleNetwork
LogPluginManager: Mounting plugin AnimationSharing
LogPluginManager: Mounting plugin CLionSourceCodeAccess
LogPluginManager: Mounting plugin CodeLiteSourceCodeAccess
LogPluginManager: Mounting plugin GitSourceControl
LogPluginManager: Mounting plugin KDevelopSourceCodeAccess
LogPluginManager: Mounting plugin NullSourceCodeAccess
LogPluginManager: Mounting plugin PerforceSourceControl
LogPluginManager: Mounting plugin PixWinPlugin
LogPluginManager: Mounting plugin PlasticSourceControl
LogPluginManager: Mounting plugin PluginUtils
LogPluginManager: Mounting plugin PropertyAccessNode
LogPluginManager: Mounting plugin RiderSourceCodeAccess
LogPluginManager: Mounting plugin SubversionSourceControl
LogPluginManager: Mounting plugin TextureFormatOodle
LogPluginManager: Mounting plugin UObjectPlugin
LogPluginManager: Mounting plugin VisualStudioCodeSourceCodeAccess
LogPluginManager: Mounting plugin VisualStudioSourceCodeAccess
LogPluginManager: Mounting plugin XCodeSourceCodeAccess
LogPluginManager: Mounting plugin AssetManagerEditor
LogPluginManager: Mounting plugin CryptoKeys
LogPluginManager: Mounting plugin DatasmithContent
LogPluginManager: Mounting plugin CurveEditorTools
LogPluginManager: Mounting plugin DataValidation
LogPluginManager: Mounting plugin FacialAnimation
LogPluginManager: Mounting plugin GameplayTagsEditor
LogPluginManager: Mounting plugin VariantManagerContent
LogPluginManager: Mounting plugin GeometryMode
LogPluginManager: Mounting plugin MacGraphicsSwitching
LogPluginManager: Mounting plugin MaterialAnalyzer
LogPluginManager: Mounting plugin MobileLauncherProfileWizard
LogPluginManager: Mounting plugin PluginBrowser
LogPluginManager: Mounting plugin SpeedTreeImporter
LogPluginManager: Mounting plugin Niagara
LogPluginManager: Mounting plugin AlembicImporter
LogPluginManager: Mounting plugin AutomationUtils
LogPluginManager: Mounting plugin BackChannel
LogPluginManager: Mounting plugin ChaosCloth
LogPluginManager: Mounting plugin ChaosClothEditor
LogPluginManager: Mounting plugin ChaosEditor
LogPluginManager: Mounting plugin ChaosNiagara
LogPluginManager: Mounting plugin ChaosSolverPlugin
LogPluginManager: Mounting plugin CharacterAI
LogPluginManager: Mounting plugin GeometryCache
LogPluginManager: Mounting plugin GeometryCollectionPlugin
LogPluginManager: Mounting plugin GeometryProcessing
LogPluginManager: Mounting plugin MotoSynth
LogPluginManager: Mounting plugin OpenImageDenoise
LogPluginManager: Mounting plugin PlanarCut
LogPluginManager: Mounting plugin PlatformCrypto
LogPluginManager: Mounting plugin ProxyLODPlugin
LogPluginManager: Mounting plugin PythonScriptPlugin
LogPluginManager: Mounting plugin SkeletalReduction
LogPluginManager: Mounting plugin LuminPlatformFeatures
LogPluginManager: Mounting plugin MagicLeap
LogPluginManager: Mounting plugin MagicLeapLightEstimation
LogPluginManager: Mounting plugin MagicLeapMedia
LogPluginManager: Mounting plugin MagicLeapPassableWorld
LogPluginManager: Mounting plugin MLSDK
LogPluginManager: Mounting plugin AndroidMedia
LogPluginManager: Mounting plugin AvfMedia
LogPluginManager: Mounting plugin ImgMedia
LogPluginManager: Mounting plugin MediaCompositing
LogPluginManager: Mounting plugin MediaPlayerEditor
LogPluginManager: Mounting plugin WebMMedia
LogPluginManager: Mounting plugin WmfMedia
LogPluginManager: Mounting plugin TcpMessaging
LogPluginManager: Mounting plugin UdpMessaging
LogPluginManager: Mounting plugin ActorSequence
LogPluginManager: Mounting plugin LevelSequenceEditor
LogPluginManager: Mounting plugin MatineeToLevelSequence
LogPluginManager: Mounting plugin TemplateSequence
LogPluginManager: Mounting plugin OnlineSubsystem
LogPluginManager: Mounting plugin OnlineSubsystemNull
LogPluginManager: Mounting plugin OnlineSubsystemUtils
LogPluginManager: Mounting plugin LauncherChunkInstaller
LogPluginManager: Mounting plugin ActorLayerUtilities
LogPluginManager: Mounting plugin AndroidMoviePlayer
LogPluginManager: Mounting plugin AndroidDeviceProfileSelector
LogPluginManager: Mounting plugin AndroidPermission
LogPluginManager: Mounting plugin AppleImageUtils
LogPluginManager: Mounting plugin AppleMoviePlayer
LogPluginManager: Mounting plugin ArchVisCharacter
LogPluginManager: Mounting plugin AssetTags
LogPluginManager: Mounting plugin AudioCapture
LogPluginManager: Mounting plugin AudioSynesthesia
LogPluginManager: Mounting plugin CableComponent
LogPluginManager: Mounting plugin ChunkDownloader
LogPluginManager: Mounting plugin CustomMeshComponent
LogPluginManager: Mounting plugin EditableMesh
LogPluginManager: Mounting plugin ExampleDeviceProfileSelector
LogPluginManager: Mounting plugin GoogleCloudMessaging
LogPluginManager: Mounting plugin GooglePAD
LogPluginManager: Mounting plugin IOSDeviceProfileSelector
LogPluginManager: Mounting plugin LinuxDeviceProfileSelector
LogPluginManager: Mounting plugin LocationServicesBPLibrary
LogPluginManager: Mounting plugin MobilePatchingUtils
LogPluginManager: Mounting plugin OpenXR
LogPluginManager: Mounting plugin OpenXREyeTracker
LogPluginManager: Mounting plugin OpenXRHandTracking
LogPluginManager: Mounting plugin PhysXVehicles
LogPluginManager: Mounting plugin PostSplashScreen
LogPluginManager: Mounting plugin ProceduralMeshComponent
LogPluginManager: Mounting plugin PropertyAccessEditor
LogPluginManager: Mounting plugin RuntimePhysXCooking
LogPluginManager: Mounting plugin SignificanceManager
LogPluginManager: Mounting plugin Synthesis
LogPluginManager: Mounting plugin SoundFields
LogPluginManager: Mounting plugin WindowsMoviePlayer
LogPluginManager: Mounting plugin ScreenshotTools
LogPluginManager: Mounting plugin Takes
LogPluginManager: Mounting plugin WebMMoviePlayer
LogPluginManager: Mounting plugin ContentBrowserAssetDataSource
LogPluginManager: Mounting plugin ContentBrowserClassDataSource
LogPluginManager: Mounting plugin ContentBrowserFileDataSource
LogPluginManager: Mounting plugin OnlineSubsystemGooglePlay
LogPluginManager: Mounting plugin OnlineSubsystemIOS
LogPluginManager: Mounting plugin OculusVR
LogPluginManager: Mounting plugin SteamVR
PixWinPlugin: PIX capture plugin failed to initialize! Check that the process is launched from PIX.
LogInit: Using libcurl 7.55.1-DEV
LogInit:  - built for x86_64-pc-win32
LogInit:  - supports SSL with OpenSSL/1.1.1
LogInit:  - supports HTTP deflate (compression) using libz 1.2.8
LogInit:  - other features:
LogInit:      CURL_VERSION_SSL
LogInit:      CURL_VERSION_LIBZ
LogInit:      CURL_VERSION_IPV6
LogInit:      CURL_VERSION_ASYNCHDNS
LogInit:      CURL_VERSION_LARGEFILE
LogInit:      CURL_VERSION_IDN
LogInit:  CurlRequestOptions (configurable via config and command line):
LogInit:  - bVerifyPeer = true  - Libcurl will verify peer certificate
LogInit:  - bUseHttpProxy = false  - Libcurl will NOT use HTTP proxy
LogInit:  - bDontReuseConnections = false  - Libcurl will reuse connections
LogInit:  - MaxHostConnections = 16  - Libcurl will limit the number of connections to a host
LogInit:  - LocalHostAddr = Default
LogInit:  - BufferSize = 65536
LogOnline: OSS: Creating online subsystem instance for: NULL
LogInit: WinSock: version 1.1 (2.2), MaxSocks=32767, MaxUdp=65467
LogOnline: OSS: TryLoadSubsystemAndSetDefault: Loaded subsystem for module [NULL]
LogInit: Build: ++UE4+Release-4.27-CL-18319896
LogInit: Engine Version: 4.27.2-18319896+++UE4+Release-4.27
LogInit: Compatible Engine Version: 4.27.0-17155196+++UE4+Release-4.27
LogInit: Net CL: 17155196
LogInit: OS: Windows 10 (Release 2009) (), CPU: Intel(R) Core(TM) i5-4690K CPU @ 3.50GHz, GPU: NVIDIA GeForce GTX 1660
LogInit: Compiled (64-bit): Nov 30 2021 07:12:08
LogInit: Compiled with Visual C++: 19.24.28315.00
LogInit: Build Configuration: Development
LogInit: Branch Name: ++UE4+Release-4.27
LogInit: Command Line:  D:\Test\SnakeGame\SnakeGame.uproject -run=VisualStudioTools -unattended -noshadercompile -nosound -nullrhi -nocpuprofilertrace -nocrashreports -nosplash -ddc=noshared -output=C:\Users\mykor\AppData\Local\Temp\tmp201E.tmp
LogInit: Base Directory: D:/Unreal Engine 4.22.3/UE_4.27/Engine/Binaries/Win64/
LogInit: Allocator: TBB
LogInit: Installed Engine Build: 1
LogDevObjectVersion: Number of dev versions registered: 29
LogDevObjectVersion:   Dev-Blueprints (B0D832E4-1F89-4F0D-ACCF-7EB736FD4AA2): 10
LogDevObjectVersion:   Dev-Build (E1C64328-A22C-4D53-A36C-8E866417BD8C): 0
LogDevObjectVersion:   Dev-Core (375EC13C-06E4-48FB-B500-84F0262A717E): 4
LogDevObjectVersion:   Dev-Editor (E4B068ED-F494-42E9-A231-DA0B2E46BB41): 40
LogDevObjectVersion:   Dev-Framework (CFFC743F-43B0-4480-9391-14DF171D2073): 37
LogDevObjectVersion:   Dev-Mobile (B02B49B5-BB20-44E9-A304-32B752E40360): 3
LogDevObjectVersion:   Dev-Networking (A4E4105C-59A1-49B5-A7C5-40C4547EDFEE): 0
LogDevObjectVersion:   Dev-Online (39C831C9-5AE6-47DC-9A44-9C173E1C8E7C): 0
LogDevObjectVersion:   Dev-Physics (78F01B33-EBEA-4F98-B9B4-84EACCB95AA2): 14
LogDevObjectVersion:   Dev-Platform (6631380F-2D4D-43E0-8009-CF276956A95A): 0
LogDevObjectVersion:   Dev-Rendering (12F88B9F-8875-4AFC-A67C-D90C383ABD29): 45
LogDevObjectVersion:   Dev-Sequencer (7B5AE74C-D270-4C10-A958-57980B212A5A): 13
LogDevObjectVersion:   Dev-VR (D7296918-1DD6-4BDD-9DE2-64A83CC13884): 3
LogDevObjectVersion:   Dev-LoadTimes (C2A15278-BFE7-4AFE-6C17-90FF531DF755): 1
LogDevObjectVersion:   Private-Geometry (6EACA3D4-40EC-4CC1-B786-8BED09428FC5): 3
LogDevObjectVersion:   Dev-AnimPhys (29E575DD-E0A3-4627-9D10-D276232CDCEA): 17
LogDevObjectVersion:   Dev-Anim (AF43A65D-7FD3-4947-9873-3E8ED9C1BB05): 15
LogDevObjectVersion:   Dev-ReflectionCapture (6B266CEC-1EC7-4B8F-A30B-E4D90942FC07): 1
LogDevObjectVersion:   Dev-Automation (0DF73D61-A23F-47EA-B727-89E90C41499A): 1
LogDevObjectVersion:   FortniteMain (601D1886-AC64-4F84-AA16-D3DE0DEAC7D6): 47
LogDevObjectVersion:   FortniteRelease (E7086368-6B23-4C58-8439-1B7016265E91): 1
LogDevObjectVersion:   Dev-Enterprise (9DFFBCD6-494F-0158-E221-12823C92A888): 10
LogDevObjectVersion:   Dev-Niagara (F2AED0AC-9AFE-416F-8664-AA7FFA26D6FC): 1
LogDevObjectVersion:   Dev-Destruction (174F1F0B-B4C6-45A5-B13F-2EE8D0FB917D): 10
LogDevObjectVersion:   Dev-Physics-Ext (35F94A83-E258-406C-A318-09F59610247C): 41
LogDevObjectVersion:   Dev-PhysicsMaterial-Chaos (B68FC16E-8B1B-42E2-B453-215C058844FE): 1
LogDevObjectVersion:   Dev-CineCamera (B2E18506-4273-CFC2-A54E-F4BB758BBA07): 1
LogDevObjectVersion:   Dev-VirtualProduction (64F58936-FD1B-42BA-BA96-7289D5D0FA4E): 1
LogDevObjectVersion:   Dev-MediaFramework (6F0ED827-A609-4895-9C91-998D90180EA4): 2
LogInit: Presizing for max 25165824 objects, including 0 objects not considered by GC, pre-allocating 0 bytes for permanent pool.
LogConfig: Applying CVar settings from Section [/Script/Engine.StreamingSettings] File [D:/Test/SnakeGame/Saved/Config/Windows/Engine.ini]
LogConfig: Setting CVar [[s.MinBulkDataSizeForAsyncLoading:131072]]
LogConfig: Setting CVar [[s.AsyncLoadingThreadEnabled:0]]
LogConfig: Setting CVar [[s.EventDrivenLoaderEnabled:1]]
LogConfig: Setting CVar [[s.WarnIfTimeLimitExceeded:0]]
LogConfig: Setting CVar [[s.TimeLimitExceededMultiplier:1.5]]
LogConfig: Setting CVar [[s.TimeLimitExceededMinTime:0.005]]
LogConfig: Setting CVar [[s.UseBackgroundLevelStreaming:1]]
LogConfig: Setting CVar [[s.PriorityAsyncLoadingExtraTime:15.0]]
LogConfig: Setting CVar [[s.LevelStreamingActorsUpdateTimeLimit:5.0]]
LogConfig: Setting CVar [[s.PriorityLevelStreamingActorsUpdateExtraTime:5.0]]
LogConfig: Setting CVar [[s.LevelStreamingComponentsRegistrationGranularity:10]]
LogConfig: Setting CVar [[s.UnregisterComponentsTimeLimit:1.0]]
LogConfig: Setting CVar [[s.LevelStreamingComponentsUnregistrationGranularity:5]]
LogConfig: Setting CVar [[s.FlushStreamingOnExit:1]]
LogInit: Object subsystem initialized
LogConfig: Setting CVar [[con.DebugEarlyDefault:1]]
LogConfig: Setting CVar [[r.setres:1280x720]]
[2024.07.18-10.16.03:556][  0]LogConfig: Setting CVar [[con.DebugEarlyDefault:1]]
[2024.07.18-10.16.03:556][  0]LogConfig: Setting CVar [[r.setres:1280x720]]
[2024.07.18-10.16.03:556][  0]LogConfig: Applying CVar settings from Section [/Script/Engine.RendererSettings] File [D:/Test/SnakeGame/Saved/Config/Windows/Engine.ini]
[2024.07.18-10.16.03:556][  0]LogConfig: Setting CVar [[r.GPUCrashDebugging:0]]
[2024.07.18-10.16.03:556][  0]LogConfig: Setting CVar [[r.DefaultFeature.AntiAliasing:0]]
[2024.07.18-10.16.03:556][  0]LogConfig: Setting CVar [[r.DefaultFeature.MotionBlur:0]]
[2024.07.18-10.16.03:556][  0]LogConfig: Applying CVar settings from Section [/Script/Engine.RendererOverrideSettings] File [D:/Test/SnakeGame/Saved/Config/Windows/Engine.ini]
[2024.07.18-10.16.03:556][  0]LogConfig: Applying CVar settings from Section [/Script/Engine.StreamingSettings] File [D:/Test/SnakeGame/Saved/Config/Windows/Engine.ini]
[2024.07.18-10.16.03:556][  0]LogConfig: Setting CVar [[s.MinBulkDataSizeForAsyncLoading:131072]]
[2024.07.18-10.16.03:556][  0]LogConfig: Setting CVar [[s.AsyncLoadingThreadEnabled:0]]
[2024.07.18-10.16.03:556][  0]LogConfig: Setting CVar [[s.EventDrivenLoaderEnabled:1]]
[2024.07.18-10.16.03:556][  0]LogConfig: Setting CVar [[s.WarnIfTimeLimitExceeded:0]]
[2024.07.18-10.16.03:556][  0]LogConfig: Setting CVar [[s.TimeLimitExceededMultiplier:1.5]]
[2024.07.18-10.16.03:556][  0]LogConfig: Setting CVar [[s.TimeLimitExceededMinTime:0.005]]
[2024.07.18-10.16.03:556][  0]LogConfig: Setting CVar [[s.UseBackgroundLevelStreaming:1]]
[2024.07.18-10.16.03:556][  0]LogConfig: Setting CVar [[s.PriorityAsyncLoadingExtraTime:15.0]]
[2024.07.18-10.16.03:556][  0]LogConfig: Setting CVar [[s.LevelStreamingActorsUpdateTimeLimit:5.0]]
[2024.07.18-10.16.03:556][  0]LogConfig: Setting CVar [[s.PriorityLevelStreamingActorsUpdateExtraTime:5.0]]
[2024.07.18-10.16.03:556][  0]LogConfig: Setting CVar [[s.LevelStreamingComponentsRegistrationGranularity:10]]
[2024.07.18-10.16.03:556][  0]LogConfig: Setting CVar [[s.UnregisterComponentsTimeLimit:1.0]]
[2024.07.18-10.16.03:556][  0]LogConfig: Setting CVar [[s.LevelStreamingComponentsUnregistrationGranularity:5]]
[2024.07.18-10.16.03:556][  0]LogConfig: Setting CVar [[s.FlushStreamingOnExit:1]]
[2024.07.18-10.16.03:556][  0]LogConfig: Applying CVar settings from Section [/Script/Engine.GarbageCollectionSettings] File [D:/Test/SnakeGame/Saved/Config/Windows/Engine.ini]
[2024.07.18-10.16.03:556][  0]LogConfig: Setting CVar [[gc.MaxObjectsNotConsideredByGC:1]]
[2024.07.18-10.16.03:556][  0]LogConfig: Setting CVar [[gc.SizeOfPermanentObjectPool:0]]
[2024.07.18-10.16.03:556][  0]LogConfig: Setting CVar [[gc.FlushStreamingOnGC:0]]
[2024.07.18-10.16.03:556][  0]LogConfig: Setting CVar [[gc.NumRetriesBeforeForcingGC:10]]
[2024.07.18-10.16.03:556][  0]LogConfig: Setting CVar [[gc.AllowParallelGC:1]]
[2024.07.18-10.16.03:556][  0]LogConfig: Setting CVar [[gc.TimeBetweenPurgingPendingKillObjects:61.1]]
[2024.07.18-10.16.03:556][  0]LogConfig: Setting CVar [[gc.MaxObjectsInEditor:25165824]]
[2024.07.18-10.16.03:556][  0]LogConfig: Setting CVar [[gc.IncrementalBeginDestroyEnabled:1]]
[2024.07.18-10.16.03:556][  0]LogConfig: Setting CVar [[gc.CreateGCClusters:1]]
[2024.07.18-10.16.03:556][  0]LogConfig: Setting CVar [[gc.MinGCClusterSize:5]]
[2024.07.18-10.16.03:556][  0]LogConfig: Setting CVar [[gc.ActorClusteringEnabled:0]]
[2024.07.18-10.16.03:556][  0]LogConfig: Setting CVar [[gc.BlueprintClusteringEnabled:0]]
[2024.07.18-10.16.03:556][  0]LogConfig: Setting CVar [[gc.UseDisregardForGCOnDedicatedServers:0]]
[2024.07.18-10.16.03:556][  0]LogConfig: Setting CVar [[gc.MultithreadedDestructionEnabled:1]]
[2024.07.18-10.16.03:556][  0]LogConfig: Applying CVar settings from Section [/Script/Engine.NetworkSettings] File [D:/Test/SnakeGame/Saved/Config/Windows/Engine.ini]
[2024.07.18-10.16.03:556][  0]LogConfig: Applying CVar settings from Section [/Script/UnrealEd.CookerSettings] File [D:/Test/SnakeGame/Saved/Config/Windows/Engine.ini]
[2024.07.18-10.16.03:556][  0]LogConfig: Applying CVar settings from Section [ViewDistanceQuality@3] File [D:/Test/SnakeGame/Saved/Config/Windows/Scalability.ini]
[2024.07.18-10.16.03:556][  0]LogConfig: Setting CVar [[r.SkeletalMeshLODBias:0]]
[2024.07.18-10.16.03:556][  0]LogConfig: Setting CVar [[r.ViewDistanceScale:1.0]]
[2024.07.18-10.16.03:556][  0]LogConfig: Applying CVar settings from Section [AntiAliasingQuality@3] File [D:/Test/SnakeGame/Saved/Config/Windows/Scalability.ini]
[2024.07.18-10.16.03:556][  0]LogConfig: Setting CVar [[r.PostProcessAAQuality:4]]
[2024.07.18-10.16.03:556][  0]LogConfig: Applying CVar settings from Section [ShadowQuality@3] File [D:/Test/SnakeGame/Saved/Config/Windows/Scalability.ini]
[2024.07.18-10.16.03:556][  0]LogConfig: Setting CVar [[r.LightFunctionQuality:1]]
[2024.07.18-10.16.03:556][  0]LogConfig: Setting CVar [[r.ShadowQuality:5]]
[2024.07.18-10.16.03:556][  0]LogConfig: Setting CVar [[r.Shadow.CSM.MaxCascades:10]]
[2024.07.18-10.16.03:557][  0]LogConfig: Setting CVar [[r.Shadow.MaxResolution:2048]]
[2024.07.18-10.16.03:557][  0]LogConfig: Setting CVar [[r.Shadow.MaxCSMResolution:2048]]
[2024.07.18-10.16.03:557][  0]LogConfig: Setting CVar [[r.Shadow.RadiusThreshold:0.01]]
[2024.07.18-10.16.03:557][  0]LogConfig: Setting CVar [[r.Shadow.DistanceScale:1.0]]
[2024.07.18-10.16.03:557][  0]LogConfig: Setting CVar [[r.Shadow.CSM.TransitionScale:1.0]]
[2024.07.18-10.16.03:557][  0]LogConfig: Setting CVar [[r.Shadow.PreShadowResolutionFactor:1.0]]
[2024.07.18-10.16.03:557][  0]LogConfig: Setting CVar [[r.DistanceFieldShadowing:1]]
[2024.07.18-10.16.03:557][  0]LogConfig: Setting CVar [[r.DistanceFieldAO:1]]
[2024.07.18-10.16.03:557][  0]LogConfig: Setting CVar [[r.AOQuality:2]]
[2024.07.18-10.16.03:557][  0]LogConfig: Setting CVar [[r.VolumetricFog:1]]
[2024.07.18-10.16.03:557][  0]LogConfig: Setting CVar [[r.VolumetricFog.GridPixelSize:8]]
[2024.07.18-10.16.03:557][  0]LogConfig: Setting CVar [[r.VolumetricFog.GridSizeZ:128]]
[2024.07.18-10.16.03:557][  0]LogConfig: Setting CVar [[r.VolumetricFog.HistoryMissSupersampleCount:4]]
[2024.07.18-10.16.03:557][  0]LogConfig: Setting CVar [[r.LightMaxDrawDistanceScale:1]]
[2024.07.18-10.16.03:557][  0]LogConfig: Setting CVar [[r.CapsuleShadows:1]]
[2024.07.18-10.16.03:557][  0]LogConfig: Applying CVar settings from Section [PostProcessQuality@3] File [D:/Test/SnakeGame/Saved/Config/Windows/Scalability.ini]
[2024.07.18-10.16.03:557][  0]LogConfig: Setting CVar [[r.MotionBlurQuality:4]]
[2024.07.18-10.16.03:557][  0]LogConfig: Setting CVar [[r.AmbientOcclusionMipLevelFactor:0.4]]
[2024.07.18-10.16.03:557][  0]LogConfig: Setting CVar [[r.AmbientOcclusionMaxQuality:100]]
[2024.07.18-10.16.03:557][  0]LogConfig: Setting CVar [[r.AmbientOcclusionLevels:-1]]
[2024.07.18-10.16.03:557][  0]LogConfig: Setting CVar [[r.AmbientOcclusionRadiusScale:1.0]]
[2024.07.18-10.16.03:557][  0]LogConfig: Setting CVar [[r.DepthOfFieldQuality:2]]
[2024.07.18-10.16.03:557][  0]LogConfig: Setting CVar [[r.RenderTargetPoolMin:400]]
[2024.07.18-10.16.03:557][  0]LogConfig: Setting CVar [[r.LensFlareQuality:2]]
[2024.07.18-10.16.03:557][  0]LogConfig: Setting CVar [[r.SceneColorFringeQuality:1]]
[2024.07.18-10.16.03:557][  0]LogConfig: Setting CVar [[r.EyeAdaptationQuality:2]]
[2024.07.18-10.16.03:557][  0]LogConfig: Setting CVar [[r.BloomQuality:5]]
[2024.07.18-10.16.03:557][  0]LogConfig: Setting CVar [[r.FastBlurThreshold:100]]
[2024.07.18-10.16.03:557][  0]LogConfig: Setting CVar [[r.Upscale.Quality:3]]
[2024.07.18-10.16.03:557][  0]LogConfig: Setting CVar [[r.Tonemapper.GrainQuantization:1]]
[2024.07.18-10.16.03:557][  0]LogConfig: Setting CVar [[r.LightShaftQuality:1]]
[2024.07.18-10.16.03:557][  0]LogConfig: Setting CVar [[r.Filter.SizeScale:1]]
[2024.07.18-10.16.03:557][  0]LogConfig: Setting CVar [[r.Tonemapper.Quality:5]]
[2024.07.18-10.16.03:557][  0]LogConfig: Setting CVar [[r.DOF.Gather.AccumulatorQuality:1        ; higher gathering accumulator quality]]
[2024.07.18-10.16.03:557][  0]LogConfig: Setting CVar [[r.DOF.Gather.PostfilterMethod:1          ; Median3x3 postfilering method]]
[2024.07.18-10.16.03:557][  0]LogConfig: Setting CVar [[r.DOF.Gather.EnableBokehSettings:0       ; no bokeh simulation when gathering]]
[2024.07.18-10.16.03:557][  0]LogConfig: Setting CVar [[r.DOF.Gather.RingCount:4                 ; medium number of samples when gathering]]
[2024.07.18-10.16.03:557][  0]LogConfig: Setting CVar [[r.DOF.Scatter.ForegroundCompositing:1    ; additive foreground scattering]]
[2024.07.18-10.16.03:557][  0]LogConfig: Setting CVar [[r.DOF.Scatter.BackgroundCompositing:2    ; additive background scattering]]
[2024.07.18-10.16.03:557][  0]LogConfig: Setting CVar [[r.DOF.Scatter.EnableBokehSettings:1      ; bokeh simulation when scattering]]
[2024.07.18-10.16.03:557][  0]LogConfig: Setting CVar [[r.DOF.Scatter.MaxSpriteRatio:0.1         ; only a maximum of 10% of scattered bokeh]]
[2024.07.18-10.16.03:557][  0]LogConfig: Setting CVar [[r.DOF.Recombine.Quality:1                ; cheap slight out of focus]]
[2024.07.18-10.16.03:557][  0]LogConfig: Setting CVar [[r.DOF.Recombine.EnableBokehSettings:0    ; no bokeh simulation on slight out of focus]]
[2024.07.18-10.16.03:557][  0]LogConfig: Setting CVar [[r.DOF.TemporalAAQuality:1                ; more stable temporal accumulation]]
[2024.07.18-10.16.03:557][  0]LogConfig: Setting CVar [[r.DOF.Kernel.MaxForegroundRadius:0.025]]
[2024.07.18-10.16.03:557][  0]LogConfig: Setting CVar [[r.DOF.Kernel.MaxBackgroundRadius:0.025]]
[2024.07.18-10.16.03:557][  0]LogConfig: Applying CVar settings from Section [TextureQuality@3] File [D:/Test/SnakeGame/Saved/Config/Windows/Scalability.ini]
[2024.07.18-10.16.03:557][  0]LogConfig: Setting CVar [[r.Streaming.MipBias:0]]
[2024.07.18-10.16.03:557][  0]LogConfig: Setting CVar [[r.Streaming.AmortizeCPUToGPUCopy:0]]
[2024.07.18-10.16.03:557][  0]LogConfig: Setting CVar [[r.Streaming.MaxNumTexturesToStreamPerFrame:0]]
[2024.07.18-10.16.03:557][  0]LogConfig: Setting CVar [[r.Streaming.Boost:1]]
[2024.07.18-10.16.03:557][  0]LogConfig: Setting CVar [[r.MaxAnisotropy:8]]
[2024.07.18-10.16.03:557][  0]LogConfig: Setting CVar [[r.VT.MaxAnisotropy:8]]
[2024.07.18-10.16.03:557][  0]LogConfig: Setting CVar [[r.Streaming.LimitPoolSizeToVRAM:0]]
[2024.07.18-10.16.03:557][  0]LogConfig: Setting CVar [[r.Streaming.PoolSize:1000]]
[2024.07.18-10.16.03:557][  0]LogConfig: Setting CVar [[r.Streaming.MaxEffectiveScreenSize:0]]
[2024.07.18-10.16.03:557][  0]LogConfig: Applying CVar settings from Section [EffectsQuality@3] File [D:/Test/SnakeGame/Saved/Config/Windows/Scalability.ini]
[2024.07.18-10.16.03:557][  0]LogConfig: Setting CVar [[r.TranslucencyLightingVolumeDim:64]]
[2024.07.18-10.16.03:557][  0]LogConfig: Setting CVar [[r.RefractionQuality:2]]
[2024.07.18-10.16.03:557][  0]LogConfig: Setting CVar [[r.SSR.Quality:3]]
[2024.07.18-10.16.03:557][  0]LogConfig: Setting CVar [[r.SSR.HalfResSceneColor:0]]
[2024.07.18-10.16.03:557][  0]LogConfig: Setting CVar [[r.SceneColorFormat:4]]
[2024.07.18-10.16.03:557][  0]LogConfig: Setting CVar [[r.DetailMode:2]]
[2024.07.18-10.16.03:557][  0]LogConfig: Setting CVar [[r.TranslucencyVolumeBlur:1]]
[2024.07.18-10.16.03:557][  0]LogConfig: Setting CVar [[r.MaterialQualityLevel:1 ; High quality]]
[2024.07.18-10.16.03:557][  0]LogConfig: Setting CVar [[r.AnisotropicMaterials:1]]
[2024.07.18-10.16.03:557][  0]LogConfig: Setting CVar [[r.SSS.Scale:1]]
[2024.07.18-10.16.03:557][  0]LogConfig: Setting CVar [[r.SSS.SampleSet:2]]
[2024.07.18-10.16.03:557][  0]LogConfig: Setting CVar [[r.SSS.Quality:1]]
[2024.07.18-10.16.03:557][  0]LogConfig: Setting CVar [[r.SSS.HalfRes:0]]
[2024.07.18-10.16.03:557][  0]LogConfig: Setting CVar [[r.SSGI.Quality:3]]
[2024.07.18-10.16.03:557][  0]LogConfig: Setting CVar [[r.EmitterSpawnRateScale:1.0]]
[2024.07.18-10.16.03:557][  0]LogConfig: Setting CVar [[r.ParticleLightQuality:2]]
[2024.07.18-10.16.03:557][  0]LogConfig: Setting CVar [[r.SkyAtmosphere.AerialPerspectiveLUT.FastApplyOnOpaque:1 ; Always have FastSkyLUT 1 in this case to avoid wrong sky]]
[2024.07.18-10.16.03:557][  0]LogConfig: Setting CVar [[r.SkyAtmosphere.AerialPerspectiveLUT.SampleCountMaxPerSlice:4]]
[2024.07.18-10.16.03:557][  0]LogConfig: Setting CVar [[r.SkyAtmosphere.AerialPerspectiveLUT.DepthResolution:16.0]]
[2024.07.18-10.16.03:557][  0]LogConfig: Setting CVar [[r.SkyAtmosphere.FastSkyLUT:1]]
[2024.07.18-10.16.03:557][  0]LogConfig: Setting CVar [[r.SkyAtmosphere.FastSkyLUT.SampleCountMin:4.0]]
[2024.07.18-10.16.03:557][  0]LogConfig: Setting CVar [[r.SkyAtmosphere.FastSkyLUT.SampleCountMax:128.0]]
[2024.07.18-10.16.03:557][  0]LogConfig: Setting CVar [[r.SkyAtmosphere.SampleCountMin:4.0]]
[2024.07.18-10.16.03:557][  0]LogConfig: Setting CVar [[r.SkyAtmosphere.SampleCountMax:128.0]]
[2024.07.18-10.16.03:557][  0]LogConfig: Setting CVar [[r.SkyAtmosphere.TransmittanceLUT.UseSmallFormat:0]]
[2024.07.18-10.16.03:557][  0]LogConfig: Setting CVar [[r.SkyAtmosphere.TransmittanceLUT.SampleCount:10.0]]
[2024.07.18-10.16.03:557][  0]LogConfig: Setting CVar [[r.SkyAtmosphere.MultiScatteringLUT.SampleCount:15.0]]
[2024.07.18-10.16.03:557][  0]LogConfig: Setting CVar [[r.SkyLight.RealTimeReflectionCapture:1]]
[2024.07.18-10.16.03:558][  0]LogConfig: Applying CVar settings from Section [FoliageQuality@3] File [D:/Test/SnakeGame/Saved/Config/Windows/Scalability.ini]
[2024.07.18-10.16.03:558][  0]LogConfig: Setting CVar [[foliage.DensityScale:1.0]]
[2024.07.18-10.16.03:558][  0]LogConfig: Setting CVar [[grass.DensityScale:1.0]]
[2024.07.18-10.16.03:558][  0]LogConfig: Applying CVar settings from Section [ShadingQuality@3] File [D:/Test/SnakeGame/Saved/Config/Windows/Scalability.ini]
[2024.07.18-10.16.03:558][  0]LogConfig: Setting CVar [[r.HairStrands.SkyLighting.IntegrationType:2]]
[2024.07.18-10.16.03:558][  0]LogConfig: Setting CVar [[r.HairStrands.SkyAO.SampleCount:4]]
[2024.07.18-10.16.03:558][  0]LogConfig: Setting CVar [[r.HairStrands.Visibility.MSAA.SamplePerPixel:4]]
[2024.07.18-10.16.03:560][  0]LogInit: Selected Device Profile: [Windows]
[2024.07.18-10.16.03:560][  0]LogInit: Applying CVar settings loaded from the selected device profile: [Windows]
[2024.07.18-10.16.03:560][  0]LogHAL: Display: Platform has ~ 16 GB [17017065472 / 17179869184 / 16], which maps to Larger [LargestMinGB=32, LargerMinGB=12, DefaultMinGB=8, SmallerMinGB=6, SmallestMinGB=0)
[2024.07.18-10.16.03:560][  0]LogInit: Going up to parent DeviceProfile []
[2024.07.18-10.16.03:560][  0]LogConfig: Applying CVar settings from Section [ViewDistanceQuality@3] File [D:/Test/SnakeGame/Saved/Config/Windows/Scalability.ini]
[2024.07.18-10.16.03:560][  0]LogConfig: Setting CVar [[r.SkeletalMeshLODBias:0]]
[2024.07.18-10.16.03:560][  0]LogConfig: Setting CVar [[r.ViewDistanceScale:1.0]]
[2024.07.18-10.16.03:560][  0]LogConfig: Applying CVar settings from Section [AntiAliasingQuality@3] File [D:/Test/SnakeGame/Saved/Config/Windows/Scalability.ini]
[2024.07.18-10.16.03:560][  0]LogConfig: Setting CVar [[r.PostProcessAAQuality:4]]
[2024.07.18-10.16.03:560][  0]LogConfig: Applying CVar settings from Section [ShadowQuality@3] File [D:/Test/SnakeGame/Saved/Config/Windows/Scalability.ini]
[2024.07.18-10.16.03:560][  0]LogConfig: Setting CVar [[r.LightFunctionQuality:1]]
[2024.07.18-10.16.03:560][  0]LogConfig: Setting CVar [[r.ShadowQuality:5]]
[2024.07.18-10.16.03:560][  0]LogConfig: Setting CVar [[r.Shadow.CSM.MaxCascades:10]]
[2024.07.18-10.16.03:560][  0]LogConfig: Setting CVar [[r.Shadow.MaxResolution:2048]]
[2024.07.18-10.16.03:560][  0]LogConfig: Setting CVar [[r.Shadow.MaxCSMResolution:2048]]
[2024.07.18-10.16.03:561][  0]LogConfig: Setting CVar [[r.Shadow.RadiusThreshold:0.01]]
[2024.07.18-10.16.03:561][  0]LogConfig: Setting CVar [[r.Shadow.DistanceScale:1.0]]
[2024.07.18-10.16.03:561][  0]LogConfig: Setting CVar [[r.Shadow.CSM.TransitionScale:1.0]]
[2024.07.18-10.16.03:561][  0]LogConfig: Setting CVar [[r.Shadow.PreShadowResolutionFactor:1.0]]
[2024.07.18-10.16.03:561][  0]LogConfig: Setting CVar [[r.DistanceFieldShadowing:1]]
[2024.07.18-10.16.03:561][  0]LogConfig: Setting CVar [[r.DistanceFieldAO:1]]
[2024.07.18-10.16.03:561][  0]LogConfig: Setting CVar [[r.AOQuality:2]]
[2024.07.18-10.16.03:561][  0]LogConfig: Setting CVar [[r.VolumetricFog:1]]
[2024.07.18-10.16.03:561][  0]LogConfig: Setting CVar [[r.VolumetricFog.GridPixelSize:8]]
[2024.07.18-10.16.03:561][  0]LogConfig: Setting CVar [[r.VolumetricFog.GridSizeZ:128]]
[2024.07.18-10.16.03:561][  0]LogConfig: Setting CVar [[r.VolumetricFog.HistoryMissSupersampleCount:4]]
[2024.07.18-10.16.03:561][  0]LogConfig: Setting CVar [[r.LightMaxDrawDistanceScale:1]]
[2024.07.18-10.16.03:561][  0]LogConfig: Setting CVar [[r.CapsuleShadows:1]]
[2024.07.18-10.16.03:561][  0]LogConfig: Applying CVar settings from Section [PostProcessQuality@3] File [D:/Test/SnakeGame/Saved/Config/Windows/Scalability.ini]
[2024.07.18-10.16.03:561][  0]LogConfig: Setting CVar [[r.MotionBlurQuality:4]]
[2024.07.18-10.16.03:561][  0]LogConfig: Setting CVar [[r.AmbientOcclusionMipLevelFactor:0.4]]
[2024.07.18-10.16.03:561][  0]LogConfig: Setting CVar [[r.AmbientOcclusionMaxQuality:100]]
[2024.07.18-10.16.03:561][  0]LogConfig: Setting CVar [[r.AmbientOcclusionLevels:-1]]
[2024.07.18-10.16.03:561][  0]LogConfig: Setting CVar [[r.AmbientOcclusionRadiusScale:1.0]]
[2024.07.18-10.16.03:561][  0]LogConfig: Setting CVar [[r.DepthOfFieldQuality:2]]
[2024.07.18-10.16.03:561][  0]LogConfig: Setting CVar [[r.RenderTargetPoolMin:400]]
[2024.07.18-10.16.03:561][  0]LogConfig: Setting CVar [[r.LensFlareQuality:2]]
[2024.07.18-10.16.03:561][  0]LogConfig: Setting CVar [[r.SceneColorFringeQuality:1]]
[2024.07.18-10.16.03:561][  0]LogConfig: Setting CVar [[r.EyeAdaptationQuality:2]]
[2024.07.18-10.16.03:561][  0]LogConfig: Setting CVar [[r.BloomQuality:5]]
[2024.07.18-10.16.03:561][  0]LogConfig: Setting CVar [[r.FastBlurThreshold:100]]
[2024.07.18-10.16.03:561][  0]LogConfig: Setting CVar [[r.Upscale.Quality:3]]
[2024.07.18-10.16.03:561][  0]LogConfig: Setting CVar [[r.Tonemapper.GrainQuantization:1]]
[2024.07.18-10.16.03:561][  0]LogConfig: Setting CVar [[r.LightShaftQuality:1]]
[2024.07.18-10.16.03:561][  0]LogConfig: Setting CVar [[r.Filter.SizeScale:1]]
[2024.07.18-10.16.03:561][  0]LogConfig: Setting CVar [[r.Tonemapper.Quality:5]]
[2024.07.18-10.16.03:561][  0]LogConfig: Setting CVar [[r.DOF.Gather.AccumulatorQuality:1        ; higher gathering accumulator quality]]
[2024.07.18-10.16.03:561][  0]LogConfig: Setting CVar [[r.DOF.Gather.PostfilterMethod:1          ; Median3x3 postfilering method]]
[2024.07.18-10.16.03:561][  0]LogConfig: Setting CVar [[r.DOF.Gather.EnableBokehSettings:0       ; no bokeh simulation when gathering]]
[2024.07.18-10.16.03:561][  0]LogConfig: Setting CVar [[r.DOF.Gather.RingCount:4                 ; medium number of samples when gathering]]
[2024.07.18-10.16.03:561][  0]LogConfig: Setting CVar [[r.DOF.Scatter.ForegroundCompositing:1    ; additive foreground scattering]]
[2024.07.18-10.16.03:561][  0]LogConfig: Setting CVar [[r.DOF.Scatter.BackgroundCompositing:2    ; additive background scattering]]
[2024.07.18-10.16.03:561][  0]LogConfig: Setting CVar [[r.DOF.Scatter.EnableBokehSettings:1      ; bokeh simulation when scattering]]
[2024.07.18-10.16.03:561][  0]LogConfig: Setting CVar [[r.DOF.Scatter.MaxSpriteRatio:0.1         ; only a maximum of 10% of scattered bokeh]]
[2024.07.18-10.16.03:561][  0]LogConfig: Setting CVar [[r.DOF.Recombine.Quality:1                ; cheap slight out of focus]]
[2024.07.18-10.16.03:561][  0]LogConfig: Setting CVar [[r.DOF.Recombine.EnableBokehSettings:0    ; no bokeh simulation on slight out of focus]]
[2024.07.18-10.16.03:561][  0]LogConfig: Setting CVar [[r.DOF.TemporalAAQuality:1                ; more stable temporal accumulation]]
[2024.07.18-10.16.03:561][  0]LogConfig: Setting CVar [[r.DOF.Kernel.MaxForegroundRadius:0.025]]
[2024.07.18-10.16.03:561][  0]LogConfig: Setting CVar [[r.DOF.Kernel.MaxBackgroundRadius:0.025]]
[2024.07.18-10.16.03:561][  0]LogConfig: Applying CVar settings from Section [TextureQuality@3] File [D:/Test/SnakeGame/Saved/Config/Windows/Scalability.ini]
[2024.07.18-10.16.03:561][  0]LogConfig: Setting CVar [[r.Streaming.MipBias:0]]
[2024.07.18-10.16.03:561][  0]LogConfig: Setting CVar [[r.Streaming.AmortizeCPUToGPUCopy:0]]
[2024.07.18-10.16.03:561][  0]LogConfig: Setting CVar [[r.Streaming.MaxNumTexturesToStreamPerFrame:0]]
[2024.07.18-10.16.03:561][  0]LogConfig: Setting CVar [[r.Streaming.Boost:1]]
[2024.07.18-10.16.03:561][  0]LogConfig: Setting CVar [[r.MaxAnisotropy:8]]
[2024.07.18-10.16.03:561][  0]LogConfig: Setting CVar [[r.VT.MaxAnisotropy:8]]
[2024.07.18-10.16.03:561][  0]LogConfig: Setting CVar [[r.Streaming.LimitPoolSizeToVRAM:0]]
[2024.07.18-10.16.03:561][  0]LogConfig: Setting CVar [[r.Streaming.PoolSize:1000]]
[2024.07.18-10.16.03:561][  0]LogConfig: Setting CVar [[r.Streaming.MaxEffectiveScreenSize:0]]
[2024.07.18-10.16.03:561][  0]LogConfig: Applying CVar settings from Section [EffectsQuality@3] File [D:/Test/SnakeGame/Saved/Config/Windows/Scalability.ini]
[2024.07.18-10.16.03:561][  0]LogConfig: Setting CVar [[r.TranslucencyLightingVolumeDim:64]]
[2024.07.18-10.16.03:561][  0]LogConfig: Setting CVar [[r.RefractionQuality:2]]
[2024.07.18-10.16.03:561][  0]LogConfig: Setting CVar [[r.SSR.Quality:3]]
[2024.07.18-10.16.03:561][  0]LogConfig: Setting CVar [[r.SSR.HalfResSceneColor:0]]
[2024.07.18-10.16.03:561][  0]LogConfig: Setting CVar [[r.SceneColorFormat:4]]
[2024.07.18-10.16.03:561][  0]LogConfig: Setting CVar [[r.DetailMode:2]]
[2024.07.18-10.16.03:561][  0]LogConfig: Setting CVar [[r.TranslucencyVolumeBlur:1]]
[2024.07.18-10.16.03:561][  0]LogConfig: Setting CVar [[r.MaterialQualityLevel:1 ; High quality]]
[2024.07.18-10.16.03:561][  0]LogConfig: Setting CVar [[r.AnisotropicMaterials:1]]
[2024.07.18-10.16.03:561][  0]LogConfig: Setting CVar [[r.SSS.Scale:1]]
[2024.07.18-10.16.03:561][  0]LogConfig: Setting CVar [[r.SSS.SampleSet:2]]
[2024.07.18-10.16.03:561][  0]LogConfig: Setting CVar [[r.SSS.Quality:1]]
[2024.07.18-10.16.03:561][  0]LogConfig: Setting CVar [[r.SSS.HalfRes:0]]
[2024.07.18-10.16.03:561][  0]LogConfig: Setting CVar [[r.SSGI.Quality:3]]
[2024.07.18-10.16.03:561][  0]LogConfig: Setting CVar [[r.EmitterSpawnRateScale:1.0]]
[2024.07.18-10.16.03:561][  0]LogConfig: Setting CVar [[r.ParticleLightQuality:2]]
[2024.07.18-10.16.03:561][  0]LogConfig: Setting CVar [[r.SkyAtmosphere.AerialPerspectiveLUT.FastApplyOnOpaque:1 ; Always have FastSkyLUT 1 in this case to avoid wrong sky]]
[2024.07.18-10.16.03:561][  0]LogConfig: Setting CVar [[r.SkyAtmosphere.AerialPerspectiveLUT.SampleCountMaxPerSlice:4]]
[2024.07.18-10.16.03:561][  0]LogConfig: Setting CVar [[r.SkyAtmosphere.AerialPerspectiveLUT.DepthResolution:16.0]]
[2024.07.18-10.16.03:561][  0]LogConfig: Setting CVar [[r.SkyAtmosphere.FastSkyLUT:1]]
[2024.07.18-10.16.03:561][  0]LogConfig: Setting CVar [[r.SkyAtmosphere.FastSkyLUT.SampleCountMin:4.0]]
[2024.07.18-10.16.03:561][  0]LogConfig: Setting CVar [[r.SkyAtmosphere.FastSkyLUT.SampleCountMax:128.0]]
[2024.07.18-10.16.03:561][  0]LogConfig: Setting CVar [[r.SkyAtmosphere.SampleCountMin:4.0]]
[2024.07.18-10.16.03:561][  0]LogConfig: Setting CVar [[r.SkyAtmosphere.SampleCountMax:128.0]]
[2024.07.18-10.16.03:561][  0]LogConfig: Setting CVar [[r.SkyAtmosphere.TransmittanceLUT.UseSmallFormat:0]]
[2024.07.18-10.16.03:561][  0]LogConfig: Setting CVar [[r.SkyAtmosphere.TransmittanceLUT.SampleCount:10.0]]
[2024.07.18-10.16.03:561][  0]LogConfig: Setting CVar [[r.SkyAtmosphere.MultiScatteringLUT.SampleCount:15.0]]
[2024.07.18-10.16.03:561][  0]LogConfig: Setting CVar [[r.SkyLight.RealTimeReflectionCapture:1]]
[2024.07.18-10.16.03:561][  0]LogConfig: Applying CVar settings from Section [FoliageQuality@3] File [D:/Test/SnakeGame/Saved/Config/Windows/Scalability.ini]
[2024.07.18-10.16.03:561][  0]LogConfig: Setting CVar [[foliage.DensityScale:1.0]]
[2024.07.18-10.16.03:562][  0]LogConfig: Setting CVar [[grass.DensityScale:1.0]]
[2024.07.18-10.16.03:562][  0]LogConfig: Applying CVar settings from Section [ShadingQuality@3] File [D:/Test/SnakeGame/Saved/Config/Windows/Scalability.ini]
[2024.07.18-10.16.03:562][  0]LogConfig: Setting CVar [[r.HairStrands.SkyLighting.IntegrationType:2]]
[2024.07.18-10.16.03:562][  0]LogConfig: Setting CVar [[r.HairStrands.SkyAO.SampleCount:4]]
[2024.07.18-10.16.03:562][  0]LogConfig: Setting CVar [[r.HairStrands.Visibility.MSAA.SamplePerPixel:4]]
[2024.07.18-10.16.03:562][  0]LogConfig: Applying CVar settings from Section [Startup] File [../../../Engine/Config/ConsoleVariables.ini]
[2024.07.18-10.16.03:562][  0]LogConfig: Setting CVar [[net.UseAdaptiveNetUpdateFrequency:0]]
[2024.07.18-10.16.03:562][  0]LogConfig: Setting CVar [[p.chaos.AllowCreatePhysxBodies:1]]
[2024.07.18-10.16.03:562][  0]LogConfig: Setting CVar [[fx.SkipVectorVMBackendOptimizations:1]]
[2024.07.18-10.16.03:562][  0]LogConfig: Applying CVar settings from Section [ConsoleVariables] File [D:/Test/SnakeGame/Saved/Config/Windows/Engine.ini]
[2024.07.18-10.16.03:562][  0]LogConfig: Applying CVar settings from Section [ConsoleVariables] File [D:/Test/SnakeGame/Saved/Config/Windows/Editor.ini]
[2024.07.18-10.16.03:562][  0]LogInit: Computer: MYKORSAR-PC
[2024.07.18-10.16.03:562][  0]LogInit: User: mykor
[2024.07.18-10.16.03:562][  0]LogInit: CPU Page size=4096, Cores=4
[2024.07.18-10.16.03:562][  0]LogInit: High frequency timer resolution =10.000000 MHz
[2024.07.18-10.16.03:562][  0]LogMemory: Memory total: Physical=15.8GB (16GB approx)
[2024.07.18-10.16.03:562][  0]LogMemory: Platform Memory Stats for Windows
[2024.07.18-10.16.03:562][  0]LogMemory: Process Physical Memory: 131.16 MB used, 131.16 MB peak
[2024.07.18-10.16.03:562][  0]LogMemory: Process Virtual Memory: 111.41 MB used, 111.41 MB peak
[2024.07.18-10.16.03:562][  0]LogMemory: Physical Memory: 10947.52 MB used,  5281.22 MB free, 16228.74 MB total
[2024.07.18-10.16.03:562][  0]LogMemory: Virtual Memory: 134211152.00 MB used,  6573.98 MB free, 134217728.00 MB total
[2024.07.18-10.16.03:568][  0]LogWindows: WindowsPlatformFeatures enabled
[2024.07.18-10.16.03:613][  0]LogInit: Physics initialised using underlying interface: PhysX
[2024.07.18-10.16.03:613][  0]LogInit: Using OS detected language (ru-RU).
[2024.07.18-10.16.03:613][  0]LogInit: Using OS detected locale (ru-RU).
[2024.07.18-10.16.03:615][  0]LogTextLocalizationManager: No specific localization for 'ru-RU' exists, so the 'ru' localization will be used.
[2024.07.18-10.16.03:615][  0]LogTextLocalizationResource: LocRes '../../../Engine/Content/Localization/Editor/ru/Editor.locres' could not be opened for reading!
[2024.07.18-10.16.03:615][  0]LogTextLocalizationResource: LocRes '../../../Engine/Content/Localization/EditorTutorials/ru/EditorTutorials.locres' could not be opened for reading!
[2024.07.18-10.16.03:615][  0]LogTextLocalizationResource: LocRes '../../../Engine/Content/Localization/Keywords/ru/Keywords.locres' could not be opened for reading!
[2024.07.18-10.16.03:615][  0]LogTextLocalizationResource: LocRes '../../../Engine/Content/Localization/Category/ru/Category.locres' could not be opened for reading!
[2024.07.18-10.16.03:615][  0]LogTextLocalizationResource: LocRes '../../../Engine/Content/Localization/ToolTips/ru/ToolTips.locres' could not be opened for reading!
[2024.07.18-10.16.03:616][  0]LogTextLocalizationResource: LocRes '../../../Engine/Content/Localization/PropertyNames/ru/PropertyNames.locres' could not be opened for reading!
[2024.07.18-10.16.03:616][  0]LogTextLocalizationResource: LocRes '../../../Engine/Content/Localization/Engine/ru/Engine.locres' could not be opened for reading!
[2024.07.18-10.16.04:967][  0]LogTargetPlatformManager: Display: Loaded TargetPlatform 'AllDesktop'
[2024.07.18-10.16.04:991][  0]LogTargetPlatformManager: Display: Loaded TargetPlatform 'Android'
[2024.07.18-10.16.04:991][  0]LogTargetPlatformManager: Display: Loaded TargetPlatform 'Android_ASTC'
[2024.07.18-10.16.04:991][  0]LogTargetPlatformManager: Display: Loaded TargetPlatform 'Android_DXT'
[2024.07.18-10.16.04:991][  0]LogTargetPlatformManager: Display: Loaded TargetPlatform 'Android_ETC2'
[2024.07.18-10.16.04:991][  0]LogTargetPlatformManager: Display: Loaded TargetPlatform 'AndroidClient'
[2024.07.18-10.16.04:991][  0]LogTargetPlatformManager: Display: Loaded TargetPlatform 'Android_ASTCClient'
[2024.07.18-10.16.04:991][  0]LogTargetPlatformManager: Display: Loaded TargetPlatform 'Android_DXTClient'
[2024.07.18-10.16.04:991][  0]LogTargetPlatformManager: Display: Loaded TargetPlatform 'Android_ETC2Client'
[2024.07.18-10.16.04:991][  0]LogTargetPlatformManager: Display: Loaded TargetPlatform 'Android_Multi'
[2024.07.18-10.16.04:991][  0]LogTargetPlatformManager: Display: Loaded TargetPlatform 'Android_MultiClient'
[2024.07.18-10.16.05:032][  0]LogTargetPlatformManager: Display: Loaded TargetPlatform 'IOSClient'
[2024.07.18-10.16.05:032][  0]LogTargetPlatformManager: Display: Loaded TargetPlatform 'IOS'
[2024.07.18-10.16.05:042][  0]LogTargetPlatformManager: Display: Loaded TargetPlatform 'Linux'
[2024.07.18-10.16.05:046][  0]LogTargetPlatformManager: Display: Loaded TargetPlatform 'LinuxNoEditor'
[2024.07.18-10.16.05:051][  0]LogTargetPlatformManager: Display: Loaded TargetPlatform 'LinuxClient'
[2024.07.18-10.16.05:055][  0]LogTargetPlatformManager: Display: Loaded TargetPlatform 'LinuxServer'
[2024.07.18-10.16.05:064][  0]LogTargetPlatformManager: Display: Loaded TargetPlatform 'LinuxAArch64NoEditor'
[2024.07.18-10.16.05:069][  0]LogTargetPlatformManager: Display: Loaded TargetPlatform 'LinuxAArch64Client'
[2024.07.18-10.16.05:074][  0]LogTargetPlatformManager: Display: Loaded TargetPlatform 'LinuxAArch64Server'
[2024.07.18-10.16.05:099][  0]LogTargetPlatformManager: Display: Loaded TargetPlatform 'Lumin'
[2024.07.18-10.16.05:099][  0]LogTargetPlatformManager: Display: Loaded TargetPlatform 'LuminClient'
[2024.07.18-10.16.05:108][  0]LogTargetPlatformManager: Display: Loaded TargetPlatform 'MacNoEditor'
[2024.07.18-10.16.05:112][  0]LogTargetPlatformManager: Display: Loaded TargetPlatform 'Mac'
[2024.07.18-10.16.05:117][  0]LogTargetPlatformManager: Display: Loaded TargetPlatform 'MacClient'
[2024.07.18-10.16.05:121][  0]LogTargetPlatformManager: Display: Loaded TargetPlatform 'MacServer'
[2024.07.18-10.16.05:132][  0]LogTargetPlatformManager: Display: Loaded TargetPlatform 'TVOSClient'
[2024.07.18-10.16.05:132][  0]LogTargetPlatformManager: Display: Loaded TargetPlatform 'TVOS'
[2024.07.18-10.16.05:141][  0]LogTargetPlatformManager: Display: Loaded TargetPlatform 'WindowsNoEditor'
[2024.07.18-10.16.05:145][  0]LogTargetPlatformManager: Display: Loaded TargetPlatform 'Windows'
[2024.07.18-10.16.05:150][  0]LogTargetPlatformManager: Display: Loaded TargetPlatform 'WindowsClient'
[2024.07.18-10.16.05:155][  0]LogTargetPlatformManager: Display: Loaded TargetPlatform 'WindowsServer'
[2024.07.18-10.16.05:155][  0]LogTargetPlatformManager: Display: Building Assets For Windows
[2024.07.18-10.16.05:162][  0]LogAudioDebug: Display: Lib vorbis DLL was dynamically loaded.
[2024.07.18-10.16.05:192][  0]LogTextureFormatOodle: Display: Oodle Texture 2.9.0 init RDO Off
[2024.07.18-10.16.05:224][  0]LogRendererCore: Ray tracing is disabled. Reason: r.RayTracing=0.
[2024.07.18-10.16.05:225][  0]LogDerivedDataCache: Display: Max Cache Size: 512 MB
[2024.07.18-10.16.05:225][  0]LogDerivedDataCache: Display: Starting with empty Boot cache
[2024.07.18-10.16.05:225][  0]LogDerivedDataCache: FDerivedDataBackendGraph:  Pak pak cache file ../../../../../Test/SnakeGame/DerivedDataCache/DDC.ddp not found, will not use a pak cache.
[2024.07.18-10.16.05:225][  0]LogDerivedDataCache: Unable to find inner node Pak for hierarchical cache Hierarchy.
[2024.07.18-10.16.05:588][  0]LogDerivedDataCache: Speed tests for ../../../Engine/DerivedDataCache took 0.36 seconds
[2024.07.18-10.16.05:588][  0]LogDerivedDataCache: Display: Performance to ../../../Engine/DerivedDataCache: Latency=1.32ms. RandomReadSpeed=3.46MBs, RandomWriteSpeed=11.88MBs. Assigned SpeedClass 'Fast'
[2024.07.18-10.16.05:617][  0]LogDerivedDataCache: Using Local data cache path ../../../Engine/DerivedDataCache: Writable
[2024.07.18-10.16.05:622][  0]LogAssetRegistry: FAssetRegistry took 0.0017 seconds to start up
[2024.07.18-10.16.05:885][  0]LogInit: Selected Device Profile: [Windows]
[2024.07.18-10.16.05:885][  0]LogInit: Active device profile: [000001CD1A73EC00][000001CD17E6F340 49] Windows
[2024.07.18-10.16.05:885][  0]LogInit: Profiles: [000001CD1A73EC00][000001CD17E6F340 49] Windows, [000001CD1A6CC600][000001CD17FAF4C0 49] WindowsNoEditor, [000001CD1A73EB00][000001CD17FB3640 49] WindowsServer, [000001CD1A6CC100][000001CD17FB77C0 49] WindowsClient, [000001CD1A6C7E00][000001CD17FBB940 49] IOS, [000001CD1A6CDE00][000001CD17FBFAC0 49] iPadAir, [000001CD1A6C4300][000001CD17FC20C0 49] iPadAir2, [000001CD1A681000][000001CD17FD0380 49] IPadPro, [000001CD1A681100][000001CD17FC63C0 49] iPadAir3, [000001CD1A6C7F00][000001CD17E72500 49] iPadAir4, [000001CD1A680300][000001CD17FDA640 49] iPadMini2, [000001CD1A6C5B00][000001CD17FDE780 49] iPadMini3, [000001CD1A681600][000001CD17FE6900 49] iPadMini4, [000001CD1A6C7800][000001CD17FEAA80 49] iPadMini5, [000001CD1A6CF400][000001CD17FF2D40 49] iPhone6, [000001CD1A6CF300][000001CD17FEED80 49] iPodTouch6, [000001CD1A683F00][000001CD17FFB040 49] iPhone7, [000001CD1A683E00][000001CD17FF7080 49] iPodTouch7, [000001CD1A6CFB00][000001CD17FFF200 49] iPhone5S, [000001CD1A680F00][000001CD18003380 49] iPhone6Plus, [000001CD1A6CEC00][000001CD18007500 49] iPhone6S, [000001CD1A683500][000001CD1800B680 49] iPhone6SPlus, [000001CD1A6CDF00][000001CD1800F800 49] iPhone7Plus, [000001CD1A682B00][000001CD18013980 49] iPhoneSE, [000001CD1A6CC200][000001CD18017B00 49] iPhone8, [000001CD1A683200][000001CD1801A100 49] iPhone8Plus, [000001CD1A6CD600][000001CD1801E280 49] iPhoneX, [000001CD1A682000][000001CD18022400 49] iPhoneXS, [000001CD1A6CE500][000001CD18026580 49] iPhoneXSMax, [000001CD1A682F00][000001CD17FE26C0 49] iPhoneXR, [000001CD1A6CD800][000001CD1802A800 49] iPhone11, [000001CD1A682200][000001CD1802E940 49] iPhone11Pro, [000001CD1A6CE000][000001CD18036AC0 49] iPhone11ProMax, [000001CD1A680D00][000001CD1803AC40 49] iPhoneSE2, [000001CD1A6CDC00][000001CD1803EDC0 49] iPhone12Mini, [000001CD1A682600][000001CD18042F40 49] iPhone12, [000001CD1A6CF100][000001CD180470C0 49] iPhone12Pro, [000001CD1A683C00][000001CD1804B240 49] iPhone12ProMax, [000001CD1A6CFE00][000001CD1804F3C0 49] iPadPro105, [000001CD1A680600][000001CD19027540 49] iPadPro129, [000001CD1A6CE900][000001CD1902B6C0 49] iPadPro97, [000001CD1A683000][000001CD1902F840 49] iPadPro2_129, [000001CD1A6CCE00][000001CD190339C0 49] iPad5, [000001CD1A680400][000001CD19037B40 49] iPad6, [000001CD1A6CCA00][000001CD1903A140 49] iPad7, [000001CD1A681C00][000001CD1903E2C0 49] iPad8, [000001CD1A6CC800][000001CD19042440 49] iPadPro11, [000001CD1A683B00][000001CD190465C0 49] iPadPro2_11, [000001CD1A6CDD00][000001CD1904A740 49] iPadPro3_129, [000001CD1A683800][000001CD18032880 49] iPadPro4_129, [000001CD1A6CD400][000001CD1904E9C0 49] AppleTV, [000001CD1A683900][000001CD19052B00 49] AppleTV4K, [000001CD1A6CEB00][000001CD19056C40 49] TVOS, [000001CD1A681A00][000001CD1905EDC0 49] Mac, [000001CD1A6CE600][000001CD19062F40 49] MacClient, [000001CD1A683300][000001CD190670C0 49] MacNoEditor, [000001CD1A6CE800][000001CD1906B240 49] MacServer, [000001CD1A680700][000001CD1906F3C0 49] Linux, [000001CD1A6CF000][000001CD19073540 49] LinuxAArch64, [000001CD1A681B00][000001CD190776C0 49] LinuxNoEditor, [000001CD1A6CFF00][000001CD1907B840 49] LinuxAArch64NoEditor, [000001CD1A681400][000001CD1907F9C0 49] LinuxClient, [000001CD1A6CC300][000001CD19083B40 49] LinuxAArch64Client, [000001CD1A682800][000001CD19086140 49] LinuxServer, [000001CD1A6CD300][000001CD1908A2C0 49] LinuxAArch64Server, [000001CD1A682500][000001CD1908E440 49] Android, [000001CD1A6CE400][000001CD190925C0 49] Android_Low, [000001CD1A680E00][000001CD19096740 49] Android_Mid, [000001CD1A6CCB00][000001CD1909A8C0 49] Android_High, [000001CD1A73C400][000001CD1905AA00 49] Android_Default, [000001CD1A6C5400][000001CD1909EB40 49] Android_Adreno4xx, [000001CD1A73C800][000001CD190A2C80 49] Android_Adreno5xx_Low, [000001CD1A6C5600][000001CD190A6DC0 49] Android_Adreno5xx, [000001CD1A73E900][000001CD190AEF40 49] Android_Adreno6xx, [000001CD1A6C6C00][000001CD190B30C0 49] Android_Adreno6xx_Vulkan, [000001CD1A73D500][000001CD190B7240 49] Android_Mali_T6xx, [000001CD1A6C4100][000001CD190BB3C0 49] Android_Mali_T7xx, [000001CD1A73E600][000001CD190BF540 49] Android_Mali_T8xx, [000001CD1A6C6A00][000001CD190C36C0 49] Android_Mali_G71, [000001CD1A73C300][000001CD190C7840 49] Android_Mali_G72, [000001CD1A6C5200][000001CD190CB9C0 49] Android_Mali_G72_Vulkan, [000001CD1A73DA00][000001CD1AA9FB40 49] Android_Mali_G76, [000001CD1A6C4200][000001CD1AAA2140 49] Android_Mali_G76_Vulkan, [000001CD1A73CE00][000001CD1AAA62C0 49] Android_Mali_G77, [000001CD1A6C6B00][000001CD1AAAA440 49] Android_Mali_G77_Vulkan, [000001CD1A73D300][000001CD1AAAE5C0 49] Android_Mali_G78, [000001CD1A6C6200][000001CD1AAB2740 49] Android_Mali_G78_Vulkan, [000001CD1A73DE00][000001CD1AAB68C0 49] Android_Mali_G710, [000001CD1A6C6E00][000001CD1AABAA40 49] Android_Mali_G710_Vulkan, [000001CD1A73CF00][000001CD1AABEBC0 49] Android_Vulkan_SM5, [000001CD1A6C7600][000001CD190AAD00 49] Android_PowerVR_G6xxx, [000001CD1A73F100][000001CD1AAC2E40 49] Android_PowerVR_GT7xxx, [000001CD1A6C5900][000001CD1AAC6F80 49] Android_PowerVR_GE8xxx, [000001CD1A73C200][000001CD1AACF100 49] Android_PowerVR_GM9xxx, [000001CD1A6C4F00][000001CD1AAD3280 49] Android_PowerVR_GM9xxx_Vulkan, [000001CD1A73E300][000001CD1AAD7400 49] Android_TegraK1, [000001CD1A681500][000001CD1AADB580 49] Android_Unknown_Vulkan, [000001CD1A73D000][000001CD1AADF700 49] Lumin, [000001CD1A682C00][000001CD1AAE3880 49] Lumin_Desktop, [000001CD1A73E800][000001CD1AAE7A00 49] HoloLens, 
[2024.07.18-10.16.05:918][  0]LogMeshReduction: Using QuadricMeshReduction for automatic static mesh reduction
[2024.07.18-10.16.05:918][  0]LogMeshReduction: Using SimplygonMeshReduction for automatic skeletal mesh reduction
[2024.07.18-10.16.05:918][  0]LogMeshReduction: Using ProxyLODMeshReduction for automatic mesh merging
[2024.07.18-10.16.05:918][  0]LogMeshReduction: No distributed automatic mesh merging module available
[2024.07.18-10.16.05:918][  0]LogMeshMerging: No distributed automatic mesh merging module available
[2024.07.18-10.16.05:981][  0]LogNetVersion: SnakeGame 1.0.0, NetCL: 17155196, EngineNetVer: 17, GameNetVer: 0 (Checksum: 3033270002)
[2024.07.18-10.16.13:239][  0]LogHMD: PokeAHoleMaterial loaded successfully
[2024.07.18-10.16.14:510][  0]LogCollectionManager: Loaded 0 collections in 0.000652 seconds
[2024.07.18-10.16.14:512][  0]LogFileCache: Scanning file cache for directory 'D:/Test/SnakeGame/Saved/Collections/' took 0.00s
[2024.07.18-10.16.14:512][  0]LogFileCache: Scanning file cache for directory 'D:/Test/SnakeGame/Content/Developers/mykor/Collections/' took 0.00s
[2024.07.18-10.16.14:512][  0]LogFileCache: Scanning file cache for directory 'D:/Test/SnakeGame/Content/Collections/' took 0.00s
[2024.07.18-10.16.14:512][  0]LogCollectionManager: Fixed up redirectors for 0 collections in 0.000002 seconds (updated 0 objects)
[2024.07.18-10.16.14:976][  0]LogNiagaraDebuggerClient: Niagara Debugger Client Initialized | Session: 439A1C95442187124937F09C9B8C51F8 | Instance: C10EDC804F93F25EF76E88859B0CBBFB (MYKORSAR-PC-5932).
[2024.07.18-10.16.15:007][  0]LogPython: Using Python 3.7.7
[2024.07.18-10.16.16:608][  0]SourceControl: Source control is disabled
[2024.07.18-10.16.16:608][  0]SourceControl: Source control is disabled
[2024.07.18-10.16.16:611][  0]SourceControl: Source control is disabled
[2024.07.18-10.16.16:614][  0]SourceControl: Source control is disabled
[2024.07.18-10.16.16:619][  0]SourceControl: Source control is disabled
[2024.07.18-10.16.16:625][  0]LogUProjectInfo: Found projects:
[2024.07.18-10.16.16:836][  0]LogOpenImageDenoise: OIDN starting up
[2024.07.18-10.16.16:863][  0]LogAndroidPermission: UAndroidPermissionCallbackProxy::GetInstance
[2024.07.18-10.16.16:883][  0]LogAudioCaptureCore: Display: No Audio Capture implementations found. Audio input will be silent.
[2024.07.18-10.16.16:883][  0]LogAudioCaptureCore: Display: No Audio Capture implementations found. Audio input will be silent.
[2024.07.18-10.16.26:908][  0]LogOcInput: OculusInput pre-init called
[2024.07.18-10.16.30:703][  0]LogUObjectArray: 23074 objects as part of root set at end of initial load.
[2024.07.18-10.16.30:703][  0]LogUObjectAllocator: 6366656 out of 0 bytes used by permanent object pool.
[2024.07.18-10.16.30:703][  0]LogUObjectArray: CloseDisregardForGC: 0/0 objects in disregard for GC pool
[2024.07.18-10.16.30:925][  0]LogInit: Error: VisualStudioToolsCommandlet looked like a commandlet, but we could not find the class.
[2024.07.18-10.16.31:315][  0]LogCore: Engine exit requested (reason: Failed to find commandlet class VisualStudioToolsCommandlet)
[2024.07.18-10.16.31:315][  0]LogCore: Engine exit requested (reason: EngineExit() was called; note: exit was already requested)
[2024.07.18-10.16.31:455][  0]LogExit: Preparing to exit.
[2024.07.18-10.16.31:491][  0]LogUObjectHash: Compacting FUObjectHashTables data took   3.43ms
[2024.07.18-10.16.31:758][  0]LogDemo: Cleaned up 0 splitscreen connections with owner deletion
[2024.07.18-10.16.40:860][  0]LogExit: Object subsystem successfully closed.
[2024.07.18-10.16.57:821][  0]LogModuleManager: Shutting down and abandoning module AudioSynesthesiaEditor (594)
[2024.07.18-10.16.57:821][  0]LogModuleManager: Shutting down and abandoning module OculusEditor (592)
[2024.07.18-10.16.57:886][  0]LogModuleManager: Shutting down and abandoning module OculusInput (590)
[2024.07.18-10.16.57:886][  0]LogModuleManager: Shutting down and abandoning module ContentBrowserFileDataSource (588)
[2024.07.18-10.16.57:886][  0]LogModuleManager: Shutting down and abandoning module ContentBrowserClassDataSource (586)
[2024.07.18-10.16.57:886][  0]LogModuleManager: Shutting down and abandoning module ContentBrowserAssetDataSource (584)
[2024.07.18-10.16.57:886][  0]LogModuleManager: Shutting down and abandoning module ToolMenus (583)
[2024.07.18-10.16.57:886][  0]LogModuleManager: Shutting down and abandoning module TakeSequencer (580)
[2024.07.18-10.16.57:914][  0]LogModuleManager: Shutting down and abandoning module TakeMovieScene (578)
[2024.07.18-10.16.57:914][  0]LogModuleManager: Shutting down and abandoning module ScreenshotTools (576)
[2024.07.18-10.16.57:914][  0]LogModuleManager: Shutting down and abandoning module SynthesisEditor (574)
[2024.07.18-10.16.57:914][  0]LogModuleManager: Shutting down and abandoning module Synthesis (572)
[2024.07.18-10.16.58:145][  0]LogModuleManager: Shutting down and abandoning module ProceduralMeshComponentEditor (570)
[2024.07.18-10.16.58:334][  0]LogModuleManager: Shutting down and abandoning module ProceduralMeshComponent (568)
[2024.07.18-10.16.58:334][  0]LogModuleManager: Shutting down and abandoning module OpenXREditor (566)
[2024.07.18-10.16.58:417][  0]LogModuleManager: Shutting down and abandoning module MobilePatchingUtils (564)
[2024.07.18-10.16.58:432][  0]LogModuleManager: Shutting down and abandoning module GooglePAD (562)
[2024.07.18-10.16.58:432][  0]LogModuleManager: Shutting down and abandoning module EditableMesh (560)
[2024.07.18-10.16.58:490][  0]LogModuleManager: Shutting down and abandoning module CustomMeshComponent (558)
[2024.07.18-10.16.58:491][  0]LogModuleManager: Shutting down and abandoning module CableComponent (556)
[2024.07.18-10.16.58:491][  0]LogModuleManager: Shutting down and abandoning module AudioCapture (554)
[2024.07.18-10.16.58:491][  0]LogModuleManager: Shutting down and abandoning module AudioCaptureRtAudio (553)
[2024.07.18-10.16.58:549][  0]LogModuleManager: Shutting down and abandoning module AssetTags (550)
[2024.07.18-10.16.58:549][  0]LogModuleManager: Shutting down and abandoning module ArchVisCharacter (548)
[2024.07.18-10.16.58:549][  0]LogModuleManager: Shutting down and abandoning module AppleImageUtilsBlueprintSupport (546)
[2024.07.18-10.16.58:549][  0]LogModuleManager: Shutting down and abandoning module AppleImageUtils (544)
[2024.07.18-10.16.58:549][  0]LogModuleManager: Shutting down and abandoning module AndroidPermission (542)
[2024.07.18-10.16.58:549][  0]LogModuleManager: Shutting down and abandoning module ActorLayerUtilitiesEditor (540)
[2024.07.18-10.16.58:649][  0]LogModuleManager: Shutting down and abandoning module ActorLayerUtilities (538)
[2024.07.18-10.16.58:649][  0]LogModuleManager: Shutting down and abandoning module TemplateSequence (536)
[2024.07.18-10.16.58:888][  0]LogModuleManager: Shutting down and abandoning module MediaCompositing (534)
[2024.07.18-10.16.58:888][  0]LogModuleManager: Shutting down and abandoning module MagicLeapSharedWorld (532)
[2024.07.18-10.16.58:888][  0]LogModuleManager: Shutting down and abandoning module MagicLeapLightEstimation (530)
[2024.07.18-10.16.58:888][  0]LogModuleManager: Shutting down and abandoning module MagicLeapHelperVulkan (528)
[2024.07.18-10.16.58:888][  0]LogModuleManager: Shutting down and abandoning module MagicLeapHelperOpenGL (526)
[2024.07.18-10.16.58:888][  0]LogModuleManager: Shutting down and abandoning module MagicLeapAudio (524)
[2024.07.18-10.16.59:009][  0]LogModuleManager: Shutting down and abandoning module OpenImageDenoise (522)
[2024.07.18-10.16.59:009][  0]LogOpenImageDenoise: OIDN shutting down
[2024.07.18-10.16.59:009][  0]LogModuleManager: Shutting down and abandoning module MotoSynthEditor (520)
[2024.07.18-10.16.59:009][  0]LogModuleManager: Shutting down and abandoning module MotoSynth (518)
[2024.07.18-10.16.59:009][  0]LogModuleManager: Shutting down and abandoning module MeshConversion (516)
[2024.07.18-10.16.59:409][  0]LogModuleManager: Shutting down and abandoning module DynamicMesh (514)
[2024.07.18-10.17.00:016][  0]LogModuleManager: Shutting down and abandoning module GeometryAlgorithms (512)
[2024.07.18-10.17.00:101][  0]LogModuleManager: Shutting down and abandoning module GeometricObjects (510)
[2024.07.18-10.17.00:110][  0]LogModuleManager: Shutting down and abandoning module GeometryCollectionTracks (508)
[2024.07.18-10.17.00:110][  0]LogModuleManager: Shutting down and abandoning module GeometryCollectionSequencer (507)
[2024.07.18-10.17.00:110][  0]LogModuleManager: Shutting down and abandoning module GeometryCollectionEditor (504)
[2024.07.18-10.17.00:110][  0]LogModuleManager: Shutting down and abandoning module GeometryCacheTracks (502)
[2024.07.18-10.17.00:110][  0]LogModuleManager: Shutting down and abandoning module GeometryCacheStreamer (500)
[2024.07.18-10.17.00:257][  0]LogModuleManager: Shutting down and abandoning module GeometryCacheSequencer (498)
[2024.07.18-10.17.00:257][  0]LogModuleManager: Shutting down and abandoning module ChaosSolverEditor (496)
[2024.07.18-10.17.00:257][  0]LogModuleManager: Shutting down and abandoning module ChaosNiagara (494)
[2024.07.18-10.17.00:436][  0]LogModuleManager: Shutting down and abandoning module FractureEditor (492)
[2024.07.18-10.17.00:669][  0]LogModuleManager: Shutting down and abandoning module FieldSystemEngine (491)
[2024.07.18-10.17.00:669][  0]LogModuleManager: Shutting down and abandoning module ChaosClothEditor (488)
[2024.07.18-10.17.00:859][  0]LogModuleManager: Shutting down and abandoning module AutomationUtilsEditor (486)
[2024.07.18-10.17.00:859][  0]LogModuleManager: Shutting down and abandoning module AutomationUtils (484)
[2024.07.18-10.17.00:859][  0]LogModuleManager: Shutting down and abandoning module AlembicImporter (482)
[2024.07.18-10.17.00:859][  0]LogModuleManager: Shutting down and abandoning module AlembicLibrary (481)
[2024.07.18-10.17.00:859][  0]LogModuleManager: Shutting down and abandoning module GeometryCache (480)
[2024.07.18-10.17.00:859][  0]LogModuleManager: Shutting down and abandoning module GeometryCacheEd (479)
[2024.07.18-10.17.00:859][  0]LogModuleManager: Shutting down and abandoning module NiagaraEditorWidgets (474)
[2024.07.18-10.17.01:635][  0]LogModuleManager: Shutting down and abandoning module SpeedTreeImporter (472)
[2024.07.18-10.17.01:635][  0]LogModuleManager: Shutting down and abandoning module PluginBrowser (470)
[2024.07.18-10.17.02:181][  0]LogModuleManager: Shutting down and abandoning module MobileLauncherProfileWizard (468)
[2024.07.18-10.17.02:584][  0]LogModuleManager: Shutting down and abandoning module MaterialAnalyzer (466)
[2024.07.18-10.17.02:676][  0]LogModuleManager: Shutting down and abandoning module VariantManagerContentEditor (464)
[2024.07.18-10.17.03:196][  0]LogModuleManager: Shutting down and abandoning module CurveEditorTools (462)
[2024.07.18-10.17.03:862][  0]LogModuleManager: Shutting down and abandoning module DatasmithContentEditor (460)
[2024.07.18-10.17.04:224][  0]LogModuleManager: Shutting down and abandoning module CryptoKeysOpenSSL (458)
[2024.07.18-10.17.04:224][  0]LogModuleManager: Shutting down and abandoning module CryptoKeys (456)
[2024.07.18-10.17.04:225][  0]LogModuleManager: Shutting down and abandoning module VisualStudioSourceCodeAccess (454)
[2024.07.18-10.17.04:225][  0]LogModuleManager: Shutting down and abandoning module VisualStudioCodeSourceCodeAccess (452)
[2024.07.18-10.17.04:225][  0]LogModuleManager: Shutting down and abandoning module UObjectPlugin (450)
[2024.07.18-10.17.04:225][  0]LogModuleManager: Shutting down and abandoning module SubversionSourceControl (448)
[2024.07.18-10.17.04:967][  0]LogModuleManager: Shutting down and abandoning module PluginUtils (446)
[2024.07.18-10.17.04:990][  0]LogModuleManager: Shutting down and abandoning module PlasticSourceControl (444)
[2024.07.18-10.17.04:999][  0]LogModuleManager: Shutting down and abandoning module PerforceSourceControl (442)
[2024.07.18-10.17.05:229][  0]LogModuleManager: Shutting down and abandoning module GitSourceControl (440)
[2024.07.18-10.17.05:290][  0]LogModuleManager: Shutting down and abandoning module SourceControl (439)
[2024.07.18-10.17.05:392][  0]LogModuleManager: Shutting down and abandoning module CLionSourceCodeAccess (436)
[2024.07.18-10.17.05:392][  0]LogModuleManager: Shutting down and abandoning module AnimationSharingEd (434)
[2024.07.18-10.17.05:392][  0]LogModuleManager: Shutting down and abandoning module OodleNetworkHandlerComponent (432)
[2024.07.18-10.17.05:392][  0]LogModuleManager: Shutting down and abandoning module LightPropagationVolumeEditor (430)
[2024.07.18-10.17.05:392][  0]LogModuleManager: Shutting down and abandoning module LiveLinkSequencer (428)
[2024.07.18-10.17.05:392][  0]LogModuleManager: Shutting down and abandoning module LiveLinkMovieScene (426)
[2024.07.18-10.17.05:392][  0]LogModuleManager: Shutting down and abandoning module LiveLinkGraphNode (424)
[2024.07.18-10.17.05:392][  0]LogModuleManager: Shutting down and abandoning module LiveLinkEditor (422)
[2024.07.18-10.17.05:923][  0]LogModuleManager: Shutting down and abandoning module LiveLinkComponents (420)
[2024.07.18-10.17.05:923][  0]LogModuleManager: Shutting down and abandoning module LiveLink (418)
[2024.07.18-10.17.06:778][  0]LogModuleManager: Shutting down and abandoning module PaperTiledImporter (416)
[2024.07.18-10.17.06:778][  0]LogModuleManager: Shutting down and abandoning module PaperSpriteSheetImporter (414)
[2024.07.18-10.17.06:831][  0]LogModuleManager: Shutting down and abandoning module Paper2DEditor (412)
[2024.07.18-10.17.07:424][  0]LogModuleManager: Shutting down and abandoning module MeshPaintingToolset (410)
[2024.07.18-10.17.07:485][  0]LogModuleManager: Shutting down and abandoning module MeshPaintEditorMode (408)
[2024.07.18-10.17.07:500][  0]LogModuleManager: Shutting down and abandoning module SnakeGame (406)
[2024.07.18-10.17.07:500][  0]LogModuleManager: Shutting down and abandoning module SoundFields (404)
[2024.07.18-10.17.07:500][  0]LogModuleManager: Shutting down and abandoning module SignificanceManager (402)
[2024.07.18-10.17.07:500][  0]LogModuleManager: Shutting down and abandoning module RuntimePhysXCooking (400)
[2024.07.18-10.17.07:500][  0]LogModuleManager: Shutting down and abandoning module PropertyAccessEditor (398)
[2024.07.18-10.17.07:733][  0]LogModuleManager: Shutting down and abandoning module PhysXVehiclesEditor (396)
[2024.07.18-10.17.07:733][  0]LogModuleManager: Shutting down and abandoning module LocationServicesBPLibrary (392)
[2024.07.18-10.17.07:733][  0]LogModuleManager: Shutting down and abandoning module AudioSynesthesia (390)
[2024.07.18-10.17.07:872][  0]LogModuleManager: Shutting down and abandoning module AudioSynesthesiaCore (388)
[2024.07.18-10.17.07:872][  0]LogModuleManager: Shutting down and abandoning module ActorSequence (386)
[2024.07.18-10.17.07:872][  0]LogModuleManager: Shutting down and abandoning module UdpMessaging (384)
[2024.07.18-10.17.07:911][  0]LogModuleManager: Shutting down and abandoning module TcpMessaging (382)
[2024.07.18-10.17.07:929][  0]LogModuleManager: Shutting down and abandoning module MagicLeapARPin (380)
[2024.07.18-10.17.07:929][  0]LogModuleManager: Shutting down and abandoning module MagicLeapHandMeshing (378)
[2024.07.18-10.17.07:929][  0]LogModuleManager: Shutting down and abandoning module MagicLeapSecureStorage (376)
[2024.07.18-10.17.07:929][  0]LogModuleManager: Shutting down and abandoning module MagicLeapPrivileges (374)
[2024.07.18-10.17.08:251][  0]LogModuleManager: Shutting down and abandoning module MagicLeapPlanes (372)
[2024.07.18-10.17.08:533][  0]LogMagicLeapPlanes: Planes tracker already destroyed.
[2024.07.18-10.17.08:533][  0]LogModuleManager: Shutting down and abandoning module MagicLeapImageTracker (370)
[2024.07.18-10.17.08:533][  0]LogModuleManager: Shutting down and abandoning module MagicLeapIdentity (368)
[2024.07.18-10.17.08:533][  0]LogModuleManager: Shutting down and abandoning module MagicLeapHandTracking (366)
[2024.07.18-10.17.08:950][  0]LogModuleManager: Shutting down and abandoning module MagicLeapEyeTracker (364)
[2024.07.18-10.17.08:951][  0]LogModuleManager: Shutting down and abandoning module MagicLeapController (362)
[2024.07.18-10.17.08:951][  0]LogModuleManager: Shutting down and abandoning module MagicLeapARPinImpl (360)
[2024.07.18-10.17.08:951][  0]LogModuleManager: Shutting down and abandoning module MagicLeapAR (358)
[2024.07.18-10.17.08:951][  0]LogModuleManager: Shutting down and abandoning module PythonScriptPlugin (356)
[2024.07.18-10.17.08:951][  0]LogModuleManager: Shutting down and abandoning module NiagaraAnimNotifies (354)
[2024.07.18-10.17.08:951][  0]LogModuleManager: Shutting down and abandoning module Niagara (352)
[2024.07.18-10.17.09:339][  0]LogModuleManager: Shutting down and abandoning module SignalProcessing (351)
[2024.07.18-10.17.09:406][  0]LogModuleManager: Shutting down and abandoning module NiagaraEditor (349)
[2024.07.18-10.17.09:595][  0]LogModuleManager: Shutting down and abandoning module NiagaraCore (346)
[2024.07.18-10.17.09:595][  0]LogModuleManager: Shutting down and abandoning module GameplayTagsEditor (344)
[2024.07.18-10.17.09:707][  0]LogModuleManager: Shutting down and abandoning module FacialAnimationEditor (342)
[2024.07.18-10.17.09:707][  0]LogModuleManager: Shutting down and abandoning module FacialAnimation (340)
[2024.07.18-10.17.09:707][  0]LogModuleManager: Shutting down and abandoning module DataValidation (338)
[2024.07.18-10.17.09:707][  0]LogModuleManager: Shutting down and abandoning module AssetManagerEditor (336)
[2024.07.18-10.17.09:724][  0]LogModuleManager: Shutting down and abandoning module TreeMap (335)
[2024.07.18-10.17.09:759][  0]LogModuleManager: Shutting down and abandoning module PropertyAccessNode (332)
[2024.07.18-10.17.09:759][  0]LogModuleManager: Shutting down and abandoning module AnimationSharing (330)
[2024.07.18-10.17.09:759][  0]LogModuleManager: Shutting down and abandoning module GameplayCameras (328)
[2024.07.18-10.17.09:759][  0]LogModuleManager: Shutting down and abandoning module LightPropagationVolumeRuntime (326)
[2024.07.18-10.17.09:759][  0]LogModuleManager: Shutting down and abandoning module EnvironmentQueryEditor (324)
[2024.07.18-10.17.10:155][  0]LogModuleManager: Shutting down and abandoning module Paper2D (322)
[2024.07.18-10.17.10:192][  0]LogModuleManager: Shutting down and abandoning module NetworkReplayStreaming (320)
[2024.07.18-10.17.10:192][  0]LogModuleManager: Shutting down and abandoning module PacketHandler (318)
[2024.07.18-10.17.10:192][  0]LogModuleManager: Shutting down and abandoning module ClothingSystemEditor (316)
[2024.07.18-10.17.10:192][  0]LogModuleManager: Shutting down and abandoning module ClothingSystemRuntimeNv (314)
[2024.07.18-10.17.10:586][  0]LogModuleManager: Shutting down and abandoning module MediaAssets (312)
[2024.07.18-10.17.10:586][  0]LogModuleManager: Shutting down and abandoning module Overlay (310)
[2024.07.18-10.17.10:586][  0]LogModuleManager: Shutting down and abandoning module OverlayEditor (309)
[2024.07.18-10.17.10:587][  0]LogModuleManager: Shutting down and abandoning module Blutility (306)
[2024.07.18-10.17.10:659][  0]LogModuleManager: Shutting down and abandoning module LevelEditor (305)
[2024.07.18-10.17.11:365][  0]LogModuleManager: Shutting down and abandoning module PixelInspectorModule (304)
[2024.07.18-10.17.11:609][  0]LogModuleManager: Shutting down and abandoning module CommonMenuExtensions (302)
[2024.07.18-10.17.11:609][  0]LogModuleManager: Shutting down and abandoning module MainFrame (300)
[2024.07.18-10.17.11:941][  0]LogModuleManager: Shutting down and abandoning module HotReload (299)
[2024.07.18-10.17.11:942][  0]LogModuleManager: Shutting down and abandoning module ContentBrowser (295)
[2024.07.18-10.17.11:942][  0]LogModuleManager: Shutting down and abandoning module CollectionManager (294)
[2024.07.18-10.17.12:036][  0]LogModuleManager: Shutting down and abandoning module ContentBrowserData (292)
[2024.07.18-10.17.12:036][  0]LogModuleManager: Shutting down and abandoning module IntroTutorials (288)
[2024.07.18-10.17.12:037][  0]LogModuleManager: Shutting down and abandoning module VREditor (286)
[2024.07.18-10.17.12:231][  0]LogModuleManager: Shutting down and abandoning module StringTableEditor (284)
[2024.07.18-10.17.13:483][  0]LogModuleManager: Shutting down and abandoning module GameplayTasksEditor (282)
[2024.07.18-10.17.13:483][  0]LogModuleManager: Shutting down and abandoning module BehaviorTreeEditor (280)
[2024.07.18-10.17.13:887][  0]LogModuleManager: Shutting down and abandoning module FunctionalTesting (278)
[2024.07.18-10.17.13:897][  0]LogModuleManager: Shutting down and abandoning module CollisionAnalyzer (276)
[2024.07.18-10.17.14:185][  0]LogModuleManager: Shutting down and abandoning module WorkspaceMenuStructure (275)
[2024.07.18-10.17.14:185][  0]LogModuleManager: Shutting down and abandoning module UMG (272)
[2024.07.18-10.17.14:326][  0]LogModuleManager: Shutting down and abandoning module UMGEditor (271)
[2024.07.18-10.17.15:073][  0]LogModuleManager: Shutting down and abandoning module MessageLog (269)
[2024.07.18-10.17.15:073][  0]LogModuleManager: Shutting down and abandoning module SlateReflector (264)
[2024.07.18-10.17.15:965][  0]LogModuleManager: Shutting down and abandoning module Slate (262)
[2024.07.18-10.17.15:965][  0]LogModuleManager: Shutting down and abandoning module SlateCore (260)
[2024.07.18-10.17.15:967][  0]LogModuleManager: Shutting down and abandoning module LandscapeEditorUtilities (258)
[2024.07.18-10.17.15:968][  0]LogModuleManager: Shutting down and abandoning module UnrealEd (256)
[2024.07.18-10.17.15:994][  0]LogModuleManager: Shutting down and abandoning module MRMesh (254)
[2024.07.18-10.17.16:322][  0]LogModuleManager: Shutting down and abandoning module SourceCodeAccess (252)
[2024.07.18-10.17.16:322][  0]LogModuleManager: Shutting down and abandoning module HeadMountedDisplay (250)
[2024.07.18-10.17.16:322][  0]LogModuleManager: Shutting down and abandoning module XAudio2 (248)
[2024.07.18-10.17.16:429][  0]LogModuleManager: Shutting down and abandoning module Networking (246)
[2024.07.18-10.17.16:429][  0]LogModuleManager: Shutting down and abandoning module Core (244)
[2024.07.18-10.17.16:429][  0]LogModuleManager: Shutting down and abandoning module MaterialEditor (242)
[2024.07.18-10.17.16:673][  0]LogModuleManager: Shutting down and abandoning module Settings (241)
[2024.07.18-10.17.16:673][  0]LogModuleManager: Shutting down and abandoning module MovieSceneTools (238)
[2024.07.18-10.17.17:178][  0]LogModuleManager: Shutting down and abandoning module CurveEditor (237)
[2024.07.18-10.17.17:241][  0]LogModuleManager: Shutting down and abandoning module Sequencer (235)
[2024.07.18-10.17.17:500][  0]LogModuleManager: Shutting down and abandoning module EditorStyle (234)
[2024.07.18-10.17.17:503][  0]LogModuleManager: Shutting down and abandoning module KismetCompiler (230)
[2024.07.18-10.17.17:503][  0]LogModuleManager: Shutting down and abandoning module MeshBuilder (228)
[2024.07.18-10.17.17:554][  0]LogModuleManager: Shutting down and abandoning module MeshUtilities (226)
[2024.07.18-10.17.17:784][  0]LogModuleManager: Shutting down and abandoning module MeshMergeUtilities (225)
[2024.07.18-10.17.17:875][  0]LogModuleManager: Shutting down and abandoning module MeshReductionInterface (224)
[2024.07.18-10.17.17:875][  0]LogModuleManager: Shutting down and abandoning module MeshBoneReduction (223)
[2024.07.18-10.17.18:217][  0]LogModuleManager: Shutting down and abandoning module SkeletalMeshReduction (221)
[2024.07.18-10.17.18:342][  0]LogModuleManager: Shutting down and abandoning module ProxyLODMeshReduction (219)
[2024.07.18-10.17.18:411][  0]LogModuleManager: Shutting down and abandoning module QuadricMeshReduction (217)
[2024.07.18-10.17.18:583][  0]LogModuleManager: Shutting down and abandoning module MaterialBaking (213)
[2024.07.18-10.17.19:052][  0]LogModuleManager: Shutting down and abandoning module DirectoryWatcher (209)
[2024.07.18-10.17.19:053][  0]LogModuleManager: Shutting down and abandoning module NullInstallBundleManager (206)
[2024.07.18-10.17.19:053][  0]LogModuleManager: Shutting down and abandoning module DerivedDataCache (204)
[2024.07.18-10.17.19:142][  0]LogModuleManager: Shutting down and abandoning module TargetPlatform (202)
[2024.07.18-10.17.19:314][  0]LogModuleManager: Shutting down and abandoning module VulkanShaderFormat (201)
[2024.07.18-10.17.19:418][  0]LogModuleManager: Shutting down and abandoning module ShaderFormatVectorVM (199)
[2024.07.18-10.17.19:453][  0]LogModuleManager: Shutting down and abandoning module ShaderFormatOpenGL (197)
[2024.07.18-10.17.19:492][  0]LogModuleManager: Shutting down and abandoning module ShaderFormatD3D (195)
[2024.07.18-10.17.19:854][  0]LogModuleManager: Shutting down and abandoning module MetalShaderFormat (193)
[2024.07.18-10.17.19:958][  0]LogModuleManager: Shutting down and abandoning module TextureFormatOodle (191)
[2024.07.18-10.17.19:958][  0]LogModuleManager: Shutting down and abandoning module TextureFormatUncompressed (189)
[2024.07.18-10.17.19:958][  0]LogModuleManager: Shutting down and abandoning module TextureFormatPVR (187)
[2024.07.18-10.17.19:958][  0]LogModuleManager: Shutting down and abandoning module TextureFormatETC2 (185)
[2024.07.18-10.17.19:958][  0]LogModuleManager: Shutting down and abandoning module TextureFormatDXT (183)
[2024.07.18-10.17.20:066][  0]LogModuleManager: Shutting down and abandoning module TextureFormatIntelISPCTexComp (181)
[2024.07.18-10.17.20:090][  0]LogModuleManager: Shutting down and abandoning module TextureFormatASTC (179)
[2024.07.18-10.17.20:090][  0]LogModuleManager: Shutting down and abandoning module ImageWrapper (178)
[2024.07.18-10.17.20:090][  0]LogModuleManager: Shutting down and abandoning module AudioFormatOpus (175)
[2024.07.18-10.17.20:091][  0]LogModuleManager: Shutting down and abandoning module AudioFormatOgg (173)
[2024.07.18-10.17.20:091][  0]LogModuleManager: Shutting down and abandoning module AudioFormatADPCM (171)
[2024.07.18-10.17.20:102][  0]LogModuleManager: Shutting down and abandoning module WindowsServerTargetPlatform (169)
[2024.07.18-10.17.20:102][  0]LogModuleManager: Shutting down and abandoning module WindowsClientTargetPlatform (167)
[2024.07.18-10.17.20:102][  0]LogModuleManager: Shutting down and abandoning module WindowsTargetPlatform (165)
[2024.07.18-10.17.20:102][  0]LogModuleManager: Shutting down and abandoning module WindowsNoEditorTargetPlatform (163)
[2024.07.18-10.17.20:102][  0]LogModuleManager: Shutting down and abandoning module TVOSTargetPlatform (161)
[2024.07.18-10.17.20:104][  0]LogModuleManager: Shutting down and abandoning module MacServerTargetPlatform (159)
[2024.07.18-10.17.20:104][  0]LogModuleManager: Shutting down and abandoning module MacClientTargetPlatform (157)
[2024.07.18-10.17.20:104][  0]LogModuleManager: Shutting down and abandoning module MacTargetPlatform (155)
[2024.07.18-10.17.20:104][  0]LogModuleManager: Shutting down and abandoning module MacNoEditorTargetPlatform (153)
[2024.07.18-10.17.20:105][  0]LogModuleManager: Shutting down and abandoning module LuminTargetPlatform (151)
[2024.07.18-10.17.20:107][  0]LogModuleManager: Shutting down and abandoning module LinuxAArch64ServerTargetPlatform (149)
[2024.07.18-10.17.20:107][  0]LogModuleManager: Shutting down and abandoning module LinuxAArch64ClientTargetPlatform (147)
[2024.07.18-10.17.20:107][  0]LogModuleManager: Shutting down and abandoning module LinuxAArch64NoEditorTargetPlatform (145)
[2024.07.18-10.17.20:107][  0]LogModuleManager: Shutting down and abandoning module LinuxServerTargetPlatform (143)
[2024.07.18-10.17.20:107][  0]LogModuleManager: Shutting down and abandoning module LinuxClientTargetPlatform (141)
[2024.07.18-10.17.20:107][  0]LogModuleManager: Shutting down and abandoning module LinuxNoEditorTargetPlatform (139)
[2024.07.18-10.17.20:107][  0]LogModuleManager: Shutting down and abandoning module LinuxTargetPlatform (137)
[2024.07.18-10.17.20:107][  0]LogModuleManager: Shutting down and abandoning module Messaging (135)
[2024.07.18-10.17.20:107][  0]LogModuleManager: Shutting down and abandoning module IOSTargetPlatform (133)
[2024.07.18-10.17.20:109][  0]LogModuleManager: Shutting down and abandoning module AndroidTargetPlatform (131)
[2024.07.18-10.17.20:121][  0]LogModuleManager: Shutting down and abandoning module AllDesktopTargetPlatform (129)
[2024.07.18-10.17.20:121][  0]LogModuleManager: Shutting down and abandoning module NullDrv (126)
[2024.07.18-10.17.20:121][  0]LogModuleManager: Shutting down and abandoning module PhysXCooking (124)
[2024.07.18-10.17.20:121][  0]LogModuleManager: Shutting down and abandoning module Chaos (122)
[2024.07.18-10.17.20:136][  0]LogModuleManager: Shutting down and abandoning module WindowsPlatformFeatures (120)
[2024.07.18-10.17.20:203][  0]LogModuleManager: Shutting down and abandoning module GameplayMediaEncoder (119)
[2024.07.18-10.17.20:262][  0]LogModuleManager: Shutting down and abandoning module AVEncoder (118)
[2024.07.18-10.17.20:511][  0]LogModuleManager: Shutting down and abandoning module ExampleDeviceProfileSelector (114)
[2024.07.18-10.17.20:511][  0]LogModuleManager: Shutting down and abandoning module SteamVRInputDevice (112)
[2024.07.18-10.17.20:511][  0]LogModuleManager: Shutting down and abandoning module SteamVRInput (110)
[2024.07.18-10.17.20:511][  0]LogModuleManager: Shutting down and abandoning module SteamVR (108)
[2024.07.18-10.17.20:530][  0]LogHMD: Freeing OpenVRDLLHandle.
[2024.07.18-10.17.20:563][  0]LogModuleManager: Shutting down and abandoning module OculusHMD (106)
[2024.07.18-10.17.20:573][  0]LogModuleManager: Shutting down and abandoning module OpenXRHandTracking (104)
[2024.07.18-10.17.20:573][  0]LogModuleManager: Shutting down and abandoning module OpenXREyeTracker (102)
[2024.07.18-10.17.20:573][  0]LogModuleManager: Shutting down and abandoning module OpenXRAR (100)
[2024.07.18-10.17.20:646][  0]LogModuleManager: Shutting down and abandoning module AugmentedReality (99)
[2024.07.18-10.17.20:646][  0]LogModuleManager: Shutting down and abandoning module OpenXRHMD (96)
[2024.07.18-10.17.20:780][  0]LogModuleManager: Shutting down and abandoning module ChunkDownloader (94)
[2024.07.18-10.17.21:181][  0]LogModuleManager: Shutting down and abandoning module LauncherChunkInstaller (92)
[2024.07.18-10.17.21:181][  0]LogModuleManager: Shutting down and abandoning module OnlineBlueprintSupport (90)
[2024.07.18-10.17.21:181][  0]LogModuleManager: Shutting down and abandoning module OnlineSubsystem (86)
[2024.07.18-10.17.21:275][  0]LogModuleManager: Shutting down and abandoning module XMPP (81)
[2024.07.18-10.17.21:857][  0]LogModuleManager: Shutting down and abandoning module WebSockets (80)
[2024.07.18-10.17.22:486][  0]LogModuleManager: Shutting down and abandoning module HTTP (77)
[2024.07.18-10.17.22:486][  0]LogHttp: Display: cleaning up 0 outstanding Http requests.
[2024.07.18-10.17.22:518][  0]LogModuleManager: Shutting down and abandoning module SSL (76)
[2024.07.18-10.17.22:522][  0]LogModuleManager: Shutting down and abandoning module WmfMedia (72)
[2024.07.18-10.17.22:569][  0]LogModuleManager: Shutting down and abandoning module Media (71)
[2024.07.18-10.17.22:570][  0]LogModuleManager: Shutting down and abandoning module MediaInfo (70)
[2024.07.18-10.17.22:570][  0]LogModuleManager: Shutting down and abandoning module ExrReaderGpu (66)
[2024.07.18-10.17.22:711][  0]LogModuleManager: Shutting down and abandoning module MLSDK (64)
[2024.07.18-10.17.23:070][  0]LogModuleManager: Shutting down and abandoning module MagicLeap (62)
[2024.07.18-10.17.23:070][  0]LogModuleManager: Shutting down and abandoning module ChaosCloth (60)
[2024.07.18-10.17.23:210][  0]LogModuleManager: Shutting down and abandoning module NiagaraVertexFactories (58)
[2024.07.18-10.17.23:210][  0]LogModuleManager: Shutting down and abandoning module NiagaraShader (56)
[2024.07.18-10.17.23:490][  0]LogModuleManager: Shutting down and abandoning module VariantManagerContent (54)
[2024.07.18-10.17.23:491][  0]LogModuleManager: Shutting down and abandoning module DatasmithContent (52)
[2024.07.18-10.17.23:491][  0]LogModuleManager: Shutting down and abandoning module PixWinPlugin (50)
[2024.07.18-10.17.23:706][  0]LogModuleManager: Shutting down and abandoning module AISupportModule (48)
[2024.07.18-10.17.23:706][  0]LogModuleManager: Shutting down and abandoning module PythonScriptPluginPreload (46)
[2024.07.18-10.17.23:706][  0]LogModuleManager: Shutting down and abandoning module PlatformCryptoOpenSSL (44)
[2024.07.18-10.17.23:896][  0]LogModuleManager: Shutting down and abandoning module PlatformCryptoTypes (42)
[2024.07.18-10.17.23:896][  0]LogModuleManager: Shutting down and abandoning module PlatformCrypto (40)
[2024.07.18-10.17.23:896][  0]LogModuleManager: Shutting down and abandoning module OodleDataCompressionFormat (38)
[2024.07.18-10.17.24:176][  0]LogModuleManager: Shutting down and abandoning module XGEController (36)
[2024.07.18-10.17.24:177][  0]LogXGEController: Cannot use XGE Controller as Incredibuild is not installed on this machine.
[2024.07.18-10.17.24:277][  0]LogXGEController: Cleaning working directory: C:/Users/mykor/AppData/Local/Temp/UnrealXGEWorkingDir/
[2024.07.18-10.17.24:277][  0]LogModuleManager: Shutting down and abandoning module AnimationModifiers (34)
[2024.07.18-10.17.24:327][  0]LogModuleManager: Shutting down and abandoning module AudioEditor (32)
[2024.07.18-10.17.24:664][  0]LogModuleManager: Shutting down and abandoning module PropertyEditor (31)
[2024.07.18-10.17.24:755][  0]LogModuleManager: Shutting down and abandoning module TextureCompressor (28)
[2024.07.18-10.17.24:755][  0]LogModuleManager: Shutting down and abandoning module RenderCore (26)
[2024.07.18-10.17.24:755][  0]LogModuleManager: Shutting down and abandoning module Landscape (24)
[2024.07.18-10.17.24:755][  0]LogModuleManager: Shutting down and abandoning module SlateRHIRenderer (22)
[2024.07.18-10.17.24:755][  0]LogModuleManager: Shutting down and abandoning module AnimGraphRuntime (20)
[2024.07.18-10.17.24:968][  0]LogModuleManager: Shutting down and abandoning module Renderer (18)
[2024.07.18-10.17.25:004][  0]LogModuleManager: Shutting down and abandoning module Engine (16)
[2024.07.18-10.17.25:004][  0]LogModuleManager: Shutting down and abandoning module CoreUObject (14)
[2024.07.18-10.17.25:004][  0]LogModuleManager: Shutting down and abandoning module NetworkFile (12)
[2024.07.18-10.17.25:032][  0]LogModuleManager: Shutting down and abandoning module CookedIterativeFile (10)
[2024.07.18-10.17.25:032][  0]LogModuleManager: Shutting down and abandoning module StreamingFile (8)
[2024.07.18-10.17.25:168][  0]LogModuleManager: Shutting down and abandoning module SandboxFile (6)
[2024.07.18-10.17.25:318][  0]LogModuleManager: Shutting down and abandoning module PakFile (4)
[2024.07.18-10.17.25:318][  0]LogModuleManager: Shutting down and abandoning module RSA (3)
[2024.07.18-10.17.25:655][  0]LogContentStreaming: Display: There are 1 unreleased StreamingManagers
[2024.07.18-10.17.26:653][  0]LogExit: Exiting.
[2024.07.18-10.17.26:866][  0]Log file closed, 07/18/24 13:17:26
