Log file open, 07/18/24 11:21:33
LogWindows: Failed to load 'aqProf.dll' (GetLastError=126)
LogWindows: File 'aqProf.dll' does not exist
LogWindows: Failed to load 'VtuneApi.dll' (GetLastError=126)
LogWindows: File 'VtuneApi.dll' does not exist
LogWindows: Failed to load 'VtuneApi32e.dll' (GetLastError=126)
LogWindows: File 'VtuneApi32e.dll' does not exist
LogConsoleResponse: Display: Failed to find resolution value strings in scalability ini. Falling back to default.
LogConsoleResponse: Display: Failed to find resolution value strings in scalability ini. Falling back to default.
LogInit: Display: Running engine for game: SnakeGame
LogPlatformFile: Not using cached read wrapper
LogTaskGraph: Started task graph with 5 named threads and 14 total threads with 3 sets of task threads.
LogStats: Stats thread started at 0.363038
LogICUInternationalization: ICU TimeZone Detection - Raw Offset: +3:00, Platform Override: ''
LogInit: Display: Loading text-based GConfig....
LogPluginManager: Mounting plugin MeshPainting
LogPluginManager: Mounting plugin XGEController
LogPluginManager: Mounting plugin Paper2D
LogPluginManager: Mounting plugin AISupport
LogPluginManager: Mounting plugin EnvironmentQueryEditor
LogPluginManager: Mounting plugin LiveLink
LogPluginManager: Mounting plugin LightPropagationVolume
LogPluginManager: Mounting plugin CameraShakePreviewer
LogPluginManager: Mounting plugin GameplayCameras
LogPluginManager: Mounting plugin OodleData
LogPluginManager: Mounting plugin OodleNetwork
LogPluginManager: Mounting plugin AnimationSharing
LogPluginManager: Mounting plugin CLionSourceCodeAccess
LogPluginManager: Mounting plugin CodeLiteSourceCodeAccess
LogPluginManager: Mounting plugin GitSourceControl
LogPluginManager: Mounting plugin KDevelopSourceCodeAccess
LogPluginManager: Mounting plugin NullSourceCodeAccess
LogPluginManager: Mounting plugin PerforceSourceControl
LogPluginManager: Mounting plugin PixWinPlugin
LogPluginManager: Mounting plugin PluginUtils
LogPluginManager: Mounting plugin PropertyAccessNode
LogPluginManager: Mounting plugin PlasticSourceControl
LogPluginManager: Mounting plugin RiderSourceCodeAccess
LogPluginManager: Mounting plugin SubversionSourceControl
LogPluginManager: Mounting plugin TextureFormatOodle
LogPluginManager: Mounting plugin UObjectPlugin
LogPluginManager: Mounting plugin VisualStudioCodeSourceCodeAccess
LogPluginManager: Mounting plugin VisualStudioSourceCodeAccess
LogPluginManager: Mounting plugin XCodeSourceCodeAccess
LogPluginManager: Mounting plugin AssetManagerEditor
LogPluginManager: Mounting plugin CryptoKeys
LogPluginManager: Mounting plugin CurveEditorTools
LogPluginManager: Mounting plugin DataValidation
LogPluginManager: Mounting plugin FacialAnimation
LogPluginManager: Mounting plugin GeometryMode
LogPluginManager: Mounting plugin GameplayTagsEditor
LogPluginManager: Mounting plugin MacGraphicsSwitching
LogPluginManager: Mounting plugin MaterialAnalyzer
LogPluginManager: Mounting plugin MobileLauncherProfileWizard
LogPluginManager: Mounting plugin PluginBrowser
LogPluginManager: Mounting plugin SpeedTreeImporter
LogPluginManager: Mounting plugin DatasmithContent
LogPluginManager: Mounting plugin VariantManagerContent
LogPluginManager: Mounting plugin AlembicImporter
LogPluginManager: Mounting plugin AutomationUtils
LogPluginManager: Mounting plugin BackChannel
LogPluginManager: Mounting plugin ChaosCloth
LogPluginManager: Mounting plugin ChaosClothEditor
LogPluginManager: Mounting plugin ChaosNiagara
LogPluginManager: Mounting plugin ChaosSolverPlugin
LogPluginManager: Mounting plugin ChaosEditor
LogPluginManager: Mounting plugin CharacterAI
LogPluginManager: Mounting plugin GeometryCache
LogPluginManager: Mounting plugin GeometryCollectionPlugin
LogPluginManager: Mounting plugin GeometryProcessing
LogPluginManager: Mounting plugin OpenImageDenoise
LogPluginManager: Mounting plugin MotoSynth
LogPluginManager: Mounting plugin PlanarCut
LogPluginManager: Mounting plugin PlatformCrypto
LogPluginManager: Mounting plugin ProxyLODPlugin
LogPluginManager: Mounting plugin PythonScriptPlugin
LogPluginManager: Mounting plugin SkeletalReduction
LogPluginManager: Mounting plugin Niagara
LogPluginManager: Mounting plugin LuminPlatformFeatures
LogPluginManager: Mounting plugin MagicLeap
LogPluginManager: Mounting plugin MagicLeapLightEstimation
LogPluginManager: Mounting plugin MagicLeapMedia
LogPluginManager: Mounting plugin MagicLeapPassableWorld
LogPluginManager: Mounting plugin MLSDK
LogPluginManager: Mounting plugin AndroidMedia
LogPluginManager: Mounting plugin AvfMedia
LogPluginManager: Mounting plugin ImgMedia
LogPluginManager: Mounting plugin MediaCompositing
LogPluginManager: Mounting plugin MediaPlayerEditor
LogPluginManager: Mounting plugin WmfMedia
LogPluginManager: Mounting plugin WebMMedia
LogPluginManager: Mounting plugin TcpMessaging
LogPluginManager: Mounting plugin UdpMessaging
LogPluginManager: Mounting plugin ActorSequence
LogPluginManager: Mounting plugin LevelSequenceEditor
LogPluginManager: Mounting plugin MatineeToLevelSequence
LogPluginManager: Mounting plugin TemplateSequence
LogPluginManager: Mounting plugin OnlineSubsystem
LogPluginManager: Mounting plugin OnlineSubsystemNull
LogPluginManager: Mounting plugin OnlineSubsystemUtils
LogPluginManager: Mounting plugin ActorLayerUtilities
LogPluginManager: Mounting plugin AndroidDeviceProfileSelector
LogPluginManager: Mounting plugin AndroidMoviePlayer
LogPluginManager: Mounting plugin AndroidPermission
LogPluginManager: Mounting plugin AppleImageUtils
LogPluginManager: Mounting plugin LauncherChunkInstaller
LogPluginManager: Mounting plugin AppleMoviePlayer
LogPluginManager: Mounting plugin ArchVisCharacter
LogPluginManager: Mounting plugin AssetTags
LogPluginManager: Mounting plugin AudioCapture
LogPluginManager: Mounting plugin AudioSynesthesia
LogPluginManager: Mounting plugin CableComponent
LogPluginManager: Mounting plugin ChunkDownloader
LogPluginManager: Mounting plugin CustomMeshComponent
LogPluginManager: Mounting plugin EditableMesh
LogPluginManager: Mounting plugin ExampleDeviceProfileSelector
LogPluginManager: Mounting plugin GoogleCloudMessaging
LogPluginManager: Mounting plugin GooglePAD
LogPluginManager: Mounting plugin IOSDeviceProfileSelector
LogPluginManager: Mounting plugin LinuxDeviceProfileSelector
LogPluginManager: Mounting plugin LocationServicesBPLibrary
LogPluginManager: Mounting plugin MobilePatchingUtils
LogPluginManager: Mounting plugin OpenXR
LogPluginManager: Mounting plugin OpenXREyeTracker
LogPluginManager: Mounting plugin OpenXRHandTracking
LogPluginManager: Mounting plugin PhysXVehicles
LogPluginManager: Mounting plugin PostSplashScreen
LogPluginManager: Mounting plugin ProceduralMeshComponent
LogPluginManager: Mounting plugin PropertyAccessEditor
LogPluginManager: Mounting plugin RuntimePhysXCooking
LogPluginManager: Mounting plugin SignificanceManager
LogPluginManager: Mounting plugin SoundFields
LogPluginManager: Mounting plugin Synthesis
LogPluginManager: Mounting plugin WebMMoviePlayer
LogPluginManager: Mounting plugin WindowsMoviePlayer
LogPluginManager: Mounting plugin ScreenshotTools
LogPluginManager: Mounting plugin Takes
LogPluginManager: Mounting plugin ContentBrowserAssetDataSource
LogPluginManager: Mounting plugin ContentBrowserClassDataSource
LogPluginManager: Mounting plugin ContentBrowserFileDataSource
LogPluginManager: Mounting plugin OnlineSubsystemGooglePlay
LogPluginManager: Mounting plugin OnlineSubsystemIOS
LogPluginManager: Mounting plugin OculusVR
LogPluginManager: Mounting plugin SteamVR
PixWinPlugin: PIX capture plugin failed to initialize! Check that the process is launched from PIX.
LogInit: Using libcurl 7.55.1-DEV
LogInit:  - built for x86_64-pc-win32
LogInit:  - supports SSL with OpenSSL/1.1.1
LogInit:  - supports HTTP deflate (compression) using libz 1.2.8
LogInit:  - other features:
LogInit:      CURL_VERSION_SSL
LogInit:      CURL_VERSION_LIBZ
LogInit:      CURL_VERSION_IPV6
LogInit:      CURL_VERSION_ASYNCHDNS
LogInit:      CURL_VERSION_LARGEFILE
LogInit:      CURL_VERSION_IDN
LogInit:  CurlRequestOptions (configurable via config and command line):
LogInit:  - bVerifyPeer = true  - Libcurl will verify peer certificate
LogInit:  - bUseHttpProxy = false  - Libcurl will NOT use HTTP proxy
LogInit:  - bDontReuseConnections = false  - Libcurl will reuse connections
LogInit:  - MaxHostConnections = 16  - Libcurl will limit the number of connections to a host
LogInit:  - LocalHostAddr = Default
LogInit:  - BufferSize = 65536
LogOnline: OSS: Creating online subsystem instance for: NULL
LogInit: WinSock: version 1.1 (2.2), MaxSocks=32767, MaxUdp=65467
LogOnline: OSS: TryLoadSubsystemAndSetDefault: Loaded subsystem for module [NULL]
LogOculusPluginWrapper: OculusPlugin initialized successfully
LogHMD: Failed initializing OVRPlugin 1.59.0
LogInit: Build: ++UE4+Release-4.27-CL-18319896
LogInit: Engine Version: 4.27.2-18319896+++UE4+Release-4.27
LogInit: Compatible Engine Version: 4.27.0-17155196+++UE4+Release-4.27
LogInit: Net CL: 17155196
LogInit: OS: Windows 10 (Release 2009) (), CPU: Intel(R) Core(TM) i5-4690K CPU @ 3.50GHz, GPU: NVIDIA GeForce GTX 1660
LogInit: Compiled (64-bit): Nov 30 2021 07:12:08
LogInit: Compiled with Visual C++: 19.24.28315.00
LogInit: Build Configuration: Development
LogInit: Branch Name: ++UE4+Release-4.27
LogInit: Command Line:  -skipcompile
LogInit: Base Directory: D:/Unreal Engine 4.22.3/UE_4.27/Engine/Binaries/Win64/
LogInit: Allocator: TBB
LogInit: Installed Engine Build: 1
LogDevObjectVersion: Number of dev versions registered: 29
LogDevObjectVersion:   Dev-Blueprints (B0D832E4-1F89-4F0D-ACCF-7EB736FD4AA2): 10
LogDevObjectVersion:   Dev-Build (E1C64328-A22C-4D53-A36C-8E866417BD8C): 0
LogDevObjectVersion:   Dev-Core (375EC13C-06E4-48FB-B500-84F0262A717E): 4
LogDevObjectVersion:   Dev-Editor (E4B068ED-F494-42E9-A231-DA0B2E46BB41): 40
LogDevObjectVersion:   Dev-Framework (CFFC743F-43B0-4480-9391-14DF171D2073): 37
LogDevObjectVersion:   Dev-Mobile (B02B49B5-BB20-44E9-A304-32B752E40360): 3
LogDevObjectVersion:   Dev-Networking (A4E4105C-59A1-49B5-A7C5-40C4547EDFEE): 0
LogDevObjectVersion:   Dev-Online (39C831C9-5AE6-47DC-9A44-9C173E1C8E7C): 0
LogDevObjectVersion:   Dev-Physics (78F01B33-EBEA-4F98-B9B4-84EACCB95AA2): 14
LogDevObjectVersion:   Dev-Platform (6631380F-2D4D-43E0-8009-CF276956A95A): 0
LogDevObjectVersion:   Dev-Rendering (12F88B9F-8875-4AFC-A67C-D90C383ABD29): 45
LogDevObjectVersion:   Dev-Sequencer (7B5AE74C-D270-4C10-A958-57980B212A5A): 13
LogDevObjectVersion:   Dev-VR (D7296918-1DD6-4BDD-9DE2-64A83CC13884): 3
LogDevObjectVersion:   Dev-LoadTimes (C2A15278-BFE7-4AFE-6C17-90FF531DF755): 1
LogDevObjectVersion:   Private-Geometry (6EACA3D4-40EC-4CC1-B786-8BED09428FC5): 3
LogDevObjectVersion:   Dev-AnimPhys (29E575DD-E0A3-4627-9D10-D276232CDCEA): 17
LogDevObjectVersion:   Dev-Anim (AF43A65D-7FD3-4947-9873-3E8ED9C1BB05): 15
LogDevObjectVersion:   Dev-ReflectionCapture (6B266CEC-1EC7-4B8F-A30B-E4D90942FC07): 1
LogDevObjectVersion:   Dev-Automation (0DF73D61-A23F-47EA-B727-89E90C41499A): 1
LogDevObjectVersion:   FortniteMain (601D1886-AC64-4F84-AA16-D3DE0DEAC7D6): 47
LogDevObjectVersion:   FortniteRelease (E7086368-6B23-4C58-8439-1B7016265E91): 1
LogDevObjectVersion:   Dev-Enterprise (9DFFBCD6-494F-0158-E221-12823C92A888): 10
LogDevObjectVersion:   Dev-Niagara (F2AED0AC-9AFE-416F-8664-AA7FFA26D6FC): 1
LogDevObjectVersion:   Dev-Destruction (174F1F0B-B4C6-45A5-B13F-2EE8D0FB917D): 10
LogDevObjectVersion:   Dev-Physics-Ext (35F94A83-E258-406C-A318-09F59610247C): 41
LogDevObjectVersion:   Dev-PhysicsMaterial-Chaos (B68FC16E-8B1B-42E2-B453-215C058844FE): 1
LogDevObjectVersion:   Dev-CineCamera (B2E18506-4273-CFC2-A54E-F4BB758BBA07): 1
LogDevObjectVersion:   Dev-VirtualProduction (64F58936-FD1B-42BA-BA96-7289D5D0FA4E): 1
LogDevObjectVersion:   Dev-MediaFramework (6F0ED827-A609-4895-9C91-998D90180EA4): 2
LogInit: Presizing for max 25165824 objects, including 0 objects not considered by GC, pre-allocating 0 bytes for permanent pool.
LogConfig: Applying CVar settings from Section [/Script/Engine.StreamingSettings] File [D:/Test/SnakeGame/Saved/Config/Windows/Engine.ini]
LogConfig: Setting CVar [[s.MinBulkDataSizeForAsyncLoading:131072]]
LogConfig: Setting CVar [[s.AsyncLoadingThreadEnabled:0]]
LogConfig: Setting CVar [[s.EventDrivenLoaderEnabled:1]]
LogConfig: Setting CVar [[s.WarnIfTimeLimitExceeded:0]]
LogConfig: Setting CVar [[s.TimeLimitExceededMultiplier:1.5]]
LogConfig: Setting CVar [[s.TimeLimitExceededMinTime:0.005]]
LogConfig: Setting CVar [[s.UseBackgroundLevelStreaming:1]]
LogConfig: Setting CVar [[s.PriorityAsyncLoadingExtraTime:15.0]]
LogConfig: Setting CVar [[s.LevelStreamingActorsUpdateTimeLimit:5.0]]
LogConfig: Setting CVar [[s.PriorityLevelStreamingActorsUpdateExtraTime:5.0]]
LogConfig: Setting CVar [[s.LevelStreamingComponentsRegistrationGranularity:10]]
LogConfig: Setting CVar [[s.UnregisterComponentsTimeLimit:1.0]]
LogConfig: Setting CVar [[s.LevelStreamingComponentsUnregistrationGranularity:5]]
LogConfig: Setting CVar [[s.FlushStreamingOnExit:1]]
LogInit: Object subsystem initialized
LogConfig: Setting CVar [[con.DebugEarlyDefault:1]]
LogConfig: Setting CVar [[r.setres:1280x720]]
[2024.07.18-08.21.33:718][  0]LogConfig: Setting CVar [[r.VSync:0]]
[2024.07.18-08.21.33:718][  0]LogConfig: Setting CVar [[r.RHICmdBypass:0]]
[2024.07.18-08.21.33:718][  0]LogConfig: Applying CVar settings from Section [/Script/Engine.RendererSettings] File [D:/Test/SnakeGame/Saved/Config/Windows/Engine.ini]
[2024.07.18-08.21.33:718][  0]LogConfig: Setting CVar [[r.GPUCrashDebugging:0]]
[2024.07.18-08.21.33:718][  0]LogConfig: Setting CVar [[r.DefaultFeature.AntiAliasing:0]]
[2024.07.18-08.21.33:718][  0]LogConfig: Setting CVar [[r.DefaultFeature.MotionBlur:0]]
[2024.07.18-08.21.33:718][  0]LogConfig: Applying CVar settings from Section [/Script/Engine.RendererOverrideSettings] File [D:/Test/SnakeGame/Saved/Config/Windows/Engine.ini]
[2024.07.18-08.21.33:718][  0]LogConfig: Applying CVar settings from Section [/Script/Engine.StreamingSettings] File [D:/Test/SnakeGame/Saved/Config/Windows/Engine.ini]
[2024.07.18-08.21.33:718][  0]LogConfig: Setting CVar [[s.MinBulkDataSizeForAsyncLoading:131072]]
[2024.07.18-08.21.33:718][  0]LogConfig: Setting CVar [[s.AsyncLoadingThreadEnabled:0]]
[2024.07.18-08.21.33:718][  0]LogConfig: Setting CVar [[s.EventDrivenLoaderEnabled:1]]
[2024.07.18-08.21.33:718][  0]LogConfig: Setting CVar [[s.WarnIfTimeLimitExceeded:0]]
[2024.07.18-08.21.33:719][  0]LogConfig: Setting CVar [[s.TimeLimitExceededMultiplier:1.5]]
[2024.07.18-08.21.33:719][  0]LogConfig: Setting CVar [[s.TimeLimitExceededMinTime:0.005]]
[2024.07.18-08.21.33:719][  0]LogConfig: Setting CVar [[s.UseBackgroundLevelStreaming:1]]
[2024.07.18-08.21.33:719][  0]LogConfig: Setting CVar [[s.PriorityAsyncLoadingExtraTime:15.0]]
[2024.07.18-08.21.33:719][  0]LogConfig: Setting CVar [[s.LevelStreamingActorsUpdateTimeLimit:5.0]]
[2024.07.18-08.21.33:719][  0]LogConfig: Setting CVar [[s.PriorityLevelStreamingActorsUpdateExtraTime:5.0]]
[2024.07.18-08.21.33:719][  0]LogConfig: Setting CVar [[s.LevelStreamingComponentsRegistrationGranularity:10]]
[2024.07.18-08.21.33:719][  0]LogConfig: Setting CVar [[s.UnregisterComponentsTimeLimit:1.0]]
[2024.07.18-08.21.33:719][  0]LogConfig: Setting CVar [[s.LevelStreamingComponentsUnregistrationGranularity:5]]
[2024.07.18-08.21.33:719][  0]LogConfig: Setting CVar [[s.FlushStreamingOnExit:1]]
[2024.07.18-08.21.33:719][  0]LogConfig: Applying CVar settings from Section [/Script/Engine.GarbageCollectionSettings] File [D:/Test/SnakeGame/Saved/Config/Windows/Engine.ini]
[2024.07.18-08.21.33:719][  0]LogConfig: Setting CVar [[gc.MaxObjectsNotConsideredByGC:1]]
[2024.07.18-08.21.33:719][  0]LogConfig: Setting CVar [[gc.SizeOfPermanentObjectPool:0]]
[2024.07.18-08.21.33:719][  0]LogConfig: Setting CVar [[gc.FlushStreamingOnGC:0]]
[2024.07.18-08.21.33:719][  0]LogConfig: Setting CVar [[gc.NumRetriesBeforeForcingGC:10]]
[2024.07.18-08.21.33:719][  0]LogConfig: Setting CVar [[gc.AllowParallelGC:1]]
[2024.07.18-08.21.33:719][  0]LogConfig: Setting CVar [[gc.TimeBetweenPurgingPendingKillObjects:61.1]]
[2024.07.18-08.21.33:719][  0]LogConfig: Setting CVar [[gc.MaxObjectsInEditor:25165824]]
[2024.07.18-08.21.33:719][  0]LogConfig: Setting CVar [[gc.IncrementalBeginDestroyEnabled:1]]
[2024.07.18-08.21.33:719][  0]LogConfig: Setting CVar [[gc.CreateGCClusters:1]]
[2024.07.18-08.21.33:720][  0]LogConfig: Setting CVar [[gc.MinGCClusterSize:5]]
[2024.07.18-08.21.33:720][  0]LogConfig: Setting CVar [[gc.ActorClusteringEnabled:0]]
[2024.07.18-08.21.33:720][  0]LogConfig: Setting CVar [[gc.BlueprintClusteringEnabled:0]]
[2024.07.18-08.21.33:720][  0]LogConfig: Setting CVar [[gc.UseDisregardForGCOnDedicatedServers:0]]
[2024.07.18-08.21.33:720][  0]LogConfig: Setting CVar [[gc.MultithreadedDestructionEnabled:1]]
[2024.07.18-08.21.33:720][  0]LogConfig: Applying CVar settings from Section [/Script/Engine.NetworkSettings] File [D:/Test/SnakeGame/Saved/Config/Windows/Engine.ini]
[2024.07.18-08.21.33:720][  0]LogConfig: Applying CVar settings from Section [/Script/UnrealEd.CookerSettings] File [D:/Test/SnakeGame/Saved/Config/Windows/Engine.ini]
[2024.07.18-08.21.33:729][  0]LogConfig: Applying CVar settings from Section [ViewDistanceQuality@3] File [D:/Test/SnakeGame/Saved/Config/Windows/Scalability.ini]
[2024.07.18-08.21.33:729][  0]LogConfig: Setting CVar [[r.SkeletalMeshLODBias:0]]
[2024.07.18-08.21.33:729][  0]LogConfig: Setting CVar [[r.ViewDistanceScale:1.0]]
[2024.07.18-08.21.33:729][  0]LogConfig: Applying CVar settings from Section [AntiAliasingQuality@3] File [D:/Test/SnakeGame/Saved/Config/Windows/Scalability.ini]
[2024.07.18-08.21.33:730][  0]LogConfig: Setting CVar [[r.PostProcessAAQuality:4]]
[2024.07.18-08.21.33:730][  0]LogConfig: Applying CVar settings from Section [ShadowQuality@3] File [D:/Test/SnakeGame/Saved/Config/Windows/Scalability.ini]
[2024.07.18-08.21.33:730][  0]LogConfig: Setting CVar [[r.LightFunctionQuality:1]]
[2024.07.18-08.21.33:730][  0]LogConfig: Setting CVar [[r.ShadowQuality:5]]
[2024.07.18-08.21.33:730][  0]LogConfig: Setting CVar [[r.Shadow.CSM.MaxCascades:10]]
[2024.07.18-08.21.33:730][  0]LogConfig: Setting CVar [[r.Shadow.MaxResolution:2048]]
[2024.07.18-08.21.33:730][  0]LogConfig: Setting CVar [[r.Shadow.MaxCSMResolution:2048]]
[2024.07.18-08.21.33:730][  0]LogConfig: Setting CVar [[r.Shadow.RadiusThreshold:0.01]]
[2024.07.18-08.21.33:730][  0]LogConfig: Setting CVar [[r.Shadow.DistanceScale:1.0]]
[2024.07.18-08.21.33:730][  0]LogConfig: Setting CVar [[r.Shadow.CSM.TransitionScale:1.0]]
[2024.07.18-08.21.33:730][  0]LogConfig: Setting CVar [[r.Shadow.PreShadowResolutionFactor:1.0]]
[2024.07.18-08.21.33:730][  0]LogConfig: Setting CVar [[r.DistanceFieldShadowing:1]]
[2024.07.18-08.21.33:730][  0]LogConfig: Setting CVar [[r.DistanceFieldAO:1]]
[2024.07.18-08.21.33:730][  0]LogConfig: Setting CVar [[r.AOQuality:2]]
[2024.07.18-08.21.33:730][  0]LogConfig: Setting CVar [[r.VolumetricFog:1]]
[2024.07.18-08.21.33:730][  0]LogConfig: Setting CVar [[r.VolumetricFog.GridPixelSize:8]]
[2024.07.18-08.21.33:730][  0]LogConfig: Setting CVar [[r.VolumetricFog.GridSizeZ:128]]
[2024.07.18-08.21.33:730][  0]LogConfig: Setting CVar [[r.VolumetricFog.HistoryMissSupersampleCount:4]]
[2024.07.18-08.21.33:730][  0]LogConfig: Setting CVar [[r.LightMaxDrawDistanceScale:1]]
[2024.07.18-08.21.33:730][  0]LogConfig: Setting CVar [[r.CapsuleShadows:1]]
[2024.07.18-08.21.33:731][  0]LogConfig: Applying CVar settings from Section [PostProcessQuality@3] File [D:/Test/SnakeGame/Saved/Config/Windows/Scalability.ini]
[2024.07.18-08.21.33:731][  0]LogConfig: Setting CVar [[r.MotionBlurQuality:4]]
[2024.07.18-08.21.33:731][  0]LogConfig: Setting CVar [[r.AmbientOcclusionMipLevelFactor:0.4]]
[2024.07.18-08.21.33:731][  0]LogConfig: Setting CVar [[r.AmbientOcclusionMaxQuality:100]]
[2024.07.18-08.21.33:731][  0]LogConfig: Setting CVar [[r.AmbientOcclusionLevels:-1]]
[2024.07.18-08.21.33:731][  0]LogConfig: Setting CVar [[r.AmbientOcclusionRadiusScale:1.0]]
[2024.07.18-08.21.33:731][  0]LogConfig: Setting CVar [[r.DepthOfFieldQuality:2]]
[2024.07.18-08.21.33:731][  0]LogConfig: Setting CVar [[r.RenderTargetPoolMin:400]]
[2024.07.18-08.21.33:731][  0]LogConfig: Setting CVar [[r.LensFlareQuality:2]]
[2024.07.18-08.21.33:731][  0]LogConfig: Setting CVar [[r.SceneColorFringeQuality:1]]
[2024.07.18-08.21.33:731][  0]LogConfig: Setting CVar [[r.EyeAdaptationQuality:2]]
[2024.07.18-08.21.33:731][  0]LogConfig: Setting CVar [[r.BloomQuality:5]]
[2024.07.18-08.21.33:731][  0]LogConfig: Setting CVar [[r.FastBlurThreshold:100]]
[2024.07.18-08.21.33:731][  0]LogConfig: Setting CVar [[r.Upscale.Quality:3]]
[2024.07.18-08.21.33:731][  0]LogConfig: Setting CVar [[r.Tonemapper.GrainQuantization:1]]
[2024.07.18-08.21.33:731][  0]LogConfig: Setting CVar [[r.LightShaftQuality:1]]
[2024.07.18-08.21.33:731][  0]LogConfig: Setting CVar [[r.Filter.SizeScale:1]]
[2024.07.18-08.21.33:731][  0]LogConfig: Setting CVar [[r.Tonemapper.Quality:5]]
[2024.07.18-08.21.33:731][  0]LogConfig: Setting CVar [[r.DOF.Gather.AccumulatorQuality:1        ; higher gathering accumulator quality]]
[2024.07.18-08.21.33:731][  0]LogConfig: Setting CVar [[r.DOF.Gather.PostfilterMethod:1          ; Median3x3 postfilering method]]
[2024.07.18-08.21.33:731][  0]LogConfig: Setting CVar [[r.DOF.Gather.EnableBokehSettings:0       ; no bokeh simulation when gathering]]
[2024.07.18-08.21.33:731][  0]LogConfig: Setting CVar [[r.DOF.Gather.RingCount:4                 ; medium number of samples when gathering]]
[2024.07.18-08.21.33:732][  0]LogConfig: Setting CVar [[r.DOF.Scatter.ForegroundCompositing:1    ; additive foreground scattering]]
[2024.07.18-08.21.33:732][  0]LogConfig: Setting CVar [[r.DOF.Scatter.BackgroundCompositing:2    ; additive background scattering]]
[2024.07.18-08.21.33:732][  0]LogConfig: Setting CVar [[r.DOF.Scatter.EnableBokehSettings:1      ; bokeh simulation when scattering]]
[2024.07.18-08.21.33:732][  0]LogConfig: Setting CVar [[r.DOF.Scatter.MaxSpriteRatio:0.1         ; only a maximum of 10% of scattered bokeh]]
[2024.07.18-08.21.33:732][  0]LogConfig: Setting CVar [[r.DOF.Recombine.Quality:1                ; cheap slight out of focus]]
[2024.07.18-08.21.33:732][  0]LogConfig: Setting CVar [[r.DOF.Recombine.EnableBokehSettings:0    ; no bokeh simulation on slight out of focus]]
[2024.07.18-08.21.33:732][  0]LogConfig: Setting CVar [[r.DOF.TemporalAAQuality:1                ; more stable temporal accumulation]]
[2024.07.18-08.21.33:732][  0]LogConfig: Setting CVar [[r.DOF.Kernel.MaxForegroundRadius:0.025]]
[2024.07.18-08.21.33:732][  0]LogConfig: Setting CVar [[r.DOF.Kernel.MaxBackgroundRadius:0.025]]
[2024.07.18-08.21.33:732][  0]LogConfig: Applying CVar settings from Section [TextureQuality@3] File [D:/Test/SnakeGame/Saved/Config/Windows/Scalability.ini]
[2024.07.18-08.21.33:732][  0]LogConfig: Setting CVar [[r.Streaming.MipBias:0]]
[2024.07.18-08.21.33:732][  0]LogConfig: Setting CVar [[r.Streaming.AmortizeCPUToGPUCopy:0]]
[2024.07.18-08.21.33:732][  0]LogConfig: Setting CVar [[r.Streaming.MaxNumTexturesToStreamPerFrame:0]]
[2024.07.18-08.21.33:732][  0]LogConfig: Setting CVar [[r.Streaming.Boost:1]]
[2024.07.18-08.21.33:732][  0]LogConfig: Setting CVar [[r.MaxAnisotropy:8]]
[2024.07.18-08.21.33:732][  0]LogConfig: Setting CVar [[r.VT.MaxAnisotropy:8]]
[2024.07.18-08.21.33:732][  0]LogConfig: Setting CVar [[r.Streaming.LimitPoolSizeToVRAM:0]]
[2024.07.18-08.21.33:732][  0]LogConfig: Setting CVar [[r.Streaming.PoolSize:1000]]
[2024.07.18-08.21.33:732][  0]LogConfig: Setting CVar [[r.Streaming.MaxEffectiveScreenSize:0]]
[2024.07.18-08.21.33:732][  0]LogConfig: Applying CVar settings from Section [EffectsQuality@3] File [D:/Test/SnakeGame/Saved/Config/Windows/Scalability.ini]
[2024.07.18-08.21.33:733][  0]LogConfig: Setting CVar [[r.TranslucencyLightingVolumeDim:64]]
[2024.07.18-08.21.33:733][  0]LogConfig: Setting CVar [[r.RefractionQuality:2]]
[2024.07.18-08.21.33:733][  0]LogConfig: Setting CVar [[r.SSR.Quality:3]]
[2024.07.18-08.21.33:733][  0]LogConfig: Setting CVar [[r.SSR.HalfResSceneColor:0]]
[2024.07.18-08.21.33:733][  0]LogConfig: Setting CVar [[r.SceneColorFormat:4]]
[2024.07.18-08.21.33:733][  0]LogConfig: Setting CVar [[r.DetailMode:2]]
[2024.07.18-08.21.33:733][  0]LogConfig: Setting CVar [[r.TranslucencyVolumeBlur:1]]
[2024.07.18-08.21.33:733][  0]LogConfig: Setting CVar [[r.MaterialQualityLevel:1 ; High quality]]
[2024.07.18-08.21.33:733][  0]LogConfig: Setting CVar [[r.AnisotropicMaterials:1]]
[2024.07.18-08.21.33:733][  0]LogConfig: Setting CVar [[r.SSS.Scale:1]]
[2024.07.18-08.21.33:733][  0]LogConfig: Setting CVar [[r.SSS.SampleSet:2]]
[2024.07.18-08.21.33:733][  0]LogConfig: Setting CVar [[r.SSS.Quality:1]]
[2024.07.18-08.21.33:733][  0]LogConfig: Setting CVar [[r.SSS.HalfRes:0]]
[2024.07.18-08.21.33:733][  0]LogConfig: Setting CVar [[r.SSGI.Quality:3]]
[2024.07.18-08.21.33:733][  0]LogConfig: Setting CVar [[r.EmitterSpawnRateScale:1.0]]
[2024.07.18-08.21.33:733][  0]LogConfig: Setting CVar [[r.ParticleLightQuality:2]]
[2024.07.18-08.21.33:733][  0]LogConfig: Setting CVar [[r.SkyAtmosphere.AerialPerspectiveLUT.FastApplyOnOpaque:1 ; Always have FastSkyLUT 1 in this case to avoid wrong sky]]
[2024.07.18-08.21.33:733][  0]LogConfig: Setting CVar [[r.SkyAtmosphere.AerialPerspectiveLUT.SampleCountMaxPerSlice:4]]
[2024.07.18-08.21.33:733][  0]LogConfig: Setting CVar [[r.SkyAtmosphere.AerialPerspectiveLUT.DepthResolution:16.0]]
[2024.07.18-08.21.33:733][  0]LogConfig: Setting CVar [[r.SkyAtmosphere.FastSkyLUT:1]]
[2024.07.18-08.21.33:733][  0]LogConfig: Setting CVar [[r.SkyAtmosphere.FastSkyLUT.SampleCountMin:4.0]]
[2024.07.18-08.21.33:734][  0]LogConfig: Setting CVar [[r.SkyAtmosphere.FastSkyLUT.SampleCountMax:128.0]]
[2024.07.18-08.21.33:734][  0]LogConfig: Setting CVar [[r.SkyAtmosphere.SampleCountMin:4.0]]
[2024.07.18-08.21.33:734][  0]LogConfig: Setting CVar [[r.SkyAtmosphere.SampleCountMax:128.0]]
[2024.07.18-08.21.33:734][  0]LogConfig: Setting CVar [[r.SkyAtmosphere.TransmittanceLUT.UseSmallFormat:0]]
[2024.07.18-08.21.33:734][  0]LogConfig: Setting CVar [[r.SkyAtmosphere.TransmittanceLUT.SampleCount:10.0]]
[2024.07.18-08.21.33:734][  0]LogConfig: Setting CVar [[r.SkyAtmosphere.MultiScatteringLUT.SampleCount:15.0]]
[2024.07.18-08.21.33:734][  0]LogConfig: Setting CVar [[r.SkyLight.RealTimeReflectionCapture:1]]
[2024.07.18-08.21.33:734][  0]LogConfig: Applying CVar settings from Section [FoliageQuality@3] File [D:/Test/SnakeGame/Saved/Config/Windows/Scalability.ini]
[2024.07.18-08.21.33:734][  0]LogConfig: Setting CVar [[foliage.DensityScale:1.0]]
[2024.07.18-08.21.33:734][  0]LogConfig: Setting CVar [[grass.DensityScale:1.0]]
[2024.07.18-08.21.33:734][  0]LogConfig: Applying CVar settings from Section [ShadingQuality@3] File [D:/Test/SnakeGame/Saved/Config/Windows/Scalability.ini]
[2024.07.18-08.21.33:734][  0]LogConfig: Setting CVar [[r.HairStrands.SkyLighting.IntegrationType:2]]
[2024.07.18-08.21.33:734][  0]LogConfig: Setting CVar [[r.HairStrands.SkyAO.SampleCount:4]]
[2024.07.18-08.21.33:734][  0]LogConfig: Setting CVar [[r.HairStrands.Visibility.MSAA.SamplePerPixel:4]]
[2024.07.18-08.21.33:734][  0]LogInit: Selected Device Profile: [Windows]
[2024.07.18-08.21.33:734][  0]LogInit: Applying CVar settings loaded from the selected device profile: [Windows]
[2024.07.18-08.21.33:734][  0]LogHAL: Display: Platform has ~ 16 GB [17017065472 / 17179869184 / 16], which maps to Larger [LargestMinGB=32, LargerMinGB=12, DefaultMinGB=8, SmallerMinGB=6, SmallestMinGB=0)
[2024.07.18-08.21.33:734][  0]LogInit: Going up to parent DeviceProfile []
[2024.07.18-08.21.33:735][  0]LogConfig: Applying CVar settings from Section [ViewDistanceQuality@3] File [D:/Test/SnakeGame/Saved/Config/Windows/Scalability.ini]
[2024.07.18-08.21.33:735][  0]LogConfig: Setting CVar [[r.SkeletalMeshLODBias:0]]
[2024.07.18-08.21.33:735][  0]LogConfig: Setting CVar [[r.ViewDistanceScale:1.0]]
[2024.07.18-08.21.33:735][  0]LogConfig: Applying CVar settings from Section [AntiAliasingQuality@3] File [D:/Test/SnakeGame/Saved/Config/Windows/Scalability.ini]
[2024.07.18-08.21.33:735][  0]LogConfig: Setting CVar [[r.PostProcessAAQuality:4]]
[2024.07.18-08.21.33:735][  0]LogConfig: Applying CVar settings from Section [ShadowQuality@3] File [D:/Test/SnakeGame/Saved/Config/Windows/Scalability.ini]
[2024.07.18-08.21.33:735][  0]LogConfig: Setting CVar [[r.LightFunctionQuality:1]]
[2024.07.18-08.21.33:735][  0]LogConfig: Setting CVar [[r.ShadowQuality:5]]
[2024.07.18-08.21.33:735][  0]LogConfig: Setting CVar [[r.Shadow.CSM.MaxCascades:10]]
[2024.07.18-08.21.33:735][  0]LogConfig: Setting CVar [[r.Shadow.MaxResolution:2048]]
[2024.07.18-08.21.33:735][  0]LogConfig: Setting CVar [[r.Shadow.MaxCSMResolution:2048]]
[2024.07.18-08.21.33:735][  0]LogConfig: Setting CVar [[r.Shadow.RadiusThreshold:0.01]]
[2024.07.18-08.21.33:735][  0]LogConfig: Setting CVar [[r.Shadow.DistanceScale:1.0]]
[2024.07.18-08.21.33:735][  0]LogConfig: Setting CVar [[r.Shadow.CSM.TransitionScale:1.0]]
[2024.07.18-08.21.33:735][  0]LogConfig: Setting CVar [[r.Shadow.PreShadowResolutionFactor:1.0]]
[2024.07.18-08.21.33:735][  0]LogConfig: Setting CVar [[r.DistanceFieldShadowing:1]]
[2024.07.18-08.21.33:735][  0]LogConfig: Setting CVar [[r.DistanceFieldAO:1]]
[2024.07.18-08.21.33:735][  0]LogConfig: Setting CVar [[r.AOQuality:2]]
[2024.07.18-08.21.33:735][  0]LogConfig: Setting CVar [[r.VolumetricFog:1]]
[2024.07.18-08.21.33:735][  0]LogConfig: Setting CVar [[r.VolumetricFog.GridPixelSize:8]]
[2024.07.18-08.21.33:735][  0]LogConfig: Setting CVar [[r.VolumetricFog.GridSizeZ:128]]
[2024.07.18-08.21.33:736][  0]LogConfig: Setting CVar [[r.VolumetricFog.HistoryMissSupersampleCount:4]]
[2024.07.18-08.21.33:736][  0]LogConfig: Setting CVar [[r.LightMaxDrawDistanceScale:1]]
[2024.07.18-08.21.33:736][  0]LogConfig: Setting CVar [[r.CapsuleShadows:1]]
[2024.07.18-08.21.33:736][  0]LogConfig: Applying CVar settings from Section [PostProcessQuality@3] File [D:/Test/SnakeGame/Saved/Config/Windows/Scalability.ini]
[2024.07.18-08.21.33:736][  0]LogConfig: Setting CVar [[r.MotionBlurQuality:4]]
[2024.07.18-08.21.33:736][  0]LogConfig: Setting CVar [[r.AmbientOcclusionMipLevelFactor:0.4]]
[2024.07.18-08.21.33:736][  0]LogConfig: Setting CVar [[r.AmbientOcclusionMaxQuality:100]]
[2024.07.18-08.21.33:736][  0]LogConfig: Setting CVar [[r.AmbientOcclusionLevels:-1]]
[2024.07.18-08.21.33:736][  0]LogConfig: Setting CVar [[r.AmbientOcclusionRadiusScale:1.0]]
[2024.07.18-08.21.33:736][  0]LogConfig: Setting CVar [[r.DepthOfFieldQuality:2]]
[2024.07.18-08.21.33:736][  0]LogConfig: Setting CVar [[r.RenderTargetPoolMin:400]]
[2024.07.18-08.21.33:736][  0]LogConfig: Setting CVar [[r.LensFlareQuality:2]]
[2024.07.18-08.21.33:736][  0]LogConfig: Setting CVar [[r.SceneColorFringeQuality:1]]
[2024.07.18-08.21.33:736][  0]LogConfig: Setting CVar [[r.EyeAdaptationQuality:2]]
[2024.07.18-08.21.33:736][  0]LogConfig: Setting CVar [[r.BloomQuality:5]]
[2024.07.18-08.21.33:736][  0]LogConfig: Setting CVar [[r.FastBlurThreshold:100]]
[2024.07.18-08.21.33:736][  0]LogConfig: Setting CVar [[r.Upscale.Quality:3]]
[2024.07.18-08.21.33:736][  0]LogConfig: Setting CVar [[r.Tonemapper.GrainQuantization:1]]
[2024.07.18-08.21.33:736][  0]LogConfig: Setting CVar [[r.LightShaftQuality:1]]
[2024.07.18-08.21.33:736][  0]LogConfig: Setting CVar [[r.Filter.SizeScale:1]]
[2024.07.18-08.21.33:736][  0]LogConfig: Setting CVar [[r.Tonemapper.Quality:5]]
[2024.07.18-08.21.33:736][  0]LogConfig: Setting CVar [[r.DOF.Gather.AccumulatorQuality:1        ; higher gathering accumulator quality]]
[2024.07.18-08.21.33:736][  0]LogConfig: Setting CVar [[r.DOF.Gather.PostfilterMethod:1          ; Median3x3 postfilering method]]
[2024.07.18-08.21.33:737][  0]LogConfig: Setting CVar [[r.DOF.Gather.EnableBokehSettings:0       ; no bokeh simulation when gathering]]
[2024.07.18-08.21.33:737][  0]LogConfig: Setting CVar [[r.DOF.Gather.RingCount:4                 ; medium number of samples when gathering]]
[2024.07.18-08.21.33:737][  0]LogConfig: Setting CVar [[r.DOF.Scatter.ForegroundCompositing:1    ; additive foreground scattering]]
[2024.07.18-08.21.33:737][  0]LogConfig: Setting CVar [[r.DOF.Scatter.BackgroundCompositing:2    ; additive background scattering]]
[2024.07.18-08.21.33:737][  0]LogConfig: Setting CVar [[r.DOF.Scatter.EnableBokehSettings:1      ; bokeh simulation when scattering]]
[2024.07.18-08.21.33:737][  0]LogConfig: Setting CVar [[r.DOF.Scatter.MaxSpriteRatio:0.1         ; only a maximum of 10% of scattered bokeh]]
[2024.07.18-08.21.33:737][  0]LogConfig: Setting CVar [[r.DOF.Recombine.Quality:1                ; cheap slight out of focus]]
[2024.07.18-08.21.33:737][  0]LogConfig: Setting CVar [[r.DOF.Recombine.EnableBokehSettings:0    ; no bokeh simulation on slight out of focus]]
[2024.07.18-08.21.33:737][  0]LogConfig: Setting CVar [[r.DOF.TemporalAAQuality:1                ; more stable temporal accumulation]]
[2024.07.18-08.21.33:737][  0]LogConfig: Setting CVar [[r.DOF.Kernel.MaxForegroundRadius:0.025]]
[2024.07.18-08.21.33:737][  0]LogConfig: Setting CVar [[r.DOF.Kernel.MaxBackgroundRadius:0.025]]
[2024.07.18-08.21.33:737][  0]LogConfig: Applying CVar settings from Section [TextureQuality@3] File [D:/Test/SnakeGame/Saved/Config/Windows/Scalability.ini]
[2024.07.18-08.21.33:737][  0]LogConfig: Setting CVar [[r.Streaming.MipBias:0]]
[2024.07.18-08.21.33:737][  0]LogConfig: Setting CVar [[r.Streaming.AmortizeCPUToGPUCopy:0]]
[2024.07.18-08.21.33:737][  0]LogConfig: Setting CVar [[r.Streaming.MaxNumTexturesToStreamPerFrame:0]]
[2024.07.18-08.21.33:737][  0]LogConfig: Setting CVar [[r.Streaming.Boost:1]]
[2024.07.18-08.21.33:737][  0]LogConfig: Setting CVar [[r.MaxAnisotropy:8]]
[2024.07.18-08.21.33:737][  0]LogConfig: Setting CVar [[r.VT.MaxAnisotropy:8]]
[2024.07.18-08.21.33:737][  0]LogConfig: Setting CVar [[r.Streaming.LimitPoolSizeToVRAM:0]]
[2024.07.18-08.21.33:737][  0]LogConfig: Setting CVar [[r.Streaming.PoolSize:1000]]
[2024.07.18-08.21.33:737][  0]LogConfig: Setting CVar [[r.Streaming.MaxEffectiveScreenSize:0]]
[2024.07.18-08.21.33:738][  0]LogConfig: Applying CVar settings from Section [EffectsQuality@3] File [D:/Test/SnakeGame/Saved/Config/Windows/Scalability.ini]
[2024.07.18-08.21.33:738][  0]LogConfig: Setting CVar [[r.TranslucencyLightingVolumeDim:64]]
[2024.07.18-08.21.33:738][  0]LogConfig: Setting CVar [[r.RefractionQuality:2]]
[2024.07.18-08.21.33:738][  0]LogConfig: Setting CVar [[r.SSR.Quality:3]]
[2024.07.18-08.21.33:738][  0]LogConfig: Setting CVar [[r.SSR.HalfResSceneColor:0]]
[2024.07.18-08.21.33:738][  0]LogConfig: Setting CVar [[r.SceneColorFormat:4]]
[2024.07.18-08.21.33:738][  0]LogConfig: Setting CVar [[r.DetailMode:2]]
[2024.07.18-08.21.33:738][  0]LogConfig: Setting CVar [[r.TranslucencyVolumeBlur:1]]
[2024.07.18-08.21.33:738][  0]LogConfig: Setting CVar [[r.MaterialQualityLevel:1 ; High quality]]
[2024.07.18-08.21.33:738][  0]LogConfig: Setting CVar [[r.AnisotropicMaterials:1]]
[2024.07.18-08.21.33:738][  0]LogConfig: Setting CVar [[r.SSS.Scale:1]]
[2024.07.18-08.21.33:738][  0]LogConfig: Setting CVar [[r.SSS.SampleSet:2]]
[2024.07.18-08.21.33:738][  0]LogConfig: Setting CVar [[r.SSS.Quality:1]]
[2024.07.18-08.21.33:738][  0]LogConfig: Setting CVar [[r.SSS.HalfRes:0]]
[2024.07.18-08.21.33:738][  0]LogConfig: Setting CVar [[r.SSGI.Quality:3]]
[2024.07.18-08.21.33:738][  0]LogConfig: Setting CVar [[r.EmitterSpawnRateScale:1.0]]
[2024.07.18-08.21.33:738][  0]LogConfig: Setting CVar [[r.ParticleLightQuality:2]]
[2024.07.18-08.21.33:738][  0]LogConfig: Setting CVar [[r.SkyAtmosphere.AerialPerspectiveLUT.FastApplyOnOpaque:1 ; Always have FastSkyLUT 1 in this case to avoid wrong sky]]
[2024.07.18-08.21.33:738][  0]LogConfig: Setting CVar [[r.SkyAtmosphere.AerialPerspectiveLUT.SampleCountMaxPerSlice:4]]
[2024.07.18-08.21.33:738][  0]LogConfig: Setting CVar [[r.SkyAtmosphere.AerialPerspectiveLUT.DepthResolution:16.0]]
[2024.07.18-08.21.33:738][  0]LogConfig: Setting CVar [[r.SkyAtmosphere.FastSkyLUT:1]]
[2024.07.18-08.21.33:739][  0]LogConfig: Setting CVar [[r.SkyAtmosphere.FastSkyLUT.SampleCountMin:4.0]]
[2024.07.18-08.21.33:739][  0]LogConfig: Setting CVar [[r.SkyAtmosphere.FastSkyLUT.SampleCountMax:128.0]]
[2024.07.18-08.21.33:739][  0]LogConfig: Setting CVar [[r.SkyAtmosphere.SampleCountMin:4.0]]
[2024.07.18-08.21.33:739][  0]LogConfig: Setting CVar [[r.SkyAtmosphere.SampleCountMax:128.0]]
[2024.07.18-08.21.33:739][  0]LogConfig: Setting CVar [[r.SkyAtmosphere.TransmittanceLUT.UseSmallFormat:0]]
[2024.07.18-08.21.33:739][  0]LogConfig: Setting CVar [[r.SkyAtmosphere.TransmittanceLUT.SampleCount:10.0]]
[2024.07.18-08.21.33:739][  0]LogConfig: Setting CVar [[r.SkyAtmosphere.MultiScatteringLUT.SampleCount:15.0]]
[2024.07.18-08.21.33:739][  0]LogConfig: Setting CVar [[r.SkyLight.RealTimeReflectionCapture:1]]
[2024.07.18-08.21.33:739][  0]LogConfig: Applying CVar settings from Section [FoliageQuality@3] File [D:/Test/SnakeGame/Saved/Config/Windows/Scalability.ini]
[2024.07.18-08.21.33:739][  0]LogConfig: Setting CVar [[foliage.DensityScale:1.0]]
[2024.07.18-08.21.33:739][  0]LogConfig: Setting CVar [[grass.DensityScale:1.0]]
[2024.07.18-08.21.33:739][  0]LogConfig: Applying CVar settings from Section [ShadingQuality@3] File [D:/Test/SnakeGame/Saved/Config/Windows/Scalability.ini]
[2024.07.18-08.21.33:739][  0]LogConfig: Setting CVar [[r.HairStrands.SkyLighting.IntegrationType:2]]
[2024.07.18-08.21.33:739][  0]LogConfig: Setting CVar [[r.HairStrands.SkyAO.SampleCount:4]]
[2024.07.18-08.21.33:739][  0]LogConfig: Setting CVar [[r.HairStrands.Visibility.MSAA.SamplePerPixel:4]]
[2024.07.18-08.21.33:739][  0]LogConfig: Applying CVar settings from Section [Startup] File [../../../Engine/Config/ConsoleVariables.ini]
[2024.07.18-08.21.33:740][  0]LogConfig: Setting CVar [[net.UseAdaptiveNetUpdateFrequency:0]]
[2024.07.18-08.21.33:740][  0]LogConfig: Setting CVar [[p.chaos.AllowCreatePhysxBodies:1]]
[2024.07.18-08.21.33:740][  0]LogConfig: Setting CVar [[fx.SkipVectorVMBackendOptimizations:1]]
[2024.07.18-08.21.33:740][  0]LogConfig: Applying CVar settings from Section [ConsoleVariables] File [D:/Test/SnakeGame/Saved/Config/Windows/Engine.ini]
[2024.07.18-08.21.33:740][  0]LogConfig: Applying CVar settings from Section [ConsoleVariables] File [D:/Test/SnakeGame/Saved/Config/Windows/Editor.ini]
[2024.07.18-08.21.33:740][  0]LogInit: Computer: MYKORSAR-PC
[2024.07.18-08.21.33:740][  0]LogInit: User: mykor
[2024.07.18-08.21.33:740][  0]LogInit: CPU Page size=4096, Cores=4
[2024.07.18-08.21.33:740][  0]LogInit: High frequency timer resolution =10.000000 MHz
[2024.07.18-08.21.33:740][  0]LogMemory: Memory total: Physical=15.8GB (16GB approx)
[2024.07.18-08.21.33:740][  0]LogMemory: Platform Memory Stats for Windows
[2024.07.18-08.21.33:740][  0]LogMemory: Process Physical Memory: 138.05 MB used, 138.05 MB peak
[2024.07.18-08.21.33:740][  0]LogMemory: Process Virtual Memory: 114.14 MB used, 114.14 MB peak
[2024.07.18-08.21.33:740][  0]LogMemory: Physical Memory: 11106.52 MB used,  5122.21 MB free, 16228.74 MB total
[2024.07.18-08.21.33:740][  0]LogMemory: Virtual Memory: 134212416.00 MB used,  5315.04 MB free, 134217728.00 MB total
[2024.07.18-08.21.33:749][  0]LogWindows: WindowsPlatformFeatures enabled
[2024.07.18-08.21.33:823][  0]LogInit: Physics initialised using underlying interface: PhysX
[2024.07.18-08.21.33:824][  0]LogInit: Using OS detected language (ru-RU).
[2024.07.18-08.21.33:824][  0]LogInit: Using OS detected locale (ru-RU).
[2024.07.18-08.21.33:826][  0]LogTextLocalizationManager: No specific localization for 'ru-RU' exists, so the 'ru' localization will be used.
[2024.07.18-08.21.33:826][  0]LogTextLocalizationResource: LocRes '../../../Engine/Content/Localization/Editor/ru/Editor.locres' could not be opened for reading!
[2024.07.18-08.21.33:826][  0]LogTextLocalizationResource: LocRes '../../../Engine/Content/Localization/EditorTutorials/ru/EditorTutorials.locres' could not be opened for reading!
[2024.07.18-08.21.33:826][  0]LogTextLocalizationResource: LocRes '../../../Engine/Content/Localization/Keywords/ru/Keywords.locres' could not be opened for reading!
[2024.07.18-08.21.33:826][  0]LogTextLocalizationResource: LocRes '../../../Engine/Content/Localization/Category/ru/Category.locres' could not be opened for reading!
[2024.07.18-08.21.33:826][  0]LogTextLocalizationResource: LocRes '../../../Engine/Content/Localization/ToolTips/ru/ToolTips.locres' could not be opened for reading!
[2024.07.18-08.21.33:827][  0]LogTextLocalizationResource: LocRes '../../../Engine/Content/Localization/PropertyNames/ru/PropertyNames.locres' could not be opened for reading!
[2024.07.18-08.21.33:827][  0]LogTextLocalizationResource: LocRes '../../../Engine/Content/Localization/Engine/ru/Engine.locres' could not be opened for reading!
[2024.07.18-08.21.33:828][  0]LogInit: Setting process to per monitor DPI aware
[2024.07.18-08.21.33:848][  0]LogWindowsTextInputMethodSystem: Display: IME system deactivated.
[2024.07.18-08.21.33:864][  0]LogSlate: New Slate User Created.  User Index 0, Is Virtual User: 0
[2024.07.18-08.21.33:864][  0]LogSlate: Slate User Registered.  User Index 0, Is Virtual User: 0
[2024.07.18-08.21.33:983][  0]LogD3D11RHI: Loaded GFSDK_Aftermath_Lib.x64.dll
[2024.07.18-08.21.33:987][  0]LogHMD: Failed to initialize OpenVR with code 110
[2024.07.18-08.21.33:987][  0]LogD3D11RHI: D3D11 min allowed feature level: 11_0
[2024.07.18-08.21.33:987][  0]LogD3D11RHI: D3D11 max allowed feature level: 11_0
[2024.07.18-08.21.33:987][  0]LogD3D11RHI: D3D11 adapters:
[2024.07.18-08.21.34:143][  0]LogD3D11RHI:    0. 'NVIDIA GeForce GTX 1660' (Feature Level 11_0)
[2024.07.18-08.21.34:143][  0]LogD3D11RHI:       5966/0/8114 MB DedicatedVideo/DedicatedSystem/SharedSystem, Outputs:1, VendorId:0x10de
[2024.07.18-08.21.34:153][  0]LogD3D11RHI:    1. 'Intel(R) HD Graphics 4600' (Feature Level 11_0)
[2024.07.18-08.21.34:153][  0]LogD3D11RHI:       112/0/2048 MB DedicatedVideo/DedicatedSystem/SharedSystem, Outputs:0, VendorId:0x8086
[2024.07.18-08.21.34:157][  0]LogD3D11RHI:    2. 'Microsoft Basic Render Driver' (Feature Level 11_0)
[2024.07.18-08.21.34:157][  0]LogD3D11RHI:       0/0/8114 MB DedicatedVideo/DedicatedSystem/SharedSystem, Outputs:0, VendorId:0x1414
[2024.07.18-08.21.34:157][  0]LogD3D11RHI: Chosen D3D11 Adapter:
[2024.07.18-08.21.34:157][  0]LogD3D11RHI:     Description : NVIDIA GeForce GTX 1660
[2024.07.18-08.21.34:157][  0]LogD3D11RHI:     VendorId    : 10de
[2024.07.18-08.21.34:157][  0]LogD3D11RHI:     DeviceId    : 2184
[2024.07.18-08.21.34:157][  0]LogD3D11RHI:     SubSysId    : 218410de
[2024.07.18-08.21.34:157][  0]LogD3D11RHI:     Revision    : 00a1
[2024.07.18-08.21.34:157][  0]LogD3D11RHI:     DedicatedVideoMemory : 6255804416 bytes
[2024.07.18-08.21.34:157][  0]LogD3D11RHI:     DedicatedSystemMemory : 0 bytes
[2024.07.18-08.21.34:157][  0]LogD3D11RHI:     SharedSystemMemory : 8508532736 bytes
[2024.07.18-08.21.34:157][  0]LogD3D11RHI:     AdapterLuid : 0 50850
[2024.07.18-08.21.34:163][  0]LogD3D11RHI: Creating new Direct3DDevice
[2024.07.18-08.21.34:163][  0]LogD3D11RHI:     GPU DeviceId: 0x2184 (for the marketing name, search the web for "GPU Device Id")
[2024.07.18-08.21.34:163][  0]LogWindows: EnumDisplayDevices:
[2024.07.18-08.21.34:163][  0]LogWindows:    0. 'NVIDIA GeForce GTX 1660' (P:1 D:1)
[2024.07.18-08.21.34:164][  0]LogWindows:    1. 'NVIDIA GeForce GTX 1660' (P:0 D:0)
[2024.07.18-08.21.34:164][  0]LogWindows:    2. 'NVIDIA GeForce GTX 1660' (P:0 D:0)
[2024.07.18-08.21.34:164][  0]LogWindows:    3. 'NVIDIA GeForce GTX 1660' (P:0 D:0)
[2024.07.18-08.21.34:164][  0]LogWindows:    4. 'Intel(R) HD Graphics 4600' (P:0 D:0)
[2024.07.18-08.21.34:165][  0]LogWindows:    5. 'Intel(R) HD Graphics 4600' (P:0 D:0)
[2024.07.18-08.21.34:165][  0]LogWindows:    6. 'Intel(R) HD Graphics 4600' (P:0 D:0)
[2024.07.18-08.21.34:165][  0]LogWindows: DebugString: PrimaryIsNotTheChoosenAdapter PrimaryIsNotTheChoosenAdapter PrimaryIsNotTheChoosenAdapter FoundDriverCount:4 
[2024.07.18-08.21.34:165][  0]LogD3D11RHI:     Adapter Name: NVIDIA GeForce GTX 1660
[2024.07.18-08.21.34:165][  0]LogD3D11RHI:   Driver Version: 556.12 (internal:32.0.15.5612, unified:556.12)
[2024.07.18-08.21.34:165][  0]LogD3D11RHI:      Driver Date: 6-25-2024
[2024.07.18-08.21.34:165][  0]LogRHI: Texture pool is 4176 MB (70% of 5966 MB)
[2024.07.18-08.21.34:165][  0]LogD3D11RHI: Creating D3DDevice using adapter:
[2024.07.18-08.21.34:165][  0]LogD3D11RHI:     Description : NVIDIA GeForce GTX 1660
[2024.07.18-08.21.34:165][  0]LogD3D11RHI:     VendorId    : 10de
[2024.07.18-08.21.34:165][  0]LogD3D11RHI:     DeviceId    : 2184
[2024.07.18-08.21.34:166][  0]LogD3D11RHI:     SubSysId    : 218410de
[2024.07.18-08.21.34:166][  0]LogD3D11RHI:     Revision    : 00a1
[2024.07.18-08.21.34:166][  0]LogD3D11RHI:     DedicatedVideoMemory : 6255804416 bytes
[2024.07.18-08.21.34:166][  0]LogD3D11RHI:     DedicatedSystemMemory : 0 bytes
[2024.07.18-08.21.34:166][  0]LogD3D11RHI:     SharedSystemMemory : 8508532736 bytes
[2024.07.18-08.21.34:166][  0]LogD3D11RHI:     AdapterLuid : 0 50850
[2024.07.18-08.21.34:276][  0]LogD3D11RHI: RHI has support for 64 bit atomics
[2024.07.18-08.21.34:276][  0]LogD3D11RHI: Async texture creation enabled
[2024.07.18-08.21.34:276][  0]LogD3D11RHI: Array index from any shader is supported
[2024.07.18-08.21.34:300][  0]LogD3D11RHI: GPU Timing Frequency: 1000.000000 (Debug: 2 1)
[2024.07.18-08.21.34:347][  0]LogRHI: GeForceNow SDK initialized: 1
[2024.07.18-08.21.34:633][  0]LogTargetPlatformManager: Display: Loaded TargetPlatform 'AllDesktop'
[2024.07.18-08.21.34:655][  0]LogTargetPlatformManager: Display: Loaded TargetPlatform 'Android'
[2024.07.18-08.21.34:655][  0]LogTargetPlatformManager: Display: Loaded TargetPlatform 'Android_ASTC'
[2024.07.18-08.21.34:655][  0]LogTargetPlatformManager: Display: Loaded TargetPlatform 'Android_DXT'
[2024.07.18-08.21.34:655][  0]LogTargetPlatformManager: Display: Loaded TargetPlatform 'Android_ETC2'
[2024.07.18-08.21.34:655][  0]LogTargetPlatformManager: Display: Loaded TargetPlatform 'AndroidClient'
[2024.07.18-08.21.34:655][  0]LogTargetPlatformManager: Display: Loaded TargetPlatform 'Android_ASTCClient'
[2024.07.18-08.21.34:655][  0]LogTargetPlatformManager: Display: Loaded TargetPlatform 'Android_DXTClient'
[2024.07.18-08.21.34:655][  0]LogTargetPlatformManager: Display: Loaded TargetPlatform 'Android_ETC2Client'
[2024.07.18-08.21.34:656][  0]LogTargetPlatformManager: Display: Loaded TargetPlatform 'Android_Multi'
[2024.07.18-08.21.34:656][  0]LogTargetPlatformManager: Display: Loaded TargetPlatform 'Android_MultiClient'
[2024.07.18-08.21.34:676][  0]LogTargetPlatformManager: Display: Loaded TargetPlatform 'IOSClient'
[2024.07.18-08.21.34:676][  0]LogTargetPlatformManager: Display: Loaded TargetPlatform 'IOS'
[2024.07.18-08.21.34:685][  0]LogTargetPlatformManager: Display: Loaded TargetPlatform 'Linux'
[2024.07.18-08.21.34:691][  0]LogTargetPlatformManager: Display: Loaded TargetPlatform 'LinuxNoEditor'
[2024.07.18-08.21.34:696][  0]LogTargetPlatformManager: Display: Loaded TargetPlatform 'LinuxClient'
[2024.07.18-08.21.34:701][  0]LogTargetPlatformManager: Display: Loaded TargetPlatform 'LinuxServer'
[2024.07.18-08.21.34:711][  0]LogTargetPlatformManager: Display: Loaded TargetPlatform 'LinuxAArch64NoEditor'
[2024.07.18-08.21.34:716][  0]LogTargetPlatformManager: Display: Loaded TargetPlatform 'LinuxAArch64Client'
[2024.07.18-08.21.34:721][  0]LogTargetPlatformManager: Display: Loaded TargetPlatform 'LinuxAArch64Server'
[2024.07.18-08.21.34:744][  0]LogTargetPlatformManager: Display: Loaded TargetPlatform 'Lumin'
[2024.07.18-08.21.34:744][  0]LogTargetPlatformManager: Display: Loaded TargetPlatform 'LuminClient'
[2024.07.18-08.21.34:753][  0]LogTargetPlatformManager: Display: Loaded TargetPlatform 'MacNoEditor'
[2024.07.18-08.21.34:758][  0]LogTargetPlatformManager: Display: Loaded TargetPlatform 'Mac'
[2024.07.18-08.21.34:763][  0]LogTargetPlatformManager: Display: Loaded TargetPlatform 'MacClient'
[2024.07.18-08.21.34:768][  0]LogTargetPlatformManager: Display: Loaded TargetPlatform 'MacServer'
[2024.07.18-08.21.34:778][  0]LogTargetPlatformManager: Display: Loaded TargetPlatform 'TVOSClient'
[2024.07.18-08.21.34:778][  0]LogTargetPlatformManager: Display: Loaded TargetPlatform 'TVOS'
[2024.07.18-08.21.34:788][  0]LogTargetPlatformManager: Display: Loaded TargetPlatform 'WindowsNoEditor'
[2024.07.18-08.21.34:793][  0]LogTargetPlatformManager: Display: Loaded TargetPlatform 'Windows'
[2024.07.18-08.21.34:798][  0]LogTargetPlatformManager: Display: Loaded TargetPlatform 'WindowsClient'
[2024.07.18-08.21.34:804][  0]LogTargetPlatformManager: Display: Loaded TargetPlatform 'WindowsServer'
[2024.07.18-08.21.34:804][  0]LogTargetPlatformManager: Display: Building Assets For Windows
[2024.07.18-08.21.34:814][  0]LogAudioDebug: Display: Lib vorbis DLL was dynamically loaded.
[2024.07.18-08.21.34:851][  0]LogTextureFormatOodle: Display: Oodle Texture 2.9.0 init RDO Off
[2024.07.18-08.21.34:889][  0]LogRendererCore: Ray tracing is disabled. Reason: r.RayTracing=0.
[2024.07.18-08.21.34:890][  0]LogShaderCompilers: Guid format shader working directory is 17 characters bigger than the processId version (../../../../../Test/SnakeGame/Intermediate/Shaders/WorkingDirectory/5504/).
[2024.07.18-08.21.34:890][  0]LogShaderCompilers: Cleaned the shader compiler working directory 'C:/Users/mykor/AppData/Local/Temp/UnrealShaderWorkingDir/655247E747B63DEA1E5F4185F341503D/'.
[2024.07.18-08.21.34:890][  0]LogXGEController: Cannot use XGE Controller as Incredibuild is not installed on this machine.
[2024.07.18-08.21.34:890][  0]LogShaderCompilers: Cannot use XGE Shader Compiler as Incredibuild is not installed on this machine.
[2024.07.18-08.21.34:890][  0]LogShaderCompilers: Display: Using Local Shader Compiler.
[2024.07.18-08.21.35:642][  0]LogDerivedDataCache: Display: Max Cache Size: 512 MB
[2024.07.18-08.21.35:707][  0]LogDerivedDataCache: Loaded boot cache 0.06s 94MB C:/Users/mykor/AppData/Local/UnrealEngine/4.27/DerivedDataCache/Boot.ddc.
[2024.07.18-08.21.35:707][  0]LogDerivedDataCache: Display: Loaded Boot cache: C:/Users/mykor/AppData/Local/UnrealEngine/4.27/DerivedDataCache/Boot.ddc
[2024.07.18-08.21.35:707][  0]LogDerivedDataCache: FDerivedDataBackendGraph:  Pak pak cache file ../../../../../Test/SnakeGame/DerivedDataCache/DDC.ddp not found, will not use a pak cache.
[2024.07.18-08.21.35:707][  0]LogDerivedDataCache: Unable to find inner node Pak for hierarchical cache Hierarchy.
[2024.07.18-08.21.35:707][  0]LogDerivedDataCache: FDerivedDataBackendGraph:  CompressedPak pak cache file ../../../../../Test/SnakeGame/DerivedDataCache/Compressed.ddp not found, will not use a pak cache.
[2024.07.18-08.21.35:707][  0]LogDerivedDataCache: Unable to find inner node CompressedPak for hierarchical cache Hierarchy.
[2024.07.18-08.21.35:725][  0]LogDerivedDataCache: Display: Pak cache opened for reading ../../../Engine/DerivedDataCache/Compressed.ddp.
[2024.07.18-08.21.35:725][  0]LogDerivedDataCache: FDerivedDataBackendGraph:  EnterprisePak pak cache file ../../../Enterprise/DerivedDataCache/Compressed.ddp not found, will not use a pak cache.
[2024.07.18-08.21.35:725][  0]LogDerivedDataCache: Unable to find inner node EnterprisePak for hierarchical cache Hierarchy.
[2024.07.18-08.21.35:731][  0]LogDerivedDataCache: Speed tests for C:/Users/mykor/AppData/Local/UnrealEngine/Common/DerivedDataCache took 0.01 seconds
[2024.07.18-08.21.35:732][  0]LogDerivedDataCache: Display: Performance to C:/Users/mykor/AppData/Local/UnrealEngine/Common/DerivedDataCache: Latency=0.04ms. RandomReadSpeed=869.68MBs, RandomWriteSpeed=211.31MBs. Assigned SpeedClass 'Local'
[2024.07.18-08.21.35:734][  0]LogDerivedDataCache: Using Local data cache path C:/Users/mykor/AppData/Local/UnrealEngine/Common/DerivedDataCache: Writable
[2024.07.18-08.21.35:734][  0]LogDerivedDataCache: Shared data cache path not found in *engine.ini, will not use an Shared cache.
[2024.07.18-08.21.35:734][  0]LogDerivedDataCache: Unable to find inner node Shared for hierarchical cache Hierarchy.
[2024.07.18-08.21.35:781][  0]LogSlate: Using FreeType 2.10.0
[2024.07.18-08.21.35:781][  0]LogSlate: SlateFontServices - WITH_FREETYPE: 1, WITH_HARFBUZZ: 1
[2024.07.18-08.21.35:806][  0]LogAssetRegistry: FAssetRegistry took 0.0031 seconds to start up
[2024.07.18-08.21.36:031][  0]LogInit: Selected Device Profile: [Windows]
[2024.07.18-08.21.36:031][  0]LogInit: Active device profile: [0000022F2ED9D600][0000022F267BF240 49] Windows
[2024.07.18-08.21.36:031][  0]LogInit: Profiles: [0000022F2ED9D600][0000022F267BF240 49] Windows, [0000022F2ED24200][0000022F276893C0 49] WindowsNoEditor, [0000022F2ED3FF00][0000022F2D08B540 49] WindowsServer, [0000022F2ED24100][0000022F2D08F6C0 49] WindowsClient, [0000022F2ED3C300][0000022F26751840 49] IOS, [0000022F2ED26700][0000022F2D0199C0 49] iPadAir, [0000022F2ED3E600][0000022F2EA17B40 49] iPadAir2, [0000022F2ECE0F00][0000022F2EA1A280 49] IPadPro, [0000022F2ECE1000][0000022F2D20C2C0 49] iPadAir3, [0000022F2ED3C200][0000022F2EA1E440 49] iPadAir4, [0000022F2ECE0400][0000022F28668580 49] iPadMini2, [0000022F2ED3FD00][0000022F2EA226C0 49] iPadMini3, [0000022F2ECE1600][0000022F2EA26800 49] iPadMini4, [0000022F2ED3C900][0000022F2EA2A940 49] iPadMini5, [0000022F2ED25300][0000022F26794C00 49] iPhone6, [0000022F2ED25400][0000022F26790C40 49] iPodTouch6, [0000022F2ECE3E00][0000022F2679CF00 49] iPhone7, [0000022F2ECE3D00][0000022F26798F40 49] iPodTouch7, [0000022F2ED24E00][0000022F267A10C0 49] iPhone5S, [0000022F2ECE0700][0000022F267A5240 49] iPhone6Plus, [0000022F2ED25B00][0000022F267A93C0 49] iPhone6S, [0000022F2ECE3400][0000022F2D183540 49] iPhone6SPlus, [0000022F2ED26600][0000022F2D1876C0 49] iPhone7Plus, [0000022F2ECE2A00][0000022F2D18B840 49] iPhoneSE, [0000022F2ED25D00][0000022F2D18F9C0 49] iPhone8, [0000022F2ECE3100][0000022F2D193B40 49] iPhone8Plus, [0000022F2ED27100][0000022F2D196140 49] iPhoneX, [0000022F2ECE1F00][0000022F2D19A2C0 49] iPhoneXS, [0000022F2ED26000][0000022F2D19E440 49] iPhoneXSMax, [0000022F2ECE0900][0000022F2D1A25C0 49] iPhoneXR, [0000022F2ED26C00][0000022F2D1A6740 49] iPhone11, [0000022F2ECE2100][0000022F2678C880 49] iPhone11Pro, [0000022F2ED26500][0000022F2D1AA9C0 49] iPhone11ProMax, [0000022F2ECE0D00][0000022F2D1AEB00 49] iPhoneSE2, [0000022F2ED26E00][0000022F2D1B6C80 49] iPhone12Mini, [0000022F2ECE2500][0000022F2D1BAE00 49] iPhone12, [0000022F2ED25600][0000022F285BEF80 49] iPhone12Pro, [0000022F2ECE3B00][0000022F285C3100 49] iPhone12ProMax, [0000022F2ED24C00][0000022F285C7280 49] iPadPro105, [0000022F2ECE0600][0000022F285CB400 49] iPadPro129, [0000022F2ED27600][0000022F285CF580 49] iPadPro97, [0000022F2ECE2E00][0000022F285D3700 49] iPadPro2_129, [0000022F2ED27A00][0000022F285D7880 49] iPad5, [0000022F2ECE0100][0000022F285DBA00 49] iPad6, [0000022F2ED27F00][0000022F285DFB80 49] iPad7, [0000022F2ECE1B00][0000022F285E2180 49] iPad8, [0000022F2ED26900][0000022F285E6300 49] iPadPro11, [0000022F2ECE3A00][0000022F285EA480 49] iPadPro2_11, [0000022F2ED26A00][0000022F285EE600 49] iPadPro3_129, [0000022F2ECE3700][0000022F285F2780 49] iPadPro4_129, [0000022F2ED24B00][0000022F285F6900 49] AppleTV, [0000022F2ECE3800][0000022F2D1B2A40 49] AppleTV4K, [0000022F2ED25C00][0000022F285FAB80 49] TVOS, [0000022F2ECE0A00][0000022F285FECC0 49] Mac, [0000022F2ED24A00][0000022F28606E40 49] MacClient, [0000022F2ECE3200][0000022F2860AFC0 49] MacNoEditor, [0000022F2ED24900][0000022F2860F140 49] MacServer, [0000022F2ECE0800][0000022F286132C0 49] Linux, [0000022F2ED25700][0000022F28617440 49] LinuxAArch64, [0000022F2ECE1A00][0000022F2861B5C0 49] LinuxNoEditor, [0000022F2ED24500][0000022F2861F740 49] LinuxAArch64NoEditor, [0000022F2ECE1300][0000022F286238C0 49] LinuxClient, [0000022F2ED24800][0000022F28627A40 49] LinuxAArch64Client, [0000022F2ECE2700][0000022F2862BBC0 49] LinuxServer, [0000022F2ED27400][0000022F2862E1C0 49] LinuxAArch64Server, [0000022F2ECE2400][0000022F28632340 49] Android, [0000022F2ED26100][0000022F286364C0 49] Android_Low, [0000022F2ECE3F00][0000022F2863A640 49] Android_Mid, [0000022F2ED27E00][0000022F2863E7C0 49] Android_High, [0000022F2ED9D400][0000022F28642940 49] Android_Default, [0000022F2ED3E500][0000022F28646AC0 49] Android_Adreno4xx, [0000022F2ED9D800][0000022F28602C00 49] Android_Adreno5xx_Low, [0000022F2ED3E800][0000022F2864AD40 49] Android_Adreno5xx, [0000022F2ED9EC00][0000022F2864EE80 49] Android_Adreno6xx, [0000022F2ED3D700][0000022F2E4F0FC0 49] Android_Adreno6xx_Vulkan, [0000022F2ED9DB00][0000022F2E4F9140 49] Android_Mali_T6xx, [0000022F2ED3CF00][0000022F2E4FD2C0 49] Android_Mali_T7xx, [0000022F2ED9E200][0000022F2E501440 49] Android_Mali_T8xx, [0000022F2ED3EC00][0000022F2E5055C0 49] Android_Mali_G71, [0000022F2ED9D100][0000022F2E509740 49] Android_Mali_G72, [0000022F2ED3EF00][0000022F2E50D8C0 49] Android_Mali_G72_Vulkan, [0000022F2ED9DE00][0000022F2E511A40 49] Android_Mali_G76, [0000022F2ED3F300][0000022F2E515BC0 49] Android_Mali_G76_Vulkan, [0000022F2ED9C400][0000022F2E5181C0 49] Android_Mali_G77, [0000022F2ED3DD00][0000022F2E51C340 49] Android_Mali_G77_Vulkan, [0000022F2ED9C900][0000022F2E5204C0 49] Android_Mali_G78, [0000022F2ED3ED00][0000022F2E524640 49] Android_Mali_G78_Vulkan, [0000022F2ED9E800][0000022F2E5287C0 49] Android_Mali_G710, [0000022F2ED3CB00][0000022F2E52C940 49] Android_Mali_G710_Vulkan, [0000022F2ED9C200][0000022F2E530AC0 49] Android_Vulkan_SM5, [0000022F2ED3C400][0000022F2E534C40 49] Android_PowerVR_G6xxx, [0000022F2ED9C700][0000022F2E4F4D80 49] Android_PowerVR_GT7xxx, [0000022F2ED3EB00][0000022F2E538EC0 49] Android_PowerVR_GE8xxx, [0000022F2ED9C600][0000022F2E53D000 49] Android_PowerVR_GM9xxx, [0000022F2ECE2900][0000022F2E541140 49] Android_PowerVR_GM9xxx_Vulkan, [0000022F2ED9E600][0000022F2E5492C0 49] Android_TegraK1, [0000022F2ECE0B00][0000022F2E54D440 49] Android_Unknown_Vulkan, [0000022F2ED9EA00][0000022F2E5515C0 49] Lumin, [0000022F2ECE3C00][0000022F2E555740 49] Lumin_Desktop, [0000022F2ED9E100][0000022F2E5598C0 49] HoloLens, 
[2024.07.18-08.21.36:163][  0]LogMeshReduction: Using QuadricMeshReduction for automatic static mesh reduction
[2024.07.18-08.21.36:163][  0]LogMeshReduction: Using SimplygonMeshReduction for automatic skeletal mesh reduction
[2024.07.18-08.21.36:163][  0]LogMeshReduction: Using ProxyLODMeshReduction for automatic mesh merging
[2024.07.18-08.21.36:163][  0]LogMeshReduction: No distributed automatic mesh merging module available
[2024.07.18-08.21.36:163][  0]LogMeshMerging: No distributed automatic mesh merging module available
[2024.07.18-08.21.36:179][  0]LogNetVersion: SnakeGame 1.0.0, NetCL: 17155196, EngineNetVer: 17, GameNetVer: 0 (Checksum: 3033270002)
[2024.07.18-08.21.36:548][  0]LogTexture: Default maximum texture size for cubemaps generated from long-lat sources has been changed from 512 to unlimited. In order to preserve old behaiour for '/Engine/MapTemplates/Sky/DaylightAmbientCubemap.DaylightAmbientCubemap', its maximum texture size has been explicitly set to 512.
[2024.07.18-08.21.36:609][  0]LogHMD: PokeAHoleMaterial loaded successfully
[2024.07.18-08.21.36:615][  0]LogUObjectArray: 17178 objects as part of root set at end of initial load.
[2024.07.18-08.21.36:615][  0]LogUObjectAllocator: 4302048 out of 0 bytes used by permanent object pool.
[2024.07.18-08.21.36:616][  0]LogUObjectArray: CloseDisregardForGC: 0/0 objects in disregard for GC pool
[2024.07.18-08.21.36:892][  0]LogPython: Using Python 3.7.7
[2024.07.18-08.21.37:406][  0]LogNiagaraDebuggerClient: Niagara Debugger Client Initialized | Session: AC4FB9774539F734820403A078EF587A | Instance: 707384EE41AA104D906B82BB8E7A3DB7 (MYKORSAR-PC-5504).
[2024.07.18-08.21.37:565][  0]LogTcpMessaging: Initializing TcpMessaging bridge
[2024.07.18-08.21.37:570][  0]LogUdpMessaging: Initializing bridge on interface 0.0.0.0:0 to multicast group 230.0.0.1:6666.
[2024.07.18-08.21.37:806][  0]SourceControl: Source control is disabled
[2024.07.18-08.21.37:807][  0]SourceControl: Source control is disabled
[2024.07.18-08.21.37:810][  0]SourceControl: Source control is disabled
[2024.07.18-08.21.37:817][  0]SourceControl: Source control is disabled
[2024.07.18-08.21.37:826][  0]SourceControl: Source control is disabled
[2024.07.18-08.21.37:833][  0]LogUProjectInfo: Found projects:
[2024.07.18-08.21.38:039][  0]LogOpenImageDenoise: OIDN starting up
[2024.07.18-08.21.38:103][  0]LogAndroidPermission: UAndroidPermissionCallbackProxy::GetInstance
[2024.07.18-08.21.38:129][  0]LogAudioCaptureCore: Display: No Audio Capture implementations found. Audio input will be silent.
[2024.07.18-08.21.38:130][  0]LogAudioCaptureCore: Display: No Audio Capture implementations found. Audio input will be silent.
[2024.07.18-08.21.38:259][  0]LogCollectionManager: Loaded 0 collections in 0.000648 seconds
[2024.07.18-08.21.38:287][  0]LogFileCache: Scanning file cache for directory 'D:/Test/SnakeGame/Saved/Collections/' took 0.00s
[2024.07.18-08.21.38:287][  0]LogFileCache: Scanning file cache for directory 'D:/Test/SnakeGame/Content/Developers/mykor/Collections/' took 0.00s
[2024.07.18-08.21.38:287][  0]LogFileCache: Scanning file cache for directory 'D:/Test/SnakeGame/Content/Collections/' took 0.00s
[2024.07.18-08.21.38:287][  0]LogOcInput: OculusInput pre-init called
[2024.07.18-08.21.38:525][  0]LogEngine: Initializing Engine...
[2024.07.18-08.21.38:528][  0]LogHMD: Failed to enumerate extensions. Please check that you have a valid OpenXR runtime installed.
[2024.07.18-08.21.38:528][  0]LogHMD: Failed to initialize OpenVR with code 110
[2024.07.18-08.21.38:528][  0]LogMagicLeap: Warning: VR disabled because ZI is not enabled.  To enable, in the editor, Edit -> Project Settings -> Plugins -> Magic Leap Plugin -> Enable Zero Iteration
[2024.07.18-08.21.38:529][  0]LogStats: UGameplayTagsManager::InitializeManager -  0.000 s
[2024.07.18-08.21.38:641][  0]LogInit: Initializing FReadOnlyCVARCache
[2024.07.18-08.21.38:651][  0]LogAIModule: Creating AISystem for world Untitled
[2024.07.18-08.21.38:663][  0]LogAudio: Display: Initializing Audio Device Manager...
[2024.07.18-08.21.38:667][  0]LogAudio: Display: Loading Default Audio Settings Objects...
[2024.07.18-08.21.38:668][  0]LogAudio: Display: No default SoundConcurrencyObject specified (or failed to load).
[2024.07.18-08.21.38:669][  0]LogAudio: Display: Audio Device Manager Initialized
[2024.07.18-08.21.38:669][  0]LogAudio: Display: Creating Audio Device:                 Id: 1, Scope: Shared, Realtime: True
[2024.07.18-08.21.38:669][  0]LogAudioMixer: Display: Audio Mixer Platform Settings:
[2024.07.18-08.21.38:669][  0]LogAudioMixer: Display: 	Sample Rate:						  48000
[2024.07.18-08.21.38:669][  0]LogAudioMixer: Display: 	Callback Buffer Frame Size Requested: 1024
[2024.07.18-08.21.38:669][  0]LogAudioMixer: Display: 	Callback Buffer Frame Size To Use:	  1024
[2024.07.18-08.21.38:669][  0]LogAudioMixer: Display: 	Number of buffers to queue:			  2
[2024.07.18-08.21.38:669][  0]LogAudioMixer: Display: 	Max Channels (voices):				  32
[2024.07.18-08.21.38:669][  0]LogAudioMixer: Display: 	Number of Async Source Workers:		  0
[2024.07.18-08.21.38:669][  0]LogAudio: Display: AudioDevice MaxSources: 32
[2024.07.18-08.21.38:670][  0]LogAudio: Display: Audio Spatialization Plugin: None (built-in).
[2024.07.18-08.21.38:670][  0]LogAudio: Display: Audio Reverb Plugin: None (built-in).
[2024.07.18-08.21.38:670][  0]LogAudio: Display: Audio Occlusion Plugin: None (built-in).
[2024.07.18-08.21.38:670][  0]LogAudioMixer: Display: Initializing audio mixer.
[2024.07.18-08.21.38:686][  0]LogAudioMixer: Display: 0: FrontLeft
[2024.07.18-08.21.38:686][  0]LogAudioMixer: Display: 1: FrontRight
[2024.07.18-08.21.38:718][  0]LogAudioMixer: Display: Using Audio Device Динамики (Realtek High Definition Audio)
[2024.07.18-08.21.38:721][  0]LogAudioMixer: Display: Initializing Sound Submixes...
[2024.07.18-08.21.38:723][  0]LogAudioMixer: Display: Creating Master Submix 'MasterSubmixDefault'
[2024.07.18-08.21.38:724][  0]LogAudioMixer: Display: Creating Master Submix 'MasterReverbSubmixDefault'
[2024.07.18-08.21.38:725][  0]LogAudioMixer: Display: Creating Master Submix 'MasterEQSubmixDefault'
[2024.07.18-08.21.38:725][  0]LogAudioMixer: FMixerPlatformXAudio2::StartAudioStream() called
[2024.07.18-08.21.38:725][  0]LogAudioMixer: Display: Output buffers initialized: Frames=1024, Channels=2, Samples=2048
[2024.07.18-08.21.38:726][  0]LogAudioMixer: Display: Starting AudioMixerPlatformInterface::RunInternal()
[2024.07.18-08.21.38:727][  0]LogAudioMixer: Display: FMixerPlatformXAudio2::SubmitBuffer() called for the first time
[2024.07.18-08.21.38:727][  0]LogInit: FAudioDevice initialized.
[2024.07.18-08.21.38:727][  0]LogAudio: Display: Audio Device (ID: 1) registered with world 'Untitled'.
[2024.07.18-08.21.38:727][  0]LogNetVersion: Set ProjectVersion to 1.0.0.0. Version Checksum will be recalculated on next use.
[2024.07.18-08.21.38:806][  0]LogDerivedDataCache: Saved boot cache 0.08s 94MB C:/Users/mykor/AppData/Local/UnrealEngine/4.27/DerivedDataCache/Boot.ddc.
[2024.07.18-08.21.38:807][  0]LogInit: Texture streaming: Enabled
[2024.07.18-08.21.38:821][  0]LogAnalytics: Display: [UEEditor.Rocket.Release] APIServer = https://datarouter.ol.epicgames.com/. AppVersion = 4.27.2-18319896+++UE4+Release-4.27
[2024.07.18-08.21.38:827][  0]LogEngineSessionManager: EngineSessionManager initialized
[2024.07.18-08.21.38:827][  0]LogEngineSessionManager: EngineSessionManager sent abnormal shutdown report. Type=Debugger, SessionId={18AA2488-47F1-6C0E-0C42-31841F18C91E}
[2024.07.18-08.21.38:827][  0]LogEditorSessionSummary: Verbose: Initializing EditorSessionSummaryWriter for editor session tracking
[2024.07.18-08.21.38:829][  0]LogEditorSessionSummary: EditorSessionSummaryWriter initialized
[2024.07.18-08.21.38:846][  0]LogInit: Transaction tracking system initialized
[2024.07.18-08.21.38:871][  0]BlueprintLog: New page: Editor Load
[2024.07.18-08.21.38:935][  0]LocalizationService: Localization service is disabled
[2024.07.18-08.21.38:960][  0]TimingProfiler: Initialize
[2024.07.18-08.21.38:960][  0]TimingProfiler: OnSessionChanged
[2024.07.18-08.21.38:960][  0]LoadingProfiler: Initialize
[2024.07.18-08.21.38:960][  0]LoadingProfiler: OnSessionChanged
[2024.07.18-08.21.38:960][  0]NetworkingProfiler: Initialize
[2024.07.18-08.21.38:960][  0]NetworkingProfiler: OnSessionChanged
[2024.07.18-08.21.38:961][  0]MemoryProfiler: Initialize
[2024.07.18-08.21.38:961][  0]MemoryProfiler: OnSessionChanged
[2024.07.18-08.21.39:097][  0]LogCook: Display: CookSettings for Memory: MemoryMaxUsedVirtual 0MiB, MemoryMaxUsedPhysical 16384MiB, MemoryMinFreeVirtual 0MiB, MemoryMinFreePhysical 1024MiB
[2024.07.18-08.21.39:097][  0]LogFileCache: Scanning file cache for directory 'D:/Test/SnakeGame/Content/' took 0.00s
[2024.07.18-08.21.39:098][  0]LogCook: Display: Mobile HDR setting 1
[2024.07.18-08.21.39:476][  0]LogInit: Display: Engine is initialized. Leaving FEngineLoop::Init()
[2024.07.18-08.21.39:479][  0]SourceControl: Source control is disabled
[2024.07.18-08.21.39:479][  0]LogUnrealEdMisc: Loading editor; pre map load, took 6.909
[2024.07.18-08.21.39:479][  0]Cmd: MAP LOAD FILE="../../../../../Test/SnakeGame/Content/Maps/LevelMap_1.umap" TEMPLATE=0 SHOWPROGRESS=1 FEATURELEVEL=3
[2024.07.18-08.21.39:480][  0]LightingResults: New page: Lighting Build
[2024.07.18-08.21.39:481][  0]LogWorld: UWorld::CleanupWorld for Untitled, bSessionEnded=true, bCleanupResources=true
[2024.07.18-08.21.39:481][  0]LogSlate: InvalidateAllWidgets triggered.  All widgets were invalidated
[2024.07.18-08.21.39:481][  0]MapCheck: New page: Map Check
[2024.07.18-08.21.39:481][  0]LightingResults: New page: Lighting Build
[2024.07.18-08.21.39:488][  0]LogAudio: Display: Audio Device unregistered from world 'None'.
[2024.07.18-08.21.39:491][  0]LogUObjectHash: Compacting FUObjectHashTables data took   0.90ms
[2024.07.18-08.21.39:553][  0]LogAudio: Display: Audio Device (ID: 1) registered with world 'LevelMap_1'.
[2024.07.18-08.21.39:555][  0]LogAIModule: Creating AISystem for world LevelMap_1
[2024.07.18-08.21.39:562][  0]LogEditorServer: Finished looking for orphan Actors (0.000 secs)
[2024.07.18-08.21.39:572][  0]LogUObjectHash: Compacting FUObjectHashTables data took   0.97ms
[2024.07.18-08.21.39:572][  0]Cmd: MAP CHECKDEP NOCLEARLOG
[2024.07.18-08.21.39:572][  0]MapCheck: Map check complete: 0 Error(s), 0 Warning(s), took 0,108ms to complete.
[2024.07.18-08.21.39:572][  0]LogFileHelpers: Loading map 'LevelMap_1' took 0.093
[2024.07.18-08.21.39:575][  0]LogUnrealEdMisc: Total Editor Startup Time, took 7.005
[2024.07.18-08.21.39:709][  0]LogSlate: Updating window title bar state: overlay mode, drag disabled, window buttons hidden, title bar hidden
[2024.07.18-08.21.39:716][  0]LogSlate: Updating window title bar state: overlay mode, drag disabled, window buttons hidden, title bar hidden
[2024.07.18-08.21.39:723][  0]LogSlate: Updating window title bar state: overlay mode, drag disabled, window buttons hidden, title bar hidden
[2024.07.18-08.21.39:730][  0]LogSlate: Updating window title bar state: overlay mode, drag disabled, window buttons hidden, title bar hidden
[2024.07.18-08.21.39:743][  0]LogNativeClassHierarchy: Verbose: Native class hierarchy populated in 0.0092 seconds. Added 3830 classes and 930 folders.
[2024.07.18-08.21.39:746][  0]LogNativeClassHierarchy: Verbose: Native class hierarchy updated for 'WidgetCarousel' in 0.0006 seconds. Added 0 classes and 0 folders.
[2024.07.18-08.21.39:747][  0]LogPakFile: PakFile PrimaryIndexSize=187
[2024.07.18-08.21.39:747][  0]LogPakFile: PakFile PathHashIndexSize=101
[2024.07.18-08.21.39:748][  0]LogPakFile: PakFile FullDirectoryIndexSize=148
[2024.07.18-08.21.39:748][  0]LogShaderLibrary: Display: ShaderCodeLibraryPakFileMountedCallback: PakFile 'D:/Unreal Engine 4.22.3/UE_4.27/FeaturePacks/FP_FirstPerson.upack' (chunk index -1, root 'root:/') mounted
[2024.07.18-08.21.39:748][  0]LogShaderLibrary: Display: ShaderCodeLibraryPakFileMountedCallback: pending pak file info (ChunkID:-1 Root:root:/ File:D:/Unreal Engine 4.22.3/UE_4.27/FeaturePacks/FP_FirstPerson.upack)
[2024.07.18-08.21.39:748][  0]LogPakFile: OnPakFileMounted2Time == 0.000149
[2024.07.18-08.21.39:748][  0]LogPakFile: PakFile PrimaryIndexSize=189
[2024.07.18-08.21.39:749][  0]LogPakFile: PakFile PathHashIndexSize=101
[2024.07.18-08.21.39:749][  0]LogPakFile: PakFile FullDirectoryIndexSize=152
[2024.07.18-08.21.39:749][  0]LogShaderLibrary: Display: ShaderCodeLibraryPakFileMountedCallback: PakFile 'D:/Unreal Engine 4.22.3/UE_4.27/FeaturePacks/FP_FirstPersonBP.upack' (chunk index -1, root 'root:/') mounted
[2024.07.18-08.21.39:749][  0]LogShaderLibrary: Display: ShaderCodeLibraryPakFileMountedCallback: pending pak file info (ChunkID:-1 Root:root:/ File:D:/Unreal Engine 4.22.3/UE_4.27/FeaturePacks/FP_FirstPersonBP.upack)
[2024.07.18-08.21.39:749][  0]LogPakFile: OnPakFileMounted2Time == 0.000176
[2024.07.18-08.21.39:750][  0]LogPakFile: PakFile PrimaryIndexSize=191
[2024.07.18-08.21.39:750][  0]LogPakFile: PakFile PathHashIndexSize=101
[2024.07.18-08.21.39:750][  0]LogPakFile: PakFile FullDirectoryIndexSize=160
[2024.07.18-08.21.39:750][  0]LogShaderLibrary: Display: ShaderCodeLibraryPakFileMountedCallback: PakFile 'D:/Unreal Engine 4.22.3/UE_4.27/FeaturePacks/MobileStarterContent.upack' (chunk index -1, root 'root:/') mounted
[2024.07.18-08.21.39:750][  0]LogShaderLibrary: Display: ShaderCodeLibraryPakFileMountedCallback: pending pak file info (ChunkID:-1 Root:root:/ File:D:/Unreal Engine 4.22.3/UE_4.27/FeaturePacks/MobileStarterContent.upack)
[2024.07.18-08.21.39:750][  0]LogPakFile: OnPakFileMounted2Time == 0.000167
[2024.07.18-08.21.39:751][  0]LogPakFile: PakFile PrimaryIndexSize=185
[2024.07.18-08.21.39:751][  0]LogPakFile: PakFile PathHashIndexSize=101
[2024.07.18-08.21.39:751][  0]LogPakFile: PakFile FullDirectoryIndexSize=148
[2024.07.18-08.21.39:751][  0]LogShaderLibrary: Display: ShaderCodeLibraryPakFileMountedCallback: PakFile 'D:/Unreal Engine 4.22.3/UE_4.27/FeaturePacks/StarterContent.upack' (chunk index -1, root 'root:/') mounted
[2024.07.18-08.21.39:751][  0]LogShaderLibrary: Display: ShaderCodeLibraryPakFileMountedCallback: pending pak file info (ChunkID:-1 Root:root:/ File:D:/Unreal Engine 4.22.3/UE_4.27/FeaturePacks/StarterContent.upack)
[2024.07.18-08.21.39:751][  0]LogPakFile: OnPakFileMounted2Time == 0.000117
[2024.07.18-08.21.39:752][  0]LogPakFile: PakFile PrimaryIndexSize=190
[2024.07.18-08.21.39:752][  0]LogPakFile: PakFile PathHashIndexSize=101
[2024.07.18-08.21.39:752][  0]LogPakFile: PakFile FullDirectoryIndexSize=154
[2024.07.18-08.21.39:752][  0]LogShaderLibrary: Display: ShaderCodeLibraryPakFileMountedCallback: PakFile 'D:/Unreal Engine 4.22.3/UE_4.27/FeaturePacks/TP_2DSideScroller.upack' (chunk index -1, root 'root:/') mounted
[2024.07.18-08.21.39:752][  0]LogShaderLibrary: Display: ShaderCodeLibraryPakFileMountedCallback: pending pak file info (ChunkID:-1 Root:root:/ File:D:/Unreal Engine 4.22.3/UE_4.27/FeaturePacks/TP_2DSideScroller.upack)
[2024.07.18-08.21.39:752][  0]LogPakFile: OnPakFileMounted2Time == 0.000137
[2024.07.18-08.21.39:753][  0]LogPakFile: PakFile PrimaryIndexSize=192
[2024.07.18-08.21.39:753][  0]LogPakFile: PakFile PathHashIndexSize=101
[2024.07.18-08.21.39:753][  0]LogPakFile: PakFile FullDirectoryIndexSize=158
[2024.07.18-08.21.39:753][  0]LogShaderLibrary: Display: ShaderCodeLibraryPakFileMountedCallback: PakFile 'D:/Unreal Engine 4.22.3/UE_4.27/FeaturePacks/TP_2DSideScrollerBP.upack' (chunk index -1, root 'root:/') mounted
[2024.07.18-08.21.39:753][  0]LogShaderLibrary: Display: ShaderCodeLibraryPakFileMountedCallback: pending pak file info (ChunkID:-1 Root:root:/ File:D:/Unreal Engine 4.22.3/UE_4.27/FeaturePacks/TP_2DSideScrollerBP.upack)
[2024.07.18-08.21.39:753][  0]LogPakFile: OnPakFileMounted2Time == 0.000111
[2024.07.18-08.21.39:753][  0]LogPakFile: PakFile PrimaryIndexSize=182
[2024.07.18-08.21.39:754][  0]LogPakFile: PakFile PathHashIndexSize=101
[2024.07.18-08.21.39:754][  0]LogPakFile: PakFile FullDirectoryIndexSize=138
[2024.07.18-08.21.39:754][  0]LogShaderLibrary: Display: ShaderCodeLibraryPakFileMountedCallback: PakFile 'D:/Unreal Engine 4.22.3/UE_4.27/FeaturePacks/TP_Flying.upack' (chunk index -1, root 'root:/') mounted
[2024.07.18-08.21.39:754][  0]LogShaderLibrary: Display: ShaderCodeLibraryPakFileMountedCallback: pending pak file info (ChunkID:-1 Root:root:/ File:D:/Unreal Engine 4.22.3/UE_4.27/FeaturePacks/TP_Flying.upack)
[2024.07.18-08.21.39:754][  0]LogPakFile: OnPakFileMounted2Time == 0.000154
[2024.07.18-08.21.39:754][  0]LogPakFile: PakFile PrimaryIndexSize=184
[2024.07.18-08.21.39:755][  0]LogPakFile: PakFile PathHashIndexSize=101
[2024.07.18-08.21.39:755][  0]LogPakFile: PakFile FullDirectoryIndexSize=142
[2024.07.18-08.21.39:755][  0]LogShaderLibrary: Display: ShaderCodeLibraryPakFileMountedCallback: PakFile 'D:/Unreal Engine 4.22.3/UE_4.27/FeaturePacks/TP_FlyingBP.upack' (chunk index -1, root 'root:/') mounted
[2024.07.18-08.21.39:755][  0]LogShaderLibrary: Display: ShaderCodeLibraryPakFileMountedCallback: pending pak file info (ChunkID:-1 Root:root:/ File:D:/Unreal Engine 4.22.3/UE_4.27/FeaturePacks/TP_FlyingBP.upack)
[2024.07.18-08.21.39:755][  0]LogPakFile: OnPakFileMounted2Time == 0.000128
[2024.07.18-08.21.39:755][  0]LogPakFile: PakFile PrimaryIndexSize=188
[2024.07.18-08.21.39:756][  0]LogPakFile: PakFile PathHashIndexSize=101
[2024.07.18-08.21.39:756][  0]LogPakFile: PakFile FullDirectoryIndexSize=150
[2024.07.18-08.21.39:756][  0]LogShaderLibrary: Display: ShaderCodeLibraryPakFileMountedCallback: PakFile 'D:/Unreal Engine 4.22.3/UE_4.27/FeaturePacks/TP_HandheldARBP.upack' (chunk index -1, root 'root:/') mounted
[2024.07.18-08.21.39:756][  0]LogShaderLibrary: Display: ShaderCodeLibraryPakFileMountedCallback: pending pak file info (ChunkID:-1 Root:root:/ File:D:/Unreal Engine 4.22.3/UE_4.27/FeaturePacks/TP_HandheldARBP.upack)
[2024.07.18-08.21.39:756][  0]LogPakFile: OnPakFileMounted2Time == 0.000170
[2024.07.18-08.21.39:757][  0]LogPakFile: PakFile PrimaryIndexSize=182
[2024.07.18-08.21.39:757][  0]LogPakFile: PakFile PathHashIndexSize=101
[2024.07.18-08.21.39:757][  0]LogPakFile: PakFile FullDirectoryIndexSize=138
[2024.07.18-08.21.39:757][  0]LogShaderLibrary: Display: ShaderCodeLibraryPakFileMountedCallback: PakFile 'D:/Unreal Engine 4.22.3/UE_4.27/FeaturePacks/TP_Puzzle.upack' (chunk index -1, root 'root:/') mounted
[2024.07.18-08.21.39:757][  0]LogShaderLibrary: Display: ShaderCodeLibraryPakFileMountedCallback: pending pak file info (ChunkID:-1 Root:root:/ File:D:/Unreal Engine 4.22.3/UE_4.27/FeaturePacks/TP_Puzzle.upack)
[2024.07.18-08.21.39:757][  0]LogPakFile: OnPakFileMounted2Time == 0.000153
[2024.07.18-08.21.39:758][  0]LogPakFile: PakFile PrimaryIndexSize=184
[2024.07.18-08.21.39:758][  0]LogPakFile: PakFile PathHashIndexSize=101
[2024.07.18-08.21.39:758][  0]LogPakFile: PakFile FullDirectoryIndexSize=142
[2024.07.18-08.21.39:758][  0]LogShaderLibrary: Display: ShaderCodeLibraryPakFileMountedCallback: PakFile 'D:/Unreal Engine 4.22.3/UE_4.27/FeaturePacks/TP_PuzzleBP.upack' (chunk index -1, root 'root:/') mounted
[2024.07.18-08.21.39:758][  0]LogShaderLibrary: Display: ShaderCodeLibraryPakFileMountedCallback: pending pak file info (ChunkID:-1 Root:root:/ File:D:/Unreal Engine 4.22.3/UE_4.27/FeaturePacks/TP_PuzzleBP.upack)
[2024.07.18-08.21.39:758][  0]LogPakFile: OnPakFileMounted2Time == 0.000117
[2024.07.18-08.21.39:758][  0]LogPakFile: PakFile PrimaryIndexSize=183
[2024.07.18-08.21.39:758][  0]LogPakFile: PakFile PathHashIndexSize=101
[2024.07.18-08.21.39:758][  0]LogPakFile: PakFile FullDirectoryIndexSize=140
[2024.07.18-08.21.39:759][  0]LogShaderLibrary: Display: ShaderCodeLibraryPakFileMountedCallback: PakFile 'D:/Unreal Engine 4.22.3/UE_4.27/FeaturePacks/TP_Rolling.upack' (chunk index -1, root 'root:/') mounted
[2024.07.18-08.21.39:759][  0]LogShaderLibrary: Display: ShaderCodeLibraryPakFileMountedCallback: pending pak file info (ChunkID:-1 Root:root:/ File:D:/Unreal Engine 4.22.3/UE_4.27/FeaturePacks/TP_Rolling.upack)
[2024.07.18-08.21.39:759][  0]LogPakFile: OnPakFileMounted2Time == 0.000113
[2024.07.18-08.21.39:759][  0]LogPakFile: PakFile PrimaryIndexSize=185
[2024.07.18-08.21.39:759][  0]LogPakFile: PakFile PathHashIndexSize=101
[2024.07.18-08.21.39:759][  0]LogPakFile: PakFile FullDirectoryIndexSize=144
[2024.07.18-08.21.39:759][  0]LogShaderLibrary: Display: ShaderCodeLibraryPakFileMountedCallback: PakFile 'D:/Unreal Engine 4.22.3/UE_4.27/FeaturePacks/TP_RollingBP.upack' (chunk index -1, root 'root:/') mounted
[2024.07.18-08.21.39:759][  0]LogShaderLibrary: Display: ShaderCodeLibraryPakFileMountedCallback: pending pak file info (ChunkID:-1 Root:root:/ File:D:/Unreal Engine 4.22.3/UE_4.27/FeaturePacks/TP_RollingBP.upack)
[2024.07.18-08.21.39:760][  0]LogPakFile: OnPakFileMounted2Time == 0.000133
[2024.07.18-08.21.39:760][  0]LogPakFile: PakFile PrimaryIndexSize=188
[2024.07.18-08.21.39:760][  0]LogPakFile: PakFile PathHashIndexSize=101
[2024.07.18-08.21.39:760][  0]LogPakFile: PakFile FullDirectoryIndexSize=150
[2024.07.18-08.21.39:760][  0]LogShaderLibrary: Display: ShaderCodeLibraryPakFileMountedCallback: PakFile 'D:/Unreal Engine 4.22.3/UE_4.27/FeaturePacks/TP_SideScroller.upack' (chunk index -1, root 'root:/') mounted
[2024.07.18-08.21.39:760][  0]LogShaderLibrary: Display: ShaderCodeLibraryPakFileMountedCallback: pending pak file info (ChunkID:-1 Root:root:/ File:D:/Unreal Engine 4.22.3/UE_4.27/FeaturePacks/TP_SideScroller.upack)
[2024.07.18-08.21.39:760][  0]LogPakFile: OnPakFileMounted2Time == 0.000114
[2024.07.18-08.21.39:761][  0]LogPakFile: PakFile PrimaryIndexSize=190
[2024.07.18-08.21.39:761][  0]LogPakFile: PakFile PathHashIndexSize=101
[2024.07.18-08.21.39:761][  0]LogPakFile: PakFile FullDirectoryIndexSize=154
[2024.07.18-08.21.39:761][  0]LogShaderLibrary: Display: ShaderCodeLibraryPakFileMountedCallback: PakFile 'D:/Unreal Engine 4.22.3/UE_4.27/FeaturePacks/TP_SideScrollerBP.upack' (chunk index -1, root 'root:/') mounted
[2024.07.18-08.21.39:761][  0]LogShaderLibrary: Display: ShaderCodeLibraryPakFileMountedCallback: pending pak file info (ChunkID:-1 Root:root:/ File:D:/Unreal Engine 4.22.3/UE_4.27/FeaturePacks/TP_SideScrollerBP.upack)
[2024.07.18-08.21.39:761][  0]LogPakFile: OnPakFileMounted2Time == 0.000115
[2024.07.18-08.21.39:762][  0]LogPakFile: PakFile PrimaryIndexSize=187
[2024.07.18-08.21.39:762][  0]LogPakFile: PakFile PathHashIndexSize=101
[2024.07.18-08.21.39:762][  0]LogPakFile: PakFile FullDirectoryIndexSize=148
[2024.07.18-08.21.39:762][  0]LogShaderLibrary: Display: ShaderCodeLibraryPakFileMountedCallback: PakFile 'D:/Unreal Engine 4.22.3/UE_4.27/FeaturePacks/TP_ThirdPerson.upack' (chunk index -1, root 'root:/') mounted
[2024.07.18-08.21.39:762][  0]LogShaderLibrary: Display: ShaderCodeLibraryPakFileMountedCallback: pending pak file info (ChunkID:-1 Root:root:/ File:D:/Unreal Engine 4.22.3/UE_4.27/FeaturePacks/TP_ThirdPerson.upack)
[2024.07.18-08.21.39:762][  0]LogPakFile: OnPakFileMounted2Time == 0.000117
[2024.07.18-08.21.39:763][  0]LogPakFile: PakFile PrimaryIndexSize=189
[2024.07.18-08.21.39:763][  0]LogPakFile: PakFile PathHashIndexSize=101
[2024.07.18-08.21.39:763][  0]LogPakFile: PakFile FullDirectoryIndexSize=152
[2024.07.18-08.21.39:763][  0]LogShaderLibrary: Display: ShaderCodeLibraryPakFileMountedCallback: PakFile 'D:/Unreal Engine 4.22.3/UE_4.27/FeaturePacks/TP_ThirdPersonBP.upack' (chunk index -1, root 'root:/') mounted
[2024.07.18-08.21.39:763][  0]LogShaderLibrary: Display: ShaderCodeLibraryPakFileMountedCallback: pending pak file info (ChunkID:-1 Root:root:/ File:D:/Unreal Engine 4.22.3/UE_4.27/FeaturePacks/TP_ThirdPersonBP.upack)
[2024.07.18-08.21.39:763][  0]LogPakFile: OnPakFileMounted2Time == 0.000159
[2024.07.18-08.21.39:764][  0]LogPakFile: PakFile PrimaryIndexSize=183
[2024.07.18-08.21.39:764][  0]LogPakFile: PakFile PathHashIndexSize=101
[2024.07.18-08.21.39:764][  0]LogPakFile: PakFile FullDirectoryIndexSize=140
[2024.07.18-08.21.39:764][  0]LogShaderLibrary: Display: ShaderCodeLibraryPakFileMountedCallback: PakFile 'D:/Unreal Engine 4.22.3/UE_4.27/FeaturePacks/TP_TopDown.upack' (chunk index -1, root 'root:/') mounted
[2024.07.18-08.21.39:764][  0]LogShaderLibrary: Display: ShaderCodeLibraryPakFileMountedCallback: pending pak file info (ChunkID:-1 Root:root:/ File:D:/Unreal Engine 4.22.3/UE_4.27/FeaturePacks/TP_TopDown.upack)
[2024.07.18-08.21.39:764][  0]LogPakFile: OnPakFileMounted2Time == 0.000147
[2024.07.18-08.21.39:765][  0]LogPakFile: PakFile PrimaryIndexSize=185
[2024.07.18-08.21.39:765][  0]LogPakFile: PakFile PathHashIndexSize=101
[2024.07.18-08.21.39:765][  0]LogPakFile: PakFile FullDirectoryIndexSize=144
[2024.07.18-08.21.39:765][  0]LogShaderLibrary: Display: ShaderCodeLibraryPakFileMountedCallback: PakFile 'D:/Unreal Engine 4.22.3/UE_4.27/FeaturePacks/TP_TopDownBP.upack' (chunk index -1, root 'root:/') mounted
[2024.07.18-08.21.39:765][  0]LogShaderLibrary: Display: ShaderCodeLibraryPakFileMountedCallback: pending pak file info (ChunkID:-1 Root:root:/ File:D:/Unreal Engine 4.22.3/UE_4.27/FeaturePacks/TP_TopDownBP.upack)
[2024.07.18-08.21.39:765][  0]LogPakFile: OnPakFileMounted2Time == 0.000141
[2024.07.18-08.21.39:766][  0]LogPakFile: PakFile PrimaryIndexSize=185
[2024.07.18-08.21.39:766][  0]LogPakFile: PakFile PathHashIndexSize=101
[2024.07.18-08.21.39:766][  0]LogPakFile: PakFile FullDirectoryIndexSize=144
[2024.07.18-08.21.39:766][  0]LogShaderLibrary: Display: ShaderCodeLibraryPakFileMountedCallback: PakFile 'D:/Unreal Engine 4.22.3/UE_4.27/FeaturePacks/TP_TwinStick.upack' (chunk index -1, root 'root:/') mounted
[2024.07.18-08.21.39:766][  0]LogShaderLibrary: Display: ShaderCodeLibraryPakFileMountedCallback: pending pak file info (ChunkID:-1 Root:root:/ File:D:/Unreal Engine 4.22.3/UE_4.27/FeaturePacks/TP_TwinStick.upack)
[2024.07.18-08.21.39:766][  0]LogPakFile: OnPakFileMounted2Time == 0.000123
[2024.07.18-08.21.39:767][  0]LogPakFile: PakFile PrimaryIndexSize=187
[2024.07.18-08.21.39:767][  0]LogPakFile: PakFile PathHashIndexSize=101
[2024.07.18-08.21.39:767][  0]LogPakFile: PakFile FullDirectoryIndexSize=148
[2024.07.18-08.21.39:767][  0]LogShaderLibrary: Display: ShaderCodeLibraryPakFileMountedCallback: PakFile 'D:/Unreal Engine 4.22.3/UE_4.27/FeaturePacks/TP_TwinStickBP.upack' (chunk index -1, root 'root:/') mounted
[2024.07.18-08.21.39:767][  0]LogShaderLibrary: Display: ShaderCodeLibraryPakFileMountedCallback: pending pak file info (ChunkID:-1 Root:root:/ File:D:/Unreal Engine 4.22.3/UE_4.27/FeaturePacks/TP_TwinStickBP.upack)
[2024.07.18-08.21.39:767][  0]LogPakFile: OnPakFileMounted2Time == 0.000116
[2024.07.18-08.21.39:767][  0]LogPakFile: PakFile PrimaryIndexSize=183
[2024.07.18-08.21.39:767][  0]LogPakFile: PakFile PathHashIndexSize=101
[2024.07.18-08.21.39:767][  0]LogPakFile: PakFile FullDirectoryIndexSize=140
[2024.07.18-08.21.39:767][  0]LogShaderLibrary: Display: ShaderCodeLibraryPakFileMountedCallback: PakFile 'D:/Unreal Engine 4.22.3/UE_4.27/FeaturePacks/TP_Vehicle.upack' (chunk index -1, root 'root:/') mounted
[2024.07.18-08.21.39:767][  0]LogShaderLibrary: Display: ShaderCodeLibraryPakFileMountedCallback: pending pak file info (ChunkID:-1 Root:root:/ File:D:/Unreal Engine 4.22.3/UE_4.27/FeaturePacks/TP_Vehicle.upack)
[2024.07.18-08.21.39:768][  0]LogPakFile: OnPakFileMounted2Time == 0.000114
[2024.07.18-08.21.39:768][  0]LogPakFile: PakFile PrimaryIndexSize=186
[2024.07.18-08.21.39:768][  0]LogPakFile: PakFile PathHashIndexSize=101
[2024.07.18-08.21.39:768][  0]LogPakFile: PakFile FullDirectoryIndexSize=146
[2024.07.18-08.21.39:768][  0]LogShaderLibrary: Display: ShaderCodeLibraryPakFileMountedCallback: PakFile 'D:/Unreal Engine 4.22.3/UE_4.27/FeaturePacks/TP_VehicleAdv.upack' (chunk index -1, root 'root:/') mounted
[2024.07.18-08.21.39:768][  0]LogShaderLibrary: Display: ShaderCodeLibraryPakFileMountedCallback: pending pak file info (ChunkID:-1 Root:root:/ File:D:/Unreal Engine 4.22.3/UE_4.27/FeaturePacks/TP_VehicleAdv.upack)
[2024.07.18-08.21.39:768][  0]LogPakFile: OnPakFileMounted2Time == 0.000115
[2024.07.18-08.21.39:769][  0]LogPakFile: PakFile PrimaryIndexSize=188
[2024.07.18-08.21.39:769][  0]LogPakFile: PakFile PathHashIndexSize=101
[2024.07.18-08.21.39:769][  0]LogPakFile: PakFile FullDirectoryIndexSize=150
[2024.07.18-08.21.39:769][  0]LogShaderLibrary: Display: ShaderCodeLibraryPakFileMountedCallback: PakFile 'D:/Unreal Engine 4.22.3/UE_4.27/FeaturePacks/TP_VehicleAdvBP.upack' (chunk index -1, root 'root:/') mounted
[2024.07.18-08.21.39:769][  0]LogShaderLibrary: Display: ShaderCodeLibraryPakFileMountedCallback: pending pak file info (ChunkID:-1 Root:root:/ File:D:/Unreal Engine 4.22.3/UE_4.27/FeaturePacks/TP_VehicleAdvBP.upack)
[2024.07.18-08.21.39:769][  0]LogPakFile: OnPakFileMounted2Time == 0.000116
[2024.07.18-08.21.39:770][  0]LogPakFile: PakFile PrimaryIndexSize=185
[2024.07.18-08.21.39:770][  0]LogPakFile: PakFile PathHashIndexSize=101
[2024.07.18-08.21.39:770][  0]LogPakFile: PakFile FullDirectoryIndexSize=144
[2024.07.18-08.21.39:770][  0]LogShaderLibrary: Display: ShaderCodeLibraryPakFileMountedCallback: PakFile 'D:/Unreal Engine 4.22.3/UE_4.27/FeaturePacks/TP_VehicleBP.upack' (chunk index -1, root 'root:/') mounted
[2024.07.18-08.21.39:770][  0]LogShaderLibrary: Display: ShaderCodeLibraryPakFileMountedCallback: pending pak file info (ChunkID:-1 Root:root:/ File:D:/Unreal Engine 4.22.3/UE_4.27/FeaturePacks/TP_VehicleBP.upack)
[2024.07.18-08.21.39:770][  0]LogPakFile: OnPakFileMounted2Time == 0.000110
[2024.07.18-08.21.39:770][  0]LogPakFile: PakFile PrimaryIndexSize=192
[2024.07.18-08.21.39:770][  0]LogPakFile: PakFile PathHashIndexSize=101
[2024.07.18-08.21.39:770][  0]LogPakFile: PakFile FullDirectoryIndexSize=158
[2024.07.18-08.21.39:770][  0]LogShaderLibrary: Display: ShaderCodeLibraryPakFileMountedCallback: PakFile 'D:/Unreal Engine 4.22.3/UE_4.27/FeaturePacks/TP_VirtualRealityBP.upack' (chunk index -1, root 'root:/') mounted
[2024.07.18-08.21.39:770][  0]LogShaderLibrary: Display: ShaderCodeLibraryPakFileMountedCallback: pending pak file info (ChunkID:-1 Root:root:/ File:D:/Unreal Engine 4.22.3/UE_4.27/FeaturePacks/TP_VirtualRealityBP.upack)
[2024.07.18-08.21.39:771][  0]LogPakFile: OnPakFileMounted2Time == 0.000115
[2024.07.18-08.21.39:798][  0]LogNativeClassHierarchy: Verbose: Native class hierarchy updated for 'AddContentDialog' in 0.0003 seconds. Added 0 classes and 0 folders.
[2024.07.18-08.21.39:800][  0]LogNativeClassHierarchy: Verbose: Native class hierarchy updated for 'SceneOutliner' in 0.0003 seconds. Added 2 classes and 0 folders.
[2024.07.18-08.21.39:846][  0]LogSlate: Took 0.000152 seconds to synchronously load lazily loaded font '../../../Engine/Content/Slate/Fonts/Roboto-Regular.ttf' (155K)
[2024.07.18-08.21.39:847][  0]LogSlate: Took 0.000137 seconds to synchronously load lazily loaded font '../../../Engine/Content/Editor/Slate/Fonts/FontAwesome.ttf' (139K)
[2024.07.18-08.21.39:848][  0]LogSlate: Took 0.000162 seconds to synchronously load lazily loaded font '../../../Engine/Content/Slate/Fonts/Roboto-Bold.ttf' (160K)
[2024.07.18-08.21.39:940][  0]LogRenderer: Reallocating scene render targets to support 1208x572 Format 10 NumSamples 1 (Frame:1).
[2024.07.18-08.21.39:982][  0]LogSlate: Took 0.000728 seconds to synchronously load lazily loaded font '../../../Engine/Content/Slate/Fonts/Roboto-Light.ttf' (167K)
[2024.07.18-08.21.40:080][  0]LogNativeClassHierarchy: Verbose: Native class hierarchy updated for 'HierarchicalLODOutliner' in 0.0003 seconds. Added 0 classes and 0 folders.
[2024.07.18-08.21.40:080][  0]LogLoad: (Engine Initialization) Total time: 7.51 seconds
[2024.07.18-08.21.40:080][  0]LogLoad: (Engine Initialization) Total Blueprint compile time: 0.00 seconds
[2024.07.18-08.21.40:216][  0]LogAssetRegistry: Asset discovery search completed in 4.4119 seconds
[2024.07.18-08.21.40:222][  0]LogCollectionManager: Fixed up redirectors for 0 collections in 0.000003 seconds (updated 0 objects)
[2024.07.18-08.21.40:223][  0]LogContentStreaming: Texture pool size now 1000 MB
[2024.07.18-08.21.43:553][296]LogSlate: Took 0.000163 seconds to synchronously load lazily loaded font '../../../Engine/Content/Slate/Fonts/Roboto-Light.ttf' (167K)
[2024.07.18-08.21.43:584][296]LogAssetEditorSubsystem: Opening Asset editor for Blueprint /Game/BP_GameMode.BP_GameMode
[2024.07.18-08.21.44:834][296]LogNativeClassHierarchy: Verbose: Native class hierarchy updated for 'BlueprintGraph' in 0.0020 seconds. Added 126 classes and 0 folders.
[2024.07.18-08.21.46:727][296]LogActor: Warning: BP_SnakeElement_C /Engine/Transient.World_3:PersistentLevel.BP_SnakeElement_C_0 has natively added scene component(s), but none of them were set as the actor's RootComponent - picking one arbitrarily
[2024.07.18-08.21.51:175][718]LogSlate: Window 'BP_GameMode' being destroyed
[2024.07.18-08.21.51:185][718]LogSlate: Window 'BP_GameMode' being destroyed
[2024.07.18-08.21.51:213][718]LogWorld: UWorld::CleanupWorld for World_1, bSessionEnded=true, bCleanupResources=true
[2024.07.18-08.21.51:213][718]LogSlate: InvalidateAllWidgets triggered.  All widgets were invalidated
[2024.07.18-08.21.54:402][984]LogTemp: Repeating last play command: Selected Viewport
[2024.07.18-08.21.54:407][984]LogPlayLevel: PlayLevel: No blueprints needed recompiling
[2024.07.18-08.21.54:408][984]PIE: New page: PIE session: LevelMap_1 (18 июл. 2024 г., 14:21:54)
[2024.07.18-08.21.54:410][984]LogOnline: OSS: Creating online subsystem instance for: NULL
[2024.07.18-08.21.54:411][984]LogOnline: OSS: TryLoadSubsystemAndSetDefault: Loaded subsystem for module [NULL]
[2024.07.18-08.21.54:412][984]LogPlayLevel: Creating play world package: /Game/Maps/UEDPIE_0_LevelMap_1
[2024.07.18-08.21.54:414][984]LogPlayLevel: PIE: StaticDuplicateObject took: (0.002417s)
[2024.07.18-08.21.54:416][984]LogAIModule: Creating AISystem for world LevelMap_1
[2024.07.18-08.21.54:416][984]LogPlayLevel: PIE: World Init took: (0.001853s)
[2024.07.18-08.21.54:416][984]LogPlayLevel: PIE: Created PIE world by copying editor world from /Game/Maps/LevelMap_1.LevelMap_1 to /Game/Maps/UEDPIE_0_LevelMap_1.LevelMap_1 (0.004842s)
[2024.07.18-08.21.54:472][984]LogUObjectHash: Compacting FUObjectHashTables data took   2.38ms
[2024.07.18-08.21.54:473][984]LogAudio: Display: Creating Audio Device:                 Id: 2, Scope: Unique, Realtime: True
[2024.07.18-08.21.54:473][984]LogAudioMixer: Display: Audio Mixer Platform Settings:
[2024.07.18-08.21.54:474][984]LogAudioMixer: Display: 	Sample Rate:						  48000
[2024.07.18-08.21.54:474][984]LogAudioMixer: Display: 	Callback Buffer Frame Size Requested: 1024
[2024.07.18-08.21.54:474][984]LogAudioMixer: Display: 	Callback Buffer Frame Size To Use:	  1024
[2024.07.18-08.21.54:474][984]LogAudioMixer: Display: 	Number of buffers to queue:			  2
[2024.07.18-08.21.54:474][984]LogAudioMixer: Display: 	Max Channels (voices):				  32
[2024.07.18-08.21.54:474][984]LogAudioMixer: Display: 	Number of Async Source Workers:		  0
[2024.07.18-08.21.54:474][984]LogAudio: Display: AudioDevice MaxSources: 32
[2024.07.18-08.21.54:475][984]LogAudio: Display: Audio Spatialization Plugin: None (built-in).
[2024.07.18-08.21.54:475][984]LogAudio: Display: Audio Reverb Plugin: None (built-in).
[2024.07.18-08.21.54:475][984]LogAudio: Display: Audio Occlusion Plugin: None (built-in).
[2024.07.18-08.21.54:475][984]LogAudioMixer: Display: Initializing audio mixer.
[2024.07.18-08.21.54:479][984]LogAudioMixer: Display: 0: FrontLeft
[2024.07.18-08.21.54:479][984]LogAudioMixer: Display: 1: FrontRight
[2024.07.18-08.21.54:499][984]LogAudioMixer: Display: Using Audio Device Динамики (Realtek High Definition Audio)
[2024.07.18-08.21.54:499][984]LogAudioMixer: Display: Initializing Sound Submixes...
[2024.07.18-08.21.54:500][984]LogAudioMixer: Display: Creating Master Submix 'MasterSubmixDefault'
[2024.07.18-08.21.54:500][984]LogAudioMixer: Display: Creating Master Submix 'MasterReverbSubmixDefault'
[2024.07.18-08.21.54:500][984]LogAudioMixer: Display: Creating Master Submix 'MasterEQSubmixDefault'
[2024.07.18-08.21.54:500][984]LogAudioMixer: FMixerPlatformXAudio2::StartAudioStream() called
[2024.07.18-08.21.54:500][984]LogAudioMixer: Display: Output buffers initialized: Frames=1024, Channels=2, Samples=2048
[2024.07.18-08.21.54:502][984]LogAudioMixer: Display: Starting AudioMixerPlatformInterface::RunInternal()
[2024.07.18-08.21.54:503][984]LogAudioMixer: Display: FMixerPlatformXAudio2::SubmitBuffer() called for the first time
[2024.07.18-08.21.54:503][984]LogInit: FAudioDevice initialized.
[2024.07.18-08.21.54:503][984]LogAudio: Display: Audio Device (ID: 2) registered with world 'LevelMap_1'.
[2024.07.18-08.21.54:514][984]LogLoad: Game class is 'BP_GameMode_C'
[2024.07.18-08.21.54:516][984]LogWorld: Bringing World /Game/Maps/UEDPIE_0_LevelMap_1.LevelMap_1 up for play (max tick rate 0) at 2024.07.18-11.21.54
[2024.07.18-08.21.54:516][984]LogWorld: Bringing up level for play took: 0.000897
[2024.07.18-08.21.54:516][984]LogOnline: OSS: Creating online subsystem instance for: :Context_5
[2024.07.18-08.21.54:519][984]LogNativeClassHierarchy: Verbose: Native class hierarchy updated for 'MovieSceneCapture' in 0.0003 seconds. Added 20 classes and 0 folders.
[2024.07.18-08.21.54:520][984]LogViewport: Display: Viewport MouseCaptureMode Changed, CapturePermanently_IncludingInitialMouseDown -> CapturePermanently
[2024.07.18-08.21.54:521][984]LogActor: Warning: BP_SnakeElement_C /Game/Maps/UEDPIE_0_LevelMap_1.LevelMap_1:PersistentLevel.BP_SnakeElement_C_0 has natively added scene component(s), but none of them were set as the actor's RootComponent - picking one arbitrarily
[2024.07.18-08.21.54:521][984]LogActor: Warning: BP_SnakeElement_C /Game/Maps/UEDPIE_0_LevelMap_1.LevelMap_1:PersistentLevel.BP_SnakeElement_C_1 has natively added scene component(s), but none of them were set as the actor's RootComponent - picking one arbitrarily
[2024.07.18-08.21.54:521][984]LogActor: Warning: BP_SnakeElement_C /Game/Maps/UEDPIE_0_LevelMap_1.LevelMap_1:PersistentLevel.BP_SnakeElement_C_2 has natively added scene component(s), but none of them were set as the actor's RootComponent - picking one arbitrarily
[2024.07.18-08.21.54:521][984]PIE: Server logged in
[2024.07.18-08.21.54:523][984]PIE: Play in editor total start time 0,118 seconds.
[2024.07.18-08.21.55:605][ 74]LogActor: Warning: BP_SnakeElement_C /Game/Maps/UEDPIE_0_LevelMap_1.LevelMap_1:PersistentLevel.BP_SnakeElement_C_3 has natively added scene component(s), but none of them were set as the actor's RootComponent - picking one arbitrarily
[2024.07.18-08.21.59:105][490]LogSlate: Updating window title bar state: overlay mode, drag disabled, window buttons hidden, title bar hidden
[2024.07.18-08.21.59:105][490]LogWorld: BeginTearingDown for /Game/Maps/UEDPIE_0_LevelMap_1
[2024.07.18-08.21.59:105][490]LogWorld: UWorld::CleanupWorld for LevelMap_1, bSessionEnded=true, bCleanupResources=true
[2024.07.18-08.21.59:106][490]LogSlate: InvalidateAllWidgets triggered.  All widgets were invalidated
[2024.07.18-08.21.59:115][490]LogPlayLevel: Display: Shutting down PIE online subsystems
[2024.07.18-08.21.59:125][490]LogSlate: InvalidateAllWidgets triggered.  All widgets were invalidated
[2024.07.18-08.21.59:150][490]LogAudio: Display: Audio Device unregistered from world 'None'.
[2024.07.18-08.21.59:150][490]LogAudioMixer: FMixerPlatformXAudio2::StopAudioStream() called
[2024.07.18-08.21.59:152][490]LogAudioMixer: FMixerPlatformXAudio2::StopAudioStream() called
[2024.07.18-08.21.59:155][490]LogSlate: Updating window title bar state: overlay mode, drag disabled, window buttons hidden, title bar hidden
[2024.07.18-08.21.59:204][490]LogUObjectHash: Compacting FUObjectHashTables data took   3.53ms
[2024.07.18-08.21.59:231][491]LogPlayLevel: Display: Destroying online subsystem :Context_5
