AndroidPlatformFactory.RegisterBuildPlatforms: UnrealBuildTool.AndroidPlatformSDK has no valid SDK
IOSPlatformFactory.RegisterBuildPlatforms: UnrealBuildTool.IOSPlatformSDK has no valid SDK
HTML5PlatformFactory.RegisterBuildPlatforms: UnrealBuildTool.HTML5PlatformSDK using manually installed SDK
LinuxPlatformFactory.RegisterBuildPlatforms: UnrealBuildTool.LinuxPlatformSDK has no valid SDK
WindowsPlatformFactory.RegisterBuildPlatforms: UnrealBuildTool.WindowsPlatformSDK using manually installed SDK
ProjectFileGenerator.GenerateProjectFiles: Discovering modules, targets and source code for project...
WindowsPlatform.FindVSInstallDirs: Found Visual Studio installation: D:\University Programms\VisualStudio2017(UnrealEngine4.22.) (Product=Microsoft.VisualStudio.Product.Community, Version=15.9.34930.103, Sort=0)
WindowsPlatform.FindToolChainDirs: Found Visual Studio toolchain: D:\University Programms\VisualStudio2017(UnrealEngine4.22.)\VC\Tools\MSVC\14.16.27023 (Version=14.16.27023)
DynamicCompilation.RequiresCompilation: Compiling D:\Unreal Engine 4.22.3\SnakeGame\Intermediate\Build\BuildRules\SnakeGameModuleRules.dll: Assembly does not exist
DynamicCompilation.CompileAssembly: While compiling D:\Unreal Engine 4.22.3\SnakeGame\Intermediate\Build\BuildRules\SnakeGameModuleRules.dll:
DynamicCompilation.CompileAssembly: d:\Unreal Engine 4.22.3\SnakeGame\Source\SnakeGame.Target.cs(11,3) : error CS0103: Имя "DefaultBuildSettings" отсутствует в текущем контексте
DynamicCompilation.CompileAssembly: d:\Unreal Engine 4.22.3\SnakeGame\Source\SnakeGame.Target.cs(11,26) : error CS0103: Имя "BuildSettingsVersion" отсутствует в текущем контексте
DynamicCompilation.CompileAssembly: d:\Unreal Engine 4.22.3\SnakeGame\Source\SnakeGameEditor.Target.cs(11,3) : error CS0103: Имя "DefaultBuildSettings" отсутствует в текущем контексте
DynamicCompilation.CompileAssembly: d:\Unreal Engine 4.22.3\SnakeGame\Source\SnakeGameEditor.Target.cs(11,26) : error CS0103: Имя "BuildSettingsVersion" отсутствует в текущем контексте
UnrealBuildTool.Main: ERROR: Unable to compile source files.
UnrealBuildTool.Main: BuildException: Unable to compile source files.
UnrealBuildTool.Main:    в UnrealBuildTool.DynamicCompilation.CompileAssembly(FileReference OutputAssemblyPath, HashSet`1 SourceFileNames, List`1 ReferencedAssembies, List`1 PreprocessorDefines, Boolean TreatWarningsAsErrors) в D:\Build\++UE4\Sync\Engine\Saved\CsTools\Engine\Source\Programs\UnrealBuildTool\System\DynamicCompilation.cs:строка 361
UnrealBuildTool.Main:    в UnrealBuildTool.DynamicCompilation.CompileAndLoadAssembly(FileReference OutputAssemblyPath, HashSet`1 SourceFileNames, List`1 ReferencedAssembies, List`1 PreprocessorDefines, Boolean DoNotCompile, Boolean TreatWarningsAsErrors) в D:\Build\++UE4\Sync\Engine\Saved\CsTools\Engine\Source\Programs\UnrealBuildTool\System\DynamicCompilation.cs:строка 427
UnrealBuildTool.Main:    в UnrealBuildTool.RulesAssembly..ctor(DirectoryReference BaseDir, IReadOnlyList`1 Plugins, List`1 ModuleFiles, List`1 TargetFiles, Dictionary`2 ModuleFileToPluginInfo, FileReference AssemblyFileName, Boolean bContainsEngineModules, Boolean bUseBackwardsCompatibleDefaults, Boolean bReadOnly, Boolean bSkipCompile, RulesAssembly Parent) в D:\Build\++UE4\Sync\Engine\Saved\CsTools\Engine\Source\Programs\UnrealBuildTool\System\RulesAssembly.cs:строка 109
UnrealBuildTool.Main:    в UnrealBuildTool.RulesCompiler.CreateProjectRulesAssembly(FileReference ProjectFileName, Boolean bUsePrecompiled, Boolean bSkipCompile) в D:\Build\++UE4\Sync\Engine\Saved\CsTools\Engine\Source\Programs\UnrealBuildTool\System\RulesCompiler.cs:строка 488
UnrealBuildTool.Main:    в UnrealBuildTool.ProjectFileGenerator.AddProjectsForAllTargets(PlatformProjectGeneratorCollection PlatformProjectGenerators, List`1 AllGames, ProjectFile& EngineProject, ProjectFile& EnterpriseProject, List`1& GameProjects, Dictionary`2& ProgramProjects) в D:\Build\++UE4\Sync\Engine\Saved\CsTools\Engine\Source\Programs\UnrealBuildTool\ProjectFiles\ProjectFileGenerator.cs:строка 2104
UnrealBuildTool.Main:    в UnrealBuildTool.ProjectFileGenerator.GenerateProjectFiles(PlatformProjectGeneratorCollection PlatformProjectGenerators, String[] Arguments) в D:\Build\++UE4\Sync\Engine\Saved\CsTools\Engine\Source\Programs\UnrealBuildTool\ProjectFiles\ProjectFileGenerator.cs:строка 674
UnrealBuildTool.Main:    в UnrealBuildTool.GenerateProjectFilesMode.Execute(CommandLineArguments Arguments) в D:\Build\++UE4\Sync\Engine\Saved\CsTools\Engine\Source\Programs\UnrealBuildTool\Modes\GenerateProjectFilesMode.cs:строка 172
UnrealBuildTool.Main:    в UnrealBuildTool.UnrealBuildTool.Main(String[] ArgumentsArray) в D:\Build\++UE4\Sync\Engine\Saved\CsTools\Engine\Source\Programs\UnrealBuildTool\UnrealBuildTool.cs:строка 443
Timeline.Print: Timeline:
Timeline.Print: 
Timeline.Print: [ 0.000]
Timeline.Print: [ 0.000](+0.028) <unknown>
Timeline.Print: [ 0.028](+0.071) XmlConfig.ReadConfigFiles()
Timeline.Print: [ 0.100](+0.000) SingleInstanceMutex.Acquire()
Timeline.Print: [ 0.100](+0.057) UEBuildPlatform.RegisterPlatforms()
Timeline.Print:   0.101          [ 0.001](+0.022) Initializing InstalledPlatformInfo
Timeline.Print:   0.123          [ 0.023](+0.000) Querying types
Timeline.Print:   0.125          [ 0.025](+0.001) MacPlatformFactory
Timeline.Print:   0.126          [ 0.026](+0.000) TVOSPlatformFactory
Timeline.Print:   0.126          [ 0.026](+0.008) AndroidPlatformFactory
Timeline.Print:   0.135          [ 0.035](+0.013) IOSPlatformFactory
Timeline.Print:   0.149          [ 0.049](+0.004) HTML5PlatformFactory
Timeline.Print:   0.153          [ 0.053](+0.001) LinuxPlatformFactory
Timeline.Print:   0.155          [ 0.055](+0.000) LuminPlatformFactory
Timeline.Print:   0.155          [ 0.055](+0.001) WindowsPlatformFactory
Timeline.Print: [ 0.157](+0.220) <unknown>
Timeline.Print: [ 0.377](+0.015) Finding engine modules
Timeline.Print: [ 0.392](+0.002) Finding plugin modules
Timeline.Print: [ 0.395](+0.037) <unknown>
Timeline.Print: [ 0.432](+0.000) Finding program modules
Timeline.Print: [ 0.432](+0.000) Finding program targets
Timeline.Print: [ 0.436](+0.107) Compiling rules assembly (SnakeGameModuleRules.dll)
Timeline.Print: [ 0.554](+0.000) FileMetadataPrefetch.Stop()
Timeline.Print: [ 0.556]
